[2022-03-23 22:33:22,811] {taskinstance.py:1032} INFO - Dependencies all met for <TaskInstance: dtc_project_ingest.bigquery_external_table_task scheduled__2020-10-02T06:00:00+00:00 [queued]>
[2022-03-23 22:33:22,823] {taskinstance.py:1032} INFO - Dependencies all met for <TaskInstance: dtc_project_ingest.bigquery_external_table_task scheduled__2020-10-02T06:00:00+00:00 [queued]>
[2022-03-23 22:33:22,824] {taskinstance.py:1238} INFO - 
--------------------------------------------------------------------------------
[2022-03-23 22:33:22,825] {taskinstance.py:1239} INFO - Starting attempt 1 of 2
[2022-03-23 22:33:22,826] {taskinstance.py:1240} INFO - 
--------------------------------------------------------------------------------
[2022-03-23 22:33:22,839] {taskinstance.py:1259} INFO - Executing <Task(BigQueryCreateExternalTableOperator): bigquery_external_table_task> on 2020-10-02 06:00:00+00:00
[2022-03-23 22:33:22,845] {standard_task_runner.py:52} INFO - Started process 588 to run task
[2022-03-23 22:33:22,850] {standard_task_runner.py:76} INFO - Running: ['***', 'tasks', 'run', 'dtc_project_ingest', 'bigquery_external_table_task', 'scheduled__2020-10-02T06:00:00+00:00', '--job-id', '1193', '--raw', '--subdir', 'DAGS_FOLDER/project_data_ingestion.py', '--cfg-path', '/tmp/tmpo49ecwp7', '--error-file', '/tmp/tmpts9mfq52']
[2022-03-23 22:33:22,852] {standard_task_runner.py:77} INFO - Job 1193: Subtask bigquery_external_table_task
[2022-03-23 22:33:22,923] {logging_mixin.py:109} INFO - Running <TaskInstance: dtc_project_ingest.bigquery_external_table_task scheduled__2020-10-02T06:00:00+00:00 [running]> on host 7127e26385ba
[2022-03-23 22:33:22,971] {warnings.py:110} WARNING - /home/***/.local/lib/python3.7/site-packages/***/utils/context.py:152: AirflowContextDeprecationWarning: Accessing 'execution_date' from the template is deprecated and will be removed in a future version. Please use 'data_interval_start' or 'logical_date' instead.
  warnings.warn(_create_deprecation_warning(key, self._deprecation_replacements[key]))

[2022-03-23 22:33:22,998] {taskinstance.py:1426} INFO - Exporting the following env vars:
AIRFLOW_CTX_DAG_OWNER=***
AIRFLOW_CTX_DAG_ID=dtc_project_ingest
AIRFLOW_CTX_TASK_ID=bigquery_external_table_task
AIRFLOW_CTX_EXECUTION_DATE=2020-10-02T06:00:00+00:00
AIRFLOW_CTX_DAG_RUN_ID=scheduled__2020-10-02T06:00:00+00:00
[2022-03-23 22:33:23,000] {crypto.py:82} WARNING - empty cryptography key - values will not be stored encrypted.
[2022-03-23 22:33:24,098] {taskinstance.py:1277} INFO - Marking task as SUCCESS. dag_id=dtc_project_ingest, task_id=bigquery_external_table_task, execution_date=20201002T060000, start_date=20220323T223322, end_date=20220323T223324
[2022-03-23 22:33:24,140] {local_task_job.py:154} INFO - Task exited with return code 0
[2022-03-23 22:33:24,183] {local_task_job.py:264} INFO - 1 downstream tasks scheduled from follow-on schedule check
[2022-03-26 11:37:20,315] {taskinstance.py:1032} INFO - Dependencies all met for <TaskInstance: dtc_project_ingest.bigquery_external_table_task scheduled__2020-10-02T06:00:00+00:00 [queued]>
[2022-03-26 11:37:20,340] {taskinstance.py:1032} INFO - Dependencies all met for <TaskInstance: dtc_project_ingest.bigquery_external_table_task scheduled__2020-10-02T06:00:00+00:00 [queued]>
[2022-03-26 11:37:20,342] {taskinstance.py:1238} INFO - 
--------------------------------------------------------------------------------
[2022-03-26 11:37:20,343] {taskinstance.py:1239} INFO - Starting attempt 1 of 2
[2022-03-26 11:37:20,344] {taskinstance.py:1240} INFO - 
--------------------------------------------------------------------------------
[2022-03-26 11:37:20,368] {taskinstance.py:1259} INFO - Executing <Task(BigQueryCreateExternalTableOperator): bigquery_external_table_task> on 2020-10-02 06:00:00+00:00
[2022-03-26 11:37:20,382] {standard_task_runner.py:52} INFO - Started process 8832 to run task
[2022-03-26 11:37:20,390] {standard_task_runner.py:76} INFO - Running: ['***', 'tasks', 'run', 'dtc_project_ingest', 'bigquery_external_table_task', 'scheduled__2020-10-02T06:00:00+00:00', '--job-id', '1478', '--raw', '--subdir', 'DAGS_FOLDER/project_data_ingestion.py', '--cfg-path', '/tmp/tmpq1mwt96v', '--error-file', '/tmp/tmpb3qzru6b']
[2022-03-26 11:37:20,396] {standard_task_runner.py:77} INFO - Job 1478: Subtask bigquery_external_table_task
[2022-03-26 11:37:20,572] {logging_mixin.py:109} INFO - Running <TaskInstance: dtc_project_ingest.bigquery_external_table_task scheduled__2020-10-02T06:00:00+00:00 [running]> on host c800f4dda314
[2022-03-26 11:37:20,714] {taskinstance.py:1426} INFO - Exporting the following env vars:
AIRFLOW_CTX_DAG_OWNER=***
AIRFLOW_CTX_DAG_ID=dtc_project_ingest
AIRFLOW_CTX_TASK_ID=bigquery_external_table_task
AIRFLOW_CTX_EXECUTION_DATE=2020-10-02T06:00:00+00:00
AIRFLOW_CTX_DAG_RUN_ID=scheduled__2020-10-02T06:00:00+00:00
[2022-03-26 11:37:20,718] {crypto.py:82} WARNING - empty cryptography key - values will not be stored encrypted.
[2022-03-26 11:37:23,909] {taskinstance.py:1277} INFO - Marking task as SUCCESS. dag_id=dtc_project_ingest, task_id=bigquery_external_table_task, execution_date=20201002T060000, start_date=20220326T113720, end_date=20220326T113723
[2022-03-26 11:37:23,961] {local_task_job.py:154} INFO - Task exited with return code 0
[2022-03-26 11:37:24,026] {local_task_job.py:264} INFO - 1 downstream tasks scheduled from follow-on schedule check
