[2022-03-23 09:23:09,072] {taskinstance.py:1032} INFO - Dependencies all met for <TaskInstance: dtc_project_ingest.rm_task scheduled__2020-05-02T06:00:00+00:00 [queued]>
[2022-03-23 09:23:09,084] {taskinstance.py:1032} INFO - Dependencies all met for <TaskInstance: dtc_project_ingest.rm_task scheduled__2020-05-02T06:00:00+00:00 [queued]>
[2022-03-23 09:23:09,085] {taskinstance.py:1238} INFO - 
--------------------------------------------------------------------------------
[2022-03-23 09:23:09,086] {taskinstance.py:1239} INFO - Starting attempt 1 of 2
[2022-03-23 09:23:09,087] {taskinstance.py:1240} INFO - 
--------------------------------------------------------------------------------
[2022-03-23 09:23:09,098] {taskinstance.py:1259} INFO - Executing <Task(BashOperator): rm_task> on 2020-05-02 06:00:00+00:00
[2022-03-23 09:23:09,105] {standard_task_runner.py:52} INFO - Started process 2342 to run task
[2022-03-23 09:23:09,109] {standard_task_runner.py:76} INFO - Running: ['***', 'tasks', 'run', 'dtc_project_ingest', 'rm_task', 'scheduled__2020-05-02T06:00:00+00:00', '--job-id', '764', '--raw', '--subdir', 'DAGS_FOLDER/project_data_ingestion.py', '--cfg-path', '/tmp/tmpcoc0vayg', '--error-file', '/tmp/tmpli0_9456']
[2022-03-23 09:23:09,110] {standard_task_runner.py:77} INFO - Job 764: Subtask rm_task
[2022-03-23 09:23:09,179] {logging_mixin.py:109} INFO - Running <TaskInstance: dtc_project_ingest.rm_task scheduled__2020-05-02T06:00:00+00:00 [running]> on host 7127e26385ba
[2022-03-23 09:23:09,221] {warnings.py:110} WARNING - /home/***/.local/lib/python3.7/site-packages/***/utils/context.py:152: AirflowContextDeprecationWarning: Accessing 'execution_date' from the template is deprecated and will be removed in a future version. Please use 'data_interval_start' or 'logical_date' instead.
  warnings.warn(_create_deprecation_warning(key, self._deprecation_replacements[key]))

[2022-03-23 09:23:09,242] {taskinstance.py:1426} INFO - Exporting the following env vars:
AIRFLOW_CTX_DAG_OWNER=***
AIRFLOW_CTX_DAG_ID=dtc_project_ingest
AIRFLOW_CTX_TASK_ID=rm_task
AIRFLOW_CTX_EXECUTION_DATE=2020-05-02T06:00:00+00:00
AIRFLOW_CTX_DAG_RUN_ID=scheduled__2020-05-02T06:00:00+00:00
[2022-03-23 09:23:09,245] {subprocess.py:62} INFO - Tmp dir root location: 
 /tmp
[2022-03-23 09:23:09,247] {subprocess.py:74} INFO - Running command: ['bash', '-c', 'rm /opt/***/202005-citibike-tripdata.csv /opt/***/202005-citibike-tripdata.parquet']
[2022-03-23 09:23:09,262] {subprocess.py:85} INFO - Output:
[2022-03-23 09:23:09,343] {subprocess.py:93} INFO - Command exited with return code 0
[2022-03-23 09:23:09,372] {taskinstance.py:1277} INFO - Marking task as SUCCESS. dag_id=dtc_project_ingest, task_id=rm_task, execution_date=20200502T060000, start_date=20220323T092309, end_date=20220323T092309
[2022-03-23 09:23:09,403] {local_task_job.py:154} INFO - Task exited with return code 0
[2022-03-23 09:23:09,432] {local_task_job.py:264} INFO - 0 downstream tasks scheduled from follow-on schedule check
[2022-03-23 16:32:19,378] {taskinstance.py:1032} INFO - Dependencies all met for <TaskInstance: dtc_project_ingest.rm_task scheduled__2020-05-02T06:00:00+00:00 [queued]>
[2022-03-23 16:32:19,391] {taskinstance.py:1032} INFO - Dependencies all met for <TaskInstance: dtc_project_ingest.rm_task scheduled__2020-05-02T06:00:00+00:00 [queued]>
[2022-03-23 16:32:19,392] {taskinstance.py:1238} INFO - 
--------------------------------------------------------------------------------
[2022-03-23 16:32:19,392] {taskinstance.py:1239} INFO - Starting attempt 1 of 2
[2022-03-23 16:32:19,393] {taskinstance.py:1240} INFO - 
--------------------------------------------------------------------------------
[2022-03-23 16:32:19,406] {taskinstance.py:1259} INFO - Executing <Task(BashOperator): rm_task> on 2020-05-02 06:00:00+00:00
[2022-03-23 16:32:19,415] {standard_task_runner.py:52} INFO - Started process 5744 to run task
[2022-03-23 16:32:19,420] {standard_task_runner.py:76} INFO - Running: ['***', 'tasks', 'run', 'dtc_project_ingest', 'rm_task', 'scheduled__2020-05-02T06:00:00+00:00', '--job-id', '1081', '--raw', '--subdir', 'DAGS_FOLDER/project_data_ingestion.py', '--cfg-path', '/tmp/tmp8j8uzhdh', '--error-file', '/tmp/tmpntdln6i7']
[2022-03-23 16:32:19,423] {standard_task_runner.py:77} INFO - Job 1081: Subtask rm_task
[2022-03-23 16:32:19,504] {logging_mixin.py:109} INFO - Running <TaskInstance: dtc_project_ingest.rm_task scheduled__2020-05-02T06:00:00+00:00 [running]> on host 7127e26385ba
[2022-03-23 16:32:19,551] {warnings.py:110} WARNING - /home/***/.local/lib/python3.7/site-packages/***/utils/context.py:152: AirflowContextDeprecationWarning: Accessing 'execution_date' from the template is deprecated and will be removed in a future version. Please use 'data_interval_start' or 'logical_date' instead.
  warnings.warn(_create_deprecation_warning(key, self._deprecation_replacements[key]))

[2022-03-23 16:32:19,576] {taskinstance.py:1426} INFO - Exporting the following env vars:
AIRFLOW_CTX_DAG_OWNER=***
AIRFLOW_CTX_DAG_ID=dtc_project_ingest
AIRFLOW_CTX_TASK_ID=rm_task
AIRFLOW_CTX_EXECUTION_DATE=2020-05-02T06:00:00+00:00
AIRFLOW_CTX_DAG_RUN_ID=scheduled__2020-05-02T06:00:00+00:00
[2022-03-23 16:32:19,579] {subprocess.py:62} INFO - Tmp dir root location: 
 /tmp
[2022-03-23 16:32:19,580] {subprocess.py:74} INFO - Running command: ['bash', '-c', 'rm /opt/***/202005-citibike-tripdata.csv /opt/***/202005-citibike-tripdata.parquet']
[2022-03-23 16:32:19,600] {subprocess.py:85} INFO - Output:
[2022-03-23 16:32:19,679] {subprocess.py:93} INFO - Command exited with return code 0
[2022-03-23 16:32:19,720] {taskinstance.py:1277} INFO - Marking task as SUCCESS. dag_id=dtc_project_ingest, task_id=rm_task, execution_date=20200502T060000, start_date=20220323T163219, end_date=20220323T163219
[2022-03-23 16:32:19,757] {local_task_job.py:154} INFO - Task exited with return code 0
[2022-03-23 16:32:19,808] {local_task_job.py:264} INFO - 0 downstream tasks scheduled from follow-on schedule check
[2022-03-26 11:25:09,410] {taskinstance.py:1032} INFO - Dependencies all met for <TaskInstance: dtc_project_ingest.rm_task scheduled__2020-05-02T06:00:00+00:00 [queued]>
[2022-03-26 11:25:09,426] {taskinstance.py:1032} INFO - Dependencies all met for <TaskInstance: dtc_project_ingest.rm_task scheduled__2020-05-02T06:00:00+00:00 [queued]>
[2022-03-26 11:25:09,427] {taskinstance.py:1238} INFO - 
--------------------------------------------------------------------------------
[2022-03-26 11:25:09,428] {taskinstance.py:1239} INFO - Starting attempt 1 of 2
[2022-03-26 11:25:09,429] {taskinstance.py:1240} INFO - 
--------------------------------------------------------------------------------
[2022-03-26 11:25:09,443] {taskinstance.py:1259} INFO - Executing <Task(BashOperator): rm_task> on 2020-05-02 06:00:00+00:00
[2022-03-26 11:25:09,455] {standard_task_runner.py:52} INFO - Started process 8065 to run task
[2022-03-26 11:25:09,460] {standard_task_runner.py:76} INFO - Running: ['***', 'tasks', 'run', 'dtc_project_ingest', 'rm_task', 'scheduled__2020-05-02T06:00:00+00:00', '--job-id', '1439', '--raw', '--subdir', 'DAGS_FOLDER/project_data_ingestion.py', '--cfg-path', '/tmp/tmplyqhfl5i', '--error-file', '/tmp/tmpmdwyj43u']
[2022-03-26 11:25:09,462] {standard_task_runner.py:77} INFO - Job 1439: Subtask rm_task
[2022-03-26 11:25:09,544] {logging_mixin.py:109} INFO - Running <TaskInstance: dtc_project_ingest.rm_task scheduled__2020-05-02T06:00:00+00:00 [running]> on host c800f4dda314
[2022-03-26 11:25:09,591] {warnings.py:110} WARNING - /home/***/.local/lib/python3.7/site-packages/***/utils/context.py:152: AirflowContextDeprecationWarning: Accessing 'execution_date' from the template is deprecated and will be removed in a future version. Please use 'data_interval_start' or 'logical_date' instead.
  warnings.warn(_create_deprecation_warning(key, self._deprecation_replacements[key]))

[2022-03-26 11:25:09,618] {taskinstance.py:1426} INFO - Exporting the following env vars:
AIRFLOW_CTX_DAG_OWNER=***
AIRFLOW_CTX_DAG_ID=dtc_project_ingest
AIRFLOW_CTX_TASK_ID=rm_task
AIRFLOW_CTX_EXECUTION_DATE=2020-05-02T06:00:00+00:00
AIRFLOW_CTX_DAG_RUN_ID=scheduled__2020-05-02T06:00:00+00:00
[2022-03-26 11:25:09,621] {subprocess.py:62} INFO - Tmp dir root location: 
 /tmp
[2022-03-26 11:25:09,622] {subprocess.py:74} INFO - Running command: ['bash', '-c', 'rm /opt/***/202005-citibike-tripdata.csv /opt/***/202005-citibike-tripdata.parquet']
[2022-03-26 11:25:09,642] {subprocess.py:85} INFO - Output:
[2022-03-26 11:25:09,745] {subprocess.py:93} INFO - Command exited with return code 0
[2022-03-26 11:25:09,780] {taskinstance.py:1277} INFO - Marking task as SUCCESS. dag_id=dtc_project_ingest, task_id=rm_task, execution_date=20200502T060000, start_date=20220326T112509, end_date=20220326T112509
[2022-03-26 11:25:09,836] {local_task_job.py:154} INFO - Task exited with return code 0
[2022-03-26 11:25:09,929] {local_task_job.py:264} INFO - 0 downstream tasks scheduled from follow-on schedule check
[2022-03-26 15:46:35,167] {taskinstance.py:1032} INFO - Dependencies all met for <TaskInstance: dtc_project_ingest.rm_task scheduled__2020-05-02T06:00:00+00:00 [queued]>
[2022-03-26 15:46:35,207] {taskinstance.py:1032} INFO - Dependencies all met for <TaskInstance: dtc_project_ingest.rm_task scheduled__2020-05-02T06:00:00+00:00 [queued]>
[2022-03-26 15:46:35,208] {taskinstance.py:1238} INFO - 
--------------------------------------------------------------------------------
[2022-03-26 15:46:35,210] {taskinstance.py:1239} INFO - Starting attempt 1 of 2
[2022-03-26 15:46:35,211] {taskinstance.py:1240} INFO - 
--------------------------------------------------------------------------------
[2022-03-26 15:46:35,238] {taskinstance.py:1259} INFO - Executing <Task(BashOperator): rm_task> on 2020-05-02 06:00:00+00:00
[2022-03-26 15:46:35,253] {standard_task_runner.py:52} INFO - Started process 21252 to run task
[2022-03-26 15:46:35,263] {standard_task_runner.py:76} INFO - Running: ['***', 'tasks', 'run', 'dtc_project_ingest', 'rm_task', 'scheduled__2020-05-02T06:00:00+00:00', '--job-id', '1666', '--raw', '--subdir', 'DAGS_FOLDER/project_data_ingestion.py', '--cfg-path', '/tmp/tmpp5vlry2r', '--error-file', '/tmp/tmp2yor95zd']
[2022-03-26 15:46:35,265] {standard_task_runner.py:77} INFO - Job 1666: Subtask rm_task
[2022-03-26 15:46:35,364] {logging_mixin.py:109} INFO - Running <TaskInstance: dtc_project_ingest.rm_task scheduled__2020-05-02T06:00:00+00:00 [running]> on host c800f4dda314
[2022-03-26 15:46:35,434] {warnings.py:110} WARNING - /home/***/.local/lib/python3.7/site-packages/***/utils/context.py:152: AirflowContextDeprecationWarning: Accessing 'execution_date' from the template is deprecated and will be removed in a future version. Please use 'data_interval_start' or 'logical_date' instead.
  warnings.warn(_create_deprecation_warning(key, self._deprecation_replacements[key]))

[2022-03-26 15:46:35,471] {taskinstance.py:1426} INFO - Exporting the following env vars:
AIRFLOW_CTX_DAG_OWNER=***
AIRFLOW_CTX_DAG_ID=dtc_project_ingest
AIRFLOW_CTX_TASK_ID=rm_task
AIRFLOW_CTX_EXECUTION_DATE=2020-05-02T06:00:00+00:00
AIRFLOW_CTX_DAG_RUN_ID=scheduled__2020-05-02T06:00:00+00:00
[2022-03-26 15:46:35,474] {subprocess.py:62} INFO - Tmp dir root location: 
 /tmp
[2022-03-26 15:46:35,476] {subprocess.py:74} INFO - Running command: ['bash', '-c', 'rm /opt/***/202005-citibike-tripdata.csv /opt/***/202005-citibike-tripdata.parquet']
[2022-03-26 15:46:35,503] {subprocess.py:85} INFO - Output:
[2022-03-26 15:46:35,619] {subprocess.py:93} INFO - Command exited with return code 0
[2022-03-26 15:46:35,671] {taskinstance.py:1277} INFO - Marking task as SUCCESS. dag_id=dtc_project_ingest, task_id=rm_task, execution_date=20200502T060000, start_date=20220326T154635, end_date=20220326T154635
[2022-03-26 15:46:35,720] {local_task_job.py:154} INFO - Task exited with return code 0
[2022-03-26 15:46:35,832] {local_task_job.py:264} INFO - 0 downstream tasks scheduled from follow-on schedule check
