[2022-03-26 08:57:25,032] {taskinstance.py:1032} INFO - Dependencies all met for <TaskInstance: dtc_project_ingest.rm_task scheduled__2020-05-02T06:00:00+00:00 [queued]>
[2022-03-26 08:57:25,082] {taskinstance.py:1032} INFO - Dependencies all met for <TaskInstance: dtc_project_ingest.rm_task scheduled__2020-05-02T06:00:00+00:00 [queued]>
[2022-03-26 08:57:25,086] {taskinstance.py:1238} INFO - 
--------------------------------------------------------------------------------
[2022-03-26 08:57:25,088] {taskinstance.py:1239} INFO - Starting attempt 2 of 3
[2022-03-26 08:57:25,091] {taskinstance.py:1240} INFO - 
--------------------------------------------------------------------------------
[2022-03-26 08:57:25,179] {taskinstance.py:1259} INFO - Executing <Task(BashOperator): rm_task> on 2020-05-02 06:00:00+00:00
[2022-03-26 08:57:25,417] {standard_task_runner.py:52} INFO - Started process 465 to run task
[2022-03-26 08:57:25,511] {standard_task_runner.py:76} INFO - Running: ['***', 'tasks', 'run', 'dtc_project_ingest', 'rm_task', 'scheduled__2020-05-02T06:00:00+00:00', '--job-id', '1234', '--raw', '--subdir', 'DAGS_FOLDER/project_data_ingestion.py', '--cfg-path', '/tmp/tmpoguy_6a8', '--error-file', '/tmp/tmpbdhvch1s']
[2022-03-26 08:57:25,532] {standard_task_runner.py:77} INFO - Job 1234: Subtask rm_task
[2022-03-26 08:57:26,136] {logging_mixin.py:109} INFO - Running <TaskInstance: dtc_project_ingest.rm_task scheduled__2020-05-02T06:00:00+00:00 [running]> on host c800f4dda314
[2022-03-26 08:57:26,406] {warnings.py:110} WARNING - /home/***/.local/lib/python3.7/site-packages/***/utils/context.py:152: AirflowContextDeprecationWarning: Accessing 'execution_date' from the template is deprecated and will be removed in a future version. Please use 'data_interval_start' or 'logical_date' instead.
  warnings.warn(_create_deprecation_warning(key, self._deprecation_replacements[key]))

[2022-03-26 08:57:26,506] {taskinstance.py:1426} INFO - Exporting the following env vars:
AIRFLOW_CTX_DAG_OWNER=***
AIRFLOW_CTX_DAG_ID=dtc_project_ingest
AIRFLOW_CTX_TASK_ID=rm_task
AIRFLOW_CTX_EXECUTION_DATE=2020-05-02T06:00:00+00:00
AIRFLOW_CTX_DAG_RUN_ID=scheduled__2020-05-02T06:00:00+00:00
[2022-03-26 08:57:26,512] {subprocess.py:62} INFO - Tmp dir root location: 
 /tmp
[2022-03-26 08:57:26,527] {subprocess.py:74} INFO - Running command: ['bash', '-c', 'rm /opt/***/202005-citibike-tripdata.csv /opt/***/202005-citibike-tripdata.parquet']
[2022-03-26 08:57:26,889] {subprocess.py:85} INFO - Output:
[2022-03-26 08:57:27,959] {subprocess.py:93} INFO - Command exited with return code 0
[2022-03-26 08:57:28,128] {taskinstance.py:1277} INFO - Marking task as SUCCESS. dag_id=dtc_project_ingest, task_id=rm_task, execution_date=20200502T060000, start_date=20220326T085725, end_date=20220326T085728
[2022-03-26 08:57:28,248] {local_task_job.py:154} INFO - Task exited with return code 0
[2022-03-26 08:57:28,386] {local_task_job.py:264} INFO - 0 downstream tasks scheduled from follow-on schedule check
