[2022-03-26 10:17:33,624] {taskinstance.py:1032} INFO - Dependencies all met for <TaskInstance: dtc_project_ingest.rm_task scheduled__2020-05-02T06:00:00+00:00 [queued]>
[2022-03-26 10:17:33,645] {taskinstance.py:1032} INFO - Dependencies all met for <TaskInstance: dtc_project_ingest.rm_task scheduled__2020-05-02T06:00:00+00:00 [queued]>
[2022-03-26 10:17:33,647] {taskinstance.py:1238} INFO - 
--------------------------------------------------------------------------------
[2022-03-26 10:17:33,649] {taskinstance.py:1239} INFO - Starting attempt 3 of 4
[2022-03-26 10:17:33,650] {taskinstance.py:1240} INFO - 
--------------------------------------------------------------------------------
[2022-03-26 10:17:33,671] {taskinstance.py:1259} INFO - Executing <Task(BashOperator): rm_task> on 2020-05-02 06:00:00+00:00
[2022-03-26 10:17:33,681] {standard_task_runner.py:52} INFO - Started process 4289 to run task
[2022-03-26 10:17:33,690] {standard_task_runner.py:76} INFO - Running: ['***', 'tasks', 'run', 'dtc_project_ingest', 'rm_task', 'scheduled__2020-05-02T06:00:00+00:00', '--job-id', '1281', '--raw', '--subdir', 'DAGS_FOLDER/project_data_ingestion.py', '--cfg-path', '/tmp/tmpblpr08zg', '--error-file', '/tmp/tmpnu1dyvac']
[2022-03-26 10:17:33,692] {standard_task_runner.py:77} INFO - Job 1281: Subtask rm_task
[2022-03-26 10:17:33,805] {logging_mixin.py:109} INFO - Running <TaskInstance: dtc_project_ingest.rm_task scheduled__2020-05-02T06:00:00+00:00 [running]> on host c800f4dda314
[2022-03-26 10:17:33,886] {warnings.py:110} WARNING - /home/***/.local/lib/python3.7/site-packages/***/utils/context.py:152: AirflowContextDeprecationWarning: Accessing 'execution_date' from the template is deprecated and will be removed in a future version. Please use 'data_interval_start' or 'logical_date' instead.
  warnings.warn(_create_deprecation_warning(key, self._deprecation_replacements[key]))

[2022-03-26 10:17:33,917] {taskinstance.py:1426} INFO - Exporting the following env vars:
AIRFLOW_CTX_DAG_OWNER=***
AIRFLOW_CTX_DAG_ID=dtc_project_ingest
AIRFLOW_CTX_TASK_ID=rm_task
AIRFLOW_CTX_EXECUTION_DATE=2020-05-02T06:00:00+00:00
AIRFLOW_CTX_DAG_RUN_ID=scheduled__2020-05-02T06:00:00+00:00
[2022-03-26 10:17:33,920] {subprocess.py:62} INFO - Tmp dir root location: 
 /tmp
[2022-03-26 10:17:33,922] {subprocess.py:74} INFO - Running command: ['bash', '-c', 'rm /opt/***/202005-citibike-tripdata.csv /opt/***/202005-citibike-tripdata.parquet']
[2022-03-26 10:17:33,940] {subprocess.py:85} INFO - Output:
[2022-03-26 10:17:34,047] {subprocess.py:93} INFO - Command exited with return code 0
[2022-03-26 10:17:34,086] {taskinstance.py:1277} INFO - Marking task as SUCCESS. dag_id=dtc_project_ingest, task_id=rm_task, execution_date=20200502T060000, start_date=20220326T101733, end_date=20220326T101734
[2022-03-26 10:17:34,152] {local_task_job.py:154} INFO - Task exited with return code 0
[2022-03-26 10:17:34,207] {local_task_job.py:264} INFO - 0 downstream tasks scheduled from follow-on schedule check
