[2022-03-23 09:49:02,681] {taskinstance.py:1032} INFO - Dependencies all met for <TaskInstance: dtc_project_ingest.format_to_parquet_task scheduled__2021-12-02T06:00:00+00:00 [queued]>
[2022-03-23 09:49:02,692] {taskinstance.py:1032} INFO - Dependencies all met for <TaskInstance: dtc_project_ingest.format_to_parquet_task scheduled__2021-12-02T06:00:00+00:00 [queued]>
[2022-03-23 09:49:02,693] {taskinstance.py:1238} INFO - 
--------------------------------------------------------------------------------
[2022-03-23 09:49:02,693] {taskinstance.py:1239} INFO - Starting attempt 1 of 2
[2022-03-23 09:49:02,694] {taskinstance.py:1240} INFO - 
--------------------------------------------------------------------------------
[2022-03-23 09:49:02,704] {taskinstance.py:1259} INFO - Executing <Task(PythonOperator): format_to_parquet_task> on 2021-12-02 06:00:00+00:00
[2022-03-23 09:49:02,711] {standard_task_runner.py:52} INFO - Started process 3913 to run task
[2022-03-23 09:49:02,715] {standard_task_runner.py:76} INFO - Running: ['***', 'tasks', 'run', 'dtc_project_ingest', 'format_to_parquet_task', 'scheduled__2021-12-02T06:00:00+00:00', '--job-id', '828', '--raw', '--subdir', 'DAGS_FOLDER/project_data_ingestion.py', '--cfg-path', '/tmp/tmp0lrwuryz', '--error-file', '/tmp/tmphrw_aitc']
[2022-03-23 09:49:02,716] {standard_task_runner.py:77} INFO - Job 828: Subtask format_to_parquet_task
[2022-03-23 09:49:02,785] {logging_mixin.py:109} INFO - Running <TaskInstance: dtc_project_ingest.format_to_parquet_task scheduled__2021-12-02T06:00:00+00:00 [running]> on host 7127e26385ba
[2022-03-23 09:49:02,825] {warnings.py:110} WARNING - /home/***/.local/lib/python3.7/site-packages/***/utils/context.py:152: AirflowContextDeprecationWarning: Accessing 'execution_date' from the template is deprecated and will be removed in a future version. Please use 'data_interval_start' or 'logical_date' instead.
  warnings.warn(_create_deprecation_warning(key, self._deprecation_replacements[key]))

[2022-03-23 09:49:02,851] {taskinstance.py:1426} INFO - Exporting the following env vars:
AIRFLOW_CTX_DAG_OWNER=***
AIRFLOW_CTX_DAG_ID=dtc_project_ingest
AIRFLOW_CTX_TASK_ID=format_to_parquet_task
AIRFLOW_CTX_EXECUTION_DATE=2021-12-02T06:00:00+00:00
AIRFLOW_CTX_DAG_RUN_ID=scheduled__2021-12-02T06:00:00+00:00
[2022-03-23 09:49:06,715] {python.py:175} INFO - Done. Returned value was: None
[2022-03-23 09:49:06,732] {taskinstance.py:1277} INFO - Marking task as SUCCESS. dag_id=dtc_project_ingest, task_id=format_to_parquet_task, execution_date=20211202T060000, start_date=20220323T094902, end_date=20220323T094906
[2022-03-23 09:49:06,888] {local_task_job.py:154} INFO - Task exited with return code 0
[2022-03-23 09:49:06,941] {local_task_job.py:264} INFO - 1 downstream tasks scheduled from follow-on schedule check
[2022-03-23 17:19:28,451] {taskinstance.py:1032} INFO - Dependencies all met for <TaskInstance: dtc_project_ingest.format_to_parquet_task scheduled__2021-12-02T06:00:00+00:00 [queued]>
[2022-03-23 17:19:28,464] {taskinstance.py:1032} INFO - Dependencies all met for <TaskInstance: dtc_project_ingest.format_to_parquet_task scheduled__2021-12-02T06:00:00+00:00 [queued]>
[2022-03-23 17:19:28,465] {taskinstance.py:1238} INFO - 
--------------------------------------------------------------------------------
[2022-03-23 17:19:28,465] {taskinstance.py:1239} INFO - Starting attempt 1 of 2
[2022-03-23 17:19:28,466] {taskinstance.py:1240} INFO - 
--------------------------------------------------------------------------------
[2022-03-23 17:19:28,477] {taskinstance.py:1259} INFO - Executing <Task(PythonOperator): format_to_parquet_task> on 2021-12-02 06:00:00+00:00
[2022-03-23 17:19:28,483] {standard_task_runner.py:52} INFO - Started process 8316 to run task
[2022-03-23 17:19:28,487] {standard_task_runner.py:76} INFO - Running: ['***', 'tasks', 'run', 'dtc_project_ingest', 'format_to_parquet_task', 'scheduled__2021-12-02T06:00:00+00:00', '--job-id', '1163', '--raw', '--subdir', 'DAGS_FOLDER/project_data_ingestion.py', '--cfg-path', '/tmp/tmpqtv54_f9', '--error-file', '/tmp/tmpfhz00l8f']
[2022-03-23 17:19:28,490] {standard_task_runner.py:77} INFO - Job 1163: Subtask format_to_parquet_task
[2022-03-23 17:19:28,559] {logging_mixin.py:109} INFO - Running <TaskInstance: dtc_project_ingest.format_to_parquet_task scheduled__2021-12-02T06:00:00+00:00 [running]> on host 7127e26385ba
[2022-03-23 17:19:28,602] {warnings.py:110} WARNING - /home/***/.local/lib/python3.7/site-packages/***/utils/context.py:152: AirflowContextDeprecationWarning: Accessing 'execution_date' from the template is deprecated and will be removed in a future version. Please use 'data_interval_start' or 'logical_date' instead.
  warnings.warn(_create_deprecation_warning(key, self._deprecation_replacements[key]))

[2022-03-23 17:19:28,721] {taskinstance.py:1426} INFO - Exporting the following env vars:
AIRFLOW_CTX_DAG_OWNER=***
AIRFLOW_CTX_DAG_ID=dtc_project_ingest
AIRFLOW_CTX_TASK_ID=format_to_parquet_task
AIRFLOW_CTX_EXECUTION_DATE=2021-12-02T06:00:00+00:00
AIRFLOW_CTX_DAG_RUN_ID=scheduled__2021-12-02T06:00:00+00:00
[2022-03-23 17:19:32,598] {python.py:175} INFO - Done. Returned value was: None
[2022-03-23 17:19:32,612] {taskinstance.py:1277} INFO - Marking task as SUCCESS. dag_id=dtc_project_ingest, task_id=format_to_parquet_task, execution_date=20211202T060000, start_date=20220323T171928, end_date=20220323T171932
[2022-03-23 17:19:32,765] {local_task_job.py:154} INFO - Task exited with return code 0
[2022-03-23 17:19:32,806] {local_task_job.py:264} INFO - 1 downstream tasks scheduled from follow-on schedule check
[2022-03-26 12:05:04,387] {taskinstance.py:1032} INFO - Dependencies all met for <TaskInstance: dtc_project_ingest.format_to_parquet_task scheduled__2021-12-02T06:00:00+00:00 [queued]>
[2022-03-26 12:05:04,406] {taskinstance.py:1032} INFO - Dependencies all met for <TaskInstance: dtc_project_ingest.format_to_parquet_task scheduled__2021-12-02T06:00:00+00:00 [queued]>
[2022-03-26 12:05:04,408] {taskinstance.py:1238} INFO - 
--------------------------------------------------------------------------------
[2022-03-26 12:05:04,410] {taskinstance.py:1239} INFO - Starting attempt 1 of 2
[2022-03-26 12:05:04,411] {taskinstance.py:1240} INFO - 
--------------------------------------------------------------------------------
[2022-03-26 12:05:04,430] {taskinstance.py:1259} INFO - Executing <Task(PythonOperator): format_to_parquet_task> on 2021-12-02 06:00:00+00:00
[2022-03-26 12:05:04,439] {standard_task_runner.py:52} INFO - Started process 10320 to run task
[2022-03-26 12:05:04,444] {standard_task_runner.py:76} INFO - Running: ['***', 'tasks', 'run', 'dtc_project_ingest', 'format_to_parquet_task', 'scheduled__2021-12-02T06:00:00+00:00', '--job-id', '1530', '--raw', '--subdir', 'DAGS_FOLDER/project_data_ingestion.py', '--cfg-path', '/tmp/tmp7o3grt1s', '--error-file', '/tmp/tmp7n6kwpne']
[2022-03-26 12:05:04,446] {standard_task_runner.py:77} INFO - Job 1530: Subtask format_to_parquet_task
[2022-03-26 12:05:04,557] {logging_mixin.py:109} INFO - Running <TaskInstance: dtc_project_ingest.format_to_parquet_task scheduled__2021-12-02T06:00:00+00:00 [running]> on host c800f4dda314
[2022-03-26 12:05:04,673] {warnings.py:110} WARNING - /home/***/.local/lib/python3.7/site-packages/***/utils/context.py:152: AirflowContextDeprecationWarning: Accessing 'execution_date' from the template is deprecated and will be removed in a future version. Please use 'data_interval_start' or 'logical_date' instead.
  warnings.warn(_create_deprecation_warning(key, self._deprecation_replacements[key]))

[2022-03-26 12:05:04,726] {taskinstance.py:1426} INFO - Exporting the following env vars:
AIRFLOW_CTX_DAG_OWNER=***
AIRFLOW_CTX_DAG_ID=dtc_project_ingest
AIRFLOW_CTX_TASK_ID=format_to_parquet_task
AIRFLOW_CTX_EXECUTION_DATE=2021-12-02T06:00:00+00:00
AIRFLOW_CTX_DAG_RUN_ID=scheduled__2021-12-02T06:00:00+00:00
[2022-03-26 12:05:11,842] {python.py:175} INFO - Done. Returned value was: None
[2022-03-26 12:05:11,864] {taskinstance.py:1277} INFO - Marking task as SUCCESS. dag_id=dtc_project_ingest, task_id=format_to_parquet_task, execution_date=20211202T060000, start_date=20220326T120504, end_date=20220326T120511
[2022-03-26 12:05:12,042] {local_task_job.py:154} INFO - Task exited with return code 0
[2022-03-26 12:05:12,106] {local_task_job.py:264} INFO - 1 downstream tasks scheduled from follow-on schedule check
