[2022-03-26 09:25:38,808] {taskinstance.py:1032} INFO - Dependencies all met for <TaskInstance: project_gcs_2_bq.bq_ext_2_part_task scheduled__2022-03-25T00:00:00+00:00 [queued]>
[2022-03-26 09:25:38,818] {taskinstance.py:1032} INFO - Dependencies all met for <TaskInstance: project_gcs_2_bq.bq_ext_2_part_task scheduled__2022-03-25T00:00:00+00:00 [queued]>
[2022-03-26 09:25:38,819] {taskinstance.py:1238} INFO - 
--------------------------------------------------------------------------------
[2022-03-26 09:25:38,820] {taskinstance.py:1239} INFO - Starting attempt 1 of 2
[2022-03-26 09:25:38,821] {taskinstance.py:1240} INFO - 
--------------------------------------------------------------------------------
[2022-03-26 09:25:38,835] {taskinstance.py:1259} INFO - Executing <Task(BigQueryInsertJobOperator): bq_ext_2_part_task> on 2022-03-25 00:00:00+00:00
[2022-03-26 09:25:38,843] {standard_task_runner.py:52} INFO - Started process 1719 to run task
[2022-03-26 09:25:38,851] {standard_task_runner.py:76} INFO - Running: ['***', 'tasks', 'run', 'project_gcs_2_bq', 'bq_ext_2_part_task', 'scheduled__2022-03-25T00:00:00+00:00', '--job-id', '1236', '--raw', '--subdir', 'DAGS_FOLDER/gcs_2_bq.py', '--cfg-path', '/tmp/tmp_5k0x0yb', '--error-file', '/tmp/tmp407jbxdh']
[2022-03-26 09:25:38,852] {standard_task_runner.py:77} INFO - Job 1236: Subtask bq_ext_2_part_task
[2022-03-26 09:25:38,922] {logging_mixin.py:109} INFO - Running <TaskInstance: project_gcs_2_bq.bq_ext_2_part_task scheduled__2022-03-25T00:00:00+00:00 [running]> on host c800f4dda314
[2022-03-26 09:25:38,985] {taskinstance.py:1426} INFO - Exporting the following env vars:
AIRFLOW_CTX_DAG_OWNER=***
AIRFLOW_CTX_DAG_ID=project_gcs_2_bq
AIRFLOW_CTX_TASK_ID=bq_ext_2_part_task
AIRFLOW_CTX_EXECUTION_DATE=2022-03-25T00:00:00+00:00
AIRFLOW_CTX_DAG_RUN_ID=scheduled__2022-03-25T00:00:00+00:00
[2022-03-26 09:25:38,988] {crypto.py:82} WARNING - empty cryptography key - values will not be stored encrypted.
[2022-03-26 09:25:38,991] {warnings.py:110} WARNING - /home/***/.local/lib/python3.7/site-packages/***/utils/context.py:152: AirflowContextDeprecationWarning: Accessing 'execution_date' from the template is deprecated and will be removed in a future version. Please use 'data_interval_start' or 'logical_date' instead.
  warnings.warn(_create_deprecation_warning(key, self._deprecation_replacements[key]))

[2022-03-26 09:25:39,001] {bigquery.py:1637} INFO - Inserting job ***_project_gcs_2_bq_bq_ext_2_part_task_2022_03_25T00_00_00_00_00_4ad672aaf5b5561c8823c6cdbe632e56
[2022-03-26 09:25:51,061] {taskinstance.py:1277} INFO - Marking task as SUCCESS. dag_id=project_gcs_2_bq, task_id=bq_ext_2_part_task, execution_date=20220325T000000, start_date=20220326T092538, end_date=20220326T092551
[2022-03-26 09:25:51,095] {local_task_job.py:154} INFO - Task exited with return code 0
[2022-03-26 09:25:51,138] {local_task_job.py:264} INFO - 0 downstream tasks scheduled from follow-on schedule check
