[2022-03-23 09:49:40,911] {taskinstance.py:1032} INFO - Dependencies all met for <TaskInstance: dtc_project_ingest.rm_task scheduled__2021-12-02T06:00:00+00:00 [queued]>
[2022-03-23 09:49:40,936] {taskinstance.py:1032} INFO - Dependencies all met for <TaskInstance: dtc_project_ingest.rm_task scheduled__2021-12-02T06:00:00+00:00 [queued]>
[2022-03-23 09:49:40,943] {taskinstance.py:1238} INFO - 
--------------------------------------------------------------------------------
[2022-03-23 09:49:40,945] {taskinstance.py:1239} INFO - Starting attempt 1 of 2
[2022-03-23 09:49:40,951] {taskinstance.py:1240} INFO - 
--------------------------------------------------------------------------------
[2022-03-23 09:49:40,986] {taskinstance.py:1259} INFO - Executing <Task(BashOperator): rm_task> on 2021-12-02 06:00:00+00:00
[2022-03-23 09:49:41,027] {standard_task_runner.py:76} INFO - Running: ['***', 'tasks', 'run', 'dtc_project_ingest', 'rm_task', 'scheduled__2021-12-02T06:00:00+00:00', '--job-id', '831', '--raw', '--subdir', 'DAGS_FOLDER/project_data_ingestion.py', '--cfg-path', '/tmp/tmpnz4c4072', '--error-file', '/tmp/tmpbrlo_n8_']
[2022-03-23 09:49:40,996] {standard_task_runner.py:52} INFO - Started process 3959 to run task
[2022-03-23 09:49:41,038] {standard_task_runner.py:77} INFO - Job 831: Subtask rm_task
[2022-03-23 09:49:41,140] {logging_mixin.py:109} INFO - Running <TaskInstance: dtc_project_ingest.rm_task scheduled__2021-12-02T06:00:00+00:00 [running]> on host 7127e26385ba
[2022-03-23 09:49:41,191] {warnings.py:110} WARNING - /home/***/.local/lib/python3.7/site-packages/***/utils/context.py:152: AirflowContextDeprecationWarning: Accessing 'execution_date' from the template is deprecated and will be removed in a future version. Please use 'data_interval_start' or 'logical_date' instead.
  warnings.warn(_create_deprecation_warning(key, self._deprecation_replacements[key]))

[2022-03-23 09:49:41,215] {taskinstance.py:1426} INFO - Exporting the following env vars:
AIRFLOW_CTX_DAG_OWNER=***
AIRFLOW_CTX_DAG_ID=dtc_project_ingest
AIRFLOW_CTX_TASK_ID=rm_task
AIRFLOW_CTX_EXECUTION_DATE=2021-12-02T06:00:00+00:00
AIRFLOW_CTX_DAG_RUN_ID=scheduled__2021-12-02T06:00:00+00:00
[2022-03-23 09:49:41,217] {subprocess.py:62} INFO - Tmp dir root location: 
 /tmp
[2022-03-23 09:49:41,219] {subprocess.py:74} INFO - Running command: ['bash', '-c', 'rm /opt/***/202112-citibike-tripdata.csv /opt/***/202112-citibike-tripdata.parquet']
[2022-03-23 09:49:41,237] {subprocess.py:85} INFO - Output:
[2022-03-23 09:49:41,347] {subprocess.py:93} INFO - Command exited with return code 0
[2022-03-23 09:49:41,382] {taskinstance.py:1277} INFO - Marking task as SUCCESS. dag_id=dtc_project_ingest, task_id=rm_task, execution_date=20211202T060000, start_date=20220323T094940, end_date=20220323T094941
[2022-03-23 09:49:41,418] {local_task_job.py:154} INFO - Task exited with return code 0
[2022-03-23 09:49:41,449] {local_task_job.py:264} INFO - 0 downstream tasks scheduled from follow-on schedule check
[2022-03-23 17:26:31,309] {taskinstance.py:1032} INFO - Dependencies all met for <TaskInstance: dtc_project_ingest.rm_task scheduled__2021-12-02T06:00:00+00:00 [queued]>
[2022-03-23 17:26:31,320] {taskinstance.py:1032} INFO - Dependencies all met for <TaskInstance: dtc_project_ingest.rm_task scheduled__2021-12-02T06:00:00+00:00 [queued]>
[2022-03-23 17:26:31,321] {taskinstance.py:1238} INFO - 
--------------------------------------------------------------------------------
[2022-03-23 17:26:31,321] {taskinstance.py:1239} INFO - Starting attempt 1 of 2
[2022-03-23 17:26:31,322] {taskinstance.py:1240} INFO - 
--------------------------------------------------------------------------------
[2022-03-23 17:26:31,333] {taskinstance.py:1259} INFO - Executing <Task(BashOperator): rm_task> on 2021-12-02 06:00:00+00:00
[2022-03-23 17:26:31,339] {standard_task_runner.py:52} INFO - Started process 8683 to run task
[2022-03-23 17:26:31,343] {standard_task_runner.py:76} INFO - Running: ['***', 'tasks', 'run', 'dtc_project_ingest', 'rm_task', 'scheduled__2021-12-02T06:00:00+00:00', '--job-id', '1171', '--raw', '--subdir', 'DAGS_FOLDER/project_data_ingestion.py', '--cfg-path', '/tmp/tmp7otr8198', '--error-file', '/tmp/tmpum0uh16p']
[2022-03-23 17:26:31,347] {standard_task_runner.py:77} INFO - Job 1171: Subtask rm_task
[2022-03-23 17:26:31,412] {logging_mixin.py:109} INFO - Running <TaskInstance: dtc_project_ingest.rm_task scheduled__2021-12-02T06:00:00+00:00 [running]> on host 7127e26385ba
[2022-03-23 17:26:31,455] {warnings.py:110} WARNING - /home/***/.local/lib/python3.7/site-packages/***/utils/context.py:152: AirflowContextDeprecationWarning: Accessing 'execution_date' from the template is deprecated and will be removed in a future version. Please use 'data_interval_start' or 'logical_date' instead.
  warnings.warn(_create_deprecation_warning(key, self._deprecation_replacements[key]))

[2022-03-23 17:26:31,479] {taskinstance.py:1426} INFO - Exporting the following env vars:
AIRFLOW_CTX_DAG_OWNER=***
AIRFLOW_CTX_DAG_ID=dtc_project_ingest
AIRFLOW_CTX_TASK_ID=rm_task
AIRFLOW_CTX_EXECUTION_DATE=2021-12-02T06:00:00+00:00
AIRFLOW_CTX_DAG_RUN_ID=scheduled__2021-12-02T06:00:00+00:00
[2022-03-23 17:26:31,481] {subprocess.py:62} INFO - Tmp dir root location: 
 /tmp
[2022-03-23 17:26:31,483] {subprocess.py:74} INFO - Running command: ['bash', '-c', 'rm /opt/***/202112-citibike-tripdata.csv /opt/***/202112-citibike-tripdata.parquet']
[2022-03-23 17:26:31,496] {subprocess.py:85} INFO - Output:
[2022-03-23 17:26:31,985] {subprocess.py:93} INFO - Command exited with return code 0
[2022-03-23 17:26:32,014] {taskinstance.py:1277} INFO - Marking task as SUCCESS. dag_id=dtc_project_ingest, task_id=rm_task, execution_date=20211202T060000, start_date=20220323T172631, end_date=20220323T172632
[2022-03-23 17:26:32,044] {local_task_job.py:154} INFO - Task exited with return code 0
[2022-03-23 17:26:32,074] {local_task_job.py:264} INFO - 0 downstream tasks scheduled from follow-on schedule check
[2022-03-26 12:06:24,150] {taskinstance.py:1032} INFO - Dependencies all met for <TaskInstance: dtc_project_ingest.rm_task scheduled__2021-12-02T06:00:00+00:00 [queued]>
[2022-03-26 12:06:24,163] {taskinstance.py:1032} INFO - Dependencies all met for <TaskInstance: dtc_project_ingest.rm_task scheduled__2021-12-02T06:00:00+00:00 [queued]>
[2022-03-26 12:06:24,164] {taskinstance.py:1238} INFO - 
--------------------------------------------------------------------------------
[2022-03-26 12:06:24,164] {taskinstance.py:1239} INFO - Starting attempt 1 of 2
[2022-03-26 12:06:24,165] {taskinstance.py:1240} INFO - 
--------------------------------------------------------------------------------
[2022-03-26 12:06:24,181] {taskinstance.py:1259} INFO - Executing <Task(BashOperator): rm_task> on 2021-12-02 06:00:00+00:00
[2022-03-26 12:06:24,188] {standard_task_runner.py:52} INFO - Started process 10402 to run task
[2022-03-26 12:06:24,193] {standard_task_runner.py:76} INFO - Running: ['***', 'tasks', 'run', 'dtc_project_ingest', 'rm_task', 'scheduled__2021-12-02T06:00:00+00:00', '--job-id', '1535', '--raw', '--subdir', 'DAGS_FOLDER/project_data_ingestion.py', '--cfg-path', '/tmp/tmprulrsk0j', '--error-file', '/tmp/tmpntbi1187']
[2022-03-26 12:06:24,194] {standard_task_runner.py:77} INFO - Job 1535: Subtask rm_task
[2022-03-26 12:06:24,270] {logging_mixin.py:109} INFO - Running <TaskInstance: dtc_project_ingest.rm_task scheduled__2021-12-02T06:00:00+00:00 [running]> on host c800f4dda314
[2022-03-26 12:06:24,316] {warnings.py:110} WARNING - /home/***/.local/lib/python3.7/site-packages/***/utils/context.py:152: AirflowContextDeprecationWarning: Accessing 'execution_date' from the template is deprecated and will be removed in a future version. Please use 'data_interval_start' or 'logical_date' instead.
  warnings.warn(_create_deprecation_warning(key, self._deprecation_replacements[key]))

[2022-03-26 12:06:24,342] {taskinstance.py:1426} INFO - Exporting the following env vars:
AIRFLOW_CTX_DAG_OWNER=***
AIRFLOW_CTX_DAG_ID=dtc_project_ingest
AIRFLOW_CTX_TASK_ID=rm_task
AIRFLOW_CTX_EXECUTION_DATE=2021-12-02T06:00:00+00:00
AIRFLOW_CTX_DAG_RUN_ID=scheduled__2021-12-02T06:00:00+00:00
[2022-03-26 12:06:24,345] {subprocess.py:62} INFO - Tmp dir root location: 
 /tmp
[2022-03-26 12:06:24,346] {subprocess.py:74} INFO - Running command: ['bash', '-c', 'rm /opt/***/202112-citibike-tripdata.csv /opt/***/202112-citibike-tripdata.parquet']
[2022-03-26 12:06:24,363] {subprocess.py:85} INFO - Output:
[2022-03-26 12:06:24,495] {subprocess.py:93} INFO - Command exited with return code 0
[2022-03-26 12:06:24,531] {taskinstance.py:1277} INFO - Marking task as SUCCESS. dag_id=dtc_project_ingest, task_id=rm_task, execution_date=20211202T060000, start_date=20220326T120624, end_date=20220326T120624
[2022-03-26 12:06:24,569] {local_task_job.py:154} INFO - Task exited with return code 0
[2022-03-26 12:06:24,605] {local_task_job.py:264} INFO - 0 downstream tasks scheduled from follow-on schedule check
