[2022-03-23 09:33:18,628] {taskinstance.py:1032} INFO - Dependencies all met for <TaskInstance: dtc_project_ingest.rm_task scheduled__2021-03-02T06:00:00+00:00 [queued]>
[2022-03-23 09:33:18,640] {taskinstance.py:1032} INFO - Dependencies all met for <TaskInstance: dtc_project_ingest.rm_task scheduled__2021-03-02T06:00:00+00:00 [queued]>
[2022-03-23 09:33:18,641] {taskinstance.py:1238} INFO - 
--------------------------------------------------------------------------------
[2022-03-23 09:33:18,641] {taskinstance.py:1239} INFO - Starting attempt 1 of 2
[2022-03-23 09:33:18,642] {taskinstance.py:1240} INFO - 
--------------------------------------------------------------------------------
[2022-03-23 09:33:18,653] {taskinstance.py:1259} INFO - Executing <Task(BashOperator): rm_task> on 2021-03-02 06:00:00+00:00
[2022-03-23 09:33:18,659] {standard_task_runner.py:52} INFO - Started process 2993 to run task
[2022-03-23 09:33:18,663] {standard_task_runner.py:76} INFO - Running: ['***', 'tasks', 'run', 'dtc_project_ingest', 'rm_task', 'scheduled__2021-03-02T06:00:00+00:00', '--job-id', '796', '--raw', '--subdir', 'DAGS_FOLDER/project_data_ingestion.py', '--cfg-path', '/tmp/tmpm7lu51m1', '--error-file', '/tmp/tmpl088sprg']
[2022-03-23 09:33:18,665] {standard_task_runner.py:77} INFO - Job 796: Subtask rm_task
[2022-03-23 09:33:18,730] {logging_mixin.py:109} INFO - Running <TaskInstance: dtc_project_ingest.rm_task scheduled__2021-03-02T06:00:00+00:00 [running]> on host 7127e26385ba
[2022-03-23 09:33:18,773] {warnings.py:110} WARNING - /home/***/.local/lib/python3.7/site-packages/***/utils/context.py:152: AirflowContextDeprecationWarning: Accessing 'execution_date' from the template is deprecated and will be removed in a future version. Please use 'data_interval_start' or 'logical_date' instead.
  warnings.warn(_create_deprecation_warning(key, self._deprecation_replacements[key]))

[2022-03-23 09:33:18,815] {taskinstance.py:1426} INFO - Exporting the following env vars:
AIRFLOW_CTX_DAG_OWNER=***
AIRFLOW_CTX_DAG_ID=dtc_project_ingest
AIRFLOW_CTX_TASK_ID=rm_task
AIRFLOW_CTX_EXECUTION_DATE=2021-03-02T06:00:00+00:00
AIRFLOW_CTX_DAG_RUN_ID=scheduled__2021-03-02T06:00:00+00:00
[2022-03-23 09:33:18,818] {subprocess.py:62} INFO - Tmp dir root location: 
 /tmp
[2022-03-23 09:33:18,819] {subprocess.py:74} INFO - Running command: ['bash', '-c', 'rm /opt/***/202103-citibike-tripdata.csv /opt/***/202103-citibike-tripdata.parquet']
[2022-03-23 09:33:18,836] {subprocess.py:85} INFO - Output:
[2022-03-23 09:33:18,916] {subprocess.py:93} INFO - Command exited with return code 0
[2022-03-23 09:33:19,096] {taskinstance.py:1277} INFO - Marking task as SUCCESS. dag_id=dtc_project_ingest, task_id=rm_task, execution_date=20210302T060000, start_date=20220323T093318, end_date=20220323T093319
[2022-03-23 09:33:19,121] {local_task_job.py:154} INFO - Task exited with return code 0
[2022-03-23 09:33:19,154] {local_task_job.py:264} INFO - 0 downstream tasks scheduled from follow-on schedule check
[2022-03-23 16:57:35,256] {taskinstance.py:1032} INFO - Dependencies all met for <TaskInstance: dtc_project_ingest.rm_task scheduled__2021-03-02T06:00:00+00:00 [queued]>
[2022-03-23 16:57:35,267] {taskinstance.py:1032} INFO - Dependencies all met for <TaskInstance: dtc_project_ingest.rm_task scheduled__2021-03-02T06:00:00+00:00 [queued]>
[2022-03-23 16:57:35,268] {taskinstance.py:1238} INFO - 
--------------------------------------------------------------------------------
[2022-03-23 16:57:35,268] {taskinstance.py:1239} INFO - Starting attempt 1 of 2
[2022-03-23 16:57:35,269] {taskinstance.py:1240} INFO - 
--------------------------------------------------------------------------------
[2022-03-23 16:57:35,280] {taskinstance.py:1259} INFO - Executing <Task(BashOperator): rm_task> on 2021-03-02 06:00:00+00:00
[2022-03-23 16:57:35,288] {standard_task_runner.py:52} INFO - Started process 7142 to run task
[2022-03-23 16:57:35,292] {standard_task_runner.py:76} INFO - Running: ['***', 'tasks', 'run', 'dtc_project_ingest', 'rm_task', 'scheduled__2021-03-02T06:00:00+00:00', '--job-id', '1132', '--raw', '--subdir', 'DAGS_FOLDER/project_data_ingestion.py', '--cfg-path', '/tmp/tmpju0y6pig', '--error-file', '/tmp/tmps13zxgwn']
[2022-03-23 16:57:35,294] {standard_task_runner.py:77} INFO - Job 1132: Subtask rm_task
[2022-03-23 16:57:35,365] {logging_mixin.py:109} INFO - Running <TaskInstance: dtc_project_ingest.rm_task scheduled__2021-03-02T06:00:00+00:00 [running]> on host 7127e26385ba
[2022-03-23 16:57:35,412] {warnings.py:110} WARNING - /home/***/.local/lib/python3.7/site-packages/***/utils/context.py:152: AirflowContextDeprecationWarning: Accessing 'execution_date' from the template is deprecated and will be removed in a future version. Please use 'data_interval_start' or 'logical_date' instead.
  warnings.warn(_create_deprecation_warning(key, self._deprecation_replacements[key]))

[2022-03-23 16:57:35,438] {taskinstance.py:1426} INFO - Exporting the following env vars:
AIRFLOW_CTX_DAG_OWNER=***
AIRFLOW_CTX_DAG_ID=dtc_project_ingest
AIRFLOW_CTX_TASK_ID=rm_task
AIRFLOW_CTX_EXECUTION_DATE=2021-03-02T06:00:00+00:00
AIRFLOW_CTX_DAG_RUN_ID=scheduled__2021-03-02T06:00:00+00:00
[2022-03-23 16:57:35,439] {subprocess.py:62} INFO - Tmp dir root location: 
 /tmp
[2022-03-23 16:57:35,440] {subprocess.py:74} INFO - Running command: ['bash', '-c', 'rm /opt/***/202103-citibike-tripdata.csv /opt/***/202103-citibike-tripdata.parquet']
[2022-03-23 16:57:35,455] {subprocess.py:85} INFO - Output:
[2022-03-23 16:57:35,542] {subprocess.py:93} INFO - Command exited with return code 0
[2022-03-23 16:57:35,579] {taskinstance.py:1277} INFO - Marking task as SUCCESS. dag_id=dtc_project_ingest, task_id=rm_task, execution_date=20210302T060000, start_date=20220323T165735, end_date=20220323T165735
[2022-03-23 16:57:35,630] {local_task_job.py:154} INFO - Task exited with return code 0
[2022-03-23 16:57:35,681] {local_task_job.py:264} INFO - 0 downstream tasks scheduled from follow-on schedule check
[2022-03-26 12:11:40,632] {taskinstance.py:1032} INFO - Dependencies all met for <TaskInstance: dtc_project_ingest.rm_task scheduled__2021-03-02T06:00:00+00:00 [queued]>
[2022-03-26 12:11:40,644] {taskinstance.py:1032} INFO - Dependencies all met for <TaskInstance: dtc_project_ingest.rm_task scheduled__2021-03-02T06:00:00+00:00 [queued]>
[2022-03-26 12:11:40,645] {taskinstance.py:1238} INFO - 
--------------------------------------------------------------------------------
[2022-03-26 12:11:40,645] {taskinstance.py:1239} INFO - Starting attempt 1 of 2
[2022-03-26 12:11:40,646] {taskinstance.py:1240} INFO - 
--------------------------------------------------------------------------------
[2022-03-26 12:11:40,658] {taskinstance.py:1259} INFO - Executing <Task(BashOperator): rm_task> on 2021-03-02 06:00:00+00:00
[2022-03-26 12:11:40,664] {standard_task_runner.py:52} INFO - Started process 10661 to run task
[2022-03-26 12:11:40,668] {standard_task_runner.py:76} INFO - Running: ['***', 'tasks', 'run', 'dtc_project_ingest', 'rm_task', 'scheduled__2021-03-02T06:00:00+00:00', '--job-id', '1538', '--raw', '--subdir', 'DAGS_FOLDER/project_data_ingestion.py', '--cfg-path', '/tmp/tmp_9zs6h45', '--error-file', '/tmp/tmpsoutp7sd']
[2022-03-26 12:11:40,670] {standard_task_runner.py:77} INFO - Job 1538: Subtask rm_task
[2022-03-26 12:11:40,758] {logging_mixin.py:109} INFO - Running <TaskInstance: dtc_project_ingest.rm_task scheduled__2021-03-02T06:00:00+00:00 [running]> on host c800f4dda314
[2022-03-26 12:11:40,810] {warnings.py:110} WARNING - /home/***/.local/lib/python3.7/site-packages/***/utils/context.py:152: AirflowContextDeprecationWarning: Accessing 'execution_date' from the template is deprecated and will be removed in a future version. Please use 'data_interval_start' or 'logical_date' instead.
  warnings.warn(_create_deprecation_warning(key, self._deprecation_replacements[key]))

[2022-03-26 12:11:40,833] {taskinstance.py:1426} INFO - Exporting the following env vars:
AIRFLOW_CTX_DAG_OWNER=***
AIRFLOW_CTX_DAG_ID=dtc_project_ingest
AIRFLOW_CTX_TASK_ID=rm_task
AIRFLOW_CTX_EXECUTION_DATE=2021-03-02T06:00:00+00:00
AIRFLOW_CTX_DAG_RUN_ID=scheduled__2021-03-02T06:00:00+00:00
[2022-03-26 12:11:40,835] {subprocess.py:62} INFO - Tmp dir root location: 
 /tmp
[2022-03-26 12:11:40,841] {subprocess.py:74} INFO - Running command: ['bash', '-c', 'rm /opt/***/202103-citibike-tripdata.csv /opt/***/202103-citibike-tripdata.parquet']
[2022-03-26 12:11:40,864] {subprocess.py:85} INFO - Output:
[2022-03-26 12:11:40,879] {subprocess.py:93} INFO - Command exited with return code 0
[2022-03-26 12:11:40,905] {taskinstance.py:1277} INFO - Marking task as SUCCESS. dag_id=dtc_project_ingest, task_id=rm_task, execution_date=20210302T060000, start_date=20220326T121140, end_date=20220326T121140
[2022-03-26 12:11:40,963] {local_task_job.py:154} INFO - Task exited with return code 0
[2022-03-26 12:11:40,995] {local_task_job.py:264} INFO - 0 downstream tasks scheduled from follow-on schedule check
