[2022-03-23 09:19:02,520] {taskinstance.py:1032} INFO - Dependencies all met for <TaskInstance: dtc_project_ingest.local_to_gcs_task scheduled__2020-01-02T06:00:00+00:00 [queued]>
[2022-03-23 09:19:02,530] {taskinstance.py:1032} INFO - Dependencies all met for <TaskInstance: dtc_project_ingest.local_to_gcs_task scheduled__2020-01-02T06:00:00+00:00 [queued]>
[2022-03-23 09:19:02,531] {taskinstance.py:1238} INFO - 
--------------------------------------------------------------------------------
[2022-03-23 09:19:02,532] {taskinstance.py:1239} INFO - Starting attempt 1 of 2
[2022-03-23 09:19:02,533] {taskinstance.py:1240} INFO - 
--------------------------------------------------------------------------------
[2022-03-23 09:19:02,544] {taskinstance.py:1259} INFO - Executing <Task(PythonOperator): local_to_gcs_task> on 2020-01-02 06:00:00+00:00
[2022-03-23 09:19:02,552] {standard_task_runner.py:52} INFO - Started process 2053 to run task
[2022-03-23 09:19:02,557] {standard_task_runner.py:76} INFO - Running: ['***', 'tasks', 'run', 'dtc_project_ingest', 'local_to_gcs_task', 'scheduled__2020-01-02T06:00:00+00:00', '--job-id', '745', '--raw', '--subdir', 'DAGS_FOLDER/project_data_ingestion.py', '--cfg-path', '/tmp/tmp7ykv47rx', '--error-file', '/tmp/tmp3susdyt3']
[2022-03-23 09:19:02,558] {standard_task_runner.py:77} INFO - Job 745: Subtask local_to_gcs_task
[2022-03-23 09:19:02,638] {logging_mixin.py:109} INFO - Running <TaskInstance: dtc_project_ingest.local_to_gcs_task scheduled__2020-01-02T06:00:00+00:00 [running]> on host 7127e26385ba
[2022-03-23 09:19:02,680] {warnings.py:110} WARNING - /home/***/.local/lib/python3.7/site-packages/***/utils/context.py:152: AirflowContextDeprecationWarning: Accessing 'execution_date' from the template is deprecated and will be removed in a future version. Please use 'data_interval_start' or 'logical_date' instead.
  warnings.warn(_create_deprecation_warning(key, self._deprecation_replacements[key]))

[2022-03-23 09:19:02,704] {taskinstance.py:1426} INFO - Exporting the following env vars:
AIRFLOW_CTX_DAG_OWNER=***
AIRFLOW_CTX_DAG_ID=dtc_project_ingest
AIRFLOW_CTX_TASK_ID=local_to_gcs_task
AIRFLOW_CTX_EXECUTION_DATE=2020-01-02T06:00:00+00:00
AIRFLOW_CTX_DAG_RUN_ID=scheduled__2020-01-02T06:00:00+00:00
[2022-03-23 09:19:22,196] {python.py:175} INFO - Done. Returned value was: None
[2022-03-23 09:19:22,212] {taskinstance.py:1277} INFO - Marking task as SUCCESS. dag_id=dtc_project_ingest, task_id=local_to_gcs_task, execution_date=20200102T060000, start_date=20220323T091902, end_date=20220323T091922
[2022-03-23 09:19:22,259] {local_task_job.py:154} INFO - Task exited with return code 0
[2022-03-23 09:19:22,296] {local_task_job.py:264} INFO - 1 downstream tasks scheduled from follow-on schedule check
[2022-03-23 16:27:49,718] {taskinstance.py:1032} INFO - Dependencies all met for <TaskInstance: dtc_project_ingest.local_to_gcs_task scheduled__2020-01-02T06:00:00+00:00 [queued]>
[2022-03-23 16:27:49,734] {taskinstance.py:1032} INFO - Dependencies all met for <TaskInstance: dtc_project_ingest.local_to_gcs_task scheduled__2020-01-02T06:00:00+00:00 [queued]>
[2022-03-23 16:27:49,735] {taskinstance.py:1238} INFO - 
--------------------------------------------------------------------------------
[2022-03-23 16:27:49,736] {taskinstance.py:1239} INFO - Starting attempt 1 of 2
[2022-03-23 16:27:49,737] {taskinstance.py:1240} INFO - 
--------------------------------------------------------------------------------
[2022-03-23 16:27:49,750] {taskinstance.py:1259} INFO - Executing <Task(PythonOperator): local_to_gcs_task> on 2020-01-02 06:00:00+00:00
[2022-03-23 16:27:49,758] {standard_task_runner.py:52} INFO - Started process 5425 to run task
[2022-03-23 16:27:49,763] {standard_task_runner.py:76} INFO - Running: ['***', 'tasks', 'run', 'dtc_project_ingest', 'local_to_gcs_task', 'scheduled__2020-01-02T06:00:00+00:00', '--job-id', '1059', '--raw', '--subdir', 'DAGS_FOLDER/project_data_ingestion.py', '--cfg-path', '/tmp/tmp6188_ewo', '--error-file', '/tmp/tmppt6r03qk']
[2022-03-23 16:27:49,764] {standard_task_runner.py:77} INFO - Job 1059: Subtask local_to_gcs_task
[2022-03-23 16:27:49,859] {logging_mixin.py:109} INFO - Running <TaskInstance: dtc_project_ingest.local_to_gcs_task scheduled__2020-01-02T06:00:00+00:00 [running]> on host 7127e26385ba
[2022-03-23 16:27:49,913] {warnings.py:110} WARNING - /home/***/.local/lib/python3.7/site-packages/***/utils/context.py:152: AirflowContextDeprecationWarning: Accessing 'execution_date' from the template is deprecated and will be removed in a future version. Please use 'data_interval_start' or 'logical_date' instead.
  warnings.warn(_create_deprecation_warning(key, self._deprecation_replacements[key]))

[2022-03-23 16:27:49,942] {taskinstance.py:1426} INFO - Exporting the following env vars:
AIRFLOW_CTX_DAG_OWNER=***
AIRFLOW_CTX_DAG_ID=dtc_project_ingest
AIRFLOW_CTX_TASK_ID=local_to_gcs_task
AIRFLOW_CTX_EXECUTION_DATE=2020-01-02T06:00:00+00:00
AIRFLOW_CTX_DAG_RUN_ID=scheduled__2020-01-02T06:00:00+00:00
[2022-03-23 16:28:22,219] {python.py:175} INFO - Done. Returned value was: None
[2022-03-23 16:28:22,308] {taskinstance.py:1277} INFO - Marking task as SUCCESS. dag_id=dtc_project_ingest, task_id=local_to_gcs_task, execution_date=20200102T060000, start_date=20220323T162749, end_date=20220323T162822
[2022-03-23 16:28:22,349] {local_task_job.py:154} INFO - Task exited with return code 0
[2022-03-23 16:28:22,390] {local_task_job.py:264} INFO - 1 downstream tasks scheduled from follow-on schedule check
[2022-03-26 11:19:51,066] {taskinstance.py:1032} INFO - Dependencies all met for <TaskInstance: dtc_project_ingest.local_to_gcs_task scheduled__2020-01-02T06:00:00+00:00 [queued]>
[2022-03-26 11:19:51,085] {taskinstance.py:1032} INFO - Dependencies all met for <TaskInstance: dtc_project_ingest.local_to_gcs_task scheduled__2020-01-02T06:00:00+00:00 [queued]>
[2022-03-26 11:19:51,086] {taskinstance.py:1238} INFO - 
--------------------------------------------------------------------------------
[2022-03-26 11:19:51,088] {taskinstance.py:1239} INFO - Starting attempt 1 of 2
[2022-03-26 11:19:51,089] {taskinstance.py:1240} INFO - 
--------------------------------------------------------------------------------
[2022-03-26 11:19:51,105] {taskinstance.py:1259} INFO - Executing <Task(PythonOperator): local_to_gcs_task> on 2020-01-02 06:00:00+00:00
[2022-03-26 11:19:51,115] {standard_task_runner.py:52} INFO - Started process 7718 to run task
[2022-03-26 11:19:51,122] {standard_task_runner.py:76} INFO - Running: ['***', 'tasks', 'run', 'dtc_project_ingest', 'local_to_gcs_task', 'scheduled__2020-01-02T06:00:00+00:00', '--job-id', '1415', '--raw', '--subdir', 'DAGS_FOLDER/project_data_ingestion.py', '--cfg-path', '/tmp/tmpq3pnianf', '--error-file', '/tmp/tmprb0plwo0']
[2022-03-26 11:19:51,125] {standard_task_runner.py:77} INFO - Job 1415: Subtask local_to_gcs_task
[2022-03-26 11:19:51,249] {logging_mixin.py:109} INFO - Running <TaskInstance: dtc_project_ingest.local_to_gcs_task scheduled__2020-01-02T06:00:00+00:00 [running]> on host c800f4dda314
[2022-03-26 11:19:51,315] {warnings.py:110} WARNING - /home/***/.local/lib/python3.7/site-packages/***/utils/context.py:152: AirflowContextDeprecationWarning: Accessing 'execution_date' from the template is deprecated and will be removed in a future version. Please use 'data_interval_start' or 'logical_date' instead.
  warnings.warn(_create_deprecation_warning(key, self._deprecation_replacements[key]))

[2022-03-26 11:19:51,359] {taskinstance.py:1426} INFO - Exporting the following env vars:
AIRFLOW_CTX_DAG_OWNER=***
AIRFLOW_CTX_DAG_ID=dtc_project_ingest
AIRFLOW_CTX_TASK_ID=local_to_gcs_task
AIRFLOW_CTX_EXECUTION_DATE=2020-01-02T06:00:00+00:00
AIRFLOW_CTX_DAG_RUN_ID=scheduled__2020-01-02T06:00:00+00:00
[2022-03-26 11:21:21,841] {python.py:175} INFO - Done. Returned value was: None
[2022-03-26 11:21:21,872] {taskinstance.py:1277} INFO - Marking task as SUCCESS. dag_id=dtc_project_ingest, task_id=local_to_gcs_task, execution_date=20200102T060000, start_date=20220326T111951, end_date=20220326T112121
[2022-03-26 11:21:21,913] {local_task_job.py:154} INFO - Task exited with return code 0
[2022-03-26 11:21:22,205] {local_task_job.py:264} INFO - 1 downstream tasks scheduled from follow-on schedule check
[2022-03-26 15:43:12,846] {taskinstance.py:1032} INFO - Dependencies all met for <TaskInstance: dtc_project_ingest.local_to_gcs_task scheduled__2020-01-02T06:00:00+00:00 [queued]>
[2022-03-26 15:43:12,881] {taskinstance.py:1032} INFO - Dependencies all met for <TaskInstance: dtc_project_ingest.local_to_gcs_task scheduled__2020-01-02T06:00:00+00:00 [queued]>
[2022-03-26 15:43:12,883] {taskinstance.py:1238} INFO - 
--------------------------------------------------------------------------------
[2022-03-26 15:43:12,885] {taskinstance.py:1239} INFO - Starting attempt 1 of 2
[2022-03-26 15:43:12,888] {taskinstance.py:1240} INFO - 
--------------------------------------------------------------------------------
[2022-03-26 15:43:12,932] {taskinstance.py:1259} INFO - Executing <Task(PythonOperator): local_to_gcs_task> on 2020-01-02 06:00:00+00:00
[2022-03-26 15:43:12,948] {standard_task_runner.py:52} INFO - Started process 20992 to run task
[2022-03-26 15:43:12,976] {standard_task_runner.py:76} INFO - Running: ['***', 'tasks', 'run', 'dtc_project_ingest', 'local_to_gcs_task', 'scheduled__2020-01-02T06:00:00+00:00', '--job-id', '1644', '--raw', '--subdir', 'DAGS_FOLDER/project_data_ingestion.py', '--cfg-path', '/tmp/tmpkybqvgk5', '--error-file', '/tmp/tmp67rkey6x']
[2022-03-26 15:43:12,980] {standard_task_runner.py:77} INFO - Job 1644: Subtask local_to_gcs_task
[2022-03-26 15:43:13,137] {logging_mixin.py:109} INFO - Running <TaskInstance: dtc_project_ingest.local_to_gcs_task scheduled__2020-01-02T06:00:00+00:00 [running]> on host c800f4dda314
[2022-03-26 15:43:13,242] {warnings.py:110} WARNING - /home/***/.local/lib/python3.7/site-packages/***/utils/context.py:152: AirflowContextDeprecationWarning: Accessing 'execution_date' from the template is deprecated and will be removed in a future version. Please use 'data_interval_start' or 'logical_date' instead.
  warnings.warn(_create_deprecation_warning(key, self._deprecation_replacements[key]))

[2022-03-26 15:43:13,293] {taskinstance.py:1426} INFO - Exporting the following env vars:
AIRFLOW_CTX_DAG_OWNER=***
AIRFLOW_CTX_DAG_ID=dtc_project_ingest
AIRFLOW_CTX_TASK_ID=local_to_gcs_task
AIRFLOW_CTX_EXECUTION_DATE=2020-01-02T06:00:00+00:00
AIRFLOW_CTX_DAG_RUN_ID=scheduled__2020-01-02T06:00:00+00:00
[2022-03-26 15:44:10,589] {python.py:175} INFO - Done. Returned value was: None
[2022-03-26 15:44:10,602] {taskinstance.py:1277} INFO - Marking task as SUCCESS. dag_id=dtc_project_ingest, task_id=local_to_gcs_task, execution_date=20200102T060000, start_date=20220326T154312, end_date=20220326T154410
[2022-03-26 15:44:10,649] {local_task_job.py:154} INFO - Task exited with return code 0
[2022-03-26 15:44:10,685] {local_task_job.py:264} INFO - 1 downstream tasks scheduled from follow-on schedule check
