[2022-03-21 22:36:22,186] {taskinstance.py:1032} INFO - Dependencies all met for <TaskInstance: dtc_project_ingest.download_dataset_task manual__2022-03-21T22:30:52.147193+00:00 [queued]>
[2022-03-21 22:36:22,215] {taskinstance.py:1032} INFO - Dependencies all met for <TaskInstance: dtc_project_ingest.download_dataset_task manual__2022-03-21T22:30:52.147193+00:00 [queued]>
[2022-03-21 22:36:22,217] {taskinstance.py:1238} INFO - 
--------------------------------------------------------------------------------
[2022-03-21 22:36:22,219] {taskinstance.py:1239} INFO - Starting attempt 2 of 3
[2022-03-21 22:36:22,220] {taskinstance.py:1240} INFO - 
--------------------------------------------------------------------------------
[2022-03-21 22:36:22,246] {taskinstance.py:1259} INFO - Executing <Task(BashOperator): download_dataset_task> on 2022-03-21 22:30:52.147193+00:00
[2022-03-21 22:36:22,262] {standard_task_runner.py:52} INFO - Started process 347 to run task
[2022-03-21 22:36:22,272] {standard_task_runner.py:76} INFO - Running: ['***', 'tasks', 'run', 'dtc_project_ingest', 'download_dataset_task', 'manual__2022-03-21T22:30:52.147193+00:00', '--job-id', '525', '--raw', '--subdir', 'DAGS_FOLDER/project_data_ingestion.py', '--cfg-path', '/tmp/tmph3a39fy9', '--error-file', '/tmp/tmp4e12oyjc']
[2022-03-21 22:36:22,274] {standard_task_runner.py:77} INFO - Job 525: Subtask download_dataset_task
[2022-03-21 22:36:22,409] {logging_mixin.py:109} INFO - Running <TaskInstance: dtc_project_ingest.download_dataset_task manual__2022-03-21T22:30:52.147193+00:00 [running]> on host b91e76d7fa3b
[2022-03-21 22:36:22,498] {warnings.py:110} WARNING - /home/***/.local/lib/python3.7/site-packages/***/utils/context.py:152: AirflowContextDeprecationWarning: Accessing 'execution_date' from the template is deprecated and will be removed in a future version. Please use 'data_interval_start' or 'logical_date' instead.
  warnings.warn(_create_deprecation_warning(key, self._deprecation_replacements[key]))

[2022-03-21 22:36:22,538] {taskinstance.py:1426} INFO - Exporting the following env vars:
AIRFLOW_CTX_DAG_OWNER=***
AIRFLOW_CTX_DAG_ID=dtc_project_ingest
AIRFLOW_CTX_TASK_ID=download_dataset_task
AIRFLOW_CTX_EXECUTION_DATE=2022-03-21T22:30:52.147193+00:00
AIRFLOW_CTX_DAG_RUN_ID=manual__2022-03-21T22:30:52.147193+00:00
[2022-03-21 22:36:22,541] {subprocess.py:62} INFO - Tmp dir root location: 
 /tmp
[2022-03-21 22:36:22,543] {subprocess.py:74} INFO - Running command: ['bash', '-c', 'curl -sSL https://s3.amazonaws.com/tripdata/202203-citibike-tripdata.csv.zip > /opt/***/202203-citibike-tripdata.csv.zip']
[2022-03-21 22:36:22,569] {subprocess.py:85} INFO - Output:
[2022-03-21 22:36:23,305] {subprocess.py:93} INFO - Command exited with return code 0
[2022-03-21 22:36:23,346] {taskinstance.py:1277} INFO - Marking task as SUCCESS. dag_id=dtc_project_ingest, task_id=download_dataset_task, execution_date=20220321T223052, start_date=20220321T223622, end_date=20220321T223623
[2022-03-21 22:36:23,418] {local_task_job.py:154} INFO - Task exited with return code 0
[2022-03-21 22:36:23,486] {local_task_job.py:264} INFO - 1 downstream tasks scheduled from follow-on schedule check
