[2022-03-23 09:18:25,721] {taskinstance.py:1032} INFO - Dependencies all met for <TaskInstance: dtc_project_ingest.rm_task scheduled__2020-02-02T06:00:00+00:00 [queued]>
[2022-03-23 09:18:25,732] {taskinstance.py:1032} INFO - Dependencies all met for <TaskInstance: dtc_project_ingest.rm_task scheduled__2020-02-02T06:00:00+00:00 [queued]>
[2022-03-23 09:18:25,733] {taskinstance.py:1238} INFO - 
--------------------------------------------------------------------------------
[2022-03-23 09:18:25,733] {taskinstance.py:1239} INFO - Starting attempt 1 of 2
[2022-03-23 09:18:25,733] {taskinstance.py:1240} INFO - 
--------------------------------------------------------------------------------
[2022-03-23 09:18:25,744] {taskinstance.py:1259} INFO - Executing <Task(BashOperator): rm_task> on 2020-02-02 06:00:00+00:00
[2022-03-23 09:18:25,751] {standard_task_runner.py:52} INFO - Started process 1994 to run task
[2022-03-23 09:18:25,755] {standard_task_runner.py:76} INFO - Running: ['***', 'tasks', 'run', 'dtc_project_ingest', 'rm_task', 'scheduled__2020-02-02T06:00:00+00:00', '--job-id', '740', '--raw', '--subdir', 'DAGS_FOLDER/project_data_ingestion.py', '--cfg-path', '/tmp/tmp9e0b1qsi', '--error-file', '/tmp/tmp_4q8upg1']
[2022-03-23 09:18:25,756] {standard_task_runner.py:77} INFO - Job 740: Subtask rm_task
[2022-03-23 09:18:25,822] {logging_mixin.py:109} INFO - Running <TaskInstance: dtc_project_ingest.rm_task scheduled__2020-02-02T06:00:00+00:00 [running]> on host 7127e26385ba
[2022-03-23 09:18:25,861] {warnings.py:110} WARNING - /home/***/.local/lib/python3.7/site-packages/***/utils/context.py:152: AirflowContextDeprecationWarning: Accessing 'execution_date' from the template is deprecated and will be removed in a future version. Please use 'data_interval_start' or 'logical_date' instead.
  warnings.warn(_create_deprecation_warning(key, self._deprecation_replacements[key]))

[2022-03-23 09:18:25,882] {taskinstance.py:1426} INFO - Exporting the following env vars:
AIRFLOW_CTX_DAG_OWNER=***
AIRFLOW_CTX_DAG_ID=dtc_project_ingest
AIRFLOW_CTX_TASK_ID=rm_task
AIRFLOW_CTX_EXECUTION_DATE=2020-02-02T06:00:00+00:00
AIRFLOW_CTX_DAG_RUN_ID=scheduled__2020-02-02T06:00:00+00:00
[2022-03-23 09:18:25,884] {subprocess.py:62} INFO - Tmp dir root location: 
 /tmp
[2022-03-23 09:18:25,885] {subprocess.py:74} INFO - Running command: ['bash', '-c', 'rm /opt/***/202002-citibike-tripdata.csv /opt/***/202002-citibike-tripdata.parquet']
[2022-03-23 09:18:25,899] {subprocess.py:85} INFO - Output:
[2022-03-23 09:18:25,959] {subprocess.py:93} INFO - Command exited with return code 0
[2022-03-23 09:18:25,988] {taskinstance.py:1277} INFO - Marking task as SUCCESS. dag_id=dtc_project_ingest, task_id=rm_task, execution_date=20200202T060000, start_date=20220323T091825, end_date=20220323T091825
[2022-03-23 09:18:26,049] {local_task_job.py:154} INFO - Task exited with return code 0
[2022-03-23 09:18:26,081] {local_task_job.py:264} INFO - 0 downstream tasks scheduled from follow-on schedule check
[2022-03-23 16:28:03,716] {taskinstance.py:1032} INFO - Dependencies all met for <TaskInstance: dtc_project_ingest.rm_task scheduled__2020-02-02T06:00:00+00:00 [queued]>
[2022-03-23 16:28:03,729] {taskinstance.py:1032} INFO - Dependencies all met for <TaskInstance: dtc_project_ingest.rm_task scheduled__2020-02-02T06:00:00+00:00 [queued]>
[2022-03-23 16:28:03,730] {taskinstance.py:1238} INFO - 
--------------------------------------------------------------------------------
[2022-03-23 16:28:03,731] {taskinstance.py:1239} INFO - Starting attempt 1 of 2
[2022-03-23 16:28:03,732] {taskinstance.py:1240} INFO - 
--------------------------------------------------------------------------------
[2022-03-23 16:28:03,744] {taskinstance.py:1259} INFO - Executing <Task(BashOperator): rm_task> on 2020-02-02 06:00:00+00:00
[2022-03-23 16:28:03,751] {standard_task_runner.py:52} INFO - Started process 5440 to run task
[2022-03-23 16:28:03,755] {standard_task_runner.py:76} INFO - Running: ['***', 'tasks', 'run', 'dtc_project_ingest', 'rm_task', 'scheduled__2020-02-02T06:00:00+00:00', '--job-id', '1061', '--raw', '--subdir', 'DAGS_FOLDER/project_data_ingestion.py', '--cfg-path', '/tmp/tmpvuqfkrdn', '--error-file', '/tmp/tmpo6vhfvx3']
[2022-03-23 16:28:03,757] {standard_task_runner.py:77} INFO - Job 1061: Subtask rm_task
[2022-03-23 16:28:03,843] {logging_mixin.py:109} INFO - Running <TaskInstance: dtc_project_ingest.rm_task scheduled__2020-02-02T06:00:00+00:00 [running]> on host 7127e26385ba
[2022-03-23 16:28:03,940] {warnings.py:110} WARNING - /home/***/.local/lib/python3.7/site-packages/***/utils/context.py:152: AirflowContextDeprecationWarning: Accessing 'execution_date' from the template is deprecated and will be removed in a future version. Please use 'data_interval_start' or 'logical_date' instead.
  warnings.warn(_create_deprecation_warning(key, self._deprecation_replacements[key]))

[2022-03-23 16:28:03,962] {taskinstance.py:1426} INFO - Exporting the following env vars:
AIRFLOW_CTX_DAG_OWNER=***
AIRFLOW_CTX_DAG_ID=dtc_project_ingest
AIRFLOW_CTX_TASK_ID=rm_task
AIRFLOW_CTX_EXECUTION_DATE=2020-02-02T06:00:00+00:00
AIRFLOW_CTX_DAG_RUN_ID=scheduled__2020-02-02T06:00:00+00:00
[2022-03-23 16:28:03,964] {subprocess.py:62} INFO - Tmp dir root location: 
 /tmp
[2022-03-23 16:28:03,965] {subprocess.py:74} INFO - Running command: ['bash', '-c', 'rm /opt/***/202002-citibike-tripdata.csv /opt/***/202002-citibike-tripdata.parquet']
[2022-03-23 16:28:03,981] {subprocess.py:85} INFO - Output:
[2022-03-23 16:28:04,049] {subprocess.py:93} INFO - Command exited with return code 0
[2022-03-23 16:28:04,076] {taskinstance.py:1277} INFO - Marking task as SUCCESS. dag_id=dtc_project_ingest, task_id=rm_task, execution_date=20200202T060000, start_date=20220323T162803, end_date=20220323T162804
[2022-03-23 16:28:04,131] {local_task_job.py:154} INFO - Task exited with return code 0
[2022-03-23 16:28:04,167] {local_task_job.py:264} INFO - 0 downstream tasks scheduled from follow-on schedule check
[2022-03-26 11:21:44,557] {taskinstance.py:1032} INFO - Dependencies all met for <TaskInstance: dtc_project_ingest.rm_task scheduled__2020-02-02T06:00:00+00:00 [queued]>
[2022-03-26 11:21:44,575] {taskinstance.py:1032} INFO - Dependencies all met for <TaskInstance: dtc_project_ingest.rm_task scheduled__2020-02-02T06:00:00+00:00 [queued]>
[2022-03-26 11:21:44,576] {taskinstance.py:1238} INFO - 
--------------------------------------------------------------------------------
[2022-03-26 11:21:44,577] {taskinstance.py:1239} INFO - Starting attempt 1 of 2
[2022-03-26 11:21:44,578] {taskinstance.py:1240} INFO - 
--------------------------------------------------------------------------------
[2022-03-26 11:21:44,595] {taskinstance.py:1259} INFO - Executing <Task(BashOperator): rm_task> on 2020-02-02 06:00:00+00:00
[2022-03-26 11:21:44,605] {standard_task_runner.py:52} INFO - Started process 7839 to run task
[2022-03-26 11:21:44,610] {standard_task_runner.py:76} INFO - Running: ['***', 'tasks', 'run', 'dtc_project_ingest', 'rm_task', 'scheduled__2020-02-02T06:00:00+00:00', '--job-id', '1423', '--raw', '--subdir', 'DAGS_FOLDER/project_data_ingestion.py', '--cfg-path', '/tmp/tmp4d03pqbx', '--error-file', '/tmp/tmp67im19vt']
[2022-03-26 11:21:44,612] {standard_task_runner.py:77} INFO - Job 1423: Subtask rm_task
[2022-03-26 11:21:44,701] {logging_mixin.py:109} INFO - Running <TaskInstance: dtc_project_ingest.rm_task scheduled__2020-02-02T06:00:00+00:00 [running]> on host c800f4dda314
[2022-03-26 11:21:44,768] {warnings.py:110} WARNING - /home/***/.local/lib/python3.7/site-packages/***/utils/context.py:152: AirflowContextDeprecationWarning: Accessing 'execution_date' from the template is deprecated and will be removed in a future version. Please use 'data_interval_start' or 'logical_date' instead.
  warnings.warn(_create_deprecation_warning(key, self._deprecation_replacements[key]))

[2022-03-26 11:21:44,800] {taskinstance.py:1426} INFO - Exporting the following env vars:
AIRFLOW_CTX_DAG_OWNER=***
AIRFLOW_CTX_DAG_ID=dtc_project_ingest
AIRFLOW_CTX_TASK_ID=rm_task
AIRFLOW_CTX_EXECUTION_DATE=2020-02-02T06:00:00+00:00
AIRFLOW_CTX_DAG_RUN_ID=scheduled__2020-02-02T06:00:00+00:00
[2022-03-26 11:21:44,802] {subprocess.py:62} INFO - Tmp dir root location: 
 /tmp
[2022-03-26 11:21:44,805] {subprocess.py:74} INFO - Running command: ['bash', '-c', 'rm /opt/***/202002-citibike-tripdata.csv /opt/***/202002-citibike-tripdata.parquet']
[2022-03-26 11:21:44,827] {subprocess.py:85} INFO - Output:
[2022-03-26 11:21:44,910] {subprocess.py:93} INFO - Command exited with return code 0
[2022-03-26 11:21:44,943] {taskinstance.py:1277} INFO - Marking task as SUCCESS. dag_id=dtc_project_ingest, task_id=rm_task, execution_date=20200202T060000, start_date=20220326T112144, end_date=20220326T112144
[2022-03-26 11:21:44,991] {local_task_job.py:154} INFO - Task exited with return code 0
[2022-03-26 11:21:45,031] {local_task_job.py:264} INFO - 0 downstream tasks scheduled from follow-on schedule check
[2022-03-26 15:44:13,014] {taskinstance.py:1032} INFO - Dependencies all met for <TaskInstance: dtc_project_ingest.rm_task scheduled__2020-02-02T06:00:00+00:00 [queued]>
[2022-03-26 15:44:13,030] {taskinstance.py:1032} INFO - Dependencies all met for <TaskInstance: dtc_project_ingest.rm_task scheduled__2020-02-02T06:00:00+00:00 [queued]>
[2022-03-26 15:44:13,031] {taskinstance.py:1238} INFO - 
--------------------------------------------------------------------------------
[2022-03-26 15:44:13,032] {taskinstance.py:1239} INFO - Starting attempt 1 of 2
[2022-03-26 15:44:13,033] {taskinstance.py:1240} INFO - 
--------------------------------------------------------------------------------
[2022-03-26 15:44:13,049] {taskinstance.py:1259} INFO - Executing <Task(BashOperator): rm_task> on 2020-02-02 06:00:00+00:00
[2022-03-26 15:44:13,059] {standard_task_runner.py:52} INFO - Started process 21065 to run task
[2022-03-26 15:44:13,070] {standard_task_runner.py:76} INFO - Running: ['***', 'tasks', 'run', 'dtc_project_ingest', 'rm_task', 'scheduled__2020-02-02T06:00:00+00:00', '--job-id', '1651', '--raw', '--subdir', 'DAGS_FOLDER/project_data_ingestion.py', '--cfg-path', '/tmp/tmpwi18t1al', '--error-file', '/tmp/tmpua93ik_x']
[2022-03-26 15:44:13,081] {standard_task_runner.py:77} INFO - Job 1651: Subtask rm_task
[2022-03-26 15:44:13,182] {logging_mixin.py:109} INFO - Running <TaskInstance: dtc_project_ingest.rm_task scheduled__2020-02-02T06:00:00+00:00 [running]> on host c800f4dda314
[2022-03-26 15:44:13,245] {warnings.py:110} WARNING - /home/***/.local/lib/python3.7/site-packages/***/utils/context.py:152: AirflowContextDeprecationWarning: Accessing 'execution_date' from the template is deprecated and will be removed in a future version. Please use 'data_interval_start' or 'logical_date' instead.
  warnings.warn(_create_deprecation_warning(key, self._deprecation_replacements[key]))

[2022-03-26 15:44:13,275] {taskinstance.py:1426} INFO - Exporting the following env vars:
AIRFLOW_CTX_DAG_OWNER=***
AIRFLOW_CTX_DAG_ID=dtc_project_ingest
AIRFLOW_CTX_TASK_ID=rm_task
AIRFLOW_CTX_EXECUTION_DATE=2020-02-02T06:00:00+00:00
AIRFLOW_CTX_DAG_RUN_ID=scheduled__2020-02-02T06:00:00+00:00
[2022-03-26 15:44:13,278] {subprocess.py:62} INFO - Tmp dir root location: 
 /tmp
[2022-03-26 15:44:13,281] {subprocess.py:74} INFO - Running command: ['bash', '-c', 'rm /opt/***/202002-citibike-tripdata.csv /opt/***/202002-citibike-tripdata.parquet']
[2022-03-26 15:44:13,303] {subprocess.py:85} INFO - Output:
[2022-03-26 15:44:13,390] {subprocess.py:93} INFO - Command exited with return code 0
[2022-03-26 15:44:13,607] {taskinstance.py:1277} INFO - Marking task as SUCCESS. dag_id=dtc_project_ingest, task_id=rm_task, execution_date=20200202T060000, start_date=20220326T154413, end_date=20220326T154413
[2022-03-26 15:44:13,654] {local_task_job.py:154} INFO - Task exited with return code 0
[2022-03-26 15:44:13,695] {local_task_job.py:264} INFO - 0 downstream tasks scheduled from follow-on schedule check
