[2022-03-26 08:56:49,398] {taskinstance.py:1032} INFO - Dependencies all met for <TaskInstance: dtc_project_ingest.bigquery_external_table_task scheduled__2020-03-02T06:00:00+00:00 [queued]>
[2022-03-26 08:56:49,531] {taskinstance.py:1032} INFO - Dependencies all met for <TaskInstance: dtc_project_ingest.bigquery_external_table_task scheduled__2020-03-02T06:00:00+00:00 [queued]>
[2022-03-26 08:56:49,533] {taskinstance.py:1238} INFO - 
--------------------------------------------------------------------------------
[2022-03-26 08:56:49,536] {taskinstance.py:1239} INFO - Starting attempt 2 of 3
[2022-03-26 08:56:49,540] {taskinstance.py:1240} INFO - 
--------------------------------------------------------------------------------
[2022-03-26 08:56:49,640] {taskinstance.py:1259} INFO - Executing <Task(BigQueryCreateExternalTableOperator): bigquery_external_table_task> on 2020-03-02 06:00:00+00:00
[2022-03-26 08:56:49,699] {standard_task_runner.py:52} INFO - Started process 432 to run task
[2022-03-26 08:56:49,768] {standard_task_runner.py:76} INFO - Running: ['***', 'tasks', 'run', 'dtc_project_ingest', 'bigquery_external_table_task', 'scheduled__2020-03-02T06:00:00+00:00', '--job-id', '1230', '--raw', '--subdir', 'DAGS_FOLDER/project_data_ingestion.py', '--cfg-path', '/tmp/tmpi_1006nj', '--error-file', '/tmp/tmp40oke0cf']
[2022-03-26 08:56:49,782] {standard_task_runner.py:77} INFO - Job 1230: Subtask bigquery_external_table_task
[2022-03-26 08:56:50,139] {logging_mixin.py:109} INFO - Running <TaskInstance: dtc_project_ingest.bigquery_external_table_task scheduled__2020-03-02T06:00:00+00:00 [running]> on host c800f4dda314
[2022-03-26 08:56:50,476] {warnings.py:110} WARNING - /home/***/.local/lib/python3.7/site-packages/***/utils/context.py:152: AirflowContextDeprecationWarning: Accessing 'execution_date' from the template is deprecated and will be removed in a future version. Please use 'data_interval_start' or 'logical_date' instead.
  warnings.warn(_create_deprecation_warning(key, self._deprecation_replacements[key]))

[2022-03-26 08:56:50,647] {taskinstance.py:1426} INFO - Exporting the following env vars:
AIRFLOW_CTX_DAG_OWNER=***
AIRFLOW_CTX_DAG_ID=dtc_project_ingest
AIRFLOW_CTX_TASK_ID=bigquery_external_table_task
AIRFLOW_CTX_EXECUTION_DATE=2020-03-02T06:00:00+00:00
AIRFLOW_CTX_DAG_RUN_ID=scheduled__2020-03-02T06:00:00+00:00
[2022-03-26 08:56:50,672] {crypto.py:82} WARNING - empty cryptography key - values will not be stored encrypted.
[2022-03-26 08:56:53,028] {taskinstance.py:1277} INFO - Marking task as SUCCESS. dag_id=dtc_project_ingest, task_id=bigquery_external_table_task, execution_date=20200302T060000, start_date=20220326T085649, end_date=20220326T085653
[2022-03-26 08:56:53,271] {local_task_job.py:154} INFO - Task exited with return code 0
[2022-03-26 08:56:53,473] {local_task_job.py:264} INFO - 1 downstream tasks scheduled from follow-on schedule check
