[2022-03-26 10:14:52,154] {taskinstance.py:1032} INFO - Dependencies all met for <TaskInstance: dtc_project_ingest.bigquery_external_table_task scheduled__2020-03-02T06:00:00+00:00 [queued]>
[2022-03-26 10:14:52,184] {taskinstance.py:1032} INFO - Dependencies all met for <TaskInstance: dtc_project_ingest.bigquery_external_table_task scheduled__2020-03-02T06:00:00+00:00 [queued]>
[2022-03-26 10:14:52,186] {taskinstance.py:1238} INFO - 
--------------------------------------------------------------------------------
[2022-03-26 10:14:52,188] {taskinstance.py:1239} INFO - Starting attempt 3 of 4
[2022-03-26 10:14:52,189] {taskinstance.py:1240} INFO - 
--------------------------------------------------------------------------------
[2022-03-26 10:14:52,225] {taskinstance.py:1259} INFO - Executing <Task(BigQueryCreateExternalTableOperator): bigquery_external_table_task> on 2020-03-02 06:00:00+00:00
[2022-03-26 10:14:52,239] {standard_task_runner.py:52} INFO - Started process 4151 to run task
[2022-03-26 10:14:52,247] {standard_task_runner.py:76} INFO - Running: ['***', 'tasks', 'run', 'dtc_project_ingest', 'bigquery_external_table_task', 'scheduled__2020-03-02T06:00:00+00:00', '--job-id', '1274', '--raw', '--subdir', 'DAGS_FOLDER/project_data_ingestion.py', '--cfg-path', '/tmp/tmp1xlo86cn', '--error-file', '/tmp/tmpo1ncg4j7']
[2022-03-26 10:14:52,252] {standard_task_runner.py:77} INFO - Job 1274: Subtask bigquery_external_table_task
[2022-03-26 10:14:52,431] {logging_mixin.py:109} INFO - Running <TaskInstance: dtc_project_ingest.bigquery_external_table_task scheduled__2020-03-02T06:00:00+00:00 [running]> on host c800f4dda314
[2022-03-26 10:14:52,565] {taskinstance.py:1426} INFO - Exporting the following env vars:
AIRFLOW_CTX_DAG_OWNER=***
AIRFLOW_CTX_DAG_ID=dtc_project_ingest
AIRFLOW_CTX_TASK_ID=bigquery_external_table_task
AIRFLOW_CTX_EXECUTION_DATE=2020-03-02T06:00:00+00:00
AIRFLOW_CTX_DAG_RUN_ID=scheduled__2020-03-02T06:00:00+00:00
[2022-03-26 10:14:52,569] {crypto.py:82} WARNING - empty cryptography key - values will not be stored encrypted.
[2022-03-26 10:14:55,774] {taskinstance.py:1277} INFO - Marking task as SUCCESS. dag_id=dtc_project_ingest, task_id=bigquery_external_table_task, execution_date=20200302T060000, start_date=20220326T101452, end_date=20220326T101455
[2022-03-26 10:14:55,839] {local_task_job.py:154} INFO - Task exited with return code 0
[2022-03-26 10:14:55,885] {local_task_job.py:264} INFO - 1 downstream tasks scheduled from follow-on schedule check
