[2022-03-23 16:25:17,113] {taskinstance.py:1032} INFO - Dependencies all met for <TaskInstance: dtc_project_ingest.bigquery_external_table_task scheduled__2019-11-02T06:00:00+00:00 [queued]>
[2022-03-23 16:25:17,127] {taskinstance.py:1032} INFO - Dependencies all met for <TaskInstance: dtc_project_ingest.bigquery_external_table_task scheduled__2019-11-02T06:00:00+00:00 [queued]>
[2022-03-23 16:25:17,128] {taskinstance.py:1238} INFO - 
--------------------------------------------------------------------------------
[2022-03-23 16:25:17,129] {taskinstance.py:1239} INFO - Starting attempt 1 of 2
[2022-03-23 16:25:17,130] {taskinstance.py:1240} INFO - 
--------------------------------------------------------------------------------
[2022-03-23 16:25:17,143] {taskinstance.py:1259} INFO - Executing <Task(BigQueryCreateExternalTableOperator): bigquery_external_table_task> on 2019-11-02 06:00:00+00:00
[2022-03-23 16:25:17,150] {standard_task_runner.py:52} INFO - Started process 5247 to run task
[2022-03-23 16:25:17,154] {standard_task_runner.py:76} INFO - Running: ['***', 'tasks', 'run', 'dtc_project_ingest', 'bigquery_external_table_task', 'scheduled__2019-11-02T06:00:00+00:00', '--job-id', '1045', '--raw', '--subdir', 'DAGS_FOLDER/project_data_ingestion.py', '--cfg-path', '/tmp/tmpbs9wcfxp', '--error-file', '/tmp/tmpx4e0lb_3']
[2022-03-23 16:25:17,155] {standard_task_runner.py:77} INFO - Job 1045: Subtask bigquery_external_table_task
[2022-03-23 16:25:17,229] {logging_mixin.py:109} INFO - Running <TaskInstance: dtc_project_ingest.bigquery_external_table_task scheduled__2019-11-02T06:00:00+00:00 [running]> on host 7127e26385ba
[2022-03-23 16:25:17,278] {warnings.py:110} WARNING - /home/***/.local/lib/python3.7/site-packages/***/utils/context.py:152: AirflowContextDeprecationWarning: Accessing 'execution_date' from the template is deprecated and will be removed in a future version. Please use 'data_interval_start' or 'logical_date' instead.
  warnings.warn(_create_deprecation_warning(key, self._deprecation_replacements[key]))

[2022-03-23 16:25:17,304] {taskinstance.py:1426} INFO - Exporting the following env vars:
AIRFLOW_CTX_DAG_OWNER=***
AIRFLOW_CTX_DAG_ID=dtc_project_ingest
AIRFLOW_CTX_TASK_ID=bigquery_external_table_task
AIRFLOW_CTX_EXECUTION_DATE=2019-11-02T06:00:00+00:00
AIRFLOW_CTX_DAG_RUN_ID=scheduled__2019-11-02T06:00:00+00:00
[2022-03-23 16:25:17,306] {crypto.py:82} WARNING - empty cryptography key - values will not be stored encrypted.
[2022-03-23 16:25:19,372] {taskinstance.py:1277} INFO - Marking task as SUCCESS. dag_id=dtc_project_ingest, task_id=bigquery_external_table_task, execution_date=20191102T060000, start_date=20220323T162517, end_date=20220323T162519
[2022-03-23 16:25:19,428] {local_task_job.py:154} INFO - Task exited with return code 0
[2022-03-23 16:25:19,486] {local_task_job.py:264} INFO - 1 downstream tasks scheduled from follow-on schedule check
[2022-03-26 11:17:51,066] {taskinstance.py:1032} INFO - Dependencies all met for <TaskInstance: dtc_project_ingest.bigquery_external_table_task scheduled__2019-11-02T06:00:00+00:00 [queued]>
[2022-03-26 11:17:51,094] {taskinstance.py:1032} INFO - Dependencies all met for <TaskInstance: dtc_project_ingest.bigquery_external_table_task scheduled__2019-11-02T06:00:00+00:00 [queued]>
[2022-03-26 11:17:51,096] {taskinstance.py:1238} INFO - 
--------------------------------------------------------------------------------
[2022-03-26 11:17:51,097] {taskinstance.py:1239} INFO - Starting attempt 1 of 2
[2022-03-26 11:17:51,100] {taskinstance.py:1240} INFO - 
--------------------------------------------------------------------------------
[2022-03-26 11:17:51,125] {taskinstance.py:1259} INFO - Executing <Task(BigQueryCreateExternalTableOperator): bigquery_external_table_task> on 2019-11-02 06:00:00+00:00
[2022-03-26 11:17:51,139] {standard_task_runner.py:52} INFO - Started process 7567 to run task
[2022-03-26 11:17:51,146] {standard_task_runner.py:76} INFO - Running: ['***', 'tasks', 'run', 'dtc_project_ingest', 'bigquery_external_table_task', 'scheduled__2019-11-02T06:00:00+00:00', '--job-id', '1404', '--raw', '--subdir', 'DAGS_FOLDER/project_data_ingestion.py', '--cfg-path', '/tmp/tmpdx84z8fo', '--error-file', '/tmp/tmpfizojk78']
[2022-03-26 11:17:51,150] {standard_task_runner.py:77} INFO - Job 1404: Subtask bigquery_external_table_task
[2022-03-26 11:17:51,264] {logging_mixin.py:109} INFO - Running <TaskInstance: dtc_project_ingest.bigquery_external_table_task scheduled__2019-11-02T06:00:00+00:00 [running]> on host c800f4dda314
[2022-03-26 11:17:51,376] {taskinstance.py:1426} INFO - Exporting the following env vars:
AIRFLOW_CTX_DAG_OWNER=***
AIRFLOW_CTX_DAG_ID=dtc_project_ingest
AIRFLOW_CTX_TASK_ID=bigquery_external_table_task
AIRFLOW_CTX_EXECUTION_DATE=2019-11-02T06:00:00+00:00
AIRFLOW_CTX_DAG_RUN_ID=scheduled__2019-11-02T06:00:00+00:00
[2022-03-26 11:17:51,381] {crypto.py:82} WARNING - empty cryptography key - values will not be stored encrypted.
[2022-03-26 11:17:52,601] {taskinstance.py:1277} INFO - Marking task as SUCCESS. dag_id=dtc_project_ingest, task_id=bigquery_external_table_task, execution_date=20191102T060000, start_date=20220326T111751, end_date=20220326T111752
[2022-03-26 11:17:52,662] {local_task_job.py:154} INFO - Task exited with return code 0
[2022-03-26 11:17:52,727] {local_task_job.py:264} INFO - 1 downstream tasks scheduled from follow-on schedule check
