[2022-03-23 16:47:02,216] {taskinstance.py:1032} INFO - Dependencies all met for <TaskInstance: dtc_project_ingest.bigquery_external_table_task scheduled__2020-12-02T06:00:00+00:00 [queued]>
[2022-03-23 16:47:02,229] {taskinstance.py:1032} INFO - Dependencies all met for <TaskInstance: dtc_project_ingest.bigquery_external_table_task scheduled__2020-12-02T06:00:00+00:00 [queued]>
[2022-03-23 16:47:02,230] {taskinstance.py:1238} INFO - 
--------------------------------------------------------------------------------
[2022-03-23 16:47:02,231] {taskinstance.py:1239} INFO - Starting attempt 1 of 2
[2022-03-23 16:47:02,233] {taskinstance.py:1240} INFO - 
--------------------------------------------------------------------------------
[2022-03-23 16:47:02,246] {taskinstance.py:1259} INFO - Executing <Task(BigQueryCreateExternalTableOperator): bigquery_external_table_task> on 2020-12-02 06:00:00+00:00
[2022-03-23 16:47:02,254] {standard_task_runner.py:52} INFO - Started process 6515 to run task
[2022-03-23 16:47:02,260] {standard_task_runner.py:76} INFO - Running: ['***', 'tasks', 'run', 'dtc_project_ingest', 'bigquery_external_table_task', 'scheduled__2020-12-02T06:00:00+00:00', '--job-id', '1106', '--raw', '--subdir', 'DAGS_FOLDER/project_data_ingestion.py', '--cfg-path', '/tmp/tmpuy86ipp3', '--error-file', '/tmp/tmpcjkam2q1']
[2022-03-23 16:47:02,261] {standard_task_runner.py:77} INFO - Job 1106: Subtask bigquery_external_table_task
[2022-03-23 16:47:02,369] {logging_mixin.py:109} INFO - Running <TaskInstance: dtc_project_ingest.bigquery_external_table_task scheduled__2020-12-02T06:00:00+00:00 [running]> on host 7127e26385ba
[2022-03-23 16:47:02,428] {warnings.py:110} WARNING - /home/***/.local/lib/python3.7/site-packages/***/utils/context.py:152: AirflowContextDeprecationWarning: Accessing 'execution_date' from the template is deprecated and will be removed in a future version. Please use 'data_interval_start' or 'logical_date' instead.
  warnings.warn(_create_deprecation_warning(key, self._deprecation_replacements[key]))

[2022-03-23 16:47:02,452] {taskinstance.py:1426} INFO - Exporting the following env vars:
AIRFLOW_CTX_DAG_OWNER=***
AIRFLOW_CTX_DAG_ID=dtc_project_ingest
AIRFLOW_CTX_TASK_ID=bigquery_external_table_task
AIRFLOW_CTX_EXECUTION_DATE=2020-12-02T06:00:00+00:00
AIRFLOW_CTX_DAG_RUN_ID=scheduled__2020-12-02T06:00:00+00:00
[2022-03-23 16:47:02,454] {crypto.py:82} WARNING - empty cryptography key - values will not be stored encrypted.
[2022-03-23 16:47:03,560] {taskinstance.py:1277} INFO - Marking task as SUCCESS. dag_id=dtc_project_ingest, task_id=bigquery_external_table_task, execution_date=20201202T060000, start_date=20220323T164702, end_date=20220323T164703
[2022-03-23 16:47:03,613] {local_task_job.py:154} INFO - Task exited with return code 0
[2022-03-23 16:47:03,654] {local_task_job.py:264} INFO - 1 downstream tasks scheduled from follow-on schedule check
[2022-03-26 11:35:54,338] {taskinstance.py:1032} INFO - Dependencies all met for <TaskInstance: dtc_project_ingest.bigquery_external_table_task scheduled__2020-12-02T06:00:00+00:00 [queued]>
[2022-03-26 11:35:54,367] {taskinstance.py:1032} INFO - Dependencies all met for <TaskInstance: dtc_project_ingest.bigquery_external_table_task scheduled__2020-12-02T06:00:00+00:00 [queued]>
[2022-03-26 11:35:54,368] {taskinstance.py:1238} INFO - 
--------------------------------------------------------------------------------
[2022-03-26 11:35:54,372] {taskinstance.py:1239} INFO - Starting attempt 1 of 2
[2022-03-26 11:35:54,375] {taskinstance.py:1240} INFO - 
--------------------------------------------------------------------------------
[2022-03-26 11:35:54,412] {taskinstance.py:1259} INFO - Executing <Task(BigQueryCreateExternalTableOperator): bigquery_external_table_task> on 2020-12-02 06:00:00+00:00
[2022-03-26 11:35:54,430] {standard_task_runner.py:52} INFO - Started process 8715 to run task
[2022-03-26 11:35:54,458] {standard_task_runner.py:76} INFO - Running: ['***', 'tasks', 'run', 'dtc_project_ingest', 'bigquery_external_table_task', 'scheduled__2020-12-02T06:00:00+00:00', '--job-id', '1468', '--raw', '--subdir', 'DAGS_FOLDER/project_data_ingestion.py', '--cfg-path', '/tmp/tmpp_dsamjz', '--error-file', '/tmp/tmpc5p_ggod']
[2022-03-26 11:35:54,462] {standard_task_runner.py:77} INFO - Job 1468: Subtask bigquery_external_table_task
[2022-03-26 11:35:54,627] {logging_mixin.py:109} INFO - Running <TaskInstance: dtc_project_ingest.bigquery_external_table_task scheduled__2020-12-02T06:00:00+00:00 [running]> on host c800f4dda314
[2022-03-26 11:35:54,734] {taskinstance.py:1426} INFO - Exporting the following env vars:
AIRFLOW_CTX_DAG_OWNER=***
AIRFLOW_CTX_DAG_ID=dtc_project_ingest
AIRFLOW_CTX_TASK_ID=bigquery_external_table_task
AIRFLOW_CTX_EXECUTION_DATE=2020-12-02T06:00:00+00:00
AIRFLOW_CTX_DAG_RUN_ID=scheduled__2020-12-02T06:00:00+00:00
[2022-03-26 11:35:54,738] {crypto.py:82} WARNING - empty cryptography key - values will not be stored encrypted.
[2022-03-26 11:36:06,490] {taskinstance.py:1277} INFO - Marking task as SUCCESS. dag_id=dtc_project_ingest, task_id=bigquery_external_table_task, execution_date=20201202T060000, start_date=20220326T113554, end_date=20220326T113606
[2022-03-26 11:36:06,551] {local_task_job.py:154} INFO - Task exited with return code 0
[2022-03-26 11:36:06,607] {local_task_job.py:264} INFO - 1 downstream tasks scheduled from follow-on schedule check
