[2022-03-23 09:40:24,630] {taskinstance.py:1032} INFO - Dependencies all met for <TaskInstance: dtc_project_ingest.format_to_parquet_task scheduled__2021-08-02T06:00:00+00:00 [queued]>
[2022-03-23 09:40:24,641] {taskinstance.py:1032} INFO - Dependencies all met for <TaskInstance: dtc_project_ingest.format_to_parquet_task scheduled__2021-08-02T06:00:00+00:00 [queued]>
[2022-03-23 09:40:24,642] {taskinstance.py:1238} INFO - 
--------------------------------------------------------------------------------
[2022-03-23 09:40:24,643] {taskinstance.py:1239} INFO - Starting attempt 1 of 2
[2022-03-23 09:40:24,643] {taskinstance.py:1240} INFO - 
--------------------------------------------------------------------------------
[2022-03-23 09:40:24,654] {taskinstance.py:1259} INFO - Executing <Task(PythonOperator): format_to_parquet_task> on 2021-08-02 06:00:00+00:00
[2022-03-23 09:40:24,660] {standard_task_runner.py:52} INFO - Started process 3406 to run task
[2022-03-23 09:40:24,664] {standard_task_runner.py:76} INFO - Running: ['***', 'tasks', 'run', 'dtc_project_ingest', 'format_to_parquet_task', 'scheduled__2021-08-02T06:00:00+00:00', '--job-id', '810', '--raw', '--subdir', 'DAGS_FOLDER/project_data_ingestion.py', '--cfg-path', '/tmp/tmpoo7m3dm9', '--error-file', '/tmp/tmpseu72h9i']
[2022-03-23 09:40:24,666] {standard_task_runner.py:77} INFO - Job 810: Subtask format_to_parquet_task
[2022-03-23 09:40:24,728] {logging_mixin.py:109} INFO - Running <TaskInstance: dtc_project_ingest.format_to_parquet_task scheduled__2021-08-02T06:00:00+00:00 [running]> on host 7127e26385ba
[2022-03-23 09:40:24,770] {warnings.py:110} WARNING - /home/***/.local/lib/python3.7/site-packages/***/utils/context.py:152: AirflowContextDeprecationWarning: Accessing 'execution_date' from the template is deprecated and will be removed in a future version. Please use 'data_interval_start' or 'logical_date' instead.
  warnings.warn(_create_deprecation_warning(key, self._deprecation_replacements[key]))

[2022-03-23 09:40:24,794] {taskinstance.py:1426} INFO - Exporting the following env vars:
AIRFLOW_CTX_DAG_OWNER=***
AIRFLOW_CTX_DAG_ID=dtc_project_ingest
AIRFLOW_CTX_TASK_ID=format_to_parquet_task
AIRFLOW_CTX_EXECUTION_DATE=2021-08-02T06:00:00+00:00
AIRFLOW_CTX_DAG_RUN_ID=scheduled__2021-08-02T06:00:00+00:00
[2022-03-23 09:40:31,272] {python.py:175} INFO - Done. Returned value was: None
[2022-03-23 09:40:31,288] {taskinstance.py:1277} INFO - Marking task as SUCCESS. dag_id=dtc_project_ingest, task_id=format_to_parquet_task, execution_date=20210802T060000, start_date=20220323T094024, end_date=20220323T094031
[2022-03-23 09:40:31,509] {local_task_job.py:154} INFO - Task exited with return code 0
[2022-03-23 09:40:31,553] {local_task_job.py:264} INFO - 1 downstream tasks scheduled from follow-on schedule check
[2022-03-23 17:01:58,276] {taskinstance.py:1032} INFO - Dependencies all met for <TaskInstance: dtc_project_ingest.format_to_parquet_task scheduled__2021-08-02T06:00:00+00:00 [queued]>
[2022-03-23 17:01:58,290] {taskinstance.py:1032} INFO - Dependencies all met for <TaskInstance: dtc_project_ingest.format_to_parquet_task scheduled__2021-08-02T06:00:00+00:00 [queued]>
[2022-03-23 17:01:58,291] {taskinstance.py:1238} INFO - 
--------------------------------------------------------------------------------
[2022-03-23 17:01:58,292] {taskinstance.py:1239} INFO - Starting attempt 1 of 2
[2022-03-23 17:01:58,293] {taskinstance.py:1240} INFO - 
--------------------------------------------------------------------------------
[2022-03-23 17:01:58,304] {taskinstance.py:1259} INFO - Executing <Task(PythonOperator): format_to_parquet_task> on 2021-08-02 06:00:00+00:00
[2022-03-23 17:01:58,311] {standard_task_runner.py:52} INFO - Started process 7377 to run task
[2022-03-23 17:01:58,315] {standard_task_runner.py:76} INFO - Running: ['***', 'tasks', 'run', 'dtc_project_ingest', 'format_to_parquet_task', 'scheduled__2021-08-02T06:00:00+00:00', '--job-id', '1138', '--raw', '--subdir', 'DAGS_FOLDER/project_data_ingestion.py', '--cfg-path', '/tmp/tmpzolxpyz2', '--error-file', '/tmp/tmp5gw9q6qr']
[2022-03-23 17:01:58,316] {standard_task_runner.py:77} INFO - Job 1138: Subtask format_to_parquet_task
[2022-03-23 17:01:58,381] {logging_mixin.py:109} INFO - Running <TaskInstance: dtc_project_ingest.format_to_parquet_task scheduled__2021-08-02T06:00:00+00:00 [running]> on host 7127e26385ba
[2022-03-23 17:01:58,426] {warnings.py:110} WARNING - /home/***/.local/lib/python3.7/site-packages/***/utils/context.py:152: AirflowContextDeprecationWarning: Accessing 'execution_date' from the template is deprecated and will be removed in a future version. Please use 'data_interval_start' or 'logical_date' instead.
  warnings.warn(_create_deprecation_warning(key, self._deprecation_replacements[key]))

[2022-03-23 17:01:58,450] {taskinstance.py:1426} INFO - Exporting the following env vars:
AIRFLOW_CTX_DAG_OWNER=***
AIRFLOW_CTX_DAG_ID=dtc_project_ingest
AIRFLOW_CTX_TASK_ID=format_to_parquet_task
AIRFLOW_CTX_EXECUTION_DATE=2021-08-02T06:00:00+00:00
AIRFLOW_CTX_DAG_RUN_ID=scheduled__2021-08-02T06:00:00+00:00
[2022-03-23 17:02:05,517] {python.py:175} INFO - Done. Returned value was: None
[2022-03-23 17:02:05,577] {taskinstance.py:1277} INFO - Marking task as SUCCESS. dag_id=dtc_project_ingest, task_id=format_to_parquet_task, execution_date=20210802T060000, start_date=20220323T170158, end_date=20220323T170205
[2022-03-23 17:02:05,756] {local_task_job.py:154} INFO - Task exited with return code 0
[2022-03-23 17:02:05,795] {local_task_job.py:264} INFO - 1 downstream tasks scheduled from follow-on schedule check
[2022-03-26 11:48:53,721] {taskinstance.py:1032} INFO - Dependencies all met for <TaskInstance: dtc_project_ingest.format_to_parquet_task scheduled__2021-08-02T06:00:00+00:00 [queued]>
[2022-03-26 11:48:53,735] {taskinstance.py:1032} INFO - Dependencies all met for <TaskInstance: dtc_project_ingest.format_to_parquet_task scheduled__2021-08-02T06:00:00+00:00 [queued]>
[2022-03-26 11:48:53,736] {taskinstance.py:1238} INFO - 
--------------------------------------------------------------------------------
[2022-03-26 11:48:53,736] {taskinstance.py:1239} INFO - Starting attempt 1 of 2
[2022-03-26 11:48:53,737] {taskinstance.py:1240} INFO - 
--------------------------------------------------------------------------------
[2022-03-26 11:48:53,750] {taskinstance.py:1259} INFO - Executing <Task(PythonOperator): format_to_parquet_task> on 2021-08-02 06:00:00+00:00
[2022-03-26 11:48:53,756] {standard_task_runner.py:52} INFO - Started process 9464 to run task
[2022-03-26 11:48:53,760] {standard_task_runner.py:76} INFO - Running: ['***', 'tasks', 'run', 'dtc_project_ingest', 'format_to_parquet_task', 'scheduled__2021-08-02T06:00:00+00:00', '--job-id', '1502', '--raw', '--subdir', 'DAGS_FOLDER/project_data_ingestion.py', '--cfg-path', '/tmp/tmp5q4rrnng', '--error-file', '/tmp/tmpriq3odxr']
[2022-03-26 11:48:53,761] {standard_task_runner.py:77} INFO - Job 1502: Subtask format_to_parquet_task
[2022-03-26 11:48:53,829] {logging_mixin.py:109} INFO - Running <TaskInstance: dtc_project_ingest.format_to_parquet_task scheduled__2021-08-02T06:00:00+00:00 [running]> on host c800f4dda314
[2022-03-26 11:48:53,869] {warnings.py:110} WARNING - /home/***/.local/lib/python3.7/site-packages/***/utils/context.py:152: AirflowContextDeprecationWarning: Accessing 'execution_date' from the template is deprecated and will be removed in a future version. Please use 'data_interval_start' or 'logical_date' instead.
  warnings.warn(_create_deprecation_warning(key, self._deprecation_replacements[key]))

[2022-03-26 11:48:53,892] {taskinstance.py:1426} INFO - Exporting the following env vars:
AIRFLOW_CTX_DAG_OWNER=***
AIRFLOW_CTX_DAG_ID=dtc_project_ingest
AIRFLOW_CTX_TASK_ID=format_to_parquet_task
AIRFLOW_CTX_EXECUTION_DATE=2021-08-02T06:00:00+00:00
AIRFLOW_CTX_DAG_RUN_ID=scheduled__2021-08-02T06:00:00+00:00
[2022-03-26 11:49:03,241] {python.py:175} INFO - Done. Returned value was: None
[2022-03-26 11:49:03,260] {taskinstance.py:1277} INFO - Marking task as SUCCESS. dag_id=dtc_project_ingest, task_id=format_to_parquet_task, execution_date=20210802T060000, start_date=20220326T114853, end_date=20220326T114903
[2022-03-26 11:49:03,475] {local_task_job.py:154} INFO - Task exited with return code 0
[2022-03-26 11:49:03,537] {local_task_job.py:264} INFO - 0 downstream tasks scheduled from follow-on schedule check
