[2022-03-23 09:02:47,889] {taskinstance.py:1032} INFO - Dependencies all met for <TaskInstance: dtc_project_ingest.local_to_gcs_task scheduled__2018-12-02T06:00:00+00:00 [queued]>
[2022-03-23 09:02:47,900] {taskinstance.py:1032} INFO - Dependencies all met for <TaskInstance: dtc_project_ingest.local_to_gcs_task scheduled__2018-12-02T06:00:00+00:00 [queued]>
[2022-03-23 09:02:47,901] {taskinstance.py:1238} INFO - 
--------------------------------------------------------------------------------
[2022-03-23 09:02:47,902] {taskinstance.py:1239} INFO - Starting attempt 1 of 2
[2022-03-23 09:02:47,902] {taskinstance.py:1240} INFO - 
--------------------------------------------------------------------------------
[2022-03-23 09:02:47,914] {taskinstance.py:1259} INFO - Executing <Task(PythonOperator): local_to_gcs_task> on 2018-12-02 06:00:00+00:00
[2022-03-23 09:02:47,920] {standard_task_runner.py:52} INFO - Started process 941 to run task
[2022-03-23 09:02:47,924] {standard_task_runner.py:76} INFO - Running: ['***', 'tasks', 'run', 'dtc_project_ingest', 'local_to_gcs_task', 'scheduled__2018-12-02T06:00:00+00:00', '--job-id', '681', '--raw', '--subdir', 'DAGS_FOLDER/project_data_ingestion.py', '--cfg-path', '/tmp/tmpidlb9fje', '--error-file', '/tmp/tmp2hosyrov']
[2022-03-23 09:02:47,925] {standard_task_runner.py:77} INFO - Job 681: Subtask local_to_gcs_task
[2022-03-23 09:02:47,990] {logging_mixin.py:109} INFO - Running <TaskInstance: dtc_project_ingest.local_to_gcs_task scheduled__2018-12-02T06:00:00+00:00 [running]> on host 7127e26385ba
[2022-03-23 09:02:48,030] {warnings.py:110} WARNING - /home/***/.local/lib/python3.7/site-packages/***/utils/context.py:152: AirflowContextDeprecationWarning: Accessing 'execution_date' from the template is deprecated and will be removed in a future version. Please use 'data_interval_start' or 'logical_date' instead.
  warnings.warn(_create_deprecation_warning(key, self._deprecation_replacements[key]))

[2022-03-23 09:02:48,053] {taskinstance.py:1426} INFO - Exporting the following env vars:
AIRFLOW_CTX_DAG_OWNER=***
AIRFLOW_CTX_DAG_ID=dtc_project_ingest
AIRFLOW_CTX_TASK_ID=local_to_gcs_task
AIRFLOW_CTX_EXECUTION_DATE=2018-12-02T06:00:00+00:00
AIRFLOW_CTX_DAG_RUN_ID=scheduled__2018-12-02T06:00:00+00:00
[2022-03-23 09:03:07,430] {python.py:175} INFO - Done. Returned value was: None
[2022-03-23 09:03:07,447] {taskinstance.py:1277} INFO - Marking task as SUCCESS. dag_id=dtc_project_ingest, task_id=local_to_gcs_task, execution_date=20181202T060000, start_date=20220323T090247, end_date=20220323T090307
[2022-03-23 09:03:07,516] {local_task_job.py:154} INFO - Task exited with return code 0
[2022-03-23 09:03:07,557] {local_task_job.py:264} INFO - 1 downstream tasks scheduled from follow-on schedule check
[2022-03-23 15:39:14,043] {taskinstance.py:1032} INFO - Dependencies all met for <TaskInstance: dtc_project_ingest.local_to_gcs_task scheduled__2018-12-02T06:00:00+00:00 [queued]>
[2022-03-23 15:39:14,063] {taskinstance.py:1032} INFO - Dependencies all met for <TaskInstance: dtc_project_ingest.local_to_gcs_task scheduled__2018-12-02T06:00:00+00:00 [queued]>
[2022-03-23 15:39:14,064] {taskinstance.py:1238} INFO - 
--------------------------------------------------------------------------------
[2022-03-23 15:39:14,065] {taskinstance.py:1239} INFO - Starting attempt 1 of 2
[2022-03-23 15:39:14,066] {taskinstance.py:1240} INFO - 
--------------------------------------------------------------------------------
[2022-03-23 15:39:14,092] {taskinstance.py:1259} INFO - Executing <Task(PythonOperator): local_to_gcs_task> on 2018-12-02 06:00:00+00:00
[2022-03-23 15:39:14,105] {standard_task_runner.py:52} INFO - Started process 2562 to run task
[2022-03-23 15:39:14,128] {standard_task_runner.py:76} INFO - Running: ['***', 'tasks', 'run', 'dtc_project_ingest', 'local_to_gcs_task', 'scheduled__2018-12-02T06:00:00+00:00', '--job-id', '916', '--raw', '--subdir', 'DAGS_FOLDER/project_data_ingestion.py', '--cfg-path', '/tmp/tmpqiktu0aw', '--error-file', '/tmp/tmpno4b1016']
[2022-03-23 15:39:14,132] {standard_task_runner.py:77} INFO - Job 916: Subtask local_to_gcs_task
[2022-03-23 15:39:14,277] {logging_mixin.py:109} INFO - Running <TaskInstance: dtc_project_ingest.local_to_gcs_task scheduled__2018-12-02T06:00:00+00:00 [running]> on host 7127e26385ba
[2022-03-23 15:39:14,356] {warnings.py:110} WARNING - /home/***/.local/lib/python3.7/site-packages/***/utils/context.py:152: AirflowContextDeprecationWarning: Accessing 'execution_date' from the template is deprecated and will be removed in a future version. Please use 'data_interval_start' or 'logical_date' instead.
  warnings.warn(_create_deprecation_warning(key, self._deprecation_replacements[key]))

[2022-03-23 15:39:14,401] {taskinstance.py:1426} INFO - Exporting the following env vars:
AIRFLOW_CTX_DAG_OWNER=***
AIRFLOW_CTX_DAG_ID=dtc_project_ingest
AIRFLOW_CTX_TASK_ID=local_to_gcs_task
AIRFLOW_CTX_EXECUTION_DATE=2018-12-02T06:00:00+00:00
AIRFLOW_CTX_DAG_RUN_ID=scheduled__2018-12-02T06:00:00+00:00
[2022-03-23 15:39:31,966] {python.py:175} INFO - Done. Returned value was: None
[2022-03-23 15:39:32,006] {taskinstance.py:1277} INFO - Marking task as SUCCESS. dag_id=dtc_project_ingest, task_id=local_to_gcs_task, execution_date=20181202T060000, start_date=20220323T153914, end_date=20220323T153932
[2022-03-23 15:39:32,087] {local_task_job.py:154} INFO - Task exited with return code 0
[2022-03-23 15:39:32,173] {local_task_job.py:264} INFO - 1 downstream tasks scheduled from follow-on schedule check
[2022-03-23 16:04:46,966] {taskinstance.py:1032} INFO - Dependencies all met for <TaskInstance: dtc_project_ingest.local_to_gcs_task scheduled__2018-12-02T06:00:00+00:00 [queued]>
[2022-03-23 16:04:46,979] {taskinstance.py:1032} INFO - Dependencies all met for <TaskInstance: dtc_project_ingest.local_to_gcs_task scheduled__2018-12-02T06:00:00+00:00 [queued]>
[2022-03-23 16:04:46,980] {taskinstance.py:1238} INFO - 
--------------------------------------------------------------------------------
[2022-03-23 16:04:46,981] {taskinstance.py:1239} INFO - Starting attempt 1 of 2
[2022-03-23 16:04:46,982] {taskinstance.py:1240} INFO - 
--------------------------------------------------------------------------------
[2022-03-23 16:04:46,996] {taskinstance.py:1259} INFO - Executing <Task(PythonOperator): local_to_gcs_task> on 2018-12-02 06:00:00+00:00
[2022-03-23 16:04:47,012] {standard_task_runner.py:52} INFO - Started process 4009 to run task
[2022-03-23 16:04:47,021] {standard_task_runner.py:76} INFO - Running: ['***', 'tasks', 'run', 'dtc_project_ingest', 'local_to_gcs_task', 'scheduled__2018-12-02T06:00:00+00:00', '--job-id', '988', '--raw', '--subdir', 'DAGS_FOLDER/project_data_ingestion.py', '--cfg-path', '/tmp/tmpff30akr_', '--error-file', '/tmp/tmpgd_nszrm']
[2022-03-23 16:04:47,025] {standard_task_runner.py:77} INFO - Job 988: Subtask local_to_gcs_task
[2022-03-23 16:04:47,127] {logging_mixin.py:109} INFO - Running <TaskInstance: dtc_project_ingest.local_to_gcs_task scheduled__2018-12-02T06:00:00+00:00 [running]> on host 7127e26385ba
[2022-03-23 16:04:47,177] {warnings.py:110} WARNING - /home/***/.local/lib/python3.7/site-packages/***/utils/context.py:152: AirflowContextDeprecationWarning: Accessing 'execution_date' from the template is deprecated and will be removed in a future version. Please use 'data_interval_start' or 'logical_date' instead.
  warnings.warn(_create_deprecation_warning(key, self._deprecation_replacements[key]))

[2022-03-23 16:04:47,205] {taskinstance.py:1426} INFO - Exporting the following env vars:
AIRFLOW_CTX_DAG_OWNER=***
AIRFLOW_CTX_DAG_ID=dtc_project_ingest
AIRFLOW_CTX_TASK_ID=local_to_gcs_task
AIRFLOW_CTX_EXECUTION_DATE=2018-12-02T06:00:00+00:00
AIRFLOW_CTX_DAG_RUN_ID=scheduled__2018-12-02T06:00:00+00:00
[2022-03-23 16:05:05,752] {python.py:175} INFO - Done. Returned value was: None
[2022-03-23 16:05:05,765] {taskinstance.py:1277} INFO - Marking task as SUCCESS. dag_id=dtc_project_ingest, task_id=local_to_gcs_task, execution_date=20181202T060000, start_date=20220323T160446, end_date=20220323T160505
[2022-03-23 16:05:05,800] {local_task_job.py:154} INFO - Task exited with return code 0
[2022-03-23 16:05:05,841] {local_task_job.py:264} INFO - 1 downstream tasks scheduled from follow-on schedule check
[2022-03-26 10:54:12,329] {taskinstance.py:1032} INFO - Dependencies all met for <TaskInstance: dtc_project_ingest.local_to_gcs_task scheduled__2018-12-02T06:00:00+00:00 [queued]>
[2022-03-26 10:54:12,352] {taskinstance.py:1032} INFO - Dependencies all met for <TaskInstance: dtc_project_ingest.local_to_gcs_task scheduled__2018-12-02T06:00:00+00:00 [queued]>
[2022-03-26 10:54:12,354] {taskinstance.py:1238} INFO - 
--------------------------------------------------------------------------------
[2022-03-26 10:54:12,355] {taskinstance.py:1239} INFO - Starting attempt 1 of 2
[2022-03-26 10:54:12,356] {taskinstance.py:1240} INFO - 
--------------------------------------------------------------------------------
[2022-03-26 10:54:12,380] {taskinstance.py:1259} INFO - Executing <Task(PythonOperator): local_to_gcs_task> on 2018-12-02 06:00:00+00:00
[2022-03-26 10:54:12,390] {standard_task_runner.py:52} INFO - Started process 6251 to run task
[2022-03-26 10:54:12,404] {standard_task_runner.py:76} INFO - Running: ['***', 'tasks', 'run', 'dtc_project_ingest', 'local_to_gcs_task', 'scheduled__2018-12-02T06:00:00+00:00', '--job-id', '1347', '--raw', '--subdir', 'DAGS_FOLDER/project_data_ingestion.py', '--cfg-path', '/tmp/tmpwxk4rf3e', '--error-file', '/tmp/tmpz6ne0m85']
[2022-03-26 10:54:12,406] {standard_task_runner.py:77} INFO - Job 1347: Subtask local_to_gcs_task
[2022-03-26 10:54:12,525] {logging_mixin.py:109} INFO - Running <TaskInstance: dtc_project_ingest.local_to_gcs_task scheduled__2018-12-02T06:00:00+00:00 [running]> on host c800f4dda314
[2022-03-26 10:54:12,598] {warnings.py:110} WARNING - /home/***/.local/lib/python3.7/site-packages/***/utils/context.py:152: AirflowContextDeprecationWarning: Accessing 'execution_date' from the template is deprecated and will be removed in a future version. Please use 'data_interval_start' or 'logical_date' instead.
  warnings.warn(_create_deprecation_warning(key, self._deprecation_replacements[key]))

[2022-03-26 10:54:12,655] {taskinstance.py:1426} INFO - Exporting the following env vars:
AIRFLOW_CTX_DAG_OWNER=***
AIRFLOW_CTX_DAG_ID=dtc_project_ingest
AIRFLOW_CTX_TASK_ID=local_to_gcs_task
AIRFLOW_CTX_EXECUTION_DATE=2018-12-02T06:00:00+00:00
AIRFLOW_CTX_DAG_RUN_ID=scheduled__2018-12-02T06:00:00+00:00
[2022-03-26 10:54:53,820] {python.py:175} INFO - Done. Returned value was: None
[2022-03-26 10:54:53,844] {taskinstance.py:1277} INFO - Marking task as SUCCESS. dag_id=dtc_project_ingest, task_id=local_to_gcs_task, execution_date=20181202T060000, start_date=20220326T105412, end_date=20220326T105453
[2022-03-26 10:54:53,904] {local_task_job.py:154} INFO - Task exited with return code 0
[2022-03-26 10:54:53,973] {local_task_job.py:264} INFO - 1 downstream tasks scheduled from follow-on schedule check
[2022-03-26 15:31:58,221] {taskinstance.py:1032} INFO - Dependencies all met for <TaskInstance: dtc_project_ingest.local_to_gcs_task scheduled__2018-12-02T06:00:00+00:00 [queued]>
[2022-03-26 15:31:58,238] {taskinstance.py:1032} INFO - Dependencies all met for <TaskInstance: dtc_project_ingest.local_to_gcs_task scheduled__2018-12-02T06:00:00+00:00 [queued]>
[2022-03-26 15:31:58,239] {taskinstance.py:1238} INFO - 
--------------------------------------------------------------------------------
[2022-03-26 15:31:58,240] {taskinstance.py:1239} INFO - Starting attempt 1 of 2
[2022-03-26 15:31:58,243] {taskinstance.py:1240} INFO - 
--------------------------------------------------------------------------------
[2022-03-26 15:31:58,535] {taskinstance.py:1259} INFO - Executing <Task(PythonOperator): local_to_gcs_task> on 2018-12-02 06:00:00+00:00
[2022-03-26 15:31:58,547] {standard_task_runner.py:52} INFO - Started process 20187 to run task
[2022-03-26 15:31:58,560] {standard_task_runner.py:76} INFO - Running: ['***', 'tasks', 'run', 'dtc_project_ingest', 'local_to_gcs_task', 'scheduled__2018-12-02T06:00:00+00:00', '--job-id', '1588', '--raw', '--subdir', 'DAGS_FOLDER/project_data_ingestion.py', '--cfg-path', '/tmp/tmpk9zqacsx', '--error-file', '/tmp/tmpu2paxwox']
[2022-03-26 15:31:58,564] {standard_task_runner.py:77} INFO - Job 1588: Subtask local_to_gcs_task
[2022-03-26 15:31:58,652] {logging_mixin.py:109} INFO - Running <TaskInstance: dtc_project_ingest.local_to_gcs_task scheduled__2018-12-02T06:00:00+00:00 [running]> on host c800f4dda314
[2022-03-26 15:31:58,712] {warnings.py:110} WARNING - /home/***/.local/lib/python3.7/site-packages/***/utils/context.py:152: AirflowContextDeprecationWarning: Accessing 'execution_date' from the template is deprecated and will be removed in a future version. Please use 'data_interval_start' or 'logical_date' instead.
  warnings.warn(_create_deprecation_warning(key, self._deprecation_replacements[key]))

[2022-03-26 15:31:58,747] {taskinstance.py:1426} INFO - Exporting the following env vars:
AIRFLOW_CTX_DAG_OWNER=***
AIRFLOW_CTX_DAG_ID=dtc_project_ingest
AIRFLOW_CTX_TASK_ID=local_to_gcs_task
AIRFLOW_CTX_EXECUTION_DATE=2018-12-02T06:00:00+00:00
AIRFLOW_CTX_DAG_RUN_ID=scheduled__2018-12-02T06:00:00+00:00
[2022-03-26 15:32:42,391] {python.py:175} INFO - Done. Returned value was: None
[2022-03-26 15:32:42,422] {taskinstance.py:1277} INFO - Marking task as SUCCESS. dag_id=dtc_project_ingest, task_id=local_to_gcs_task, execution_date=20181202T060000, start_date=20220326T153158, end_date=20220326T153242
[2022-03-26 15:32:42,506] {local_task_job.py:154} INFO - Task exited with return code 0
[2022-03-26 15:32:42,557] {local_task_job.py:264} INFO - 1 downstream tasks scheduled from follow-on schedule check
