[2022-03-23 22:31:30,271] {taskinstance.py:1032} INFO - Dependencies all met for <TaskInstance: dtc_project_ingest.local_to_gcs_task scheduled__2020-08-02T06:00:00+00:00 [queued]>
[2022-03-23 22:31:30,284] {taskinstance.py:1032} INFO - Dependencies all met for <TaskInstance: dtc_project_ingest.local_to_gcs_task scheduled__2020-08-02T06:00:00+00:00 [queued]>
[2022-03-23 22:31:30,285] {taskinstance.py:1238} INFO - 
--------------------------------------------------------------------------------
[2022-03-23 22:31:30,286] {taskinstance.py:1239} INFO - Starting attempt 3 of 4
[2022-03-23 22:31:30,287] {taskinstance.py:1240} INFO - 
--------------------------------------------------------------------------------
[2022-03-23 22:31:30,301] {taskinstance.py:1259} INFO - Executing <Task(PythonOperator): local_to_gcs_task> on 2020-08-02 06:00:00+00:00
[2022-03-23 22:31:30,307] {standard_task_runner.py:52} INFO - Started process 488 to run task
[2022-03-23 22:31:30,310] {standard_task_runner.py:76} INFO - Running: ['***', 'tasks', 'run', 'dtc_project_ingest', 'local_to_gcs_task', 'scheduled__2020-08-02T06:00:00+00:00', '--job-id', '1186', '--raw', '--subdir', 'DAGS_FOLDER/project_data_ingestion.py', '--cfg-path', '/tmp/tmp3zddwum1', '--error-file', '/tmp/tmpkk29jsl0']
[2022-03-23 22:31:30,312] {standard_task_runner.py:77} INFO - Job 1186: Subtask local_to_gcs_task
[2022-03-23 22:31:30,394] {logging_mixin.py:109} INFO - Running <TaskInstance: dtc_project_ingest.local_to_gcs_task scheduled__2020-08-02T06:00:00+00:00 [running]> on host 7127e26385ba
[2022-03-23 22:31:30,439] {warnings.py:110} WARNING - /home/***/.local/lib/python3.7/site-packages/***/utils/context.py:152: AirflowContextDeprecationWarning: Accessing 'execution_date' from the template is deprecated and will be removed in a future version. Please use 'data_interval_start' or 'logical_date' instead.
  warnings.warn(_create_deprecation_warning(key, self._deprecation_replacements[key]))

[2022-03-23 22:31:30,464] {taskinstance.py:1426} INFO - Exporting the following env vars:
AIRFLOW_CTX_DAG_OWNER=***
AIRFLOW_CTX_DAG_ID=dtc_project_ingest
AIRFLOW_CTX_TASK_ID=local_to_gcs_task
AIRFLOW_CTX_EXECUTION_DATE=2020-08-02T06:00:00+00:00
AIRFLOW_CTX_DAG_RUN_ID=scheduled__2020-08-02T06:00:00+00:00
[2022-03-23 22:33:12,397] {python.py:175} INFO - Done. Returned value was: None
[2022-03-23 22:33:12,416] {taskinstance.py:1277} INFO - Marking task as SUCCESS. dag_id=dtc_project_ingest, task_id=local_to_gcs_task, execution_date=20200802T060000, start_date=20220323T223130, end_date=20220323T223312
[2022-03-23 22:33:12,451] {local_task_job.py:154} INFO - Task exited with return code 0
[2022-03-23 22:33:12,498] {local_task_job.py:264} INFO - 1 downstream tasks scheduled from follow-on schedule check
