[2022-03-23 09:33:43,171] {taskinstance.py:1032} INFO - Dependencies all met for <TaskInstance: dtc_project_ingest.format_to_parquet_task scheduled__2021-04-02T06:00:00+00:00 [queued]>
[2022-03-23 09:33:43,183] {taskinstance.py:1032} INFO - Dependencies all met for <TaskInstance: dtc_project_ingest.format_to_parquet_task scheduled__2021-04-02T06:00:00+00:00 [queued]>
[2022-03-23 09:33:43,183] {taskinstance.py:1238} INFO - 
--------------------------------------------------------------------------------
[2022-03-23 09:33:43,184] {taskinstance.py:1239} INFO - Starting attempt 1 of 2
[2022-03-23 09:33:43,185] {taskinstance.py:1240} INFO - 
--------------------------------------------------------------------------------
[2022-03-23 09:33:43,195] {taskinstance.py:1259} INFO - Executing <Task(PythonOperator): format_to_parquet_task> on 2021-04-02 06:00:00+00:00
[2022-03-23 09:33:43,202] {standard_task_runner.py:52} INFO - Started process 3022 to run task
[2022-03-23 09:33:43,206] {standard_task_runner.py:76} INFO - Running: ['***', 'tasks', 'run', 'dtc_project_ingest', 'format_to_parquet_task', 'scheduled__2021-04-02T06:00:00+00:00', '--job-id', '798', '--raw', '--subdir', 'DAGS_FOLDER/project_data_ingestion.py', '--cfg-path', '/tmp/tmpcq4wf5ju', '--error-file', '/tmp/tmpy8x_9104']
[2022-03-23 09:33:43,207] {standard_task_runner.py:77} INFO - Job 798: Subtask format_to_parquet_task
[2022-03-23 09:33:43,271] {logging_mixin.py:109} INFO - Running <TaskInstance: dtc_project_ingest.format_to_parquet_task scheduled__2021-04-02T06:00:00+00:00 [running]> on host 7127e26385ba
[2022-03-23 09:33:43,312] {warnings.py:110} WARNING - /home/***/.local/lib/python3.7/site-packages/***/utils/context.py:152: AirflowContextDeprecationWarning: Accessing 'execution_date' from the template is deprecated and will be removed in a future version. Please use 'data_interval_start' or 'logical_date' instead.
  warnings.warn(_create_deprecation_warning(key, self._deprecation_replacements[key]))

[2022-03-23 09:33:43,337] {taskinstance.py:1426} INFO - Exporting the following env vars:
AIRFLOW_CTX_DAG_OWNER=***
AIRFLOW_CTX_DAG_ID=dtc_project_ingest
AIRFLOW_CTX_TASK_ID=format_to_parquet_task
AIRFLOW_CTX_EXECUTION_DATE=2021-04-02T06:00:00+00:00
AIRFLOW_CTX_DAG_RUN_ID=scheduled__2021-04-02T06:00:00+00:00
[2022-03-23 09:33:47,987] {python.py:175} INFO - Done. Returned value was: None
[2022-03-23 09:33:48,004] {taskinstance.py:1277} INFO - Marking task as SUCCESS. dag_id=dtc_project_ingest, task_id=format_to_parquet_task, execution_date=20210402T060000, start_date=20220323T093343, end_date=20220323T093348
[2022-03-23 09:33:48,168] {local_task_job.py:154} INFO - Task exited with return code 0
[2022-03-23 09:33:48,206] {local_task_job.py:264} INFO - 1 downstream tasks scheduled from follow-on schedule check
[2022-03-23 16:50:47,167] {taskinstance.py:1032} INFO - Dependencies all met for <TaskInstance: dtc_project_ingest.format_to_parquet_task scheduled__2021-04-02T06:00:00+00:00 [queued]>
[2022-03-23 16:50:47,177] {taskinstance.py:1032} INFO - Dependencies all met for <TaskInstance: dtc_project_ingest.format_to_parquet_task scheduled__2021-04-02T06:00:00+00:00 [queued]>
[2022-03-23 16:50:47,178] {taskinstance.py:1238} INFO - 
--------------------------------------------------------------------------------
[2022-03-23 16:50:47,179] {taskinstance.py:1239} INFO - Starting attempt 1 of 2
[2022-03-23 16:50:47,179] {taskinstance.py:1240} INFO - 
--------------------------------------------------------------------------------
[2022-03-23 16:50:47,190] {taskinstance.py:1259} INFO - Executing <Task(PythonOperator): format_to_parquet_task> on 2021-04-02 06:00:00+00:00
[2022-03-23 16:50:47,196] {standard_task_runner.py:52} INFO - Started process 6773 to run task
[2022-03-23 16:50:47,201] {standard_task_runner.py:76} INFO - Running: ['***', 'tasks', 'run', 'dtc_project_ingest', 'format_to_parquet_task', 'scheduled__2021-04-02T06:00:00+00:00', '--job-id', '1122', '--raw', '--subdir', 'DAGS_FOLDER/project_data_ingestion.py', '--cfg-path', '/tmp/tmp8fierc4u', '--error-file', '/tmp/tmp0y5o_xru']
[2022-03-23 16:50:47,202] {standard_task_runner.py:77} INFO - Job 1122: Subtask format_to_parquet_task
[2022-03-23 16:50:47,265] {logging_mixin.py:109} INFO - Running <TaskInstance: dtc_project_ingest.format_to_parquet_task scheduled__2021-04-02T06:00:00+00:00 [running]> on host 7127e26385ba
[2022-03-23 16:50:47,315] {warnings.py:110} WARNING - /home/***/.local/lib/python3.7/site-packages/***/utils/context.py:152: AirflowContextDeprecationWarning: Accessing 'execution_date' from the template is deprecated and will be removed in a future version. Please use 'data_interval_start' or 'logical_date' instead.
  warnings.warn(_create_deprecation_warning(key, self._deprecation_replacements[key]))

[2022-03-23 16:50:47,340] {taskinstance.py:1426} INFO - Exporting the following env vars:
AIRFLOW_CTX_DAG_OWNER=***
AIRFLOW_CTX_DAG_ID=dtc_project_ingest
AIRFLOW_CTX_TASK_ID=format_to_parquet_task
AIRFLOW_CTX_EXECUTION_DATE=2021-04-02T06:00:00+00:00
AIRFLOW_CTX_DAG_RUN_ID=scheduled__2021-04-02T06:00:00+00:00
[2022-03-23 16:50:53,494] {python.py:175} INFO - Done. Returned value was: None
[2022-03-23 16:50:53,517] {taskinstance.py:1277} INFO - Marking task as SUCCESS. dag_id=dtc_project_ingest, task_id=format_to_parquet_task, execution_date=20210402T060000, start_date=20220323T165047, end_date=20220323T165053
[2022-03-23 16:50:53,747] {local_task_job.py:154} INFO - Task exited with return code 0
[2022-03-23 16:50:53,800] {local_task_job.py:264} INFO - 1 downstream tasks scheduled from follow-on schedule check
[2022-03-26 11:39:40,550] {taskinstance.py:1032} INFO - Dependencies all met for <TaskInstance: dtc_project_ingest.format_to_parquet_task scheduled__2021-04-02T06:00:00+00:00 [queued]>
[2022-03-26 11:39:40,565] {taskinstance.py:1032} INFO - Dependencies all met for <TaskInstance: dtc_project_ingest.format_to_parquet_task scheduled__2021-04-02T06:00:00+00:00 [queued]>
[2022-03-26 11:39:40,566] {taskinstance.py:1238} INFO - 
--------------------------------------------------------------------------------
[2022-03-26 11:39:40,567] {taskinstance.py:1239} INFO - Starting attempt 1 of 2
[2022-03-26 11:39:40,567] {taskinstance.py:1240} INFO - 
--------------------------------------------------------------------------------
[2022-03-26 11:39:40,582] {taskinstance.py:1259} INFO - Executing <Task(PythonOperator): format_to_parquet_task> on 2021-04-02 06:00:00+00:00
[2022-03-26 11:39:40,589] {standard_task_runner.py:52} INFO - Started process 8970 to run task
[2022-03-26 11:39:40,594] {standard_task_runner.py:76} INFO - Running: ['***', 'tasks', 'run', 'dtc_project_ingest', 'format_to_parquet_task', 'scheduled__2021-04-02T06:00:00+00:00', '--job-id', '1486', '--raw', '--subdir', 'DAGS_FOLDER/project_data_ingestion.py', '--cfg-path', '/tmp/tmpzpgoaeak', '--error-file', '/tmp/tmpbo4rm2cq']
[2022-03-26 11:39:40,596] {standard_task_runner.py:77} INFO - Job 1486: Subtask format_to_parquet_task
[2022-03-26 11:39:40,673] {logging_mixin.py:109} INFO - Running <TaskInstance: dtc_project_ingest.format_to_parquet_task scheduled__2021-04-02T06:00:00+00:00 [running]> on host c800f4dda314
[2022-03-26 11:39:40,721] {warnings.py:110} WARNING - /home/***/.local/lib/python3.7/site-packages/***/utils/context.py:152: AirflowContextDeprecationWarning: Accessing 'execution_date' from the template is deprecated and will be removed in a future version. Please use 'data_interval_start' or 'logical_date' instead.
  warnings.warn(_create_deprecation_warning(key, self._deprecation_replacements[key]))

[2022-03-26 11:39:40,750] {taskinstance.py:1426} INFO - Exporting the following env vars:
AIRFLOW_CTX_DAG_OWNER=***
AIRFLOW_CTX_DAG_ID=dtc_project_ingest
AIRFLOW_CTX_TASK_ID=format_to_parquet_task
AIRFLOW_CTX_EXECUTION_DATE=2021-04-02T06:00:00+00:00
AIRFLOW_CTX_DAG_RUN_ID=scheduled__2021-04-02T06:00:00+00:00
[2022-03-26 11:39:47,731] {python.py:175} INFO - Done. Returned value was: None
[2022-03-26 11:39:47,755] {taskinstance.py:1277} INFO - Marking task as SUCCESS. dag_id=dtc_project_ingest, task_id=format_to_parquet_task, execution_date=20210402T060000, start_date=20220326T113940, end_date=20220326T113947
[2022-03-26 11:39:47,925] {local_task_job.py:154} INFO - Task exited with return code 0
[2022-03-26 11:39:47,988] {local_task_job.py:264} INFO - 0 downstream tasks scheduled from follow-on schedule check
