[2022-03-23 08:55:09,955] {taskinstance.py:1032} INFO - Dependencies all met for <TaskInstance: dtc_project_ingest.rm_task scheduled__2018-03-02T06:00:00+00:00 [queued]>
[2022-03-23 08:55:09,966] {taskinstance.py:1032} INFO - Dependencies all met for <TaskInstance: dtc_project_ingest.rm_task scheduled__2018-03-02T06:00:00+00:00 [queued]>
[2022-03-23 08:55:09,967] {taskinstance.py:1238} INFO - 
--------------------------------------------------------------------------------
[2022-03-23 08:55:09,967] {taskinstance.py:1239} INFO - Starting attempt 1 of 2
[2022-03-23 08:55:09,968] {taskinstance.py:1240} INFO - 
--------------------------------------------------------------------------------
[2022-03-23 08:55:09,980] {taskinstance.py:1259} INFO - Executing <Task(BashOperator): rm_task> on 2018-03-02 06:00:00+00:00
[2022-03-23 08:55:09,986] {standard_task_runner.py:52} INFO - Started process 424 to run task
[2022-03-23 08:55:09,991] {standard_task_runner.py:76} INFO - Running: ['***', 'tasks', 'run', 'dtc_project_ingest', 'rm_task', 'scheduled__2018-03-02T06:00:00+00:00', '--job-id', '652', '--raw', '--subdir', 'DAGS_FOLDER/project_data_ingestion.py', '--cfg-path', '/tmp/tmp5lgxum1a', '--error-file', '/tmp/tmp4js7a0eh']
[2022-03-23 08:55:09,992] {standard_task_runner.py:77} INFO - Job 652: Subtask rm_task
[2022-03-23 08:55:10,060] {logging_mixin.py:109} INFO - Running <TaskInstance: dtc_project_ingest.rm_task scheduled__2018-03-02T06:00:00+00:00 [running]> on host 7127e26385ba
[2022-03-23 08:55:10,106] {warnings.py:110} WARNING - /home/***/.local/lib/python3.7/site-packages/***/utils/context.py:152: AirflowContextDeprecationWarning: Accessing 'execution_date' from the template is deprecated and will be removed in a future version. Please use 'data_interval_start' or 'logical_date' instead.
  warnings.warn(_create_deprecation_warning(key, self._deprecation_replacements[key]))

[2022-03-23 08:55:10,127] {taskinstance.py:1426} INFO - Exporting the following env vars:
AIRFLOW_CTX_DAG_OWNER=***
AIRFLOW_CTX_DAG_ID=dtc_project_ingest
AIRFLOW_CTX_TASK_ID=rm_task
AIRFLOW_CTX_EXECUTION_DATE=2018-03-02T06:00:00+00:00
AIRFLOW_CTX_DAG_RUN_ID=scheduled__2018-03-02T06:00:00+00:00
[2022-03-23 08:55:10,129] {subprocess.py:62} INFO - Tmp dir root location: 
 /tmp
[2022-03-23 08:55:10,130] {subprocess.py:74} INFO - Running command: ['bash', '-c', 'rm /opt/***/201803-citibike-tripdata.csv /opt/***/201803-citibike-tripdata.parquet']
[2022-03-23 08:55:10,146] {subprocess.py:85} INFO - Output:
[2022-03-23 08:55:10,198] {subprocess.py:93} INFO - Command exited with return code 0
[2022-03-23 08:55:10,224] {taskinstance.py:1277} INFO - Marking task as SUCCESS. dag_id=dtc_project_ingest, task_id=rm_task, execution_date=20180302T060000, start_date=20220323T085509, end_date=20220323T085510
[2022-03-23 08:55:10,286] {local_task_job.py:154} INFO - Task exited with return code 0
[2022-03-23 08:55:10,318] {local_task_job.py:264} INFO - 0 downstream tasks scheduled from follow-on schedule check
[2022-03-23 15:55:41,603] {taskinstance.py:1032} INFO - Dependencies all met for <TaskInstance: dtc_project_ingest.rm_task scheduled__2018-03-02T06:00:00+00:00 [queued]>
[2022-03-23 15:55:41,619] {taskinstance.py:1032} INFO - Dependencies all met for <TaskInstance: dtc_project_ingest.rm_task scheduled__2018-03-02T06:00:00+00:00 [queued]>
[2022-03-23 15:55:41,621] {taskinstance.py:1238} INFO - 
--------------------------------------------------------------------------------
[2022-03-23 15:55:41,622] {taskinstance.py:1239} INFO - Starting attempt 1 of 2
[2022-03-23 15:55:41,623] {taskinstance.py:1240} INFO - 
--------------------------------------------------------------------------------
[2022-03-23 15:55:41,641] {taskinstance.py:1259} INFO - Executing <Task(BashOperator): rm_task> on 2018-03-02 06:00:00+00:00
[2022-03-23 15:55:41,650] {standard_task_runner.py:52} INFO - Started process 3388 to run task
[2022-03-23 15:55:41,654] {standard_task_runner.py:76} INFO - Running: ['***', 'tasks', 'run', 'dtc_project_ingest', 'rm_task', 'scheduled__2018-03-02T06:00:00+00:00', '--job-id', '948', '--raw', '--subdir', 'DAGS_FOLDER/project_data_ingestion.py', '--cfg-path', '/tmp/tmpqfj4wh63', '--error-file', '/tmp/tmp0g1bdq12']
[2022-03-23 15:55:41,657] {standard_task_runner.py:77} INFO - Job 948: Subtask rm_task
[2022-03-23 15:55:41,725] {logging_mixin.py:109} INFO - Running <TaskInstance: dtc_project_ingest.rm_task scheduled__2018-03-02T06:00:00+00:00 [running]> on host 7127e26385ba
[2022-03-23 15:55:41,771] {warnings.py:110} WARNING - /home/***/.local/lib/python3.7/site-packages/***/utils/context.py:152: AirflowContextDeprecationWarning: Accessing 'execution_date' from the template is deprecated and will be removed in a future version. Please use 'data_interval_start' or 'logical_date' instead.
  warnings.warn(_create_deprecation_warning(key, self._deprecation_replacements[key]))

[2022-03-23 15:55:41,798] {taskinstance.py:1426} INFO - Exporting the following env vars:
AIRFLOW_CTX_DAG_OWNER=***
AIRFLOW_CTX_DAG_ID=dtc_project_ingest
AIRFLOW_CTX_TASK_ID=rm_task
AIRFLOW_CTX_EXECUTION_DATE=2018-03-02T06:00:00+00:00
AIRFLOW_CTX_DAG_RUN_ID=scheduled__2018-03-02T06:00:00+00:00
[2022-03-23 15:55:41,800] {subprocess.py:62} INFO - Tmp dir root location: 
 /tmp
[2022-03-23 15:55:41,801] {subprocess.py:74} INFO - Running command: ['bash', '-c', 'rm /opt/***/201803-citibike-tripdata.csv /opt/***/201803-citibike-tripdata.parquet']
[2022-03-23 15:55:41,817] {subprocess.py:85} INFO - Output:
[2022-03-23 15:55:41,892] {subprocess.py:93} INFO - Command exited with return code 0
[2022-03-23 15:55:41,960] {taskinstance.py:1277} INFO - Marking task as SUCCESS. dag_id=dtc_project_ingest, task_id=rm_task, execution_date=20180302T060000, start_date=20220323T155541, end_date=20220323T155541
[2022-03-23 15:55:41,991] {local_task_job.py:154} INFO - Task exited with return code 0
[2022-03-23 15:55:42,029] {local_task_job.py:264} INFO - 0 downstream tasks scheduled from follow-on schedule check
[2022-03-26 10:32:11,122] {taskinstance.py:1032} INFO - Dependencies all met for <TaskInstance: dtc_project_ingest.rm_task scheduled__2018-03-02T06:00:00+00:00 [queued]>
[2022-03-26 10:32:11,137] {taskinstance.py:1032} INFO - Dependencies all met for <TaskInstance: dtc_project_ingest.rm_task scheduled__2018-03-02T06:00:00+00:00 [queued]>
[2022-03-26 10:32:11,138] {taskinstance.py:1238} INFO - 
--------------------------------------------------------------------------------
[2022-03-26 10:32:11,139] {taskinstance.py:1239} INFO - Starting attempt 1 of 2
[2022-03-26 10:32:11,140] {taskinstance.py:1240} INFO - 
--------------------------------------------------------------------------------
[2022-03-26 10:32:11,156] {taskinstance.py:1259} INFO - Executing <Task(BashOperator): rm_task> on 2018-03-02 06:00:00+00:00
[2022-03-26 10:32:11,164] {standard_task_runner.py:52} INFO - Started process 5057 to run task
[2022-03-26 10:32:11,171] {standard_task_runner.py:76} INFO - Running: ['***', 'tasks', 'run', 'dtc_project_ingest', 'rm_task', 'scheduled__2018-03-02T06:00:00+00:00', '--job-id', '1303', '--raw', '--subdir', 'DAGS_FOLDER/project_data_ingestion.py', '--cfg-path', '/tmp/tmpv4slk6b4', '--error-file', '/tmp/tmpi8_410sz']
[2022-03-26 10:32:11,172] {standard_task_runner.py:77} INFO - Job 1303: Subtask rm_task
[2022-03-26 10:32:11,252] {logging_mixin.py:109} INFO - Running <TaskInstance: dtc_project_ingest.rm_task scheduled__2018-03-02T06:00:00+00:00 [running]> on host c800f4dda314
[2022-03-26 10:32:11,306] {warnings.py:110} WARNING - /home/***/.local/lib/python3.7/site-packages/***/utils/context.py:152: AirflowContextDeprecationWarning: Accessing 'execution_date' from the template is deprecated and will be removed in a future version. Please use 'data_interval_start' or 'logical_date' instead.
  warnings.warn(_create_deprecation_warning(key, self._deprecation_replacements[key]))

[2022-03-26 10:32:11,333] {taskinstance.py:1426} INFO - Exporting the following env vars:
AIRFLOW_CTX_DAG_OWNER=***
AIRFLOW_CTX_DAG_ID=dtc_project_ingest
AIRFLOW_CTX_TASK_ID=rm_task
AIRFLOW_CTX_EXECUTION_DATE=2018-03-02T06:00:00+00:00
AIRFLOW_CTX_DAG_RUN_ID=scheduled__2018-03-02T06:00:00+00:00
[2022-03-26 10:32:11,336] {subprocess.py:62} INFO - Tmp dir root location: 
 /tmp
[2022-03-26 10:32:11,337] {subprocess.py:74} INFO - Running command: ['bash', '-c', 'rm /opt/***/201803-citibike-tripdata.csv /opt/***/201803-citibike-tripdata.parquet']
[2022-03-26 10:32:11,355] {subprocess.py:85} INFO - Output:
[2022-03-26 10:32:11,418] {subprocess.py:93} INFO - Command exited with return code 0
[2022-03-26 10:32:11,452] {taskinstance.py:1277} INFO - Marking task as SUCCESS. dag_id=dtc_project_ingest, task_id=rm_task, execution_date=20180302T060000, start_date=20220326T103211, end_date=20220326T103211
[2022-03-26 10:32:11,506] {local_task_job.py:154} INFO - Task exited with return code 0
[2022-03-26 10:32:11,544] {local_task_job.py:264} INFO - 0 downstream tasks scheduled from follow-on schedule check
[2022-03-26 15:26:10,925] {taskinstance.py:1032} INFO - Dependencies all met for <TaskInstance: dtc_project_ingest.rm_task scheduled__2018-03-02T06:00:00+00:00 [queued]>
[2022-03-26 15:26:10,942] {taskinstance.py:1032} INFO - Dependencies all met for <TaskInstance: dtc_project_ingest.rm_task scheduled__2018-03-02T06:00:00+00:00 [queued]>
[2022-03-26 15:26:10,944] {taskinstance.py:1238} INFO - 
--------------------------------------------------------------------------------
[2022-03-26 15:26:10,945] {taskinstance.py:1239} INFO - Starting attempt 1 of 2
[2022-03-26 15:26:10,946] {taskinstance.py:1240} INFO - 
--------------------------------------------------------------------------------
[2022-03-26 15:26:10,971] {taskinstance.py:1259} INFO - Executing <Task(BashOperator): rm_task> on 2018-03-02 06:00:00+00:00
[2022-03-26 15:26:10,982] {standard_task_runner.py:52} INFO - Started process 19786 to run task
[2022-03-26 15:26:10,989] {standard_task_runner.py:76} INFO - Running: ['***', 'tasks', 'run', 'dtc_project_ingest', 'rm_task', 'scheduled__2018-03-02T06:00:00+00:00', '--job-id', '1554', '--raw', '--subdir', 'DAGS_FOLDER/project_data_ingestion.py', '--cfg-path', '/tmp/tmpfnz0e5fv', '--error-file', '/tmp/tmpa6uz26gt']
[2022-03-26 15:26:10,999] {standard_task_runner.py:77} INFO - Job 1554: Subtask rm_task
[2022-03-26 15:26:11,132] {logging_mixin.py:109} INFO - Running <TaskInstance: dtc_project_ingest.rm_task scheduled__2018-03-02T06:00:00+00:00 [running]> on host c800f4dda314
[2022-03-26 15:26:11,224] {warnings.py:110} WARNING - /home/***/.local/lib/python3.7/site-packages/***/utils/context.py:152: AirflowContextDeprecationWarning: Accessing 'execution_date' from the template is deprecated and will be removed in a future version. Please use 'data_interval_start' or 'logical_date' instead.
  warnings.warn(_create_deprecation_warning(key, self._deprecation_replacements[key]))

[2022-03-26 15:26:11,266] {taskinstance.py:1426} INFO - Exporting the following env vars:
AIRFLOW_CTX_DAG_OWNER=***
AIRFLOW_CTX_DAG_ID=dtc_project_ingest
AIRFLOW_CTX_TASK_ID=rm_task
AIRFLOW_CTX_EXECUTION_DATE=2018-03-02T06:00:00+00:00
AIRFLOW_CTX_DAG_RUN_ID=scheduled__2018-03-02T06:00:00+00:00
[2022-03-26 15:26:11,269] {subprocess.py:62} INFO - Tmp dir root location: 
 /tmp
[2022-03-26 15:26:11,271] {subprocess.py:74} INFO - Running command: ['bash', '-c', 'rm /opt/***/201803-citibike-tripdata.csv /opt/***/201803-citibike-tripdata.parquet']
[2022-03-26 15:26:11,292] {subprocess.py:85} INFO - Output:
[2022-03-26 15:26:11,375] {subprocess.py:93} INFO - Command exited with return code 0
[2022-03-26 15:26:11,421] {taskinstance.py:1277} INFO - Marking task as SUCCESS. dag_id=dtc_project_ingest, task_id=rm_task, execution_date=20180302T060000, start_date=20220326T152610, end_date=20220326T152611
[2022-03-26 15:26:11,456] {local_task_job.py:154} INFO - Task exited with return code 0
[2022-03-26 15:26:11,504] {local_task_job.py:264} INFO - 0 downstream tasks scheduled from follow-on schedule check
