[2022-03-23 16:49:11,627] {taskinstance.py:1032} INFO - Dependencies all met for <TaskInstance: dtc_project_ingest.bigquery_external_table_task scheduled__2021-01-02T06:00:00+00:00 [queued]>
[2022-03-23 16:49:11,638] {taskinstance.py:1032} INFO - Dependencies all met for <TaskInstance: dtc_project_ingest.bigquery_external_table_task scheduled__2021-01-02T06:00:00+00:00 [queued]>
[2022-03-23 16:49:11,639] {taskinstance.py:1238} INFO - 
--------------------------------------------------------------------------------
[2022-03-23 16:49:11,640] {taskinstance.py:1239} INFO - Starting attempt 1 of 2
[2022-03-23 16:49:11,640] {taskinstance.py:1240} INFO - 
--------------------------------------------------------------------------------
[2022-03-23 16:49:11,654] {taskinstance.py:1259} INFO - Executing <Task(BigQueryCreateExternalTableOperator): bigquery_external_table_task> on 2021-01-02 06:00:00+00:00
[2022-03-23 16:49:11,660] {standard_task_runner.py:52} INFO - Started process 6673 to run task
[2022-03-23 16:49:11,665] {standard_task_runner.py:76} INFO - Running: ['***', 'tasks', 'run', 'dtc_project_ingest', 'bigquery_external_table_task', 'scheduled__2021-01-02T06:00:00+00:00', '--job-id', '1118', '--raw', '--subdir', 'DAGS_FOLDER/project_data_ingestion.py', '--cfg-path', '/tmp/tmpf5so8m28', '--error-file', '/tmp/tmpm79m0n9p']
[2022-03-23 16:49:11,667] {standard_task_runner.py:77} INFO - Job 1118: Subtask bigquery_external_table_task
[2022-03-23 16:49:11,739] {logging_mixin.py:109} INFO - Running <TaskInstance: dtc_project_ingest.bigquery_external_table_task scheduled__2021-01-02T06:00:00+00:00 [running]> on host 7127e26385ba
[2022-03-23 16:49:11,788] {warnings.py:110} WARNING - /home/***/.local/lib/python3.7/site-packages/***/utils/context.py:152: AirflowContextDeprecationWarning: Accessing 'execution_date' from the template is deprecated and will be removed in a future version. Please use 'data_interval_start' or 'logical_date' instead.
  warnings.warn(_create_deprecation_warning(key, self._deprecation_replacements[key]))

[2022-03-23 16:49:11,810] {taskinstance.py:1426} INFO - Exporting the following env vars:
AIRFLOW_CTX_DAG_OWNER=***
AIRFLOW_CTX_DAG_ID=dtc_project_ingest
AIRFLOW_CTX_TASK_ID=bigquery_external_table_task
AIRFLOW_CTX_EXECUTION_DATE=2021-01-02T06:00:00+00:00
AIRFLOW_CTX_DAG_RUN_ID=scheduled__2021-01-02T06:00:00+00:00
[2022-03-23 16:49:11,812] {crypto.py:82} WARNING - empty cryptography key - values will not be stored encrypted.
[2022-03-23 16:49:13,820] {taskinstance.py:1277} INFO - Marking task as SUCCESS. dag_id=dtc_project_ingest, task_id=bigquery_external_table_task, execution_date=20210102T060000, start_date=20220323T164911, end_date=20220323T164913
[2022-03-23 16:49:13,881] {local_task_job.py:154} INFO - Task exited with return code 0
[2022-03-23 16:49:13,919] {local_task_job.py:264} INFO - 1 downstream tasks scheduled from follow-on schedule check
[2022-03-26 11:37:05,738] {taskinstance.py:1032} INFO - Dependencies all met for <TaskInstance: dtc_project_ingest.bigquery_external_table_task scheduled__2021-01-02T06:00:00+00:00 [queued]>
[2022-03-26 11:37:05,758] {taskinstance.py:1032} INFO - Dependencies all met for <TaskInstance: dtc_project_ingest.bigquery_external_table_task scheduled__2021-01-02T06:00:00+00:00 [queued]>
[2022-03-26 11:37:05,759] {taskinstance.py:1238} INFO - 
--------------------------------------------------------------------------------
[2022-03-26 11:37:05,760] {taskinstance.py:1239} INFO - Starting attempt 1 of 2
[2022-03-26 11:37:05,760] {taskinstance.py:1240} INFO - 
--------------------------------------------------------------------------------
[2022-03-26 11:37:05,775] {taskinstance.py:1259} INFO - Executing <Task(BigQueryCreateExternalTableOperator): bigquery_external_table_task> on 2021-01-02 06:00:00+00:00
[2022-03-26 11:37:05,788] {standard_task_runner.py:52} INFO - Started process 8807 to run task
[2022-03-26 11:37:05,796] {standard_task_runner.py:76} INFO - Running: ['***', 'tasks', 'run', 'dtc_project_ingest', 'bigquery_external_table_task', 'scheduled__2021-01-02T06:00:00+00:00', '--job-id', '1475', '--raw', '--subdir', 'DAGS_FOLDER/project_data_ingestion.py', '--cfg-path', '/tmp/tmp73wvqkid', '--error-file', '/tmp/tmpjxlp5mhv']
[2022-03-26 11:37:05,804] {standard_task_runner.py:77} INFO - Job 1475: Subtask bigquery_external_table_task
[2022-03-26 11:37:05,881] {logging_mixin.py:109} INFO - Running <TaskInstance: dtc_project_ingest.bigquery_external_table_task scheduled__2021-01-02T06:00:00+00:00 [running]> on host c800f4dda314
[2022-03-26 11:37:05,946] {taskinstance.py:1426} INFO - Exporting the following env vars:
AIRFLOW_CTX_DAG_OWNER=***
AIRFLOW_CTX_DAG_ID=dtc_project_ingest
AIRFLOW_CTX_TASK_ID=bigquery_external_table_task
AIRFLOW_CTX_EXECUTION_DATE=2021-01-02T06:00:00+00:00
AIRFLOW_CTX_DAG_RUN_ID=scheduled__2021-01-02T06:00:00+00:00
[2022-03-26 11:37:05,949] {crypto.py:82} WARNING - empty cryptography key - values will not be stored encrypted.
[2022-03-26 11:37:07,757] {taskinstance.py:1277} INFO - Marking task as SUCCESS. dag_id=dtc_project_ingest, task_id=bigquery_external_table_task, execution_date=20210102T060000, start_date=20220326T113705, end_date=20220326T113707
[2022-03-26 11:37:07,819] {local_task_job.py:154} INFO - Task exited with return code 0
[2022-03-26 11:37:07,872] {local_task_job.py:264} INFO - 1 downstream tasks scheduled from follow-on schedule check
