[2022-03-23 09:31:25,448] {taskinstance.py:1032} INFO - Dependencies all met for <TaskInstance: dtc_project_ingest.local_to_gcs_task scheduled__2021-02-02T06:00:00+00:00 [queued]>
[2022-03-23 09:31:25,461] {taskinstance.py:1032} INFO - Dependencies all met for <TaskInstance: dtc_project_ingest.local_to_gcs_task scheduled__2021-02-02T06:00:00+00:00 [queued]>
[2022-03-23 09:31:25,463] {taskinstance.py:1238} INFO - 
--------------------------------------------------------------------------------
[2022-03-23 09:31:25,464] {taskinstance.py:1239} INFO - Starting attempt 1 of 2
[2022-03-23 09:31:25,464] {taskinstance.py:1240} INFO - 
--------------------------------------------------------------------------------
[2022-03-23 09:31:25,476] {taskinstance.py:1259} INFO - Executing <Task(PythonOperator): local_to_gcs_task> on 2021-02-02 06:00:00+00:00
[2022-03-23 09:31:25,485] {standard_task_runner.py:52} INFO - Started process 2851 to run task
[2022-03-23 09:31:25,490] {standard_task_runner.py:76} INFO - Running: ['***', 'tasks', 'run', 'dtc_project_ingest', 'local_to_gcs_task', 'scheduled__2021-02-02T06:00:00+00:00', '--job-id', '786', '--raw', '--subdir', 'DAGS_FOLDER/project_data_ingestion.py', '--cfg-path', '/tmp/tmp4rxnpblf', '--error-file', '/tmp/tmpb2hdsc8o']
[2022-03-23 09:31:25,492] {standard_task_runner.py:77} INFO - Job 786: Subtask local_to_gcs_task
[2022-03-23 09:31:25,562] {logging_mixin.py:109} INFO - Running <TaskInstance: dtc_project_ingest.local_to_gcs_task scheduled__2021-02-02T06:00:00+00:00 [running]> on host 7127e26385ba
[2022-03-23 09:31:25,607] {warnings.py:110} WARNING - /home/***/.local/lib/python3.7/site-packages/***/utils/context.py:152: AirflowContextDeprecationWarning: Accessing 'execution_date' from the template is deprecated and will be removed in a future version. Please use 'data_interval_start' or 'logical_date' instead.
  warnings.warn(_create_deprecation_warning(key, self._deprecation_replacements[key]))

[2022-03-23 09:31:25,633] {taskinstance.py:1426} INFO - Exporting the following env vars:
AIRFLOW_CTX_DAG_OWNER=***
AIRFLOW_CTX_DAG_ID=dtc_project_ingest
AIRFLOW_CTX_TASK_ID=local_to_gcs_task
AIRFLOW_CTX_EXECUTION_DATE=2021-02-02T06:00:00+00:00
AIRFLOW_CTX_DAG_RUN_ID=scheduled__2021-02-02T06:00:00+00:00
[2022-03-23 09:31:50,504] {python.py:175} INFO - Done. Returned value was: None
[2022-03-23 09:31:50,519] {taskinstance.py:1277} INFO - Marking task as SUCCESS. dag_id=dtc_project_ingest, task_id=local_to_gcs_task, execution_date=20210202T060000, start_date=20220323T093125, end_date=20220323T093150
[2022-03-23 09:31:50,561] {local_task_job.py:154} INFO - Task exited with return code 0
[2022-03-23 09:31:50,598] {local_task_job.py:264} INFO - 1 downstream tasks scheduled from follow-on schedule check
[2022-03-23 16:47:37,278] {taskinstance.py:1032} INFO - Dependencies all met for <TaskInstance: dtc_project_ingest.local_to_gcs_task scheduled__2021-02-02T06:00:00+00:00 [queued]>
[2022-03-23 16:47:37,292] {taskinstance.py:1032} INFO - Dependencies all met for <TaskInstance: dtc_project_ingest.local_to_gcs_task scheduled__2021-02-02T06:00:00+00:00 [queued]>
[2022-03-23 16:47:37,293] {taskinstance.py:1238} INFO - 
--------------------------------------------------------------------------------
[2022-03-23 16:47:37,294] {taskinstance.py:1239} INFO - Starting attempt 1 of 2
[2022-03-23 16:47:37,295] {taskinstance.py:1240} INFO - 
--------------------------------------------------------------------------------
[2022-03-23 16:47:37,308] {taskinstance.py:1259} INFO - Executing <Task(PythonOperator): local_to_gcs_task> on 2021-02-02 06:00:00+00:00
[2022-03-23 16:47:37,315] {standard_task_runner.py:52} INFO - Started process 6573 to run task
[2022-03-23 16:47:37,321] {standard_task_runner.py:76} INFO - Running: ['***', 'tasks', 'run', 'dtc_project_ingest', 'local_to_gcs_task', 'scheduled__2021-02-02T06:00:00+00:00', '--job-id', '1111', '--raw', '--subdir', 'DAGS_FOLDER/project_data_ingestion.py', '--cfg-path', '/tmp/tmpqd9_rq02', '--error-file', '/tmp/tmpf76jffip']
[2022-03-23 16:47:37,322] {standard_task_runner.py:77} INFO - Job 1111: Subtask local_to_gcs_task
[2022-03-23 16:47:37,412] {logging_mixin.py:109} INFO - Running <TaskInstance: dtc_project_ingest.local_to_gcs_task scheduled__2021-02-02T06:00:00+00:00 [running]> on host 7127e26385ba
[2022-03-23 16:47:37,469] {warnings.py:110} WARNING - /home/***/.local/lib/python3.7/site-packages/***/utils/context.py:152: AirflowContextDeprecationWarning: Accessing 'execution_date' from the template is deprecated and will be removed in a future version. Please use 'data_interval_start' or 'logical_date' instead.
  warnings.warn(_create_deprecation_warning(key, self._deprecation_replacements[key]))

[2022-03-23 16:47:37,509] {taskinstance.py:1426} INFO - Exporting the following env vars:
AIRFLOW_CTX_DAG_OWNER=***
AIRFLOW_CTX_DAG_ID=dtc_project_ingest
AIRFLOW_CTX_TASK_ID=local_to_gcs_task
AIRFLOW_CTX_EXECUTION_DATE=2021-02-02T06:00:00+00:00
AIRFLOW_CTX_DAG_RUN_ID=scheduled__2021-02-02T06:00:00+00:00
[2022-03-23 16:48:12,092] {python.py:175} INFO - Done. Returned value was: None
[2022-03-23 16:48:12,107] {taskinstance.py:1277} INFO - Marking task as SUCCESS. dag_id=dtc_project_ingest, task_id=local_to_gcs_task, execution_date=20210202T060000, start_date=20220323T164737, end_date=20220323T164812
[2022-03-23 16:48:12,142] {local_task_job.py:154} INFO - Task exited with return code 0
[2022-03-23 16:48:12,186] {local_task_job.py:264} INFO - 1 downstream tasks scheduled from follow-on schedule check
[2022-03-26 11:36:37,844] {taskinstance.py:1032} INFO - Dependencies all met for <TaskInstance: dtc_project_ingest.local_to_gcs_task scheduled__2021-02-02T06:00:00+00:00 [queued]>
[2022-03-26 11:36:37,861] {taskinstance.py:1032} INFO - Dependencies all met for <TaskInstance: dtc_project_ingest.local_to_gcs_task scheduled__2021-02-02T06:00:00+00:00 [queued]>
[2022-03-26 11:36:37,863] {taskinstance.py:1238} INFO - 
--------------------------------------------------------------------------------
[2022-03-26 11:36:37,864] {taskinstance.py:1239} INFO - Starting attempt 1 of 2
[2022-03-26 11:36:37,865] {taskinstance.py:1240} INFO - 
--------------------------------------------------------------------------------
[2022-03-26 11:36:37,885] {taskinstance.py:1259} INFO - Executing <Task(PythonOperator): local_to_gcs_task> on 2021-02-02 06:00:00+00:00
[2022-03-26 11:36:37,895] {standard_task_runner.py:52} INFO - Started process 8783 to run task
[2022-03-26 11:36:37,900] {standard_task_runner.py:76} INFO - Running: ['***', 'tasks', 'run', 'dtc_project_ingest', 'local_to_gcs_task', 'scheduled__2021-02-02T06:00:00+00:00', '--job-id', '1474', '--raw', '--subdir', 'DAGS_FOLDER/project_data_ingestion.py', '--cfg-path', '/tmp/tmp0l0vw_u8', '--error-file', '/tmp/tmpxv2u3e5s']
[2022-03-26 11:36:37,902] {standard_task_runner.py:77} INFO - Job 1474: Subtask local_to_gcs_task
[2022-03-26 11:36:38,004] {logging_mixin.py:109} INFO - Running <TaskInstance: dtc_project_ingest.local_to_gcs_task scheduled__2021-02-02T06:00:00+00:00 [running]> on host c800f4dda314
[2022-03-26 11:36:38,065] {warnings.py:110} WARNING - /home/***/.local/lib/python3.7/site-packages/***/utils/context.py:152: AirflowContextDeprecationWarning: Accessing 'execution_date' from the template is deprecated and will be removed in a future version. Please use 'data_interval_start' or 'logical_date' instead.
  warnings.warn(_create_deprecation_warning(key, self._deprecation_replacements[key]))

[2022-03-26 11:36:38,099] {taskinstance.py:1426} INFO - Exporting the following env vars:
AIRFLOW_CTX_DAG_OWNER=***
AIRFLOW_CTX_DAG_ID=dtc_project_ingest
AIRFLOW_CTX_TASK_ID=local_to_gcs_task
AIRFLOW_CTX_EXECUTION_DATE=2021-02-02T06:00:00+00:00
AIRFLOW_CTX_DAG_RUN_ID=scheduled__2021-02-02T06:00:00+00:00
[2022-03-26 11:37:22,113] {python.py:175} INFO - Done. Returned value was: None
[2022-03-26 11:37:22,149] {taskinstance.py:1277} INFO - Marking task as SUCCESS. dag_id=dtc_project_ingest, task_id=local_to_gcs_task, execution_date=20210202T060000, start_date=20220326T113637, end_date=20220326T113722
[2022-03-26 11:37:22,240] {local_task_job.py:154} INFO - Task exited with return code 0
[2022-03-26 11:37:22,326] {local_task_job.py:264} INFO - 1 downstream tasks scheduled from follow-on schedule check
