[2022-03-23 22:33:13,715] {taskinstance.py:1032} INFO - Dependencies all met for <TaskInstance: dtc_project_ingest.bigquery_external_table_task scheduled__2020-08-02T06:00:00+00:00 [queued]>
[2022-03-23 22:33:13,737] {taskinstance.py:1032} INFO - Dependencies all met for <TaskInstance: dtc_project_ingest.bigquery_external_table_task scheduled__2020-08-02T06:00:00+00:00 [queued]>
[2022-03-23 22:33:13,738] {taskinstance.py:1238} INFO - 
--------------------------------------------------------------------------------
[2022-03-23 22:33:13,741] {taskinstance.py:1239} INFO - Starting attempt 1 of 2
[2022-03-23 22:33:13,743] {taskinstance.py:1240} INFO - 
--------------------------------------------------------------------------------
[2022-03-23 22:33:13,766] {taskinstance.py:1259} INFO - Executing <Task(BigQueryCreateExternalTableOperator): bigquery_external_table_task> on 2020-08-02 06:00:00+00:00
[2022-03-23 22:33:13,778] {standard_task_runner.py:52} INFO - Started process 576 to run task
[2022-03-23 22:33:13,783] {standard_task_runner.py:76} INFO - Running: ['***', 'tasks', 'run', 'dtc_project_ingest', 'bigquery_external_table_task', 'scheduled__2020-08-02T06:00:00+00:00', '--job-id', '1189', '--raw', '--subdir', 'DAGS_FOLDER/project_data_ingestion.py', '--cfg-path', '/tmp/tmpxyrzg_hj', '--error-file', '/tmp/tmp8gesv1de']
[2022-03-23 22:33:13,786] {standard_task_runner.py:77} INFO - Job 1189: Subtask bigquery_external_table_task
[2022-03-23 22:33:13,881] {logging_mixin.py:109} INFO - Running <TaskInstance: dtc_project_ingest.bigquery_external_table_task scheduled__2020-08-02T06:00:00+00:00 [running]> on host 7127e26385ba
[2022-03-23 22:33:13,941] {warnings.py:110} WARNING - /home/***/.local/lib/python3.7/site-packages/***/utils/context.py:152: AirflowContextDeprecationWarning: Accessing 'execution_date' from the template is deprecated and will be removed in a future version. Please use 'data_interval_start' or 'logical_date' instead.
  warnings.warn(_create_deprecation_warning(key, self._deprecation_replacements[key]))

[2022-03-23 22:33:13,981] {taskinstance.py:1426} INFO - Exporting the following env vars:
AIRFLOW_CTX_DAG_OWNER=***
AIRFLOW_CTX_DAG_ID=dtc_project_ingest
AIRFLOW_CTX_TASK_ID=bigquery_external_table_task
AIRFLOW_CTX_EXECUTION_DATE=2020-08-02T06:00:00+00:00
AIRFLOW_CTX_DAG_RUN_ID=scheduled__2020-08-02T06:00:00+00:00
[2022-03-23 22:33:13,986] {crypto.py:82} WARNING - empty cryptography key - values will not be stored encrypted.
[2022-03-23 22:33:15,652] {taskinstance.py:1277} INFO - Marking task as SUCCESS. dag_id=dtc_project_ingest, task_id=bigquery_external_table_task, execution_date=20200802T060000, start_date=20220323T223313, end_date=20220323T223315
[2022-03-23 22:33:15,834] {local_task_job.py:154} INFO - Task exited with return code 0
[2022-03-23 22:33:15,930] {local_task_job.py:264} INFO - 1 downstream tasks scheduled from follow-on schedule check
[2022-03-26 11:30:36,683] {taskinstance.py:1032} INFO - Dependencies all met for <TaskInstance: dtc_project_ingest.bigquery_external_table_task scheduled__2020-08-02T06:00:00+00:00 [queued]>
[2022-03-26 11:30:36,699] {taskinstance.py:1032} INFO - Dependencies all met for <TaskInstance: dtc_project_ingest.bigquery_external_table_task scheduled__2020-08-02T06:00:00+00:00 [queued]>
[2022-03-26 11:30:36,701] {taskinstance.py:1238} INFO - 
--------------------------------------------------------------------------------
[2022-03-26 11:30:36,702] {taskinstance.py:1239} INFO - Starting attempt 1 of 2
[2022-03-26 11:30:36,703] {taskinstance.py:1240} INFO - 
--------------------------------------------------------------------------------
[2022-03-26 11:30:36,720] {taskinstance.py:1259} INFO - Executing <Task(BigQueryCreateExternalTableOperator): bigquery_external_table_task> on 2020-08-02 06:00:00+00:00
[2022-03-26 11:30:36,730] {standard_task_runner.py:52} INFO - Started process 8397 to run task
[2022-03-26 11:30:36,736] {standard_task_runner.py:76} INFO - Running: ['***', 'tasks', 'run', 'dtc_project_ingest', 'bigquery_external_table_task', 'scheduled__2020-08-02T06:00:00+00:00', '--job-id', '1453', '--raw', '--subdir', 'DAGS_FOLDER/project_data_ingestion.py', '--cfg-path', '/tmp/tmp50aamwf_', '--error-file', '/tmp/tmp75fj6j8p']
[2022-03-26 11:30:36,739] {standard_task_runner.py:77} INFO - Job 1453: Subtask bigquery_external_table_task
[2022-03-26 11:30:36,823] {logging_mixin.py:109} INFO - Running <TaskInstance: dtc_project_ingest.bigquery_external_table_task scheduled__2020-08-02T06:00:00+00:00 [running]> on host c800f4dda314
[2022-03-26 11:30:36,885] {taskinstance.py:1426} INFO - Exporting the following env vars:
AIRFLOW_CTX_DAG_OWNER=***
AIRFLOW_CTX_DAG_ID=dtc_project_ingest
AIRFLOW_CTX_TASK_ID=bigquery_external_table_task
AIRFLOW_CTX_EXECUTION_DATE=2020-08-02T06:00:00+00:00
AIRFLOW_CTX_DAG_RUN_ID=scheduled__2020-08-02T06:00:00+00:00
[2022-03-26 11:30:36,887] {crypto.py:82} WARNING - empty cryptography key - values will not be stored encrypted.
[2022-03-26 11:30:41,334] {taskinstance.py:1277} INFO - Marking task as SUCCESS. dag_id=dtc_project_ingest, task_id=bigquery_external_table_task, execution_date=20200802T060000, start_date=20220326T113036, end_date=20220326T113041
[2022-03-26 11:30:41,361] {local_task_job.py:154} INFO - Task exited with return code 0
[2022-03-26 11:30:41,394] {local_task_job.py:264} INFO - 1 downstream tasks scheduled from follow-on schedule check
