[2022-03-23 09:18:05,521] {taskinstance.py:1032} INFO - Dependencies all met for <TaskInstance: dtc_project_ingest.format_to_parquet_task scheduled__2020-02-02T06:00:00+00:00 [queued]>
[2022-03-23 09:18:05,533] {taskinstance.py:1032} INFO - Dependencies all met for <TaskInstance: dtc_project_ingest.format_to_parquet_task scheduled__2020-02-02T06:00:00+00:00 [queued]>
[2022-03-23 09:18:05,534] {taskinstance.py:1238} INFO - 
--------------------------------------------------------------------------------
[2022-03-23 09:18:05,535] {taskinstance.py:1239} INFO - Starting attempt 1 of 2
[2022-03-23 09:18:05,535] {taskinstance.py:1240} INFO - 
--------------------------------------------------------------------------------
[2022-03-23 09:18:05,547] {taskinstance.py:1259} INFO - Executing <Task(PythonOperator): format_to_parquet_task> on 2020-02-02 06:00:00+00:00
[2022-03-23 09:18:05,554] {standard_task_runner.py:52} INFO - Started process 1964 to run task
[2022-03-23 09:18:05,558] {standard_task_runner.py:76} INFO - Running: ['***', 'tasks', 'run', 'dtc_project_ingest', 'format_to_parquet_task', 'scheduled__2020-02-02T06:00:00+00:00', '--job-id', '738', '--raw', '--subdir', 'DAGS_FOLDER/project_data_ingestion.py', '--cfg-path', '/tmp/tmp70rf54zg', '--error-file', '/tmp/tmp09w93g1v']
[2022-03-23 09:18:05,560] {standard_task_runner.py:77} INFO - Job 738: Subtask format_to_parquet_task
[2022-03-23 09:18:05,632] {logging_mixin.py:109} INFO - Running <TaskInstance: dtc_project_ingest.format_to_parquet_task scheduled__2020-02-02T06:00:00+00:00 [running]> on host 7127e26385ba
[2022-03-23 09:18:05,677] {warnings.py:110} WARNING - /home/***/.local/lib/python3.7/site-packages/***/utils/context.py:152: AirflowContextDeprecationWarning: Accessing 'execution_date' from the template is deprecated and will be removed in a future version. Please use 'data_interval_start' or 'logical_date' instead.
  warnings.warn(_create_deprecation_warning(key, self._deprecation_replacements[key]))

[2022-03-23 09:18:05,699] {taskinstance.py:1426} INFO - Exporting the following env vars:
AIRFLOW_CTX_DAG_OWNER=***
AIRFLOW_CTX_DAG_ID=dtc_project_ingest
AIRFLOW_CTX_TASK_ID=format_to_parquet_task
AIRFLOW_CTX_EXECUTION_DATE=2020-02-02T06:00:00+00:00
AIRFLOW_CTX_DAG_RUN_ID=scheduled__2020-02-02T06:00:00+00:00
[2022-03-23 09:18:08,262] {python.py:175} INFO - Done. Returned value was: None
[2022-03-23 09:18:08,282] {taskinstance.py:1277} INFO - Marking task as SUCCESS. dag_id=dtc_project_ingest, task_id=format_to_parquet_task, execution_date=20200202T060000, start_date=20220323T091805, end_date=20220323T091808
[2022-03-23 09:18:08,595] {local_task_job.py:154} INFO - Task exited with return code 0
[2022-03-23 09:18:08,666] {local_task_job.py:264} INFO - 0 downstream tasks scheduled from follow-on schedule check
[2022-03-23 16:27:23,386] {taskinstance.py:1032} INFO - Dependencies all met for <TaskInstance: dtc_project_ingest.format_to_parquet_task scheduled__2020-02-02T06:00:00+00:00 [queued]>
[2022-03-23 16:27:23,399] {taskinstance.py:1032} INFO - Dependencies all met for <TaskInstance: dtc_project_ingest.format_to_parquet_task scheduled__2020-02-02T06:00:00+00:00 [queued]>
[2022-03-23 16:27:23,400] {taskinstance.py:1238} INFO - 
--------------------------------------------------------------------------------
[2022-03-23 16:27:23,400] {taskinstance.py:1239} INFO - Starting attempt 1 of 2
[2022-03-23 16:27:23,401] {taskinstance.py:1240} INFO - 
--------------------------------------------------------------------------------
[2022-03-23 16:27:23,413] {taskinstance.py:1259} INFO - Executing <Task(PythonOperator): format_to_parquet_task> on 2020-02-02 06:00:00+00:00
[2022-03-23 16:27:23,420] {standard_task_runner.py:52} INFO - Started process 5387 to run task
[2022-03-23 16:27:23,424] {standard_task_runner.py:76} INFO - Running: ['***', 'tasks', 'run', 'dtc_project_ingest', 'format_to_parquet_task', 'scheduled__2020-02-02T06:00:00+00:00', '--job-id', '1056', '--raw', '--subdir', 'DAGS_FOLDER/project_data_ingestion.py', '--cfg-path', '/tmp/tmp9hq4cksb', '--error-file', '/tmp/tmptvqyhujq']
[2022-03-23 16:27:23,426] {standard_task_runner.py:77} INFO - Job 1056: Subtask format_to_parquet_task
[2022-03-23 16:27:23,505] {logging_mixin.py:109} INFO - Running <TaskInstance: dtc_project_ingest.format_to_parquet_task scheduled__2020-02-02T06:00:00+00:00 [running]> on host 7127e26385ba
[2022-03-23 16:27:23,556] {warnings.py:110} WARNING - /home/***/.local/lib/python3.7/site-packages/***/utils/context.py:152: AirflowContextDeprecationWarning: Accessing 'execution_date' from the template is deprecated and will be removed in a future version. Please use 'data_interval_start' or 'logical_date' instead.
  warnings.warn(_create_deprecation_warning(key, self._deprecation_replacements[key]))

[2022-03-23 16:27:23,579] {taskinstance.py:1426} INFO - Exporting the following env vars:
AIRFLOW_CTX_DAG_OWNER=***
AIRFLOW_CTX_DAG_ID=dtc_project_ingest
AIRFLOW_CTX_TASK_ID=format_to_parquet_task
AIRFLOW_CTX_EXECUTION_DATE=2020-02-02T06:00:00+00:00
AIRFLOW_CTX_DAG_RUN_ID=scheduled__2020-02-02T06:00:00+00:00
[2022-03-23 16:27:25,916] {python.py:175} INFO - Done. Returned value was: None
[2022-03-23 16:27:25,937] {taskinstance.py:1277} INFO - Marking task as SUCCESS. dag_id=dtc_project_ingest, task_id=format_to_parquet_task, execution_date=20200202T060000, start_date=20220323T162723, end_date=20220323T162725
[2022-03-23 16:27:26,052] {local_task_job.py:154} INFO - Task exited with return code 0
[2022-03-23 16:27:26,097] {local_task_job.py:264} INFO - 1 downstream tasks scheduled from follow-on schedule check
[2022-03-26 11:20:21,072] {taskinstance.py:1032} INFO - Dependencies all met for <TaskInstance: dtc_project_ingest.format_to_parquet_task scheduled__2020-02-02T06:00:00+00:00 [queued]>
[2022-03-26 11:20:21,127] {taskinstance.py:1032} INFO - Dependencies all met for <TaskInstance: dtc_project_ingest.format_to_parquet_task scheduled__2020-02-02T06:00:00+00:00 [queued]>
[2022-03-26 11:20:21,130] {taskinstance.py:1238} INFO - 
--------------------------------------------------------------------------------
[2022-03-26 11:20:21,131] {taskinstance.py:1239} INFO - Starting attempt 1 of 2
[2022-03-26 11:20:21,132] {taskinstance.py:1240} INFO - 
--------------------------------------------------------------------------------
[2022-03-26 11:20:21,156] {taskinstance.py:1259} INFO - Executing <Task(PythonOperator): format_to_parquet_task> on 2020-02-02 06:00:00+00:00
[2022-03-26 11:20:21,167] {standard_task_runner.py:52} INFO - Started process 7743 to run task
[2022-03-26 11:20:21,176] {standard_task_runner.py:76} INFO - Running: ['***', 'tasks', 'run', 'dtc_project_ingest', 'format_to_parquet_task', 'scheduled__2020-02-02T06:00:00+00:00', '--job-id', '1416', '--raw', '--subdir', 'DAGS_FOLDER/project_data_ingestion.py', '--cfg-path', '/tmp/tmpio_rl57o', '--error-file', '/tmp/tmpyjy102cx']
[2022-03-26 11:20:21,181] {standard_task_runner.py:77} INFO - Job 1416: Subtask format_to_parquet_task
[2022-03-26 11:20:21,286] {logging_mixin.py:109} INFO - Running <TaskInstance: dtc_project_ingest.format_to_parquet_task scheduled__2020-02-02T06:00:00+00:00 [running]> on host c800f4dda314
[2022-03-26 11:20:21,353] {warnings.py:110} WARNING - /home/***/.local/lib/python3.7/site-packages/***/utils/context.py:152: AirflowContextDeprecationWarning: Accessing 'execution_date' from the template is deprecated and will be removed in a future version. Please use 'data_interval_start' or 'logical_date' instead.
  warnings.warn(_create_deprecation_warning(key, self._deprecation_replacements[key]))

[2022-03-26 11:20:21,384] {taskinstance.py:1426} INFO - Exporting the following env vars:
AIRFLOW_CTX_DAG_OWNER=***
AIRFLOW_CTX_DAG_ID=dtc_project_ingest
AIRFLOW_CTX_TASK_ID=format_to_parquet_task
AIRFLOW_CTX_EXECUTION_DATE=2020-02-02T06:00:00+00:00
AIRFLOW_CTX_DAG_RUN_ID=scheduled__2020-02-02T06:00:00+00:00
[2022-03-26 11:20:26,033] {python.py:175} INFO - Done. Returned value was: None
[2022-03-26 11:20:26,065] {taskinstance.py:1277} INFO - Marking task as SUCCESS. dag_id=dtc_project_ingest, task_id=format_to_parquet_task, execution_date=20200202T060000, start_date=20220326T112021, end_date=20220326T112026
[2022-03-26 11:20:26,447] {local_task_job.py:212} WARNING - State of this instance has been externally set to success. Terminating instance.
[2022-03-26 11:20:26,458] {process_utils.py:124} INFO - Sending Signals.SIGTERM to group 7743. PIDs of all processes in the group: [7743]
[2022-03-26 11:20:26,462] {process_utils.py:75} INFO - Sending the signal Signals.SIGTERM to group 7743
[2022-03-26 11:20:26,497] {process_utils.py:70} INFO - Process psutil.Process(pid=7743, status='terminated', exitcode=0, started='11:20:20') (7743) terminated with exit code 0
[2022-03-26 15:43:03,623] {taskinstance.py:1032} INFO - Dependencies all met for <TaskInstance: dtc_project_ingest.format_to_parquet_task scheduled__2020-02-02T06:00:00+00:00 [queued]>
[2022-03-26 15:43:03,645] {taskinstance.py:1032} INFO - Dependencies all met for <TaskInstance: dtc_project_ingest.format_to_parquet_task scheduled__2020-02-02T06:00:00+00:00 [queued]>
[2022-03-26 15:43:03,646] {taskinstance.py:1238} INFO - 
--------------------------------------------------------------------------------
[2022-03-26 15:43:03,648] {taskinstance.py:1239} INFO - Starting attempt 1 of 2
[2022-03-26 15:43:03,649] {taskinstance.py:1240} INFO - 
--------------------------------------------------------------------------------
[2022-03-26 15:43:03,669] {taskinstance.py:1259} INFO - Executing <Task(PythonOperator): format_to_parquet_task> on 2020-02-02 06:00:00+00:00
[2022-03-26 15:43:03,678] {standard_task_runner.py:52} INFO - Started process 20977 to run task
[2022-03-26 15:43:03,702] {standard_task_runner.py:76} INFO - Running: ['***', 'tasks', 'run', 'dtc_project_ingest', 'format_to_parquet_task', 'scheduled__2020-02-02T06:00:00+00:00', '--job-id', '1643', '--raw', '--subdir', 'DAGS_FOLDER/project_data_ingestion.py', '--cfg-path', '/tmp/tmp1f74oreo', '--error-file', '/tmp/tmp0uvwzer8']
[2022-03-26 15:43:03,714] {standard_task_runner.py:77} INFO - Job 1643: Subtask format_to_parquet_task
[2022-03-26 15:43:03,880] {logging_mixin.py:109} INFO - Running <TaskInstance: dtc_project_ingest.format_to_parquet_task scheduled__2020-02-02T06:00:00+00:00 [running]> on host c800f4dda314
[2022-03-26 15:43:03,956] {warnings.py:110} WARNING - /home/***/.local/lib/python3.7/site-packages/***/utils/context.py:152: AirflowContextDeprecationWarning: Accessing 'execution_date' from the template is deprecated and will be removed in a future version. Please use 'data_interval_start' or 'logical_date' instead.
  warnings.warn(_create_deprecation_warning(key, self._deprecation_replacements[key]))

[2022-03-26 15:43:03,997] {taskinstance.py:1426} INFO - Exporting the following env vars:
AIRFLOW_CTX_DAG_OWNER=***
AIRFLOW_CTX_DAG_ID=dtc_project_ingest
AIRFLOW_CTX_TASK_ID=format_to_parquet_task
AIRFLOW_CTX_EXECUTION_DATE=2020-02-02T06:00:00+00:00
AIRFLOW_CTX_DAG_RUN_ID=scheduled__2020-02-02T06:00:00+00:00
[2022-03-26 15:43:13,519] {python.py:175} INFO - Done. Returned value was: None
[2022-03-26 15:43:13,551] {taskinstance.py:1277} INFO - Marking task as SUCCESS. dag_id=dtc_project_ingest, task_id=format_to_parquet_task, execution_date=20200202T060000, start_date=20220326T154303, end_date=20220326T154313
[2022-03-26 15:43:13,782] {local_task_job.py:154} INFO - Task exited with return code 0
[2022-03-26 15:43:14,018] {local_task_job.py:264} INFO - 0 downstream tasks scheduled from follow-on schedule check
