[2022-03-26 08:52:08,758] {taskinstance.py:1032} INFO - Dependencies all met for <TaskInstance: dtc_project_ingest.format_to_parquet_task scheduled__2020-02-02T06:00:00+00:00 [queued]>
[2022-03-26 08:52:08,780] {taskinstance.py:1032} INFO - Dependencies all met for <TaskInstance: dtc_project_ingest.format_to_parquet_task scheduled__2020-02-02T06:00:00+00:00 [queued]>
[2022-03-26 08:52:08,781] {taskinstance.py:1238} INFO - 
--------------------------------------------------------------------------------
[2022-03-26 08:52:08,782] {taskinstance.py:1239} INFO - Starting attempt 2 of 3
[2022-03-26 08:52:08,784] {taskinstance.py:1240} INFO - 
--------------------------------------------------------------------------------
[2022-03-26 08:52:08,810] {taskinstance.py:1259} INFO - Executing <Task(PythonOperator): format_to_parquet_task> on 2020-02-02 06:00:00+00:00
[2022-03-26 08:52:08,820] {standard_task_runner.py:52} INFO - Started process 198 to run task
[2022-03-26 08:52:08,830] {standard_task_runner.py:76} INFO - Running: ['***', 'tasks', 'run', 'dtc_project_ingest', 'format_to_parquet_task', 'scheduled__2020-02-02T06:00:00+00:00', '--job-id', '1216', '--raw', '--subdir', 'DAGS_FOLDER/project_data_ingestion.py', '--cfg-path', '/tmp/tmpkvim3ckt', '--error-file', '/tmp/tmpea7okl4x']
[2022-03-26 08:52:08,832] {standard_task_runner.py:77} INFO - Job 1216: Subtask format_to_parquet_task
[2022-03-26 08:52:08,975] {logging_mixin.py:109} INFO - Running <TaskInstance: dtc_project_ingest.format_to_parquet_task scheduled__2020-02-02T06:00:00+00:00 [running]> on host c800f4dda314
[2022-03-26 08:52:09,045] {warnings.py:110} WARNING - /home/***/.local/lib/python3.7/site-packages/***/utils/context.py:152: AirflowContextDeprecationWarning: Accessing 'execution_date' from the template is deprecated and will be removed in a future version. Please use 'data_interval_start' or 'logical_date' instead.
  warnings.warn(_create_deprecation_warning(key, self._deprecation_replacements[key]))

[2022-03-26 08:52:09,081] {taskinstance.py:1426} INFO - Exporting the following env vars:
AIRFLOW_CTX_DAG_OWNER=***
AIRFLOW_CTX_DAG_ID=dtc_project_ingest
AIRFLOW_CTX_TASK_ID=format_to_parquet_task
AIRFLOW_CTX_EXECUTION_DATE=2020-02-02T06:00:00+00:00
AIRFLOW_CTX_DAG_RUN_ID=scheduled__2020-02-02T06:00:00+00:00
[2022-03-26 08:52:13,511] {python.py:175} INFO - Done. Returned value was: None
[2022-03-26 08:52:13,535] {taskinstance.py:1277} INFO - Marking task as SUCCESS. dag_id=dtc_project_ingest, task_id=format_to_parquet_task, execution_date=20200202T060000, start_date=20220326T085208, end_date=20220326T085213
[2022-03-26 08:52:13,673] {local_task_job.py:154} INFO - Task exited with return code 0
[2022-03-26 08:52:13,743] {local_task_job.py:264} INFO - 1 downstream tasks scheduled from follow-on schedule check
