[2022-03-26 10:13:51,084] {taskinstance.py:1032} INFO - Dependencies all met for <TaskInstance: dtc_project_ingest.format_to_parquet_task scheduled__2020-02-02T06:00:00+00:00 [queued]>
[2022-03-26 10:13:51,101] {taskinstance.py:1032} INFO - Dependencies all met for <TaskInstance: dtc_project_ingest.format_to_parquet_task scheduled__2020-02-02T06:00:00+00:00 [queued]>
[2022-03-26 10:13:51,102] {taskinstance.py:1238} INFO - 
--------------------------------------------------------------------------------
[2022-03-26 10:13:51,103] {taskinstance.py:1239} INFO - Starting attempt 3 of 4
[2022-03-26 10:13:51,104] {taskinstance.py:1240} INFO - 
--------------------------------------------------------------------------------
[2022-03-26 10:13:51,117] {taskinstance.py:1259} INFO - Executing <Task(PythonOperator): format_to_parquet_task> on 2020-02-02 06:00:00+00:00
[2022-03-26 10:13:51,125] {standard_task_runner.py:52} INFO - Started process 4065 to run task
[2022-03-26 10:13:51,130] {standard_task_runner.py:76} INFO - Running: ['***', 'tasks', 'run', 'dtc_project_ingest', 'format_to_parquet_task', 'scheduled__2020-02-02T06:00:00+00:00', '--job-id', '1267', '--raw', '--subdir', 'DAGS_FOLDER/project_data_ingestion.py', '--cfg-path', '/tmp/tmpjv325ky1', '--error-file', '/tmp/tmpwqv1xp7q']
[2022-03-26 10:13:51,132] {standard_task_runner.py:77} INFO - Job 1267: Subtask format_to_parquet_task
[2022-03-26 10:13:51,213] {logging_mixin.py:109} INFO - Running <TaskInstance: dtc_project_ingest.format_to_parquet_task scheduled__2020-02-02T06:00:00+00:00 [running]> on host c800f4dda314
[2022-03-26 10:13:51,266] {warnings.py:110} WARNING - /home/***/.local/lib/python3.7/site-packages/***/utils/context.py:152: AirflowContextDeprecationWarning: Accessing 'execution_date' from the template is deprecated and will be removed in a future version. Please use 'data_interval_start' or 'logical_date' instead.
  warnings.warn(_create_deprecation_warning(key, self._deprecation_replacements[key]))

[2022-03-26 10:13:51,298] {taskinstance.py:1426} INFO - Exporting the following env vars:
AIRFLOW_CTX_DAG_OWNER=***
AIRFLOW_CTX_DAG_ID=dtc_project_ingest
AIRFLOW_CTX_TASK_ID=format_to_parquet_task
AIRFLOW_CTX_EXECUTION_DATE=2020-02-02T06:00:00+00:00
AIRFLOW_CTX_DAG_RUN_ID=scheduled__2020-02-02T06:00:00+00:00
[2022-03-26 10:13:54,341] {python.py:175} INFO - Done. Returned value was: None
[2022-03-26 10:13:54,358] {taskinstance.py:1277} INFO - Marking task as SUCCESS. dag_id=dtc_project_ingest, task_id=format_to_parquet_task, execution_date=20200202T060000, start_date=20220326T101351, end_date=20220326T101354
[2022-03-26 10:13:54,490] {local_task_job.py:154} INFO - Task exited with return code 0
[2022-03-26 10:13:54,554] {local_task_job.py:264} INFO - 1 downstream tasks scheduled from follow-on schedule check
