[2022-03-23 08:56:49,230] {taskinstance.py:1032} INFO - Dependencies all met for <TaskInstance: dtc_project_ingest.format_to_parquet_task scheduled__2018-05-02T06:00:00+00:00 [queued]>
[2022-03-23 08:56:49,241] {taskinstance.py:1032} INFO - Dependencies all met for <TaskInstance: dtc_project_ingest.format_to_parquet_task scheduled__2018-05-02T06:00:00+00:00 [queued]>
[2022-03-23 08:56:49,242] {taskinstance.py:1238} INFO - 
--------------------------------------------------------------------------------
[2022-03-23 08:56:49,243] {taskinstance.py:1239} INFO - Starting attempt 1 of 2
[2022-03-23 08:56:49,243] {taskinstance.py:1240} INFO - 
--------------------------------------------------------------------------------
[2022-03-23 08:56:49,256] {taskinstance.py:1259} INFO - Executing <Task(PythonOperator): format_to_parquet_task> on 2018-05-02 06:00:00+00:00
[2022-03-23 08:56:49,262] {standard_task_runner.py:52} INFO - Started process 525 to run task
[2022-03-23 08:56:49,266] {standard_task_runner.py:76} INFO - Running: ['***', 'tasks', 'run', 'dtc_project_ingest', 'format_to_parquet_task', 'scheduled__2018-05-02T06:00:00+00:00', '--job-id', '656', '--raw', '--subdir', 'DAGS_FOLDER/project_data_ingestion.py', '--cfg-path', '/tmp/tmp7p6qz40r', '--error-file', '/tmp/tmp0ooc7uw6']
[2022-03-23 08:56:49,267] {standard_task_runner.py:77} INFO - Job 656: Subtask format_to_parquet_task
[2022-03-23 08:56:49,329] {logging_mixin.py:109} INFO - Running <TaskInstance: dtc_project_ingest.format_to_parquet_task scheduled__2018-05-02T06:00:00+00:00 [running]> on host 7127e26385ba
[2022-03-23 08:56:49,368] {warnings.py:110} WARNING - /home/***/.local/lib/python3.7/site-packages/***/utils/context.py:152: AirflowContextDeprecationWarning: Accessing 'execution_date' from the template is deprecated and will be removed in a future version. Please use 'data_interval_start' or 'logical_date' instead.
  warnings.warn(_create_deprecation_warning(key, self._deprecation_replacements[key]))

[2022-03-23 08:56:49,390] {taskinstance.py:1426} INFO - Exporting the following env vars:
AIRFLOW_CTX_DAG_OWNER=***
AIRFLOW_CTX_DAG_ID=dtc_project_ingest
AIRFLOW_CTX_TASK_ID=format_to_parquet_task
AIRFLOW_CTX_EXECUTION_DATE=2018-05-02T06:00:00+00:00
AIRFLOW_CTX_DAG_RUN_ID=scheduled__2018-05-02T06:00:00+00:00
[2022-03-23 08:56:52,900] {python.py:175} INFO - Done. Returned value was: None
[2022-03-23 08:56:52,914] {taskinstance.py:1277} INFO - Marking task as SUCCESS. dag_id=dtc_project_ingest, task_id=format_to_parquet_task, execution_date=20180502T060000, start_date=20220323T085649, end_date=20220323T085652
[2022-03-23 08:56:53,081] {local_task_job.py:154} INFO - Task exited with return code 0
[2022-03-23 08:56:53,123] {local_task_job.py:264} INFO - 1 downstream tasks scheduled from follow-on schedule check
[2022-03-23 15:20:26,066] {taskinstance.py:1032} INFO - Dependencies all met for <TaskInstance: dtc_project_ingest.format_to_parquet_task scheduled__2018-05-02T06:00:00+00:00 [queued]>
[2022-03-23 15:20:26,079] {taskinstance.py:1032} INFO - Dependencies all met for <TaskInstance: dtc_project_ingest.format_to_parquet_task scheduled__2018-05-02T06:00:00+00:00 [queued]>
[2022-03-23 15:20:26,080] {taskinstance.py:1238} INFO - 
--------------------------------------------------------------------------------
[2022-03-23 15:20:26,081] {taskinstance.py:1239} INFO - Starting attempt 1 of 2
[2022-03-23 15:20:26,082] {taskinstance.py:1240} INFO - 
--------------------------------------------------------------------------------
[2022-03-23 15:20:26,095] {taskinstance.py:1259} INFO - Executing <Task(PythonOperator): format_to_parquet_task> on 2018-05-02 06:00:00+00:00
[2022-03-23 15:20:26,105] {standard_task_runner.py:52} INFO - Started process 1586 to run task
[2022-03-23 15:20:26,109] {standard_task_runner.py:76} INFO - Running: ['***', 'tasks', 'run', 'dtc_project_ingest', 'format_to_parquet_task', 'scheduled__2018-05-02T06:00:00+00:00', '--job-id', '882', '--raw', '--subdir', 'DAGS_FOLDER/project_data_ingestion.py', '--cfg-path', '/tmp/tmpxnsiwfl0', '--error-file', '/tmp/tmpzr3_0p97']
[2022-03-23 15:20:26,112] {standard_task_runner.py:77} INFO - Job 882: Subtask format_to_parquet_task
[2022-03-23 15:20:26,182] {logging_mixin.py:109} INFO - Running <TaskInstance: dtc_project_ingest.format_to_parquet_task scheduled__2018-05-02T06:00:00+00:00 [running]> on host 7127e26385ba
[2022-03-23 15:20:26,222] {warnings.py:110} WARNING - /home/***/.local/lib/python3.7/site-packages/***/utils/context.py:152: AirflowContextDeprecationWarning: Accessing 'execution_date' from the template is deprecated and will be removed in a future version. Please use 'data_interval_start' or 'logical_date' instead.
  warnings.warn(_create_deprecation_warning(key, self._deprecation_replacements[key]))

[2022-03-23 15:20:26,254] {taskinstance.py:1426} INFO - Exporting the following env vars:
AIRFLOW_CTX_DAG_OWNER=***
AIRFLOW_CTX_DAG_ID=dtc_project_ingest
AIRFLOW_CTX_TASK_ID=format_to_parquet_task
AIRFLOW_CTX_EXECUTION_DATE=2018-05-02T06:00:00+00:00
AIRFLOW_CTX_DAG_RUN_ID=scheduled__2018-05-02T06:00:00+00:00
[2022-03-23 15:20:32,262] {python.py:175} INFO - Done. Returned value was: None
[2022-03-23 15:20:32,285] {taskinstance.py:1277} INFO - Marking task as SUCCESS. dag_id=dtc_project_ingest, task_id=format_to_parquet_task, execution_date=20180502T060000, start_date=20220323T152026, end_date=20220323T152032
[2022-03-23 15:20:32,499] {local_task_job.py:154} INFO - Task exited with return code 0
[2022-03-23 15:20:32,565] {local_task_job.py:264} INFO - 1 downstream tasks scheduled from follow-on schedule check
[2022-03-23 15:57:44,636] {taskinstance.py:1032} INFO - Dependencies all met for <TaskInstance: dtc_project_ingest.format_to_parquet_task scheduled__2018-05-02T06:00:00+00:00 [queued]>
[2022-03-23 15:57:44,649] {taskinstance.py:1032} INFO - Dependencies all met for <TaskInstance: dtc_project_ingest.format_to_parquet_task scheduled__2018-05-02T06:00:00+00:00 [queued]>
[2022-03-23 15:57:44,650] {taskinstance.py:1238} INFO - 
--------------------------------------------------------------------------------
[2022-03-23 15:57:44,651] {taskinstance.py:1239} INFO - Starting attempt 1 of 2
[2022-03-23 15:57:44,652] {taskinstance.py:1240} INFO - 
--------------------------------------------------------------------------------
[2022-03-23 15:57:44,665] {taskinstance.py:1259} INFO - Executing <Task(PythonOperator): format_to_parquet_task> on 2018-05-02 06:00:00+00:00
[2022-03-23 15:57:44,672] {standard_task_runner.py:52} INFO - Started process 3520 to run task
[2022-03-23 15:57:44,677] {standard_task_runner.py:76} INFO - Running: ['***', 'tasks', 'run', 'dtc_project_ingest', 'format_to_parquet_task', 'scheduled__2018-05-02T06:00:00+00:00', '--job-id', '955', '--raw', '--subdir', 'DAGS_FOLDER/project_data_ingestion.py', '--cfg-path', '/tmp/tmpmm9tge05', '--error-file', '/tmp/tmphcl0d67f']
[2022-03-23 15:57:44,679] {standard_task_runner.py:77} INFO - Job 955: Subtask format_to_parquet_task
[2022-03-23 15:57:44,764] {logging_mixin.py:109} INFO - Running <TaskInstance: dtc_project_ingest.format_to_parquet_task scheduled__2018-05-02T06:00:00+00:00 [running]> on host 7127e26385ba
[2022-03-23 15:57:44,812] {warnings.py:110} WARNING - /home/***/.local/lib/python3.7/site-packages/***/utils/context.py:152: AirflowContextDeprecationWarning: Accessing 'execution_date' from the template is deprecated and will be removed in a future version. Please use 'data_interval_start' or 'logical_date' instead.
  warnings.warn(_create_deprecation_warning(key, self._deprecation_replacements[key]))

[2022-03-23 15:57:44,838] {taskinstance.py:1426} INFO - Exporting the following env vars:
AIRFLOW_CTX_DAG_OWNER=***
AIRFLOW_CTX_DAG_ID=dtc_project_ingest
AIRFLOW_CTX_TASK_ID=format_to_parquet_task
AIRFLOW_CTX_EXECUTION_DATE=2018-05-02T06:00:00+00:00
AIRFLOW_CTX_DAG_RUN_ID=scheduled__2018-05-02T06:00:00+00:00
[2022-03-23 15:57:53,753] {python.py:175} INFO - Done. Returned value was: None
[2022-03-23 15:57:53,782] {taskinstance.py:1277} INFO - Marking task as SUCCESS. dag_id=dtc_project_ingest, task_id=format_to_parquet_task, execution_date=20180502T060000, start_date=20220323T155744, end_date=20220323T155753
[2022-03-23 15:57:54,086] {local_task_job.py:154} INFO - Task exited with return code 0
[2022-03-23 15:57:54,164] {local_task_job.py:264} INFO - 1 downstream tasks scheduled from follow-on schedule check
[2022-03-26 10:36:06,713] {taskinstance.py:1032} INFO - Dependencies all met for <TaskInstance: dtc_project_ingest.format_to_parquet_task scheduled__2018-05-02T06:00:00+00:00 [queued]>
[2022-03-26 10:36:06,730] {taskinstance.py:1032} INFO - Dependencies all met for <TaskInstance: dtc_project_ingest.format_to_parquet_task scheduled__2018-05-02T06:00:00+00:00 [queued]>
[2022-03-26 10:36:06,731] {taskinstance.py:1238} INFO - 
--------------------------------------------------------------------------------
[2022-03-26 10:36:06,732] {taskinstance.py:1239} INFO - Starting attempt 1 of 2
[2022-03-26 10:36:06,733] {taskinstance.py:1240} INFO - 
--------------------------------------------------------------------------------
[2022-03-26 10:36:06,749] {taskinstance.py:1259} INFO - Executing <Task(PythonOperator): format_to_parquet_task> on 2018-05-02 06:00:00+00:00
[2022-03-26 10:36:06,755] {standard_task_runner.py:52} INFO - Started process 5251 to run task
[2022-03-26 10:36:06,761] {standard_task_runner.py:76} INFO - Running: ['***', 'tasks', 'run', 'dtc_project_ingest', 'format_to_parquet_task', 'scheduled__2018-05-02T06:00:00+00:00', '--job-id', '1309', '--raw', '--subdir', 'DAGS_FOLDER/project_data_ingestion.py', '--cfg-path', '/tmp/tmpsxokvd1z', '--error-file', '/tmp/tmpax74pb3q']
[2022-03-26 10:36:06,762] {standard_task_runner.py:77} INFO - Job 1309: Subtask format_to_parquet_task
[2022-03-26 10:36:06,841] {logging_mixin.py:109} INFO - Running <TaskInstance: dtc_project_ingest.format_to_parquet_task scheduled__2018-05-02T06:00:00+00:00 [running]> on host c800f4dda314
[2022-03-26 10:36:06,896] {warnings.py:110} WARNING - /home/***/.local/lib/python3.7/site-packages/***/utils/context.py:152: AirflowContextDeprecationWarning: Accessing 'execution_date' from the template is deprecated and will be removed in a future version. Please use 'data_interval_start' or 'logical_date' instead.
  warnings.warn(_create_deprecation_warning(key, self._deprecation_replacements[key]))

[2022-03-26 10:36:06,928] {taskinstance.py:1426} INFO - Exporting the following env vars:
AIRFLOW_CTX_DAG_OWNER=***
AIRFLOW_CTX_DAG_ID=dtc_project_ingest
AIRFLOW_CTX_TASK_ID=format_to_parquet_task
AIRFLOW_CTX_EXECUTION_DATE=2018-05-02T06:00:00+00:00
AIRFLOW_CTX_DAG_RUN_ID=scheduled__2018-05-02T06:00:00+00:00
[2022-03-26 10:36:13,801] {python.py:175} INFO - Done. Returned value was: None
[2022-03-26 10:36:13,830] {taskinstance.py:1277} INFO - Marking task as SUCCESS. dag_id=dtc_project_ingest, task_id=format_to_parquet_task, execution_date=20180502T060000, start_date=20220326T103606, end_date=20220326T103613
[2022-03-26 10:36:14,142] {local_task_job.py:154} INFO - Task exited with return code 0
[2022-03-26 10:36:14,282] {local_task_job.py:264} INFO - 0 downstream tasks scheduled from follow-on schedule check
[2022-03-26 15:27:07,718] {taskinstance.py:1032} INFO - Dependencies all met for <TaskInstance: dtc_project_ingest.format_to_parquet_task scheduled__2018-05-02T06:00:00+00:00 [queued]>
[2022-03-26 15:27:07,734] {taskinstance.py:1032} INFO - Dependencies all met for <TaskInstance: dtc_project_ingest.format_to_parquet_task scheduled__2018-05-02T06:00:00+00:00 [queued]>
[2022-03-26 15:27:07,734] {taskinstance.py:1238} INFO - 
--------------------------------------------------------------------------------
[2022-03-26 15:27:07,735] {taskinstance.py:1239} INFO - Starting attempt 1 of 2
[2022-03-26 15:27:07,736] {taskinstance.py:1240} INFO - 
--------------------------------------------------------------------------------
[2022-03-26 15:27:07,751] {taskinstance.py:1259} INFO - Executing <Task(PythonOperator): format_to_parquet_task> on 2018-05-02 06:00:00+00:00
[2022-03-26 15:27:07,759] {standard_task_runner.py:52} INFO - Started process 19846 to run task
[2022-03-26 15:27:07,766] {standard_task_runner.py:76} INFO - Running: ['***', 'tasks', 'run', 'dtc_project_ingest', 'format_to_parquet_task', 'scheduled__2018-05-02T06:00:00+00:00', '--job-id', '1558', '--raw', '--subdir', 'DAGS_FOLDER/project_data_ingestion.py', '--cfg-path', '/tmp/tmpeeqvmr31', '--error-file', '/tmp/tmpkra5ks56']
[2022-03-26 15:27:07,769] {standard_task_runner.py:77} INFO - Job 1558: Subtask format_to_parquet_task
[2022-03-26 15:27:07,863] {logging_mixin.py:109} INFO - Running <TaskInstance: dtc_project_ingest.format_to_parquet_task scheduled__2018-05-02T06:00:00+00:00 [running]> on host c800f4dda314
[2022-03-26 15:27:07,917] {warnings.py:110} WARNING - /home/***/.local/lib/python3.7/site-packages/***/utils/context.py:152: AirflowContextDeprecationWarning: Accessing 'execution_date' from the template is deprecated and will be removed in a future version. Please use 'data_interval_start' or 'logical_date' instead.
  warnings.warn(_create_deprecation_warning(key, self._deprecation_replacements[key]))

[2022-03-26 15:27:07,952] {taskinstance.py:1426} INFO - Exporting the following env vars:
AIRFLOW_CTX_DAG_OWNER=***
AIRFLOW_CTX_DAG_ID=dtc_project_ingest
AIRFLOW_CTX_TASK_ID=format_to_parquet_task
AIRFLOW_CTX_EXECUTION_DATE=2018-05-02T06:00:00+00:00
AIRFLOW_CTX_DAG_RUN_ID=scheduled__2018-05-02T06:00:00+00:00
[2022-03-26 15:27:14,879] {python.py:175} INFO - Done. Returned value was: None
[2022-03-26 15:27:14,914] {taskinstance.py:1277} INFO - Marking task as SUCCESS. dag_id=dtc_project_ingest, task_id=format_to_parquet_task, execution_date=20180502T060000, start_date=20220326T152707, end_date=20220326T152714
[2022-03-26 15:27:15,235] {local_task_job.py:154} INFO - Task exited with return code 0
[2022-03-26 15:27:15,328] {local_task_job.py:264} INFO - 1 downstream tasks scheduled from follow-on schedule check
