[2022-03-23 22:30:41,861] {taskinstance.py:1032} INFO - Dependencies all met for <TaskInstance: dtc_project_ingest.local_to_gcs_task scheduled__2020-07-02T06:00:00+00:00 [queued]>
[2022-03-23 22:30:41,873] {taskinstance.py:1032} INFO - Dependencies all met for <TaskInstance: dtc_project_ingest.local_to_gcs_task scheduled__2020-07-02T06:00:00+00:00 [queued]>
[2022-03-23 22:30:41,874] {taskinstance.py:1238} INFO - 
--------------------------------------------------------------------------------
[2022-03-23 22:30:41,875] {taskinstance.py:1239} INFO - Starting attempt 3 of 4
[2022-03-23 22:30:41,876] {taskinstance.py:1240} INFO - 
--------------------------------------------------------------------------------
[2022-03-23 22:30:41,888] {taskinstance.py:1259} INFO - Executing <Task(PythonOperator): local_to_gcs_task> on 2020-07-02 06:00:00+00:00
[2022-03-23 22:30:41,896] {standard_task_runner.py:52} INFO - Started process 442 to run task
[2022-03-23 22:30:41,900] {standard_task_runner.py:76} INFO - Running: ['***', 'tasks', 'run', 'dtc_project_ingest', 'local_to_gcs_task', 'scheduled__2020-07-02T06:00:00+00:00', '--job-id', '1183', '--raw', '--subdir', 'DAGS_FOLDER/project_data_ingestion.py', '--cfg-path', '/tmp/tmpyzupisxu', '--error-file', '/tmp/tmppwytklhg']
[2022-03-23 22:30:41,901] {standard_task_runner.py:77} INFO - Job 1183: Subtask local_to_gcs_task
[2022-03-23 22:30:41,978] {logging_mixin.py:109} INFO - Running <TaskInstance: dtc_project_ingest.local_to_gcs_task scheduled__2020-07-02T06:00:00+00:00 [running]> on host 7127e26385ba
[2022-03-23 22:30:42,033] {warnings.py:110} WARNING - /home/***/.local/lib/python3.7/site-packages/***/utils/context.py:152: AirflowContextDeprecationWarning: Accessing 'execution_date' from the template is deprecated and will be removed in a future version. Please use 'data_interval_start' or 'logical_date' instead.
  warnings.warn(_create_deprecation_warning(key, self._deprecation_replacements[key]))

[2022-03-23 22:30:42,068] {taskinstance.py:1426} INFO - Exporting the following env vars:
AIRFLOW_CTX_DAG_OWNER=***
AIRFLOW_CTX_DAG_ID=dtc_project_ingest
AIRFLOW_CTX_TASK_ID=local_to_gcs_task
AIRFLOW_CTX_EXECUTION_DATE=2020-07-02T06:00:00+00:00
AIRFLOW_CTX_DAG_RUN_ID=scheduled__2020-07-02T06:00:00+00:00
[2022-03-23 22:31:16,122] {python.py:175} INFO - Done. Returned value was: None
[2022-03-23 22:31:16,143] {taskinstance.py:1277} INFO - Marking task as SUCCESS. dag_id=dtc_project_ingest, task_id=local_to_gcs_task, execution_date=20200702T060000, start_date=20220323T223041, end_date=20220323T223116
[2022-03-23 22:31:16,186] {local_task_job.py:154} INFO - Task exited with return code 0
[2022-03-23 22:31:16,236] {local_task_job.py:264} INFO - 1 downstream tasks scheduled from follow-on schedule check
