[2022-03-23 16:06:55,171] {taskinstance.py:1032} INFO - Dependencies all met for <TaskInstance: dtc_project_ingest.bigquery_external_table_task scheduled__2019-02-02T06:00:00+00:00 [queued]>
[2022-03-23 16:06:55,195] {taskinstance.py:1032} INFO - Dependencies all met for <TaskInstance: dtc_project_ingest.bigquery_external_table_task scheduled__2019-02-02T06:00:00+00:00 [queued]>
[2022-03-23 16:06:55,198] {taskinstance.py:1238} INFO - 
--------------------------------------------------------------------------------
[2022-03-23 16:06:55,199] {taskinstance.py:1239} INFO - Starting attempt 1 of 2
[2022-03-23 16:06:55,201] {taskinstance.py:1240} INFO - 
--------------------------------------------------------------------------------
[2022-03-23 16:06:55,230] {taskinstance.py:1259} INFO - Executing <Task(BigQueryCreateExternalTableOperator): bigquery_external_table_task> on 2019-02-02 06:00:00+00:00
[2022-03-23 16:06:55,246] {standard_task_runner.py:52} INFO - Started process 4181 to run task
[2022-03-23 16:06:55,253] {standard_task_runner.py:76} INFO - Running: ['***', 'tasks', 'run', 'dtc_project_ingest', 'bigquery_external_table_task', 'scheduled__2019-02-02T06:00:00+00:00', '--job-id', '1004', '--raw', '--subdir', 'DAGS_FOLDER/project_data_ingestion.py', '--cfg-path', '/tmp/tmptz_y80mq', '--error-file', '/tmp/tmp0si1ix6k']
[2022-03-23 16:06:55,256] {standard_task_runner.py:77} INFO - Job 1004: Subtask bigquery_external_table_task
[2022-03-23 16:06:55,365] {logging_mixin.py:109} INFO - Running <TaskInstance: dtc_project_ingest.bigquery_external_table_task scheduled__2019-02-02T06:00:00+00:00 [running]> on host 7127e26385ba
[2022-03-23 16:06:55,433] {warnings.py:110} WARNING - /home/***/.local/lib/python3.7/site-packages/***/utils/context.py:152: AirflowContextDeprecationWarning: Accessing 'execution_date' from the template is deprecated and will be removed in a future version. Please use 'data_interval_start' or 'logical_date' instead.
  warnings.warn(_create_deprecation_warning(key, self._deprecation_replacements[key]))

[2022-03-23 16:06:55,453] {taskinstance.py:1426} INFO - Exporting the following env vars:
AIRFLOW_CTX_DAG_OWNER=***
AIRFLOW_CTX_DAG_ID=dtc_project_ingest
AIRFLOW_CTX_TASK_ID=bigquery_external_table_task
AIRFLOW_CTX_EXECUTION_DATE=2019-02-02T06:00:00+00:00
AIRFLOW_CTX_DAG_RUN_ID=scheduled__2019-02-02T06:00:00+00:00
[2022-03-23 16:06:55,457] {crypto.py:82} WARNING - empty cryptography key - values will not be stored encrypted.
[2022-03-23 16:06:58,423] {taskinstance.py:1277} INFO - Marking task as SUCCESS. dag_id=dtc_project_ingest, task_id=bigquery_external_table_task, execution_date=20190202T060000, start_date=20220323T160655, end_date=20220323T160658
[2022-03-23 16:06:58,468] {local_task_job.py:154} INFO - Task exited with return code 0
[2022-03-23 16:06:58,502] {local_task_job.py:264} INFO - 1 downstream tasks scheduled from follow-on schedule check
[2022-03-26 11:03:11,366] {taskinstance.py:1032} INFO - Dependencies all met for <TaskInstance: dtc_project_ingest.bigquery_external_table_task scheduled__2019-02-02T06:00:00+00:00 [queued]>
[2022-03-26 11:03:11,380] {taskinstance.py:1032} INFO - Dependencies all met for <TaskInstance: dtc_project_ingest.bigquery_external_table_task scheduled__2019-02-02T06:00:00+00:00 [queued]>
[2022-03-26 11:03:11,381] {taskinstance.py:1238} INFO - 
--------------------------------------------------------------------------------
[2022-03-26 11:03:11,382] {taskinstance.py:1239} INFO - Starting attempt 1 of 2
[2022-03-26 11:03:11,382] {taskinstance.py:1240} INFO - 
--------------------------------------------------------------------------------
[2022-03-26 11:03:11,398] {taskinstance.py:1259} INFO - Executing <Task(BigQueryCreateExternalTableOperator): bigquery_external_table_task> on 2019-02-02 06:00:00+00:00
[2022-03-26 11:03:11,406] {standard_task_runner.py:52} INFO - Started process 6800 to run task
[2022-03-26 11:03:11,411] {standard_task_runner.py:76} INFO - Running: ['***', 'tasks', 'run', 'dtc_project_ingest', 'bigquery_external_table_task', 'scheduled__2019-02-02T06:00:00+00:00', '--job-id', '1377', '--raw', '--subdir', 'DAGS_FOLDER/project_data_ingestion.py', '--cfg-path', '/tmp/tmpm0d82zo3', '--error-file', '/tmp/tmpkvky5qiz']
[2022-03-26 11:03:11,414] {standard_task_runner.py:77} INFO - Job 1377: Subtask bigquery_external_table_task
[2022-03-26 11:03:11,506] {logging_mixin.py:109} INFO - Running <TaskInstance: dtc_project_ingest.bigquery_external_table_task scheduled__2019-02-02T06:00:00+00:00 [running]> on host c800f4dda314
[2022-03-26 11:03:11,594] {taskinstance.py:1426} INFO - Exporting the following env vars:
AIRFLOW_CTX_DAG_OWNER=***
AIRFLOW_CTX_DAG_ID=dtc_project_ingest
AIRFLOW_CTX_TASK_ID=bigquery_external_table_task
AIRFLOW_CTX_EXECUTION_DATE=2019-02-02T06:00:00+00:00
AIRFLOW_CTX_DAG_RUN_ID=scheduled__2019-02-02T06:00:00+00:00
[2022-03-26 11:03:11,599] {crypto.py:82} WARNING - empty cryptography key - values will not be stored encrypted.
[2022-03-26 11:03:39,716] {taskinstance.py:1277} INFO - Marking task as SUCCESS. dag_id=dtc_project_ingest, task_id=bigquery_external_table_task, execution_date=20190202T060000, start_date=20220326T110311, end_date=20220326T110339
[2022-03-26 11:03:39,773] {local_task_job.py:154} INFO - Task exited with return code 0
[2022-03-26 11:03:39,820] {local_task_job.py:264} INFO - 1 downstream tasks scheduled from follow-on schedule check
