[2022-03-23 09:49:13,098] {taskinstance.py:1032} INFO - Dependencies all met for <TaskInstance: dtc_project_ingest.rm_task scheduled__2021-10-02T06:00:00+00:00 [queued]>
[2022-03-23 09:49:13,108] {taskinstance.py:1032} INFO - Dependencies all met for <TaskInstance: dtc_project_ingest.rm_task scheduled__2021-10-02T06:00:00+00:00 [queued]>
[2022-03-23 09:49:13,109] {taskinstance.py:1238} INFO - 
--------------------------------------------------------------------------------
[2022-03-23 09:49:13,110] {taskinstance.py:1239} INFO - Starting attempt 1 of 2
[2022-03-23 09:49:13,111] {taskinstance.py:1240} INFO - 
--------------------------------------------------------------------------------
[2022-03-23 09:49:13,123] {taskinstance.py:1259} INFO - Executing <Task(BashOperator): rm_task> on 2021-10-02 06:00:00+00:00
[2022-03-23 09:49:13,130] {standard_task_runner.py:52} INFO - Started process 3936 to run task
[2022-03-23 09:49:13,135] {standard_task_runner.py:76} INFO - Running: ['***', 'tasks', 'run', 'dtc_project_ingest', 'rm_task', 'scheduled__2021-10-02T06:00:00+00:00', '--job-id', '830', '--raw', '--subdir', 'DAGS_FOLDER/project_data_ingestion.py', '--cfg-path', '/tmp/tmpiyiigy_g', '--error-file', '/tmp/tmpdbrk_65s']
[2022-03-23 09:49:13,137] {standard_task_runner.py:77} INFO - Job 830: Subtask rm_task
[2022-03-23 09:49:13,244] {logging_mixin.py:109} INFO - Running <TaskInstance: dtc_project_ingest.rm_task scheduled__2021-10-02T06:00:00+00:00 [running]> on host 7127e26385ba
[2022-03-23 09:49:13,286] {warnings.py:110} WARNING - /home/***/.local/lib/python3.7/site-packages/***/utils/context.py:152: AirflowContextDeprecationWarning: Accessing 'execution_date' from the template is deprecated and will be removed in a future version. Please use 'data_interval_start' or 'logical_date' instead.
  warnings.warn(_create_deprecation_warning(key, self._deprecation_replacements[key]))

[2022-03-23 09:49:13,309] {taskinstance.py:1426} INFO - Exporting the following env vars:
AIRFLOW_CTX_DAG_OWNER=***
AIRFLOW_CTX_DAG_ID=dtc_project_ingest
AIRFLOW_CTX_TASK_ID=rm_task
AIRFLOW_CTX_EXECUTION_DATE=2021-10-02T06:00:00+00:00
AIRFLOW_CTX_DAG_RUN_ID=scheduled__2021-10-02T06:00:00+00:00
[2022-03-23 09:49:13,311] {subprocess.py:62} INFO - Tmp dir root location: 
 /tmp
[2022-03-23 09:49:13,312] {subprocess.py:74} INFO - Running command: ['bash', '-c', 'rm /opt/***/202110-citibike-tripdata.csv /opt/***/202110-citibike-tripdata.parquet']
[2022-03-23 09:49:13,325] {subprocess.py:85} INFO - Output:
[2022-03-23 09:49:13,482] {subprocess.py:93} INFO - Command exited with return code 0
[2022-03-23 09:49:13,517] {taskinstance.py:1277} INFO - Marking task as SUCCESS. dag_id=dtc_project_ingest, task_id=rm_task, execution_date=20211002T060000, start_date=20220323T094913, end_date=20220323T094913
[2022-03-23 09:49:13,555] {local_task_job.py:154} INFO - Task exited with return code 0
[2022-03-23 09:49:13,588] {local_task_job.py:264} INFO - 0 downstream tasks scheduled from follow-on schedule check
[2022-03-23 22:40:06,234] {taskinstance.py:1032} INFO - Dependencies all met for <TaskInstance: dtc_project_ingest.rm_task scheduled__2021-10-02T06:00:00+00:00 [queued]>
[2022-03-23 22:40:06,255] {taskinstance.py:1032} INFO - Dependencies all met for <TaskInstance: dtc_project_ingest.rm_task scheduled__2021-10-02T06:00:00+00:00 [queued]>
[2022-03-23 22:40:06,256] {taskinstance.py:1238} INFO - 
--------------------------------------------------------------------------------
[2022-03-23 22:40:06,257] {taskinstance.py:1239} INFO - Starting attempt 1 of 2
[2022-03-23 22:40:06,258] {taskinstance.py:1240} INFO - 
--------------------------------------------------------------------------------
[2022-03-23 22:40:06,274] {taskinstance.py:1259} INFO - Executing <Task(BashOperator): rm_task> on 2021-10-02 06:00:00+00:00
[2022-03-23 22:40:06,281] {standard_task_runner.py:52} INFO - Started process 965 to run task
[2022-03-23 22:40:06,286] {standard_task_runner.py:76} INFO - Running: ['***', 'tasks', 'run', 'dtc_project_ingest', 'rm_task', 'scheduled__2021-10-02T06:00:00+00:00', '--job-id', '1212', '--raw', '--subdir', 'DAGS_FOLDER/project_data_ingestion.py', '--cfg-path', '/tmp/tmp50sxq0c1', '--error-file', '/tmp/tmpn8yt9hux']
[2022-03-23 22:40:06,289] {standard_task_runner.py:77} INFO - Job 1212: Subtask rm_task
[2022-03-23 22:40:06,370] {logging_mixin.py:109} INFO - Running <TaskInstance: dtc_project_ingest.rm_task scheduled__2021-10-02T06:00:00+00:00 [running]> on host 7127e26385ba
[2022-03-23 22:40:06,424] {warnings.py:110} WARNING - /home/***/.local/lib/python3.7/site-packages/***/utils/context.py:152: AirflowContextDeprecationWarning: Accessing 'execution_date' from the template is deprecated and will be removed in a future version. Please use 'data_interval_start' or 'logical_date' instead.
  warnings.warn(_create_deprecation_warning(key, self._deprecation_replacements[key]))

[2022-03-23 22:40:06,457] {taskinstance.py:1426} INFO - Exporting the following env vars:
AIRFLOW_CTX_DAG_OWNER=***
AIRFLOW_CTX_DAG_ID=dtc_project_ingest
AIRFLOW_CTX_TASK_ID=rm_task
AIRFLOW_CTX_EXECUTION_DATE=2021-10-02T06:00:00+00:00
AIRFLOW_CTX_DAG_RUN_ID=scheduled__2021-10-02T06:00:00+00:00
[2022-03-23 22:40:06,460] {subprocess.py:62} INFO - Tmp dir root location: 
 /tmp
[2022-03-23 22:40:06,463] {subprocess.py:74} INFO - Running command: ['bash', '-c', 'rm /opt/***/202110-citibike-tripdata.csv /opt/***/202110-citibike-tripdata.parquet']
[2022-03-23 22:40:06,482] {subprocess.py:85} INFO - Output:
[2022-03-23 22:40:06,508] {subprocess.py:93} INFO - Command exited with return code 0
[2022-03-23 22:40:06,555] {taskinstance.py:1277} INFO - Marking task as SUCCESS. dag_id=dtc_project_ingest, task_id=rm_task, execution_date=20211002T060000, start_date=20220323T224006, end_date=20220323T224006
[2022-03-23 22:40:06,625] {local_task_job.py:154} INFO - Task exited with return code 0
[2022-03-23 22:40:06,674] {local_task_job.py:264} INFO - 0 downstream tasks scheduled from follow-on schedule check
[2022-03-26 12:04:00,993] {taskinstance.py:1032} INFO - Dependencies all met for <TaskInstance: dtc_project_ingest.rm_task scheduled__2021-10-02T06:00:00+00:00 [queued]>
[2022-03-26 12:04:01,012] {taskinstance.py:1032} INFO - Dependencies all met for <TaskInstance: dtc_project_ingest.rm_task scheduled__2021-10-02T06:00:00+00:00 [queued]>
[2022-03-26 12:04:01,014] {taskinstance.py:1238} INFO - 
--------------------------------------------------------------------------------
[2022-03-26 12:04:01,016] {taskinstance.py:1239} INFO - Starting attempt 1 of 2
[2022-03-26 12:04:01,018] {taskinstance.py:1240} INFO - 
--------------------------------------------------------------------------------
[2022-03-26 12:04:01,048] {taskinstance.py:1259} INFO - Executing <Task(BashOperator): rm_task> on 2021-10-02 06:00:00+00:00
[2022-03-26 12:04:01,059] {standard_task_runner.py:52} INFO - Started process 10237 to run task
[2022-03-26 12:04:01,067] {standard_task_runner.py:76} INFO - Running: ['***', 'tasks', 'run', 'dtc_project_ingest', 'rm_task', 'scheduled__2021-10-02T06:00:00+00:00', '--job-id', '1523', '--raw', '--subdir', 'DAGS_FOLDER/project_data_ingestion.py', '--cfg-path', '/tmp/tmp_j69cptx', '--error-file', '/tmp/tmpqzu06k_u']
[2022-03-26 12:04:01,069] {standard_task_runner.py:77} INFO - Job 1523: Subtask rm_task
[2022-03-26 12:04:01,193] {logging_mixin.py:109} INFO - Running <TaskInstance: dtc_project_ingest.rm_task scheduled__2021-10-02T06:00:00+00:00 [running]> on host c800f4dda314
[2022-03-26 12:04:01,254] {warnings.py:110} WARNING - /home/***/.local/lib/python3.7/site-packages/***/utils/context.py:152: AirflowContextDeprecationWarning: Accessing 'execution_date' from the template is deprecated and will be removed in a future version. Please use 'data_interval_start' or 'logical_date' instead.
  warnings.warn(_create_deprecation_warning(key, self._deprecation_replacements[key]))

[2022-03-26 12:04:01,305] {taskinstance.py:1426} INFO - Exporting the following env vars:
AIRFLOW_CTX_DAG_OWNER=***
AIRFLOW_CTX_DAG_ID=dtc_project_ingest
AIRFLOW_CTX_TASK_ID=rm_task
AIRFLOW_CTX_EXECUTION_DATE=2021-10-02T06:00:00+00:00
AIRFLOW_CTX_DAG_RUN_ID=scheduled__2021-10-02T06:00:00+00:00
[2022-03-26 12:04:01,308] {subprocess.py:62} INFO - Tmp dir root location: 
 /tmp
[2022-03-26 12:04:01,310] {subprocess.py:74} INFO - Running command: ['bash', '-c', 'rm /opt/***/202110-citibike-tripdata.csv /opt/***/202110-citibike-tripdata.parquet']
[2022-03-26 12:04:01,342] {subprocess.py:85} INFO - Output:
[2022-03-26 12:04:01,403] {subprocess.py:93} INFO - Command exited with return code 0
[2022-03-26 12:04:01,445] {taskinstance.py:1277} INFO - Marking task as SUCCESS. dag_id=dtc_project_ingest, task_id=rm_task, execution_date=20211002T060000, start_date=20220326T120400, end_date=20220326T120401
[2022-03-26 12:04:01,489] {local_task_job.py:154} INFO - Task exited with return code 0
[2022-03-26 12:04:01,531] {local_task_job.py:264} INFO - 0 downstream tasks scheduled from follow-on schedule check
