[2022-03-23 09:27:38,761] {taskinstance.py:1032} INFO - Dependencies all met for <TaskInstance: dtc_project_ingest.format_to_parquet_task scheduled__2020-08-02T06:00:00+00:00 [queued]>
[2022-03-23 09:27:38,772] {taskinstance.py:1032} INFO - Dependencies all met for <TaskInstance: dtc_project_ingest.format_to_parquet_task scheduled__2020-08-02T06:00:00+00:00 [queued]>
[2022-03-23 09:27:38,773] {taskinstance.py:1238} INFO - 
--------------------------------------------------------------------------------
[2022-03-23 09:27:38,773] {taskinstance.py:1239} INFO - Starting attempt 1 of 2
[2022-03-23 09:27:38,774] {taskinstance.py:1240} INFO - 
--------------------------------------------------------------------------------
[2022-03-23 09:27:38,785] {taskinstance.py:1259} INFO - Executing <Task(PythonOperator): format_to_parquet_task> on 2020-08-02 06:00:00+00:00
[2022-03-23 09:27:38,792] {standard_task_runner.py:52} INFO - Started process 2595 to run task
[2022-03-23 09:27:38,796] {standard_task_runner.py:76} INFO - Running: ['***', 'tasks', 'run', 'dtc_project_ingest', 'format_to_parquet_task', 'scheduled__2020-08-02T06:00:00+00:00', '--job-id', '771', '--raw', '--subdir', 'DAGS_FOLDER/project_data_ingestion.py', '--cfg-path', '/tmp/tmpklnhwm6j', '--error-file', '/tmp/tmph43tx6ul']
[2022-03-23 09:27:38,797] {standard_task_runner.py:77} INFO - Job 771: Subtask format_to_parquet_task
[2022-03-23 09:27:38,870] {logging_mixin.py:109} INFO - Running <TaskInstance: dtc_project_ingest.format_to_parquet_task scheduled__2020-08-02T06:00:00+00:00 [running]> on host 7127e26385ba
[2022-03-23 09:27:38,913] {warnings.py:110} WARNING - /home/***/.local/lib/python3.7/site-packages/***/utils/context.py:152: AirflowContextDeprecationWarning: Accessing 'execution_date' from the template is deprecated and will be removed in a future version. Please use 'data_interval_start' or 'logical_date' instead.
  warnings.warn(_create_deprecation_warning(key, self._deprecation_replacements[key]))

[2022-03-23 09:27:38,940] {taskinstance.py:1426} INFO - Exporting the following env vars:
AIRFLOW_CTX_DAG_OWNER=***
AIRFLOW_CTX_DAG_ID=dtc_project_ingest
AIRFLOW_CTX_TASK_ID=format_to_parquet_task
AIRFLOW_CTX_EXECUTION_DATE=2020-08-02T06:00:00+00:00
AIRFLOW_CTX_DAG_RUN_ID=scheduled__2020-08-02T06:00:00+00:00
[2022-03-23 09:27:44,763] {python.py:175} INFO - Done. Returned value was: None
[2022-03-23 09:27:44,776] {taskinstance.py:1277} INFO - Marking task as SUCCESS. dag_id=dtc_project_ingest, task_id=format_to_parquet_task, execution_date=20200802T060000, start_date=20220323T092738, end_date=20220323T092744
[2022-03-23 09:27:44,970] {local_task_job.py:154} INFO - Task exited with return code 0
[2022-03-23 09:27:45,009] {local_task_job.py:264} INFO - 1 downstream tasks scheduled from follow-on schedule check
[2022-03-23 16:35:57,449] {taskinstance.py:1032} INFO - Dependencies all met for <TaskInstance: dtc_project_ingest.format_to_parquet_task scheduled__2020-08-02T06:00:00+00:00 [queued]>
[2022-03-23 16:35:57,460] {taskinstance.py:1032} INFO - Dependencies all met for <TaskInstance: dtc_project_ingest.format_to_parquet_task scheduled__2020-08-02T06:00:00+00:00 [queued]>
[2022-03-23 16:35:57,461] {taskinstance.py:1238} INFO - 
--------------------------------------------------------------------------------
[2022-03-23 16:35:57,461] {taskinstance.py:1239} INFO - Starting attempt 1 of 2
[2022-03-23 16:35:57,462] {taskinstance.py:1240} INFO - 
--------------------------------------------------------------------------------
[2022-03-23 16:35:57,476] {taskinstance.py:1259} INFO - Executing <Task(PythonOperator): format_to_parquet_task> on 2020-08-02 06:00:00+00:00
[2022-03-23 16:35:57,485] {standard_task_runner.py:52} INFO - Started process 5941 to run task
[2022-03-23 16:35:57,490] {standard_task_runner.py:76} INFO - Running: ['***', 'tasks', 'run', 'dtc_project_ingest', 'format_to_parquet_task', 'scheduled__2020-08-02T06:00:00+00:00', '--job-id', '1088', '--raw', '--subdir', 'DAGS_FOLDER/project_data_ingestion.py', '--cfg-path', '/tmp/tmppgqd4xix', '--error-file', '/tmp/tmpudm52c9t']
[2022-03-23 16:35:57,493] {standard_task_runner.py:77} INFO - Job 1088: Subtask format_to_parquet_task
[2022-03-23 16:35:57,573] {logging_mixin.py:109} INFO - Running <TaskInstance: dtc_project_ingest.format_to_parquet_task scheduled__2020-08-02T06:00:00+00:00 [running]> on host 7127e26385ba
[2022-03-23 16:35:57,617] {warnings.py:110} WARNING - /home/***/.local/lib/python3.7/site-packages/***/utils/context.py:152: AirflowContextDeprecationWarning: Accessing 'execution_date' from the template is deprecated and will be removed in a future version. Please use 'data_interval_start' or 'logical_date' instead.
  warnings.warn(_create_deprecation_warning(key, self._deprecation_replacements[key]))

[2022-03-23 16:35:57,644] {taskinstance.py:1426} INFO - Exporting the following env vars:
AIRFLOW_CTX_DAG_OWNER=***
AIRFLOW_CTX_DAG_ID=dtc_project_ingest
AIRFLOW_CTX_TASK_ID=format_to_parquet_task
AIRFLOW_CTX_EXECUTION_DATE=2020-08-02T06:00:00+00:00
AIRFLOW_CTX_DAG_RUN_ID=scheduled__2020-08-02T06:00:00+00:00
[2022-03-23 16:36:03,706] {python.py:175} INFO - Done. Returned value was: None
[2022-03-23 16:36:03,724] {taskinstance.py:1277} INFO - Marking task as SUCCESS. dag_id=dtc_project_ingest, task_id=format_to_parquet_task, execution_date=20200802T060000, start_date=20220323T163557, end_date=20220323T163603
[2022-03-23 16:36:03,980] {local_task_job.py:154} INFO - Task exited with return code 0
[2022-03-23 16:36:04,033] {local_task_job.py:264} INFO - 0 downstream tasks scheduled from follow-on schedule check
[2022-03-26 11:27:25,582] {taskinstance.py:1032} INFO - Dependencies all met for <TaskInstance: dtc_project_ingest.format_to_parquet_task scheduled__2020-08-02T06:00:00+00:00 [queued]>
[2022-03-26 11:27:25,598] {taskinstance.py:1032} INFO - Dependencies all met for <TaskInstance: dtc_project_ingest.format_to_parquet_task scheduled__2020-08-02T06:00:00+00:00 [queued]>
[2022-03-26 11:27:25,599] {taskinstance.py:1238} INFO - 
--------------------------------------------------------------------------------
[2022-03-26 11:27:25,600] {taskinstance.py:1239} INFO - Starting attempt 1 of 2
[2022-03-26 11:27:25,602] {taskinstance.py:1240} INFO - 
--------------------------------------------------------------------------------
[2022-03-26 11:27:25,620] {taskinstance.py:1259} INFO - Executing <Task(PythonOperator): format_to_parquet_task> on 2020-08-02 06:00:00+00:00
[2022-03-26 11:27:25,629] {standard_task_runner.py:52} INFO - Started process 8209 to run task
[2022-03-26 11:27:25,635] {standard_task_runner.py:76} INFO - Running: ['***', 'tasks', 'run', 'dtc_project_ingest', 'format_to_parquet_task', 'scheduled__2020-08-02T06:00:00+00:00', '--job-id', '1446', '--raw', '--subdir', 'DAGS_FOLDER/project_data_ingestion.py', '--cfg-path', '/tmp/tmptm74e790', '--error-file', '/tmp/tmp8rmib5tv']
[2022-03-26 11:27:25,638] {standard_task_runner.py:77} INFO - Job 1446: Subtask format_to_parquet_task
[2022-03-26 11:27:25,718] {logging_mixin.py:109} INFO - Running <TaskInstance: dtc_project_ingest.format_to_parquet_task scheduled__2020-08-02T06:00:00+00:00 [running]> on host c800f4dda314
[2022-03-26 11:27:25,768] {warnings.py:110} WARNING - /home/***/.local/lib/python3.7/site-packages/***/utils/context.py:152: AirflowContextDeprecationWarning: Accessing 'execution_date' from the template is deprecated and will be removed in a future version. Please use 'data_interval_start' or 'logical_date' instead.
  warnings.warn(_create_deprecation_warning(key, self._deprecation_replacements[key]))

[2022-03-26 11:27:25,798] {taskinstance.py:1426} INFO - Exporting the following env vars:
AIRFLOW_CTX_DAG_OWNER=***
AIRFLOW_CTX_DAG_ID=dtc_project_ingest
AIRFLOW_CTX_TASK_ID=format_to_parquet_task
AIRFLOW_CTX_EXECUTION_DATE=2020-08-02T06:00:00+00:00
AIRFLOW_CTX_DAG_RUN_ID=scheduled__2020-08-02T06:00:00+00:00
[2022-03-26 11:27:32,386] {python.py:175} INFO - Done. Returned value was: None
[2022-03-26 11:27:32,407] {taskinstance.py:1277} INFO - Marking task as SUCCESS. dag_id=dtc_project_ingest, task_id=format_to_parquet_task, execution_date=20200802T060000, start_date=20220326T112725, end_date=20220326T112732
[2022-03-26 11:27:32,635] {local_task_job.py:154} INFO - Task exited with return code 0
[2022-03-26 11:27:32,784] {local_task_job.py:264} INFO - 0 downstream tasks scheduled from follow-on schedule check
[2022-03-26 15:47:11,828] {taskinstance.py:1032} INFO - Dependencies all met for <TaskInstance: dtc_project_ingest.format_to_parquet_task scheduled__2020-08-02T06:00:00+00:00 [queued]>
[2022-03-26 15:47:11,840] {taskinstance.py:1032} INFO - Dependencies all met for <TaskInstance: dtc_project_ingest.format_to_parquet_task scheduled__2020-08-02T06:00:00+00:00 [queued]>
[2022-03-26 15:47:11,841] {taskinstance.py:1238} INFO - 
--------------------------------------------------------------------------------
[2022-03-26 15:47:11,842] {taskinstance.py:1239} INFO - Starting attempt 1 of 2
[2022-03-26 15:47:11,842] {taskinstance.py:1240} INFO - 
--------------------------------------------------------------------------------
[2022-03-26 15:47:11,859] {taskinstance.py:1259} INFO - Executing <Task(PythonOperator): format_to_parquet_task> on 2020-08-02 06:00:00+00:00
[2022-03-26 15:47:11,866] {standard_task_runner.py:52} INFO - Started process 21299 to run task
[2022-03-26 15:47:11,873] {standard_task_runner.py:76} INFO - Running: ['***', 'tasks', 'run', 'dtc_project_ingest', 'format_to_parquet_task', 'scheduled__2020-08-02T06:00:00+00:00', '--job-id', '1670', '--raw', '--subdir', 'DAGS_FOLDER/project_data_ingestion.py', '--cfg-path', '/tmp/tmp0mdtga6b', '--error-file', '/tmp/tmppghk5syt']
[2022-03-26 15:47:11,874] {standard_task_runner.py:77} INFO - Job 1670: Subtask format_to_parquet_task
[2022-03-26 15:47:11,961] {logging_mixin.py:109} INFO - Running <TaskInstance: dtc_project_ingest.format_to_parquet_task scheduled__2020-08-02T06:00:00+00:00 [running]> on host c800f4dda314
[2022-03-26 15:47:12,017] {warnings.py:110} WARNING - /home/***/.local/lib/python3.7/site-packages/***/utils/context.py:152: AirflowContextDeprecationWarning: Accessing 'execution_date' from the template is deprecated and will be removed in a future version. Please use 'data_interval_start' or 'logical_date' instead.
  warnings.warn(_create_deprecation_warning(key, self._deprecation_replacements[key]))

[2022-03-26 15:47:12,048] {taskinstance.py:1426} INFO - Exporting the following env vars:
AIRFLOW_CTX_DAG_OWNER=***
AIRFLOW_CTX_DAG_ID=dtc_project_ingest
AIRFLOW_CTX_TASK_ID=format_to_parquet_task
AIRFLOW_CTX_EXECUTION_DATE=2020-08-02T06:00:00+00:00
AIRFLOW_CTX_DAG_RUN_ID=scheduled__2020-08-02T06:00:00+00:00
[2022-03-26 15:47:21,228] {python.py:175} INFO - Done. Returned value was: None
[2022-03-26 15:47:21,266] {taskinstance.py:1277} INFO - Marking task as SUCCESS. dag_id=dtc_project_ingest, task_id=format_to_parquet_task, execution_date=20200802T060000, start_date=20220326T154711, end_date=20220326T154721
[2022-03-26 15:47:21,552] {local_task_job.py:154} INFO - Task exited with return code 0
[2022-03-26 15:47:21,642] {local_task_job.py:264} INFO - 0 downstream tasks scheduled from follow-on schedule check
