[2022-03-23 09:16:51,452] {taskinstance.py:1032} INFO - Dependencies all met for <TaskInstance: dtc_project_ingest.rm_task scheduled__2019-10-02T06:00:00+00:00 [queued]>
[2022-03-23 09:16:51,462] {taskinstance.py:1032} INFO - Dependencies all met for <TaskInstance: dtc_project_ingest.rm_task scheduled__2019-10-02T06:00:00+00:00 [queued]>
[2022-03-23 09:16:51,463] {taskinstance.py:1238} INFO - 
--------------------------------------------------------------------------------
[2022-03-23 09:16:51,464] {taskinstance.py:1239} INFO - Starting attempt 1 of 2
[2022-03-23 09:16:51,464] {taskinstance.py:1240} INFO - 
--------------------------------------------------------------------------------
[2022-03-23 09:16:51,475] {taskinstance.py:1259} INFO - Executing <Task(BashOperator): rm_task> on 2019-10-02 06:00:00+00:00
[2022-03-23 09:16:51,481] {standard_task_runner.py:52} INFO - Started process 1890 to run task
[2022-03-23 09:16:51,486] {standard_task_runner.py:76} INFO - Running: ['***', 'tasks', 'run', 'dtc_project_ingest', 'rm_task', 'scheduled__2019-10-02T06:00:00+00:00', '--job-id', '733', '--raw', '--subdir', 'DAGS_FOLDER/project_data_ingestion.py', '--cfg-path', '/tmp/tmpomdlqdop', '--error-file', '/tmp/tmpbnxa435h']
[2022-03-23 09:16:51,487] {standard_task_runner.py:77} INFO - Job 733: Subtask rm_task
[2022-03-23 09:16:51,555] {logging_mixin.py:109} INFO - Running <TaskInstance: dtc_project_ingest.rm_task scheduled__2019-10-02T06:00:00+00:00 [running]> on host 7127e26385ba
[2022-03-23 09:16:51,598] {warnings.py:110} WARNING - /home/***/.local/lib/python3.7/site-packages/***/utils/context.py:152: AirflowContextDeprecationWarning: Accessing 'execution_date' from the template is deprecated and will be removed in a future version. Please use 'data_interval_start' or 'logical_date' instead.
  warnings.warn(_create_deprecation_warning(key, self._deprecation_replacements[key]))

[2022-03-23 09:16:51,620] {taskinstance.py:1426} INFO - Exporting the following env vars:
AIRFLOW_CTX_DAG_OWNER=***
AIRFLOW_CTX_DAG_ID=dtc_project_ingest
AIRFLOW_CTX_TASK_ID=rm_task
AIRFLOW_CTX_EXECUTION_DATE=2019-10-02T06:00:00+00:00
AIRFLOW_CTX_DAG_RUN_ID=scheduled__2019-10-02T06:00:00+00:00
[2022-03-23 09:16:51,622] {subprocess.py:62} INFO - Tmp dir root location: 
 /tmp
[2022-03-23 09:16:51,623] {subprocess.py:74} INFO - Running command: ['bash', '-c', 'rm /opt/***/201910-citibike-tripdata.csv /opt/***/201910-citibike-tripdata.parquet']
[2022-03-23 09:16:51,641] {subprocess.py:85} INFO - Output:
[2022-03-23 09:16:51,752] {subprocess.py:93} INFO - Command exited with return code 0
[2022-03-23 09:16:51,779] {taskinstance.py:1277} INFO - Marking task as SUCCESS. dag_id=dtc_project_ingest, task_id=rm_task, execution_date=20191002T060000, start_date=20220323T091651, end_date=20220323T091651
[2022-03-23 09:16:51,821] {local_task_job.py:154} INFO - Task exited with return code 0
[2022-03-23 09:16:51,882] {local_task_job.py:264} INFO - 0 downstream tasks scheduled from follow-on schedule check
[2022-03-23 16:24:53,821] {taskinstance.py:1032} INFO - Dependencies all met for <TaskInstance: dtc_project_ingest.rm_task scheduled__2019-10-02T06:00:00+00:00 [queued]>
[2022-03-23 16:24:53,833] {taskinstance.py:1032} INFO - Dependencies all met for <TaskInstance: dtc_project_ingest.rm_task scheduled__2019-10-02T06:00:00+00:00 [queued]>
[2022-03-23 16:24:53,834] {taskinstance.py:1238} INFO - 
--------------------------------------------------------------------------------
[2022-03-23 16:24:53,835] {taskinstance.py:1239} INFO - Starting attempt 1 of 2
[2022-03-23 16:24:53,835] {taskinstance.py:1240} INFO - 
--------------------------------------------------------------------------------
[2022-03-23 16:24:53,849] {taskinstance.py:1259} INFO - Executing <Task(BashOperator): rm_task> on 2019-10-02 06:00:00+00:00
[2022-03-23 16:24:53,857] {standard_task_runner.py:52} INFO - Started process 5217 to run task
[2022-03-23 16:24:53,861] {standard_task_runner.py:76} INFO - Running: ['***', 'tasks', 'run', 'dtc_project_ingest', 'rm_task', 'scheduled__2019-10-02T06:00:00+00:00', '--job-id', '1043', '--raw', '--subdir', 'DAGS_FOLDER/project_data_ingestion.py', '--cfg-path', '/tmp/tmpn36nws8b', '--error-file', '/tmp/tmpymg21g4w']
[2022-03-23 16:24:53,864] {standard_task_runner.py:77} INFO - Job 1043: Subtask rm_task
[2022-03-23 16:24:53,936] {logging_mixin.py:109} INFO - Running <TaskInstance: dtc_project_ingest.rm_task scheduled__2019-10-02T06:00:00+00:00 [running]> on host 7127e26385ba
[2022-03-23 16:24:54,023] {warnings.py:110} WARNING - /home/***/.local/lib/python3.7/site-packages/***/utils/context.py:152: AirflowContextDeprecationWarning: Accessing 'execution_date' from the template is deprecated and will be removed in a future version. Please use 'data_interval_start' or 'logical_date' instead.
  warnings.warn(_create_deprecation_warning(key, self._deprecation_replacements[key]))

[2022-03-23 16:24:54,051] {taskinstance.py:1426} INFO - Exporting the following env vars:
AIRFLOW_CTX_DAG_OWNER=***
AIRFLOW_CTX_DAG_ID=dtc_project_ingest
AIRFLOW_CTX_TASK_ID=rm_task
AIRFLOW_CTX_EXECUTION_DATE=2019-10-02T06:00:00+00:00
AIRFLOW_CTX_DAG_RUN_ID=scheduled__2019-10-02T06:00:00+00:00
[2022-03-23 16:24:54,053] {subprocess.py:62} INFO - Tmp dir root location: 
 /tmp
[2022-03-23 16:24:54,054] {subprocess.py:74} INFO - Running command: ['bash', '-c', 'rm /opt/***/201910-citibike-tripdata.csv /opt/***/201910-citibike-tripdata.parquet']
[2022-03-23 16:24:54,074] {subprocess.py:85} INFO - Output:
[2022-03-23 16:24:54,174] {subprocess.py:93} INFO - Command exited with return code 0
[2022-03-23 16:24:54,209] {taskinstance.py:1277} INFO - Marking task as SUCCESS. dag_id=dtc_project_ingest, task_id=rm_task, execution_date=20191002T060000, start_date=20220323T162453, end_date=20220323T162454
[2022-03-23 16:24:54,278] {local_task_job.py:154} INFO - Task exited with return code 0
[2022-03-23 16:24:54,310] {local_task_job.py:264} INFO - 0 downstream tasks scheduled from follow-on schedule check
[2022-03-26 11:17:04,346] {taskinstance.py:1032} INFO - Dependencies all met for <TaskInstance: dtc_project_ingest.rm_task scheduled__2019-10-02T06:00:00+00:00 [queued]>
[2022-03-26 11:17:04,368] {taskinstance.py:1032} INFO - Dependencies all met for <TaskInstance: dtc_project_ingest.rm_task scheduled__2019-10-02T06:00:00+00:00 [queued]>
[2022-03-26 11:17:04,370] {taskinstance.py:1238} INFO - 
--------------------------------------------------------------------------------
[2022-03-26 11:17:04,371] {taskinstance.py:1239} INFO - Starting attempt 1 of 2
[2022-03-26 11:17:04,373] {taskinstance.py:1240} INFO - 
--------------------------------------------------------------------------------
[2022-03-26 11:17:04,399] {taskinstance.py:1259} INFO - Executing <Task(BashOperator): rm_task> on 2019-10-02 06:00:00+00:00
[2022-03-26 11:17:04,410] {standard_task_runner.py:52} INFO - Started process 7523 to run task
[2022-03-26 11:17:04,422] {standard_task_runner.py:76} INFO - Running: ['***', 'tasks', 'run', 'dtc_project_ingest', 'rm_task', 'scheduled__2019-10-02T06:00:00+00:00', '--job-id', '1401', '--raw', '--subdir', 'DAGS_FOLDER/project_data_ingestion.py', '--cfg-path', '/tmp/tmprxsqcoa5', '--error-file', '/tmp/tmp449hpyf0']
[2022-03-26 11:17:04,424] {standard_task_runner.py:77} INFO - Job 1401: Subtask rm_task
[2022-03-26 11:17:04,541] {logging_mixin.py:109} INFO - Running <TaskInstance: dtc_project_ingest.rm_task scheduled__2019-10-02T06:00:00+00:00 [running]> on host c800f4dda314
[2022-03-26 11:17:04,613] {warnings.py:110} WARNING - /home/***/.local/lib/python3.7/site-packages/***/utils/context.py:152: AirflowContextDeprecationWarning: Accessing 'execution_date' from the template is deprecated and will be removed in a future version. Please use 'data_interval_start' or 'logical_date' instead.
  warnings.warn(_create_deprecation_warning(key, self._deprecation_replacements[key]))

[2022-03-26 11:17:04,673] {taskinstance.py:1426} INFO - Exporting the following env vars:
AIRFLOW_CTX_DAG_OWNER=***
AIRFLOW_CTX_DAG_ID=dtc_project_ingest
AIRFLOW_CTX_TASK_ID=rm_task
AIRFLOW_CTX_EXECUTION_DATE=2019-10-02T06:00:00+00:00
AIRFLOW_CTX_DAG_RUN_ID=scheduled__2019-10-02T06:00:00+00:00
[2022-03-26 11:17:04,678] {subprocess.py:62} INFO - Tmp dir root location: 
 /tmp
[2022-03-26 11:17:04,681] {subprocess.py:74} INFO - Running command: ['bash', '-c', 'rm /opt/***/201910-citibike-tripdata.csv /opt/***/201910-citibike-tripdata.parquet']
[2022-03-26 11:17:04,715] {subprocess.py:85} INFO - Output:
[2022-03-26 11:17:04,910] {subprocess.py:93} INFO - Command exited with return code 0
[2022-03-26 11:17:04,970] {taskinstance.py:1277} INFO - Marking task as SUCCESS. dag_id=dtc_project_ingest, task_id=rm_task, execution_date=20191002T060000, start_date=20220326T111704, end_date=20220326T111704
[2022-03-26 11:17:05,069] {local_task_job.py:154} INFO - Task exited with return code 0
[2022-03-26 11:17:05,172] {local_task_job.py:264} INFO - 0 downstream tasks scheduled from follow-on schedule check
[2022-03-26 15:42:12,027] {taskinstance.py:1032} INFO - Dependencies all met for <TaskInstance: dtc_project_ingest.rm_task scheduled__2019-10-02T06:00:00+00:00 [queued]>
[2022-03-26 15:42:12,049] {taskinstance.py:1032} INFO - Dependencies all met for <TaskInstance: dtc_project_ingest.rm_task scheduled__2019-10-02T06:00:00+00:00 [queued]>
[2022-03-26 15:42:12,050] {taskinstance.py:1238} INFO - 
--------------------------------------------------------------------------------
[2022-03-26 15:42:12,051] {taskinstance.py:1239} INFO - Starting attempt 1 of 2
[2022-03-26 15:42:12,052] {taskinstance.py:1240} INFO - 
--------------------------------------------------------------------------------
[2022-03-26 15:42:12,077] {taskinstance.py:1259} INFO - Executing <Task(BashOperator): rm_task> on 2019-10-02 06:00:00+00:00
[2022-03-26 15:42:12,088] {standard_task_runner.py:52} INFO - Started process 20899 to run task
[2022-03-26 15:42:12,096] {standard_task_runner.py:76} INFO - Running: ['***', 'tasks', 'run', 'dtc_project_ingest', 'rm_task', 'scheduled__2019-10-02T06:00:00+00:00', '--job-id', '1636', '--raw', '--subdir', 'DAGS_FOLDER/project_data_ingestion.py', '--cfg-path', '/tmp/tmpojf3o54y', '--error-file', '/tmp/tmpu6d9n234']
[2022-03-26 15:42:12,098] {standard_task_runner.py:77} INFO - Job 1636: Subtask rm_task
[2022-03-26 15:42:12,222] {logging_mixin.py:109} INFO - Running <TaskInstance: dtc_project_ingest.rm_task scheduled__2019-10-02T06:00:00+00:00 [running]> on host c800f4dda314
[2022-03-26 15:42:12,287] {warnings.py:110} WARNING - /home/***/.local/lib/python3.7/site-packages/***/utils/context.py:152: AirflowContextDeprecationWarning: Accessing 'execution_date' from the template is deprecated and will be removed in a future version. Please use 'data_interval_start' or 'logical_date' instead.
  warnings.warn(_create_deprecation_warning(key, self._deprecation_replacements[key]))

[2022-03-26 15:42:12,328] {taskinstance.py:1426} INFO - Exporting the following env vars:
AIRFLOW_CTX_DAG_OWNER=***
AIRFLOW_CTX_DAG_ID=dtc_project_ingest
AIRFLOW_CTX_TASK_ID=rm_task
AIRFLOW_CTX_EXECUTION_DATE=2019-10-02T06:00:00+00:00
AIRFLOW_CTX_DAG_RUN_ID=scheduled__2019-10-02T06:00:00+00:00
[2022-03-26 15:42:12,331] {subprocess.py:62} INFO - Tmp dir root location: 
 /tmp
[2022-03-26 15:42:12,333] {subprocess.py:74} INFO - Running command: ['bash', '-c', 'rm /opt/***/201910-citibike-tripdata.csv /opt/***/201910-citibike-tripdata.parquet']
[2022-03-26 15:42:12,355] {subprocess.py:85} INFO - Output:
[2022-03-26 15:42:12,518] {subprocess.py:93} INFO - Command exited with return code 0
[2022-03-26 15:42:12,564] {taskinstance.py:1277} INFO - Marking task as SUCCESS. dag_id=dtc_project_ingest, task_id=rm_task, execution_date=20191002T060000, start_date=20220326T154212, end_date=20220326T154212
[2022-03-26 15:42:12,634] {local_task_job.py:154} INFO - Task exited with return code 0
[2022-03-26 15:42:12,682] {local_task_job.py:264} INFO - 0 downstream tasks scheduled from follow-on schedule check
