[2022-03-23 22:36:23,522] {taskinstance.py:1032} INFO - Dependencies all met for <TaskInstance: dtc_project_ingest.bigquery_external_table_task scheduled__2021-05-02T06:00:00+00:00 [queued]>
[2022-03-23 22:36:23,536] {taskinstance.py:1032} INFO - Dependencies all met for <TaskInstance: dtc_project_ingest.bigquery_external_table_task scheduled__2021-05-02T06:00:00+00:00 [queued]>
[2022-03-23 22:36:23,537] {taskinstance.py:1238} INFO - 
--------------------------------------------------------------------------------
[2022-03-23 22:36:23,538] {taskinstance.py:1239} INFO - Starting attempt 1 of 2
[2022-03-23 22:36:23,539] {taskinstance.py:1240} INFO - 
--------------------------------------------------------------------------------
[2022-03-23 22:36:23,552] {taskinstance.py:1259} INFO - Executing <Task(BigQueryCreateExternalTableOperator): bigquery_external_table_task> on 2021-05-02 06:00:00+00:00
[2022-03-23 22:36:23,560] {standard_task_runner.py:52} INFO - Started process 744 to run task
[2022-03-23 22:36:23,566] {standard_task_runner.py:76} INFO - Running: ['***', 'tasks', 'run', 'dtc_project_ingest', 'bigquery_external_table_task', 'scheduled__2021-05-02T06:00:00+00:00', '--job-id', '1198', '--raw', '--subdir', 'DAGS_FOLDER/project_data_ingestion.py', '--cfg-path', '/tmp/tmpm5as57fs', '--error-file', '/tmp/tmp9mi_kt44']
[2022-03-23 22:36:23,567] {standard_task_runner.py:77} INFO - Job 1198: Subtask bigquery_external_table_task
[2022-03-23 22:36:23,643] {logging_mixin.py:109} INFO - Running <TaskInstance: dtc_project_ingest.bigquery_external_table_task scheduled__2021-05-02T06:00:00+00:00 [running]> on host 7127e26385ba
[2022-03-23 22:36:23,693] {warnings.py:110} WARNING - /home/***/.local/lib/python3.7/site-packages/***/utils/context.py:152: AirflowContextDeprecationWarning: Accessing 'execution_date' from the template is deprecated and will be removed in a future version. Please use 'data_interval_start' or 'logical_date' instead.
  warnings.warn(_create_deprecation_warning(key, self._deprecation_replacements[key]))

[2022-03-23 22:36:23,720] {taskinstance.py:1426} INFO - Exporting the following env vars:
AIRFLOW_CTX_DAG_OWNER=***
AIRFLOW_CTX_DAG_ID=dtc_project_ingest
AIRFLOW_CTX_TASK_ID=bigquery_external_table_task
AIRFLOW_CTX_EXECUTION_DATE=2021-05-02T06:00:00+00:00
AIRFLOW_CTX_DAG_RUN_ID=scheduled__2021-05-02T06:00:00+00:00
[2022-03-23 22:36:23,722] {crypto.py:82} WARNING - empty cryptography key - values will not be stored encrypted.
[2022-03-23 22:36:25,696] {taskinstance.py:1277} INFO - Marking task as SUCCESS. dag_id=dtc_project_ingest, task_id=bigquery_external_table_task, execution_date=20210502T060000, start_date=20220323T223623, end_date=20220323T223625
[2022-03-23 22:36:25,750] {local_task_job.py:154} INFO - Task exited with return code 0
[2022-03-23 22:36:25,801] {local_task_job.py:264} INFO - 1 downstream tasks scheduled from follow-on schedule check
[2022-03-26 11:42:27,349] {taskinstance.py:1032} INFO - Dependencies all met for <TaskInstance: dtc_project_ingest.bigquery_external_table_task scheduled__2021-05-02T06:00:00+00:00 [queued]>
[2022-03-26 11:42:27,378] {taskinstance.py:1032} INFO - Dependencies all met for <TaskInstance: dtc_project_ingest.bigquery_external_table_task scheduled__2021-05-02T06:00:00+00:00 [queued]>
[2022-03-26 11:42:27,379] {taskinstance.py:1238} INFO - 
--------------------------------------------------------------------------------
[2022-03-26 11:42:27,380] {taskinstance.py:1239} INFO - Starting attempt 1 of 2
[2022-03-26 11:42:27,381] {taskinstance.py:1240} INFO - 
--------------------------------------------------------------------------------
[2022-03-26 11:42:27,401] {taskinstance.py:1259} INFO - Executing <Task(BigQueryCreateExternalTableOperator): bigquery_external_table_task> on 2021-05-02 06:00:00+00:00
[2022-03-26 11:42:27,416] {standard_task_runner.py:52} INFO - Started process 9124 to run task
[2022-03-26 11:42:27,423] {standard_task_runner.py:76} INFO - Running: ['***', 'tasks', 'run', 'dtc_project_ingest', 'bigquery_external_table_task', 'scheduled__2021-05-02T06:00:00+00:00', '--job-id', '1492', '--raw', '--subdir', 'DAGS_FOLDER/project_data_ingestion.py', '--cfg-path', '/tmp/tmpbolscsu5', '--error-file', '/tmp/tmpnoc4lrqy']
[2022-03-26 11:42:27,425] {standard_task_runner.py:77} INFO - Job 1492: Subtask bigquery_external_table_task
[2022-03-26 11:42:27,513] {logging_mixin.py:109} INFO - Running <TaskInstance: dtc_project_ingest.bigquery_external_table_task scheduled__2021-05-02T06:00:00+00:00 [running]> on host c800f4dda314
[2022-03-26 11:42:27,620] {taskinstance.py:1426} INFO - Exporting the following env vars:
AIRFLOW_CTX_DAG_OWNER=***
AIRFLOW_CTX_DAG_ID=dtc_project_ingest
AIRFLOW_CTX_TASK_ID=bigquery_external_table_task
AIRFLOW_CTX_EXECUTION_DATE=2021-05-02T06:00:00+00:00
AIRFLOW_CTX_DAG_RUN_ID=scheduled__2021-05-02T06:00:00+00:00
[2022-03-26 11:42:27,625] {crypto.py:82} WARNING - empty cryptography key - values will not be stored encrypted.
[2022-03-26 11:42:31,925] {taskinstance.py:1277} INFO - Marking task as SUCCESS. dag_id=dtc_project_ingest, task_id=bigquery_external_table_task, execution_date=20210502T060000, start_date=20220326T114227, end_date=20220326T114231
[2022-03-26 11:42:31,996] {local_task_job.py:154} INFO - Task exited with return code 0
[2022-03-26 11:42:32,064] {local_task_job.py:264} INFO - 1 downstream tasks scheduled from follow-on schedule check
