[2022-03-23 09:30:32,911] {taskinstance.py:1032} INFO - Dependencies all met for <TaskInstance: dtc_project_ingest.rm_task scheduled__2020-12-02T06:00:00+00:00 [queued]>
[2022-03-23 09:30:32,922] {taskinstance.py:1032} INFO - Dependencies all met for <TaskInstance: dtc_project_ingest.rm_task scheduled__2020-12-02T06:00:00+00:00 [queued]>
[2022-03-23 09:30:32,923] {taskinstance.py:1238} INFO - 
--------------------------------------------------------------------------------
[2022-03-23 09:30:32,924] {taskinstance.py:1239} INFO - Starting attempt 1 of 2
[2022-03-23 09:30:32,924] {taskinstance.py:1240} INFO - 
--------------------------------------------------------------------------------
[2022-03-23 09:30:32,943] {taskinstance.py:1259} INFO - Executing <Task(BashOperator): rm_task> on 2020-12-02 06:00:00+00:00
[2022-03-23 09:30:32,955] {standard_task_runner.py:52} INFO - Started process 2780 to run task
[2022-03-23 09:30:32,963] {standard_task_runner.py:76} INFO - Running: ['***', 'tasks', 'run', 'dtc_project_ingest', 'rm_task', 'scheduled__2020-12-02T06:00:00+00:00', '--job-id', '781', '--raw', '--subdir', 'DAGS_FOLDER/project_data_ingestion.py', '--cfg-path', '/tmp/tmpvojrfp7w', '--error-file', '/tmp/tmp3z_pufhq']
[2022-03-23 09:30:32,965] {standard_task_runner.py:77} INFO - Job 781: Subtask rm_task
[2022-03-23 09:30:33,038] {logging_mixin.py:109} INFO - Running <TaskInstance: dtc_project_ingest.rm_task scheduled__2020-12-02T06:00:00+00:00 [running]> on host 7127e26385ba
[2022-03-23 09:30:33,084] {warnings.py:110} WARNING - /home/***/.local/lib/python3.7/site-packages/***/utils/context.py:152: AirflowContextDeprecationWarning: Accessing 'execution_date' from the template is deprecated and will be removed in a future version. Please use 'data_interval_start' or 'logical_date' instead.
  warnings.warn(_create_deprecation_warning(key, self._deprecation_replacements[key]))

[2022-03-23 09:30:33,105] {taskinstance.py:1426} INFO - Exporting the following env vars:
AIRFLOW_CTX_DAG_OWNER=***
AIRFLOW_CTX_DAG_ID=dtc_project_ingest
AIRFLOW_CTX_TASK_ID=rm_task
AIRFLOW_CTX_EXECUTION_DATE=2020-12-02T06:00:00+00:00
AIRFLOW_CTX_DAG_RUN_ID=scheduled__2020-12-02T06:00:00+00:00
[2022-03-23 09:30:33,106] {subprocess.py:62} INFO - Tmp dir root location: 
 /tmp
[2022-03-23 09:30:33,107] {subprocess.py:74} INFO - Running command: ['bash', '-c', 'rm /opt/***/202012-citibike-tripdata.csv /opt/***/202012-citibike-tripdata.parquet']
[2022-03-23 09:30:33,123] {subprocess.py:85} INFO - Output:
[2022-03-23 09:30:33,181] {subprocess.py:93} INFO - Command exited with return code 0
[2022-03-23 09:30:33,210] {taskinstance.py:1277} INFO - Marking task as SUCCESS. dag_id=dtc_project_ingest, task_id=rm_task, execution_date=20201202T060000, start_date=20220323T093032, end_date=20220323T093033
[2022-03-23 09:30:33,256] {local_task_job.py:154} INFO - Task exited with return code 0
[2022-03-23 09:30:33,287] {local_task_job.py:264} INFO - 0 downstream tasks scheduled from follow-on schedule check
[2022-03-23 16:47:04,838] {taskinstance.py:1032} INFO - Dependencies all met for <TaskInstance: dtc_project_ingest.rm_task scheduled__2020-12-02T06:00:00+00:00 [queued]>
[2022-03-23 16:47:04,851] {taskinstance.py:1032} INFO - Dependencies all met for <TaskInstance: dtc_project_ingest.rm_task scheduled__2020-12-02T06:00:00+00:00 [queued]>
[2022-03-23 16:47:04,852] {taskinstance.py:1238} INFO - 
--------------------------------------------------------------------------------
[2022-03-23 16:47:04,853] {taskinstance.py:1239} INFO - Starting attempt 1 of 2
[2022-03-23 16:47:04,854] {taskinstance.py:1240} INFO - 
--------------------------------------------------------------------------------
[2022-03-23 16:47:04,866] {taskinstance.py:1259} INFO - Executing <Task(BashOperator): rm_task> on 2020-12-02 06:00:00+00:00
[2022-03-23 16:47:04,874] {standard_task_runner.py:52} INFO - Started process 6518 to run task
[2022-03-23 16:47:04,879] {standard_task_runner.py:76} INFO - Running: ['***', 'tasks', 'run', 'dtc_project_ingest', 'rm_task', 'scheduled__2020-12-02T06:00:00+00:00', '--job-id', '1107', '--raw', '--subdir', 'DAGS_FOLDER/project_data_ingestion.py', '--cfg-path', '/tmp/tmpekfqd6fw', '--error-file', '/tmp/tmpz72_fjro']
[2022-03-23 16:47:04,881] {standard_task_runner.py:77} INFO - Job 1107: Subtask rm_task
[2022-03-23 16:47:04,953] {logging_mixin.py:109} INFO - Running <TaskInstance: dtc_project_ingest.rm_task scheduled__2020-12-02T06:00:00+00:00 [running]> on host 7127e26385ba
[2022-03-23 16:47:04,998] {warnings.py:110} WARNING - /home/***/.local/lib/python3.7/site-packages/***/utils/context.py:152: AirflowContextDeprecationWarning: Accessing 'execution_date' from the template is deprecated and will be removed in a future version. Please use 'data_interval_start' or 'logical_date' instead.
  warnings.warn(_create_deprecation_warning(key, self._deprecation_replacements[key]))

[2022-03-23 16:47:05,022] {taskinstance.py:1426} INFO - Exporting the following env vars:
AIRFLOW_CTX_DAG_OWNER=***
AIRFLOW_CTX_DAG_ID=dtc_project_ingest
AIRFLOW_CTX_TASK_ID=rm_task
AIRFLOW_CTX_EXECUTION_DATE=2020-12-02T06:00:00+00:00
AIRFLOW_CTX_DAG_RUN_ID=scheduled__2020-12-02T06:00:00+00:00
[2022-03-23 16:47:05,025] {subprocess.py:62} INFO - Tmp dir root location: 
 /tmp
[2022-03-23 16:47:05,026] {subprocess.py:74} INFO - Running command: ['bash', '-c', 'rm /opt/***/202012-citibike-tripdata.csv /opt/***/202012-citibike-tripdata.parquet']
[2022-03-23 16:47:05,044] {subprocess.py:85} INFO - Output:
[2022-03-23 16:47:05,104] {subprocess.py:93} INFO - Command exited with return code 0
[2022-03-23 16:47:05,133] {taskinstance.py:1277} INFO - Marking task as SUCCESS. dag_id=dtc_project_ingest, task_id=rm_task, execution_date=20201202T060000, start_date=20220323T164704, end_date=20220323T164705
[2022-03-23 16:47:05,172] {local_task_job.py:154} INFO - Task exited with return code 0
[2022-03-23 16:47:05,209] {local_task_job.py:264} INFO - 0 downstream tasks scheduled from follow-on schedule check
[2022-03-26 11:36:08,146] {taskinstance.py:1032} INFO - Dependencies all met for <TaskInstance: dtc_project_ingest.rm_task scheduled__2020-12-02T06:00:00+00:00 [queued]>
[2022-03-26 11:36:08,160] {taskinstance.py:1032} INFO - Dependencies all met for <TaskInstance: dtc_project_ingest.rm_task scheduled__2020-12-02T06:00:00+00:00 [queued]>
[2022-03-26 11:36:08,161] {taskinstance.py:1238} INFO - 
--------------------------------------------------------------------------------
[2022-03-26 11:36:08,162] {taskinstance.py:1239} INFO - Starting attempt 1 of 2
[2022-03-26 11:36:08,163] {taskinstance.py:1240} INFO - 
--------------------------------------------------------------------------------
[2022-03-26 11:36:08,176] {taskinstance.py:1259} INFO - Executing <Task(BashOperator): rm_task> on 2020-12-02 06:00:00+00:00
[2022-03-26 11:36:08,183] {standard_task_runner.py:52} INFO - Started process 8730 to run task
[2022-03-26 11:36:08,188] {standard_task_runner.py:76} INFO - Running: ['***', 'tasks', 'run', 'dtc_project_ingest', 'rm_task', 'scheduled__2020-12-02T06:00:00+00:00', '--job-id', '1470', '--raw', '--subdir', 'DAGS_FOLDER/project_data_ingestion.py', '--cfg-path', '/tmp/tmplpefynki', '--error-file', '/tmp/tmp_cym1ztr']
[2022-03-26 11:36:08,190] {standard_task_runner.py:77} INFO - Job 1470: Subtask rm_task
[2022-03-26 11:36:08,268] {logging_mixin.py:109} INFO - Running <TaskInstance: dtc_project_ingest.rm_task scheduled__2020-12-02T06:00:00+00:00 [running]> on host c800f4dda314
[2022-03-26 11:36:08,335] {warnings.py:110} WARNING - /home/***/.local/lib/python3.7/site-packages/***/utils/context.py:152: AirflowContextDeprecationWarning: Accessing 'execution_date' from the template is deprecated and will be removed in a future version. Please use 'data_interval_start' or 'logical_date' instead.
  warnings.warn(_create_deprecation_warning(key, self._deprecation_replacements[key]))

[2022-03-26 11:36:08,392] {taskinstance.py:1426} INFO - Exporting the following env vars:
AIRFLOW_CTX_DAG_OWNER=***
AIRFLOW_CTX_DAG_ID=dtc_project_ingest
AIRFLOW_CTX_TASK_ID=rm_task
AIRFLOW_CTX_EXECUTION_DATE=2020-12-02T06:00:00+00:00
AIRFLOW_CTX_DAG_RUN_ID=scheduled__2020-12-02T06:00:00+00:00
[2022-03-26 11:36:08,397] {subprocess.py:62} INFO - Tmp dir root location: 
 /tmp
[2022-03-26 11:36:08,400] {subprocess.py:74} INFO - Running command: ['bash', '-c', 'rm /opt/***/202012-citibike-tripdata.csv /opt/***/202012-citibike-tripdata.parquet']
[2022-03-26 11:36:08,447] {subprocess.py:85} INFO - Output:
[2022-03-26 11:36:08,556] {subprocess.py:93} INFO - Command exited with return code 0
[2022-03-26 11:36:08,639] {taskinstance.py:1277} INFO - Marking task as SUCCESS. dag_id=dtc_project_ingest, task_id=rm_task, execution_date=20201202T060000, start_date=20220326T113608, end_date=20220326T113608
[2022-03-26 11:36:08,726] {local_task_job.py:154} INFO - Task exited with return code 0
[2022-03-26 11:36:08,795] {local_task_job.py:264} INFO - 0 downstream tasks scheduled from follow-on schedule check
[2022-03-26 15:51:00,668] {taskinstance.py:1032} INFO - Dependencies all met for <TaskInstance: dtc_project_ingest.rm_task scheduled__2020-12-02T06:00:00+00:00 [queued]>
[2022-03-26 15:51:00,689] {taskinstance.py:1032} INFO - Dependencies all met for <TaskInstance: dtc_project_ingest.rm_task scheduled__2020-12-02T06:00:00+00:00 [queued]>
[2022-03-26 15:51:00,690] {taskinstance.py:1238} INFO - 
--------------------------------------------------------------------------------
[2022-03-26 15:51:00,691] {taskinstance.py:1239} INFO - Starting attempt 1 of 2
[2022-03-26 15:51:00,692] {taskinstance.py:1240} INFO - 
--------------------------------------------------------------------------------
[2022-03-26 15:51:00,716] {taskinstance.py:1259} INFO - Executing <Task(BashOperator): rm_task> on 2020-12-02 06:00:00+00:00
[2022-03-26 15:51:00,728] {standard_task_runner.py:52} INFO - Started process 21570 to run task
[2022-03-26 15:51:00,739] {standard_task_runner.py:76} INFO - Running: ['***', 'tasks', 'run', 'dtc_project_ingest', 'rm_task', 'scheduled__2020-12-02T06:00:00+00:00', '--job-id', '1692', '--raw', '--subdir', 'DAGS_FOLDER/project_data_ingestion.py', '--cfg-path', '/tmp/tmp3dfod65n', '--error-file', '/tmp/tmpo76uezxt']
[2022-03-26 15:51:00,742] {standard_task_runner.py:77} INFO - Job 1692: Subtask rm_task
[2022-03-26 15:51:00,854] {logging_mixin.py:109} INFO - Running <TaskInstance: dtc_project_ingest.rm_task scheduled__2020-12-02T06:00:00+00:00 [running]> on host c800f4dda314
[2022-03-26 15:51:00,920] {warnings.py:110} WARNING - /home/***/.local/lib/python3.7/site-packages/***/utils/context.py:152: AirflowContextDeprecationWarning: Accessing 'execution_date' from the template is deprecated and will be removed in a future version. Please use 'data_interval_start' or 'logical_date' instead.
  warnings.warn(_create_deprecation_warning(key, self._deprecation_replacements[key]))

[2022-03-26 15:51:00,957] {taskinstance.py:1426} INFO - Exporting the following env vars:
AIRFLOW_CTX_DAG_OWNER=***
AIRFLOW_CTX_DAG_ID=dtc_project_ingest
AIRFLOW_CTX_TASK_ID=rm_task
AIRFLOW_CTX_EXECUTION_DATE=2020-12-02T06:00:00+00:00
AIRFLOW_CTX_DAG_RUN_ID=scheduled__2020-12-02T06:00:00+00:00
[2022-03-26 15:51:00,960] {subprocess.py:62} INFO - Tmp dir root location: 
 /tmp
[2022-03-26 15:51:00,964] {subprocess.py:74} INFO - Running command: ['bash', '-c', 'rm /opt/***/202012-citibike-tripdata.csv /opt/***/202012-citibike-tripdata.parquet']
[2022-03-26 15:51:00,987] {subprocess.py:85} INFO - Output:
[2022-03-26 15:51:01,069] {subprocess.py:93} INFO - Command exited with return code 0
[2022-03-26 15:51:01,131] {taskinstance.py:1277} INFO - Marking task as SUCCESS. dag_id=dtc_project_ingest, task_id=rm_task, execution_date=20201202T060000, start_date=20220326T155100, end_date=20220326T155101
[2022-03-26 15:51:01,195] {local_task_job.py:154} INFO - Task exited with return code 0
[2022-03-26 15:51:01,262] {local_task_job.py:264} INFO - 0 downstream tasks scheduled from follow-on schedule check
