[2022-03-23 09:16:22,468] {taskinstance.py:1032} INFO - Dependencies all met for <TaskInstance: dtc_project_ingest.local_to_gcs_task scheduled__2019-11-02T06:00:00+00:00 [queued]>
[2022-03-23 09:16:22,480] {taskinstance.py:1032} INFO - Dependencies all met for <TaskInstance: dtc_project_ingest.local_to_gcs_task scheduled__2019-11-02T06:00:00+00:00 [queued]>
[2022-03-23 09:16:22,481] {taskinstance.py:1238} INFO - 
--------------------------------------------------------------------------------
[2022-03-23 09:16:22,482] {taskinstance.py:1239} INFO - Starting attempt 1 of 2
[2022-03-23 09:16:22,482] {taskinstance.py:1240} INFO - 
--------------------------------------------------------------------------------
[2022-03-23 09:16:22,494] {taskinstance.py:1259} INFO - Executing <Task(PythonOperator): local_to_gcs_task> on 2019-11-02 06:00:00+00:00
[2022-03-23 09:16:22,503] {standard_task_runner.py:52} INFO - Started process 1854 to run task
[2022-03-23 09:16:22,507] {standard_task_runner.py:76} INFO - Running: ['***', 'tasks', 'run', 'dtc_project_ingest', 'local_to_gcs_task', 'scheduled__2019-11-02T06:00:00+00:00', '--job-id', '731', '--raw', '--subdir', 'DAGS_FOLDER/project_data_ingestion.py', '--cfg-path', '/tmp/tmpk3m7uh0e', '--error-file', '/tmp/tmpgiwijekn']
[2022-03-23 09:16:22,508] {standard_task_runner.py:77} INFO - Job 731: Subtask local_to_gcs_task
[2022-03-23 09:16:22,573] {logging_mixin.py:109} INFO - Running <TaskInstance: dtc_project_ingest.local_to_gcs_task scheduled__2019-11-02T06:00:00+00:00 [running]> on host 7127e26385ba
[2022-03-23 09:16:22,614] {warnings.py:110} WARNING - /home/***/.local/lib/python3.7/site-packages/***/utils/context.py:152: AirflowContextDeprecationWarning: Accessing 'execution_date' from the template is deprecated and will be removed in a future version. Please use 'data_interval_start' or 'logical_date' instead.
  warnings.warn(_create_deprecation_warning(key, self._deprecation_replacements[key]))

[2022-03-23 09:16:22,637] {taskinstance.py:1426} INFO - Exporting the following env vars:
AIRFLOW_CTX_DAG_OWNER=***
AIRFLOW_CTX_DAG_ID=dtc_project_ingest
AIRFLOW_CTX_TASK_ID=local_to_gcs_task
AIRFLOW_CTX_EXECUTION_DATE=2019-11-02T06:00:00+00:00
AIRFLOW_CTX_DAG_RUN_ID=scheduled__2019-11-02T06:00:00+00:00
[2022-03-23 09:16:53,377] {python.py:175} INFO - Done. Returned value was: None
[2022-03-23 09:16:53,390] {taskinstance.py:1277} INFO - Marking task as SUCCESS. dag_id=dtc_project_ingest, task_id=local_to_gcs_task, execution_date=20191102T060000, start_date=20220323T091622, end_date=20220323T091653
[2022-03-23 09:16:53,437] {local_task_job.py:154} INFO - Task exited with return code 0
[2022-03-23 09:16:53,479] {local_task_job.py:264} INFO - 1 downstream tasks scheduled from follow-on schedule check
[2022-03-23 16:24:25,905] {taskinstance.py:1032} INFO - Dependencies all met for <TaskInstance: dtc_project_ingest.local_to_gcs_task scheduled__2019-11-02T06:00:00+00:00 [queued]>
[2022-03-23 16:24:25,919] {taskinstance.py:1032} INFO - Dependencies all met for <TaskInstance: dtc_project_ingest.local_to_gcs_task scheduled__2019-11-02T06:00:00+00:00 [queued]>
[2022-03-23 16:24:25,920] {taskinstance.py:1238} INFO - 
--------------------------------------------------------------------------------
[2022-03-23 16:24:25,921] {taskinstance.py:1239} INFO - Starting attempt 1 of 2
[2022-03-23 16:24:25,922] {taskinstance.py:1240} INFO - 
--------------------------------------------------------------------------------
[2022-03-23 16:24:25,937] {taskinstance.py:1259} INFO - Executing <Task(PythonOperator): local_to_gcs_task> on 2019-11-02 06:00:00+00:00
[2022-03-23 16:24:25,944] {standard_task_runner.py:52} INFO - Started process 5179 to run task
[2022-03-23 16:24:25,949] {standard_task_runner.py:76} INFO - Running: ['***', 'tasks', 'run', 'dtc_project_ingest', 'local_to_gcs_task', 'scheduled__2019-11-02T06:00:00+00:00', '--job-id', '1039', '--raw', '--subdir', 'DAGS_FOLDER/project_data_ingestion.py', '--cfg-path', '/tmp/tmpzt_bxoup', '--error-file', '/tmp/tmp02i7mxdo']
[2022-03-23 16:24:25,951] {standard_task_runner.py:77} INFO - Job 1039: Subtask local_to_gcs_task
[2022-03-23 16:24:26,032] {logging_mixin.py:109} INFO - Running <TaskInstance: dtc_project_ingest.local_to_gcs_task scheduled__2019-11-02T06:00:00+00:00 [running]> on host 7127e26385ba
[2022-03-23 16:24:26,080] {warnings.py:110} WARNING - /home/***/.local/lib/python3.7/site-packages/***/utils/context.py:152: AirflowContextDeprecationWarning: Accessing 'execution_date' from the template is deprecated and will be removed in a future version. Please use 'data_interval_start' or 'logical_date' instead.
  warnings.warn(_create_deprecation_warning(key, self._deprecation_replacements[key]))

[2022-03-23 16:24:26,111] {taskinstance.py:1426} INFO - Exporting the following env vars:
AIRFLOW_CTX_DAG_OWNER=***
AIRFLOW_CTX_DAG_ID=dtc_project_ingest
AIRFLOW_CTX_TASK_ID=local_to_gcs_task
AIRFLOW_CTX_EXECUTION_DATE=2019-11-02T06:00:00+00:00
AIRFLOW_CTX_DAG_RUN_ID=scheduled__2019-11-02T06:00:00+00:00
[2022-03-23 16:25:15,826] {python.py:175} INFO - Done. Returned value was: None
[2022-03-23 16:25:15,843] {taskinstance.py:1277} INFO - Marking task as SUCCESS. dag_id=dtc_project_ingest, task_id=local_to_gcs_task, execution_date=20191102T060000, start_date=20220323T162425, end_date=20220323T162515
[2022-03-23 16:25:15,874] {local_task_job.py:154} INFO - Task exited with return code 0
[2022-03-23 16:25:15,919] {local_task_job.py:264} INFO - 1 downstream tasks scheduled from follow-on schedule check
[2022-03-26 11:16:03,764] {taskinstance.py:1032} INFO - Dependencies all met for <TaskInstance: dtc_project_ingest.local_to_gcs_task scheduled__2019-11-02T06:00:00+00:00 [queued]>
[2022-03-26 11:16:03,819] {taskinstance.py:1032} INFO - Dependencies all met for <TaskInstance: dtc_project_ingest.local_to_gcs_task scheduled__2019-11-02T06:00:00+00:00 [queued]>
[2022-03-26 11:16:03,820] {taskinstance.py:1238} INFO - 
--------------------------------------------------------------------------------
[2022-03-26 11:16:03,821] {taskinstance.py:1239} INFO - Starting attempt 1 of 2
[2022-03-26 11:16:03,822] {taskinstance.py:1240} INFO - 
--------------------------------------------------------------------------------
[2022-03-26 11:16:03,860] {taskinstance.py:1259} INFO - Executing <Task(PythonOperator): local_to_gcs_task> on 2019-11-02 06:00:00+00:00
[2022-03-26 11:16:03,873] {standard_task_runner.py:52} INFO - Started process 7478 to run task
[2022-03-26 11:16:03,893] {standard_task_runner.py:76} INFO - Running: ['***', 'tasks', 'run', 'dtc_project_ingest', 'local_to_gcs_task', 'scheduled__2019-11-02T06:00:00+00:00', '--job-id', '1399', '--raw', '--subdir', 'DAGS_FOLDER/project_data_ingestion.py', '--cfg-path', '/tmp/tmpfzxcwdwj', '--error-file', '/tmp/tmpzoo624ko']
[2022-03-26 11:16:03,900] {standard_task_runner.py:77} INFO - Job 1399: Subtask local_to_gcs_task
[2022-03-26 11:16:04,057] {logging_mixin.py:109} INFO - Running <TaskInstance: dtc_project_ingest.local_to_gcs_task scheduled__2019-11-02T06:00:00+00:00 [running]> on host c800f4dda314
[2022-03-26 11:16:04,153] {warnings.py:110} WARNING - /home/***/.local/lib/python3.7/site-packages/***/utils/context.py:152: AirflowContextDeprecationWarning: Accessing 'execution_date' from the template is deprecated and will be removed in a future version. Please use 'data_interval_start' or 'logical_date' instead.
  warnings.warn(_create_deprecation_warning(key, self._deprecation_replacements[key]))

[2022-03-26 11:16:04,198] {taskinstance.py:1426} INFO - Exporting the following env vars:
AIRFLOW_CTX_DAG_OWNER=***
AIRFLOW_CTX_DAG_ID=dtc_project_ingest
AIRFLOW_CTX_TASK_ID=local_to_gcs_task
AIRFLOW_CTX_EXECUTION_DATE=2019-11-02T06:00:00+00:00
AIRFLOW_CTX_DAG_RUN_ID=scheduled__2019-11-02T06:00:00+00:00
[2022-03-26 11:17:48,201] {python.py:175} INFO - Done. Returned value was: None
[2022-03-26 11:17:48,259] {taskinstance.py:1277} INFO - Marking task as SUCCESS. dag_id=dtc_project_ingest, task_id=local_to_gcs_task, execution_date=20191102T060000, start_date=20220326T111603, end_date=20220326T111748
[2022-03-26 11:17:48,369] {local_task_job.py:154} INFO - Task exited with return code 0
[2022-03-26 11:17:48,456] {local_task_job.py:264} INFO - 1 downstream tasks scheduled from follow-on schedule check
[2022-03-26 15:40:33,382] {taskinstance.py:1032} INFO - Dependencies all met for <TaskInstance: dtc_project_ingest.local_to_gcs_task scheduled__2019-11-02T06:00:00+00:00 [queued]>
[2022-03-26 15:40:33,401] {taskinstance.py:1032} INFO - Dependencies all met for <TaskInstance: dtc_project_ingest.local_to_gcs_task scheduled__2019-11-02T06:00:00+00:00 [queued]>
[2022-03-26 15:40:33,402] {taskinstance.py:1238} INFO - 
--------------------------------------------------------------------------------
[2022-03-26 15:40:33,403] {taskinstance.py:1239} INFO - Starting attempt 1 of 2
[2022-03-26 15:40:33,404] {taskinstance.py:1240} INFO - 
--------------------------------------------------------------------------------
[2022-03-26 15:40:33,425] {taskinstance.py:1259} INFO - Executing <Task(PythonOperator): local_to_gcs_task> on 2019-11-02 06:00:00+00:00
[2022-03-26 15:40:33,433] {standard_task_runner.py:52} INFO - Started process 20795 to run task
[2022-03-26 15:40:33,447] {standard_task_runner.py:76} INFO - Running: ['***', 'tasks', 'run', 'dtc_project_ingest', 'local_to_gcs_task', 'scheduled__2019-11-02T06:00:00+00:00', '--job-id', '1632', '--raw', '--subdir', 'DAGS_FOLDER/project_data_ingestion.py', '--cfg-path', '/tmp/tmpl1a0thse', '--error-file', '/tmp/tmpmun5apcy']
[2022-03-26 15:40:33,450] {standard_task_runner.py:77} INFO - Job 1632: Subtask local_to_gcs_task
[2022-03-26 15:40:33,547] {logging_mixin.py:109} INFO - Running <TaskInstance: dtc_project_ingest.local_to_gcs_task scheduled__2019-11-02T06:00:00+00:00 [running]> on host c800f4dda314
[2022-03-26 15:40:33,608] {warnings.py:110} WARNING - /home/***/.local/lib/python3.7/site-packages/***/utils/context.py:152: AirflowContextDeprecationWarning: Accessing 'execution_date' from the template is deprecated and will be removed in a future version. Please use 'data_interval_start' or 'logical_date' instead.
  warnings.warn(_create_deprecation_warning(key, self._deprecation_replacements[key]))

[2022-03-26 15:40:33,640] {taskinstance.py:1426} INFO - Exporting the following env vars:
AIRFLOW_CTX_DAG_OWNER=***
AIRFLOW_CTX_DAG_ID=dtc_project_ingest
AIRFLOW_CTX_TASK_ID=local_to_gcs_task
AIRFLOW_CTX_EXECUTION_DATE=2019-11-02T06:00:00+00:00
AIRFLOW_CTX_DAG_RUN_ID=scheduled__2019-11-02T06:00:00+00:00
[2022-03-26 15:41:46,415] {python.py:175} INFO - Done. Returned value was: None
[2022-03-26 15:41:46,430] {taskinstance.py:1277} INFO - Marking task as SUCCESS. dag_id=dtc_project_ingest, task_id=local_to_gcs_task, execution_date=20191102T060000, start_date=20220326T154033, end_date=20220326T154146
[2022-03-26 15:41:46,461] {local_task_job.py:154} INFO - Task exited with return code 0
[2022-03-26 15:41:46,498] {local_task_job.py:264} INFO - 1 downstream tasks scheduled from follow-on schedule check
