[2022-03-23 09:18:57,737] {taskinstance.py:1032} INFO - Dependencies all met for <TaskInstance: dtc_project_ingest.format_to_parquet_task scheduled__2020-01-02T06:00:00+00:00 [queued]>
[2022-03-23 09:18:57,749] {taskinstance.py:1032} INFO - Dependencies all met for <TaskInstance: dtc_project_ingest.format_to_parquet_task scheduled__2020-01-02T06:00:00+00:00 [queued]>
[2022-03-23 09:18:57,751] {taskinstance.py:1238} INFO - 
--------------------------------------------------------------------------------
[2022-03-23 09:18:57,751] {taskinstance.py:1239} INFO - Starting attempt 1 of 2
[2022-03-23 09:18:57,752] {taskinstance.py:1240} INFO - 
--------------------------------------------------------------------------------
[2022-03-23 09:18:57,766] {taskinstance.py:1259} INFO - Executing <Task(PythonOperator): format_to_parquet_task> on 2020-01-02 06:00:00+00:00
[2022-03-23 09:18:57,774] {standard_task_runner.py:52} INFO - Started process 2044 to run task
[2022-03-23 09:18:57,780] {standard_task_runner.py:76} INFO - Running: ['***', 'tasks', 'run', 'dtc_project_ingest', 'format_to_parquet_task', 'scheduled__2020-01-02T06:00:00+00:00', '--job-id', '744', '--raw', '--subdir', 'DAGS_FOLDER/project_data_ingestion.py', '--cfg-path', '/tmp/tmpovn0hqmr', '--error-file', '/tmp/tmpixn0j07m']
[2022-03-23 09:18:57,782] {standard_task_runner.py:77} INFO - Job 744: Subtask format_to_parquet_task
[2022-03-23 09:18:57,854] {logging_mixin.py:109} INFO - Running <TaskInstance: dtc_project_ingest.format_to_parquet_task scheduled__2020-01-02T06:00:00+00:00 [running]> on host 7127e26385ba
[2022-03-23 09:18:57,906] {warnings.py:110} WARNING - /home/***/.local/lib/python3.7/site-packages/***/utils/context.py:152: AirflowContextDeprecationWarning: Accessing 'execution_date' from the template is deprecated and will be removed in a future version. Please use 'data_interval_start' or 'logical_date' instead.
  warnings.warn(_create_deprecation_warning(key, self._deprecation_replacements[key]))

[2022-03-23 09:18:57,934] {taskinstance.py:1426} INFO - Exporting the following env vars:
AIRFLOW_CTX_DAG_OWNER=***
AIRFLOW_CTX_DAG_ID=dtc_project_ingest
AIRFLOW_CTX_TASK_ID=format_to_parquet_task
AIRFLOW_CTX_EXECUTION_DATE=2020-01-02T06:00:00+00:00
AIRFLOW_CTX_DAG_RUN_ID=scheduled__2020-01-02T06:00:00+00:00
[2022-03-23 09:19:00,753] {python.py:175} INFO - Done. Returned value was: None
[2022-03-23 09:19:00,766] {taskinstance.py:1277} INFO - Marking task as SUCCESS. dag_id=dtc_project_ingest, task_id=format_to_parquet_task, execution_date=20200102T060000, start_date=20220323T091857, end_date=20220323T091900
[2022-03-23 09:19:01,384] {local_task_job.py:154} INFO - Task exited with return code 0
[2022-03-23 09:19:01,435] {local_task_job.py:264} INFO - 1 downstream tasks scheduled from follow-on schedule check
[2022-03-23 16:27:44,703] {taskinstance.py:1032} INFO - Dependencies all met for <TaskInstance: dtc_project_ingest.format_to_parquet_task scheduled__2020-01-02T06:00:00+00:00 [queued]>
[2022-03-23 16:27:44,716] {taskinstance.py:1032} INFO - Dependencies all met for <TaskInstance: dtc_project_ingest.format_to_parquet_task scheduled__2020-01-02T06:00:00+00:00 [queued]>
[2022-03-23 16:27:44,717] {taskinstance.py:1238} INFO - 
--------------------------------------------------------------------------------
[2022-03-23 16:27:44,718] {taskinstance.py:1239} INFO - Starting attempt 1 of 2
[2022-03-23 16:27:44,718] {taskinstance.py:1240} INFO - 
--------------------------------------------------------------------------------
[2022-03-23 16:27:44,730] {taskinstance.py:1259} INFO - Executing <Task(PythonOperator): format_to_parquet_task> on 2020-01-02 06:00:00+00:00
[2022-03-23 16:27:44,737] {standard_task_runner.py:52} INFO - Started process 5417 to run task
[2022-03-23 16:27:44,742] {standard_task_runner.py:76} INFO - Running: ['***', 'tasks', 'run', 'dtc_project_ingest', 'format_to_parquet_task', 'scheduled__2020-01-02T06:00:00+00:00', '--job-id', '1058', '--raw', '--subdir', 'DAGS_FOLDER/project_data_ingestion.py', '--cfg-path', '/tmp/tmpaev7lo3c', '--error-file', '/tmp/tmpzut9bnrp']
[2022-03-23 16:27:44,744] {standard_task_runner.py:77} INFO - Job 1058: Subtask format_to_parquet_task
[2022-03-23 16:27:44,818] {logging_mixin.py:109} INFO - Running <TaskInstance: dtc_project_ingest.format_to_parquet_task scheduled__2020-01-02T06:00:00+00:00 [running]> on host 7127e26385ba
[2022-03-23 16:27:44,866] {warnings.py:110} WARNING - /home/***/.local/lib/python3.7/site-packages/***/utils/context.py:152: AirflowContextDeprecationWarning: Accessing 'execution_date' from the template is deprecated and will be removed in a future version. Please use 'data_interval_start' or 'logical_date' instead.
  warnings.warn(_create_deprecation_warning(key, self._deprecation_replacements[key]))

[2022-03-23 16:27:44,894] {taskinstance.py:1426} INFO - Exporting the following env vars:
AIRFLOW_CTX_DAG_OWNER=***
AIRFLOW_CTX_DAG_ID=dtc_project_ingest
AIRFLOW_CTX_TASK_ID=format_to_parquet_task
AIRFLOW_CTX_EXECUTION_DATE=2020-01-02T06:00:00+00:00
AIRFLOW_CTX_DAG_RUN_ID=scheduled__2020-01-02T06:00:00+00:00
[2022-03-23 16:27:48,030] {python.py:175} INFO - Done. Returned value was: None
[2022-03-23 16:27:48,046] {taskinstance.py:1277} INFO - Marking task as SUCCESS. dag_id=dtc_project_ingest, task_id=format_to_parquet_task, execution_date=20200102T060000, start_date=20220323T162744, end_date=20220323T162748
[2022-03-23 16:27:48,189] {local_task_job.py:154} INFO - Task exited with return code 0
[2022-03-23 16:27:48,236] {local_task_job.py:264} INFO - 1 downstream tasks scheduled from follow-on schedule check
[2022-03-26 11:19:44,128] {taskinstance.py:1032} INFO - Dependencies all met for <TaskInstance: dtc_project_ingest.format_to_parquet_task scheduled__2020-01-02T06:00:00+00:00 [queued]>
[2022-03-26 11:19:44,144] {taskinstance.py:1032} INFO - Dependencies all met for <TaskInstance: dtc_project_ingest.format_to_parquet_task scheduled__2020-01-02T06:00:00+00:00 [queued]>
[2022-03-26 11:19:44,145] {taskinstance.py:1238} INFO - 
--------------------------------------------------------------------------------
[2022-03-26 11:19:44,145] {taskinstance.py:1239} INFO - Starting attempt 1 of 2
[2022-03-26 11:19:44,146] {taskinstance.py:1240} INFO - 
--------------------------------------------------------------------------------
[2022-03-26 11:19:44,168] {taskinstance.py:1259} INFO - Executing <Task(PythonOperator): format_to_parquet_task> on 2020-01-02 06:00:00+00:00
[2022-03-26 11:19:44,176] {standard_task_runner.py:52} INFO - Started process 7695 to run task
[2022-03-26 11:19:44,185] {standard_task_runner.py:76} INFO - Running: ['***', 'tasks', 'run', 'dtc_project_ingest', 'format_to_parquet_task', 'scheduled__2020-01-02T06:00:00+00:00', '--job-id', '1414', '--raw', '--subdir', 'DAGS_FOLDER/project_data_ingestion.py', '--cfg-path', '/tmp/tmp31ze5w3f', '--error-file', '/tmp/tmpnozszstm']
[2022-03-26 11:19:44,188] {standard_task_runner.py:77} INFO - Job 1414: Subtask format_to_parquet_task
[2022-03-26 11:19:44,267] {logging_mixin.py:109} INFO - Running <TaskInstance: dtc_project_ingest.format_to_parquet_task scheduled__2020-01-02T06:00:00+00:00 [running]> on host c800f4dda314
[2022-03-26 11:19:44,358] {warnings.py:110} WARNING - /home/***/.local/lib/python3.7/site-packages/***/utils/context.py:152: AirflowContextDeprecationWarning: Accessing 'execution_date' from the template is deprecated and will be removed in a future version. Please use 'data_interval_start' or 'logical_date' instead.
  warnings.warn(_create_deprecation_warning(key, self._deprecation_replacements[key]))

[2022-03-26 11:19:44,393] {taskinstance.py:1426} INFO - Exporting the following env vars:
AIRFLOW_CTX_DAG_OWNER=***
AIRFLOW_CTX_DAG_ID=dtc_project_ingest
AIRFLOW_CTX_TASK_ID=format_to_parquet_task
AIRFLOW_CTX_EXECUTION_DATE=2020-01-02T06:00:00+00:00
AIRFLOW_CTX_DAG_RUN_ID=scheduled__2020-01-02T06:00:00+00:00
[2022-03-26 11:19:49,157] {python.py:175} INFO - Done. Returned value was: None
[2022-03-26 11:19:49,179] {taskinstance.py:1277} INFO - Marking task as SUCCESS. dag_id=dtc_project_ingest, task_id=format_to_parquet_task, execution_date=20200102T060000, start_date=20220326T111944, end_date=20220326T111949
[2022-03-26 11:19:49,288] {local_task_job.py:212} WARNING - State of this instance has been externally set to success. Terminating instance.
[2022-03-26 11:19:49,297] {process_utils.py:124} INFO - Sending Signals.SIGTERM to group 7695. PIDs of all processes in the group: [7695]
[2022-03-26 11:19:49,299] {process_utils.py:75} INFO - Sending the signal Signals.SIGTERM to group 7695
[2022-03-26 11:19:49,394] {process_utils.py:70} INFO - Process psutil.Process(pid=7695, status='terminated', exitcode=0, started='11:19:43') (7695) terminated with exit code 0
[2022-03-26 15:43:00,773] {taskinstance.py:1032} INFO - Dependencies all met for <TaskInstance: dtc_project_ingest.format_to_parquet_task scheduled__2020-01-02T06:00:00+00:00 [queued]>
[2022-03-26 15:43:00,823] {taskinstance.py:1032} INFO - Dependencies all met for <TaskInstance: dtc_project_ingest.format_to_parquet_task scheduled__2020-01-02T06:00:00+00:00 [queued]>
[2022-03-26 15:43:00,825] {taskinstance.py:1238} INFO - 
--------------------------------------------------------------------------------
[2022-03-26 15:43:00,826] {taskinstance.py:1239} INFO - Starting attempt 1 of 2
[2022-03-26 15:43:00,832] {taskinstance.py:1240} INFO - 
--------------------------------------------------------------------------------
[2022-03-26 15:43:00,873] {taskinstance.py:1259} INFO - Executing <Task(PythonOperator): format_to_parquet_task> on 2020-01-02 06:00:00+00:00
[2022-03-26 15:43:00,889] {standard_task_runner.py:52} INFO - Started process 20962 to run task
[2022-03-26 15:43:00,895] {standard_task_runner.py:76} INFO - Running: ['***', 'tasks', 'run', 'dtc_project_ingest', 'format_to_parquet_task', 'scheduled__2020-01-02T06:00:00+00:00', '--job-id', '1642', '--raw', '--subdir', 'DAGS_FOLDER/project_data_ingestion.py', '--cfg-path', '/tmp/tmpsrybq6xb', '--error-file', '/tmp/tmp742dhm_g']
[2022-03-26 15:43:00,904] {standard_task_runner.py:77} INFO - Job 1642: Subtask format_to_parquet_task
[2022-03-26 15:43:01,092] {logging_mixin.py:109} INFO - Running <TaskInstance: dtc_project_ingest.format_to_parquet_task scheduled__2020-01-02T06:00:00+00:00 [running]> on host c800f4dda314
[2022-03-26 15:43:01,195] {warnings.py:110} WARNING - /home/***/.local/lib/python3.7/site-packages/***/utils/context.py:152: AirflowContextDeprecationWarning: Accessing 'execution_date' from the template is deprecated and will be removed in a future version. Please use 'data_interval_start' or 'logical_date' instead.
  warnings.warn(_create_deprecation_warning(key, self._deprecation_replacements[key]))

[2022-03-26 15:43:01,280] {taskinstance.py:1426} INFO - Exporting the following env vars:
AIRFLOW_CTX_DAG_OWNER=***
AIRFLOW_CTX_DAG_ID=dtc_project_ingest
AIRFLOW_CTX_TASK_ID=format_to_parquet_task
AIRFLOW_CTX_EXECUTION_DATE=2020-01-02T06:00:00+00:00
AIRFLOW_CTX_DAG_RUN_ID=scheduled__2020-01-02T06:00:00+00:00
[2022-03-26 15:43:08,411] {python.py:175} INFO - Done. Returned value was: None
[2022-03-26 15:43:08,443] {taskinstance.py:1277} INFO - Marking task as SUCCESS. dag_id=dtc_project_ingest, task_id=format_to_parquet_task, execution_date=20200102T060000, start_date=20220326T154300, end_date=20220326T154308
[2022-03-26 15:43:08,669] {local_task_job.py:154} INFO - Task exited with return code 0
[2022-03-26 15:43:08,835] {local_task_job.py:264} INFO - 1 downstream tasks scheduled from follow-on schedule check
