[2022-03-23 09:03:38,883] {taskinstance.py:1032} INFO - Dependencies all met for <TaskInstance: dtc_project_ingest.rm_task scheduled__2018-11-02T06:00:00+00:00 [queued]>
[2022-03-23 09:03:38,895] {taskinstance.py:1032} INFO - Dependencies all met for <TaskInstance: dtc_project_ingest.rm_task scheduled__2018-11-02T06:00:00+00:00 [queued]>
[2022-03-23 09:03:38,896] {taskinstance.py:1238} INFO - 
--------------------------------------------------------------------------------
[2022-03-23 09:03:38,896] {taskinstance.py:1239} INFO - Starting attempt 1 of 2
[2022-03-23 09:03:38,897] {taskinstance.py:1240} INFO - 
--------------------------------------------------------------------------------
[2022-03-23 09:03:38,910] {taskinstance.py:1259} INFO - Executing <Task(BashOperator): rm_task> on 2018-11-02 06:00:00+00:00
[2022-03-23 09:03:38,916] {standard_task_runner.py:52} INFO - Started process 1008 to run task
[2022-03-23 09:03:38,920] {standard_task_runner.py:76} INFO - Running: ['***', 'tasks', 'run', 'dtc_project_ingest', 'rm_task', 'scheduled__2018-11-02T06:00:00+00:00', '--job-id', '687', '--raw', '--subdir', 'DAGS_FOLDER/project_data_ingestion.py', '--cfg-path', '/tmp/tmpa87vjfo1', '--error-file', '/tmp/tmps1s64tic']
[2022-03-23 09:03:38,921] {standard_task_runner.py:77} INFO - Job 687: Subtask rm_task
[2022-03-23 09:03:38,987] {logging_mixin.py:109} INFO - Running <TaskInstance: dtc_project_ingest.rm_task scheduled__2018-11-02T06:00:00+00:00 [running]> on host 7127e26385ba
[2022-03-23 09:03:39,033] {warnings.py:110} WARNING - /home/***/.local/lib/python3.7/site-packages/***/utils/context.py:152: AirflowContextDeprecationWarning: Accessing 'execution_date' from the template is deprecated and will be removed in a future version. Please use 'data_interval_start' or 'logical_date' instead.
  warnings.warn(_create_deprecation_warning(key, self._deprecation_replacements[key]))

[2022-03-23 09:03:39,058] {taskinstance.py:1426} INFO - Exporting the following env vars:
AIRFLOW_CTX_DAG_OWNER=***
AIRFLOW_CTX_DAG_ID=dtc_project_ingest
AIRFLOW_CTX_TASK_ID=rm_task
AIRFLOW_CTX_EXECUTION_DATE=2018-11-02T06:00:00+00:00
AIRFLOW_CTX_DAG_RUN_ID=scheduled__2018-11-02T06:00:00+00:00
[2022-03-23 09:03:39,059] {subprocess.py:62} INFO - Tmp dir root location: 
 /tmp
[2022-03-23 09:03:39,061] {subprocess.py:74} INFO - Running command: ['bash', '-c', 'rm /opt/***/201811-citibike-tripdata.csv /opt/***/201811-citibike-tripdata.parquet']
[2022-03-23 09:03:39,076] {subprocess.py:85} INFO - Output:
[2022-03-23 09:03:39,153] {subprocess.py:93} INFO - Command exited with return code 0
[2022-03-23 09:03:39,181] {taskinstance.py:1277} INFO - Marking task as SUCCESS. dag_id=dtc_project_ingest, task_id=rm_task, execution_date=20181102T060000, start_date=20220323T090338, end_date=20220323T090339
[2022-03-23 09:03:39,217] {local_task_job.py:154} INFO - Task exited with return code 0
[2022-03-23 09:03:39,256] {local_task_job.py:264} INFO - 0 downstream tasks scheduled from follow-on schedule check
[2022-03-23 16:04:03,836] {taskinstance.py:1032} INFO - Dependencies all met for <TaskInstance: dtc_project_ingest.rm_task scheduled__2018-11-02T06:00:00+00:00 [queued]>
[2022-03-23 16:04:03,848] {taskinstance.py:1032} INFO - Dependencies all met for <TaskInstance: dtc_project_ingest.rm_task scheduled__2018-11-02T06:00:00+00:00 [queued]>
[2022-03-23 16:04:03,849] {taskinstance.py:1238} INFO - 
--------------------------------------------------------------------------------
[2022-03-23 16:04:03,850] {taskinstance.py:1239} INFO - Starting attempt 1 of 2
[2022-03-23 16:04:03,851] {taskinstance.py:1240} INFO - 
--------------------------------------------------------------------------------
[2022-03-23 16:04:03,862] {taskinstance.py:1259} INFO - Executing <Task(BashOperator): rm_task> on 2018-11-02 06:00:00+00:00
[2022-03-23 16:04:03,869] {standard_task_runner.py:52} INFO - Started process 3952 to run task
[2022-03-23 16:04:03,873] {standard_task_runner.py:76} INFO - Running: ['***', 'tasks', 'run', 'dtc_project_ingest', 'rm_task', 'scheduled__2018-11-02T06:00:00+00:00', '--job-id', '985', '--raw', '--subdir', 'DAGS_FOLDER/project_data_ingestion.py', '--cfg-path', '/tmp/tmpzzgnxncj', '--error-file', '/tmp/tmp33fjk9ot']
[2022-03-23 16:04:03,875] {standard_task_runner.py:77} INFO - Job 985: Subtask rm_task
[2022-03-23 16:04:03,947] {logging_mixin.py:109} INFO - Running <TaskInstance: dtc_project_ingest.rm_task scheduled__2018-11-02T06:00:00+00:00 [running]> on host 7127e26385ba
[2022-03-23 16:04:03,994] {warnings.py:110} WARNING - /home/***/.local/lib/python3.7/site-packages/***/utils/context.py:152: AirflowContextDeprecationWarning: Accessing 'execution_date' from the template is deprecated and will be removed in a future version. Please use 'data_interval_start' or 'logical_date' instead.
  warnings.warn(_create_deprecation_warning(key, self._deprecation_replacements[key]))

[2022-03-23 16:04:04,019] {taskinstance.py:1426} INFO - Exporting the following env vars:
AIRFLOW_CTX_DAG_OWNER=***
AIRFLOW_CTX_DAG_ID=dtc_project_ingest
AIRFLOW_CTX_TASK_ID=rm_task
AIRFLOW_CTX_EXECUTION_DATE=2018-11-02T06:00:00+00:00
AIRFLOW_CTX_DAG_RUN_ID=scheduled__2018-11-02T06:00:00+00:00
[2022-03-23 16:04:04,024] {subprocess.py:62} INFO - Tmp dir root location: 
 /tmp
[2022-03-23 16:04:04,027] {subprocess.py:74} INFO - Running command: ['bash', '-c', 'rm /opt/***/201811-citibike-tripdata.csv /opt/***/201811-citibike-tripdata.parquet']
[2022-03-23 16:04:04,043] {subprocess.py:85} INFO - Output:
[2022-03-23 16:04:04,109] {subprocess.py:93} INFO - Command exited with return code 0
[2022-03-23 16:04:04,138] {taskinstance.py:1277} INFO - Marking task as SUCCESS. dag_id=dtc_project_ingest, task_id=rm_task, execution_date=20181102T060000, start_date=20220323T160403, end_date=20220323T160404
[2022-03-23 16:04:04,169] {local_task_job.py:154} INFO - Task exited with return code 0
[2022-03-23 16:04:04,204] {local_task_job.py:264} INFO - 0 downstream tasks scheduled from follow-on schedule check
[2022-03-26 10:54:53,344] {taskinstance.py:1032} INFO - Dependencies all met for <TaskInstance: dtc_project_ingest.rm_task scheduled__2018-11-02T06:00:00+00:00 [queued]>
[2022-03-26 10:54:53,364] {taskinstance.py:1032} INFO - Dependencies all met for <TaskInstance: dtc_project_ingest.rm_task scheduled__2018-11-02T06:00:00+00:00 [queued]>
[2022-03-26 10:54:53,365] {taskinstance.py:1238} INFO - 
--------------------------------------------------------------------------------
[2022-03-26 10:54:53,366] {taskinstance.py:1239} INFO - Starting attempt 1 of 2
[2022-03-26 10:54:53,368] {taskinstance.py:1240} INFO - 
--------------------------------------------------------------------------------
[2022-03-26 10:54:53,387] {taskinstance.py:1259} INFO - Executing <Task(BashOperator): rm_task> on 2018-11-02 06:00:00+00:00
[2022-03-26 10:54:53,396] {standard_task_runner.py:52} INFO - Started process 6299 to run task
[2022-03-26 10:54:53,404] {standard_task_runner.py:76} INFO - Running: ['***', 'tasks', 'run', 'dtc_project_ingest', 'rm_task', 'scheduled__2018-11-02T06:00:00+00:00', '--job-id', '1352', '--raw', '--subdir', 'DAGS_FOLDER/project_data_ingestion.py', '--cfg-path', '/tmp/tmpnrcqlzna', '--error-file', '/tmp/tmp4ck_umjf']
[2022-03-26 10:54:53,406] {standard_task_runner.py:77} INFO - Job 1352: Subtask rm_task
[2022-03-26 10:54:53,525] {logging_mixin.py:109} INFO - Running <TaskInstance: dtc_project_ingest.rm_task scheduled__2018-11-02T06:00:00+00:00 [running]> on host c800f4dda314
[2022-03-26 10:54:53,598] {warnings.py:110} WARNING - /home/***/.local/lib/python3.7/site-packages/***/utils/context.py:152: AirflowContextDeprecationWarning: Accessing 'execution_date' from the template is deprecated and will be removed in a future version. Please use 'data_interval_start' or 'logical_date' instead.
  warnings.warn(_create_deprecation_warning(key, self._deprecation_replacements[key]))

[2022-03-26 10:54:53,639] {taskinstance.py:1426} INFO - Exporting the following env vars:
AIRFLOW_CTX_DAG_OWNER=***
AIRFLOW_CTX_DAG_ID=dtc_project_ingest
AIRFLOW_CTX_TASK_ID=rm_task
AIRFLOW_CTX_EXECUTION_DATE=2018-11-02T06:00:00+00:00
AIRFLOW_CTX_DAG_RUN_ID=scheduled__2018-11-02T06:00:00+00:00
[2022-03-26 10:54:53,643] {subprocess.py:62} INFO - Tmp dir root location: 
 /tmp
[2022-03-26 10:54:53,646] {subprocess.py:74} INFO - Running command: ['bash', '-c', 'rm /opt/***/201811-citibike-tripdata.csv /opt/***/201811-citibike-tripdata.parquet']
[2022-03-26 10:54:53,672] {subprocess.py:85} INFO - Output:
[2022-03-26 10:54:53,771] {subprocess.py:93} INFO - Command exited with return code 0
[2022-03-26 10:54:53,821] {taskinstance.py:1277} INFO - Marking task as SUCCESS. dag_id=dtc_project_ingest, task_id=rm_task, execution_date=20181102T060000, start_date=20220326T105453, end_date=20220326T105453
[2022-03-26 10:54:53,901] {local_task_job.py:154} INFO - Task exited with return code 0
[2022-03-26 10:54:53,957] {local_task_job.py:264} INFO - 0 downstream tasks scheduled from follow-on schedule check
[2022-03-26 15:32:35,154] {taskinstance.py:1032} INFO - Dependencies all met for <TaskInstance: dtc_project_ingest.rm_task scheduled__2018-11-02T06:00:00+00:00 [queued]>
[2022-03-26 15:32:35,166] {taskinstance.py:1032} INFO - Dependencies all met for <TaskInstance: dtc_project_ingest.rm_task scheduled__2018-11-02T06:00:00+00:00 [queued]>
[2022-03-26 15:32:35,167] {taskinstance.py:1238} INFO - 
--------------------------------------------------------------------------------
[2022-03-26 15:32:35,168] {taskinstance.py:1239} INFO - Starting attempt 1 of 2
[2022-03-26 15:32:35,169] {taskinstance.py:1240} INFO - 
--------------------------------------------------------------------------------
[2022-03-26 15:32:35,181] {taskinstance.py:1259} INFO - Executing <Task(BashOperator): rm_task> on 2018-11-02 06:00:00+00:00
[2022-03-26 15:32:35,187] {standard_task_runner.py:52} INFO - Started process 20230 to run task
[2022-03-26 15:32:35,192] {standard_task_runner.py:76} INFO - Running: ['***', 'tasks', 'run', 'dtc_project_ingest', 'rm_task', 'scheduled__2018-11-02T06:00:00+00:00', '--job-id', '1590', '--raw', '--subdir', 'DAGS_FOLDER/project_data_ingestion.py', '--cfg-path', '/tmp/tmpzg927ii7', '--error-file', '/tmp/tmpr_2ydd1j']
[2022-03-26 15:32:35,194] {standard_task_runner.py:77} INFO - Job 1590: Subtask rm_task
[2022-03-26 15:32:35,265] {logging_mixin.py:109} INFO - Running <TaskInstance: dtc_project_ingest.rm_task scheduled__2018-11-02T06:00:00+00:00 [running]> on host c800f4dda314
[2022-03-26 15:32:35,309] {warnings.py:110} WARNING - /home/***/.local/lib/python3.7/site-packages/***/utils/context.py:152: AirflowContextDeprecationWarning: Accessing 'execution_date' from the template is deprecated and will be removed in a future version. Please use 'data_interval_start' or 'logical_date' instead.
  warnings.warn(_create_deprecation_warning(key, self._deprecation_replacements[key]))

[2022-03-26 15:32:35,334] {taskinstance.py:1426} INFO - Exporting the following env vars:
AIRFLOW_CTX_DAG_OWNER=***
AIRFLOW_CTX_DAG_ID=dtc_project_ingest
AIRFLOW_CTX_TASK_ID=rm_task
AIRFLOW_CTX_EXECUTION_DATE=2018-11-02T06:00:00+00:00
AIRFLOW_CTX_DAG_RUN_ID=scheduled__2018-11-02T06:00:00+00:00
[2022-03-26 15:32:35,336] {subprocess.py:62} INFO - Tmp dir root location: 
 /tmp
[2022-03-26 15:32:35,337] {subprocess.py:74} INFO - Running command: ['bash', '-c', 'rm /opt/***/201811-citibike-tripdata.csv /opt/***/201811-citibike-tripdata.parquet']
[2022-03-26 15:32:35,351] {subprocess.py:85} INFO - Output:
[2022-03-26 15:32:35,423] {subprocess.py:93} INFO - Command exited with return code 0
[2022-03-26 15:32:35,451] {taskinstance.py:1277} INFO - Marking task as SUCCESS. dag_id=dtc_project_ingest, task_id=rm_task, execution_date=20181102T060000, start_date=20220326T153235, end_date=20220326T153235
[2022-03-26 15:32:35,487] {local_task_job.py:154} INFO - Task exited with return code 0
[2022-03-26 15:32:35,521] {local_task_job.py:264} INFO - 0 downstream tasks scheduled from follow-on schedule check
