[2022-03-23 09:19:35,042] {taskinstance.py:1032} INFO - Dependencies all met for <TaskInstance: dtc_project_ingest.rm_task scheduled__2020-04-02T06:00:00+00:00 [queued]>
[2022-03-23 09:19:35,053] {taskinstance.py:1032} INFO - Dependencies all met for <TaskInstance: dtc_project_ingest.rm_task scheduled__2020-04-02T06:00:00+00:00 [queued]>
[2022-03-23 09:19:35,054] {taskinstance.py:1238} INFO - 
--------------------------------------------------------------------------------
[2022-03-23 09:19:35,055] {taskinstance.py:1239} INFO - Starting attempt 1 of 2
[2022-03-23 09:19:35,056] {taskinstance.py:1240} INFO - 
--------------------------------------------------------------------------------
[2022-03-23 09:19:35,086] {taskinstance.py:1259} INFO - Executing <Task(BashOperator): rm_task> on 2020-04-02 06:00:00+00:00
[2022-03-23 09:19:35,109] {standard_task_runner.py:52} INFO - Started process 2105 to run task
[2022-03-23 09:19:35,125] {standard_task_runner.py:76} INFO - Running: ['***', 'tasks', 'run', 'dtc_project_ingest', 'rm_task', 'scheduled__2020-04-02T06:00:00+00:00', '--job-id', '752', '--raw', '--subdir', 'DAGS_FOLDER/project_data_ingestion.py', '--cfg-path', '/tmp/tmpdm31ca4u', '--error-file', '/tmp/tmpsnxpjvlr']
[2022-03-23 09:19:35,126] {standard_task_runner.py:77} INFO - Job 752: Subtask rm_task
[2022-03-23 09:19:35,196] {logging_mixin.py:109} INFO - Running <TaskInstance: dtc_project_ingest.rm_task scheduled__2020-04-02T06:00:00+00:00 [running]> on host 7127e26385ba
[2022-03-23 09:19:35,246] {warnings.py:110} WARNING - /home/***/.local/lib/python3.7/site-packages/***/utils/context.py:152: AirflowContextDeprecationWarning: Accessing 'execution_date' from the template is deprecated and will be removed in a future version. Please use 'data_interval_start' or 'logical_date' instead.
  warnings.warn(_create_deprecation_warning(key, self._deprecation_replacements[key]))

[2022-03-23 09:19:35,287] {taskinstance.py:1426} INFO - Exporting the following env vars:
AIRFLOW_CTX_DAG_OWNER=***
AIRFLOW_CTX_DAG_ID=dtc_project_ingest
AIRFLOW_CTX_TASK_ID=rm_task
AIRFLOW_CTX_EXECUTION_DATE=2020-04-02T06:00:00+00:00
AIRFLOW_CTX_DAG_RUN_ID=scheduled__2020-04-02T06:00:00+00:00
[2022-03-23 09:19:35,290] {subprocess.py:62} INFO - Tmp dir root location: 
 /tmp
[2022-03-23 09:19:35,293] {subprocess.py:74} INFO - Running command: ['bash', '-c', 'rm /opt/***/202004-citibike-tripdata.csv /opt/***/202004-citibike-tripdata.parquet']
[2022-03-23 09:19:35,318] {subprocess.py:85} INFO - Output:
[2022-03-23 09:19:35,365] {subprocess.py:93} INFO - Command exited with return code 0
[2022-03-23 09:19:35,421] {taskinstance.py:1277} INFO - Marking task as SUCCESS. dag_id=dtc_project_ingest, task_id=rm_task, execution_date=20200402T060000, start_date=20220323T091935, end_date=20220323T091935
[2022-03-23 09:19:35,457] {local_task_job.py:154} INFO - Task exited with return code 0
[2022-03-23 09:19:35,520] {local_task_job.py:264} INFO - 0 downstream tasks scheduled from follow-on schedule check
[2022-03-23 16:29:35,334] {taskinstance.py:1032} INFO - Dependencies all met for <TaskInstance: dtc_project_ingest.rm_task scheduled__2020-04-02T06:00:00+00:00 [queued]>
[2022-03-23 16:29:35,350] {taskinstance.py:1032} INFO - Dependencies all met for <TaskInstance: dtc_project_ingest.rm_task scheduled__2020-04-02T06:00:00+00:00 [queued]>
[2022-03-23 16:29:35,351] {taskinstance.py:1238} INFO - 
--------------------------------------------------------------------------------
[2022-03-23 16:29:35,352] {taskinstance.py:1239} INFO - Starting attempt 1 of 2
[2022-03-23 16:29:35,354] {taskinstance.py:1240} INFO - 
--------------------------------------------------------------------------------
[2022-03-23 16:29:35,370] {taskinstance.py:1259} INFO - Executing <Task(BashOperator): rm_task> on 2020-04-02 06:00:00+00:00
[2022-03-23 16:29:35,382] {standard_task_runner.py:52} INFO - Started process 5563 to run task
[2022-03-23 16:29:35,387] {standard_task_runner.py:76} INFO - Running: ['***', 'tasks', 'run', 'dtc_project_ingest', 'rm_task', 'scheduled__2020-04-02T06:00:00+00:00', '--job-id', '1072', '--raw', '--subdir', 'DAGS_FOLDER/project_data_ingestion.py', '--cfg-path', '/tmp/tmpqemvy7gp', '--error-file', '/tmp/tmpj08hg9of']
[2022-03-23 16:29:35,389] {standard_task_runner.py:77} INFO - Job 1072: Subtask rm_task
[2022-03-23 16:29:35,470] {logging_mixin.py:109} INFO - Running <TaskInstance: dtc_project_ingest.rm_task scheduled__2020-04-02T06:00:00+00:00 [running]> on host 7127e26385ba
[2022-03-23 16:29:35,558] {warnings.py:110} WARNING - /home/***/.local/lib/python3.7/site-packages/***/utils/context.py:152: AirflowContextDeprecationWarning: Accessing 'execution_date' from the template is deprecated and will be removed in a future version. Please use 'data_interval_start' or 'logical_date' instead.
  warnings.warn(_create_deprecation_warning(key, self._deprecation_replacements[key]))

[2022-03-23 16:29:35,583] {taskinstance.py:1426} INFO - Exporting the following env vars:
AIRFLOW_CTX_DAG_OWNER=***
AIRFLOW_CTX_DAG_ID=dtc_project_ingest
AIRFLOW_CTX_TASK_ID=rm_task
AIRFLOW_CTX_EXECUTION_DATE=2020-04-02T06:00:00+00:00
AIRFLOW_CTX_DAG_RUN_ID=scheduled__2020-04-02T06:00:00+00:00
[2022-03-23 16:29:35,585] {subprocess.py:62} INFO - Tmp dir root location: 
 /tmp
[2022-03-23 16:29:35,587] {subprocess.py:74} INFO - Running command: ['bash', '-c', 'rm /opt/***/202004-citibike-tripdata.csv /opt/***/202004-citibike-tripdata.parquet']
[2022-03-23 16:29:35,605] {subprocess.py:85} INFO - Output:
[2022-03-23 16:29:35,654] {subprocess.py:93} INFO - Command exited with return code 0
[2022-03-23 16:29:35,690] {taskinstance.py:1277} INFO - Marking task as SUCCESS. dag_id=dtc_project_ingest, task_id=rm_task, execution_date=20200402T060000, start_date=20220323T162935, end_date=20220323T162935
[2022-03-23 16:29:35,725] {local_task_job.py:154} INFO - Task exited with return code 0
[2022-03-23 16:29:35,762] {local_task_job.py:264} INFO - 0 downstream tasks scheduled from follow-on schedule check
[2022-03-26 11:24:53,256] {taskinstance.py:1032} INFO - Dependencies all met for <TaskInstance: dtc_project_ingest.rm_task scheduled__2020-04-02T06:00:00+00:00 [queued]>
[2022-03-26 11:24:53,266] {taskinstance.py:1032} INFO - Dependencies all met for <TaskInstance: dtc_project_ingest.rm_task scheduled__2020-04-02T06:00:00+00:00 [queued]>
[2022-03-26 11:24:53,267] {taskinstance.py:1238} INFO - 
--------------------------------------------------------------------------------
[2022-03-26 11:24:53,268] {taskinstance.py:1239} INFO - Starting attempt 1 of 2
[2022-03-26 11:24:53,268] {taskinstance.py:1240} INFO - 
--------------------------------------------------------------------------------
[2022-03-26 11:24:53,280] {taskinstance.py:1259} INFO - Executing <Task(BashOperator): rm_task> on 2020-04-02 06:00:00+00:00
[2022-03-26 11:24:53,287] {standard_task_runner.py:52} INFO - Started process 8041 to run task
[2022-03-26 11:24:53,291] {standard_task_runner.py:76} INFO - Running: ['***', 'tasks', 'run', 'dtc_project_ingest', 'rm_task', 'scheduled__2020-04-02T06:00:00+00:00', '--job-id', '1436', '--raw', '--subdir', 'DAGS_FOLDER/project_data_ingestion.py', '--cfg-path', '/tmp/tmp8u5fidb3', '--error-file', '/tmp/tmpy340gdj5']
[2022-03-26 11:24:53,293] {standard_task_runner.py:77} INFO - Job 1436: Subtask rm_task
[2022-03-26 11:24:53,358] {logging_mixin.py:109} INFO - Running <TaskInstance: dtc_project_ingest.rm_task scheduled__2020-04-02T06:00:00+00:00 [running]> on host c800f4dda314
[2022-03-26 11:24:53,406] {warnings.py:110} WARNING - /home/***/.local/lib/python3.7/site-packages/***/utils/context.py:152: AirflowContextDeprecationWarning: Accessing 'execution_date' from the template is deprecated and will be removed in a future version. Please use 'data_interval_start' or 'logical_date' instead.
  warnings.warn(_create_deprecation_warning(key, self._deprecation_replacements[key]))

[2022-03-26 11:24:53,432] {taskinstance.py:1426} INFO - Exporting the following env vars:
AIRFLOW_CTX_DAG_OWNER=***
AIRFLOW_CTX_DAG_ID=dtc_project_ingest
AIRFLOW_CTX_TASK_ID=rm_task
AIRFLOW_CTX_EXECUTION_DATE=2020-04-02T06:00:00+00:00
AIRFLOW_CTX_DAG_RUN_ID=scheduled__2020-04-02T06:00:00+00:00
[2022-03-26 11:24:53,434] {subprocess.py:62} INFO - Tmp dir root location: 
 /tmp
[2022-03-26 11:24:53,435] {subprocess.py:74} INFO - Running command: ['bash', '-c', 'rm /opt/***/202004-citibike-tripdata.csv /opt/***/202004-citibike-tripdata.parquet']
[2022-03-26 11:24:53,450] {subprocess.py:85} INFO - Output:
[2022-03-26 11:24:53,491] {subprocess.py:93} INFO - Command exited with return code 0
[2022-03-26 11:24:53,518] {taskinstance.py:1277} INFO - Marking task as SUCCESS. dag_id=dtc_project_ingest, task_id=rm_task, execution_date=20200402T060000, start_date=20220326T112453, end_date=20220326T112453
[2022-03-26 11:24:53,545] {local_task_job.py:154} INFO - Task exited with return code 0
[2022-03-26 11:24:53,576] {local_task_job.py:264} INFO - 0 downstream tasks scheduled from follow-on schedule check
[2022-03-26 15:45:33,639] {taskinstance.py:1032} INFO - Dependencies all met for <TaskInstance: dtc_project_ingest.rm_task scheduled__2020-04-02T06:00:00+00:00 [queued]>
[2022-03-26 15:45:33,679] {taskinstance.py:1032} INFO - Dependencies all met for <TaskInstance: dtc_project_ingest.rm_task scheduled__2020-04-02T06:00:00+00:00 [queued]>
[2022-03-26 15:45:33,681] {taskinstance.py:1238} INFO - 
--------------------------------------------------------------------------------
[2022-03-26 15:45:33,684] {taskinstance.py:1239} INFO - Starting attempt 1 of 2
[2022-03-26 15:45:33,686] {taskinstance.py:1240} INFO - 
--------------------------------------------------------------------------------
[2022-03-26 15:45:33,725] {taskinstance.py:1259} INFO - Executing <Task(BashOperator): rm_task> on 2020-04-02 06:00:00+00:00
[2022-03-26 15:45:33,740] {standard_task_runner.py:52} INFO - Started process 21186 to run task
[2022-03-26 15:45:33,759] {standard_task_runner.py:76} INFO - Running: ['***', 'tasks', 'run', 'dtc_project_ingest', 'rm_task', 'scheduled__2020-04-02T06:00:00+00:00', '--job-id', '1661', '--raw', '--subdir', 'DAGS_FOLDER/project_data_ingestion.py', '--cfg-path', '/tmp/tmpy0afelhq', '--error-file', '/tmp/tmpygsq1pze']
[2022-03-26 15:45:33,762] {standard_task_runner.py:77} INFO - Job 1661: Subtask rm_task
[2022-03-26 15:45:33,966] {logging_mixin.py:109} INFO - Running <TaskInstance: dtc_project_ingest.rm_task scheduled__2020-04-02T06:00:00+00:00 [running]> on host c800f4dda314
[2022-03-26 15:45:34,107] {warnings.py:110} WARNING - /home/***/.local/lib/python3.7/site-packages/***/utils/context.py:152: AirflowContextDeprecationWarning: Accessing 'execution_date' from the template is deprecated and will be removed in a future version. Please use 'data_interval_start' or 'logical_date' instead.
  warnings.warn(_create_deprecation_warning(key, self._deprecation_replacements[key]))

[2022-03-26 15:45:34,158] {taskinstance.py:1426} INFO - Exporting the following env vars:
AIRFLOW_CTX_DAG_OWNER=***
AIRFLOW_CTX_DAG_ID=dtc_project_ingest
AIRFLOW_CTX_TASK_ID=rm_task
AIRFLOW_CTX_EXECUTION_DATE=2020-04-02T06:00:00+00:00
AIRFLOW_CTX_DAG_RUN_ID=scheduled__2020-04-02T06:00:00+00:00
[2022-03-26 15:45:34,161] {subprocess.py:62} INFO - Tmp dir root location: 
 /tmp
[2022-03-26 15:45:34,163] {subprocess.py:74} INFO - Running command: ['bash', '-c', 'rm /opt/***/202004-citibike-tripdata.csv /opt/***/202004-citibike-tripdata.parquet']
[2022-03-26 15:45:34,189] {subprocess.py:85} INFO - Output:
[2022-03-26 15:45:34,316] {subprocess.py:93} INFO - Command exited with return code 0
[2022-03-26 15:45:34,405] {taskinstance.py:1277} INFO - Marking task as SUCCESS. dag_id=dtc_project_ingest, task_id=rm_task, execution_date=20200402T060000, start_date=20220326T154533, end_date=20220326T154534
[2022-03-26 15:45:34,461] {local_task_job.py:154} INFO - Task exited with return code 0
[2022-03-26 15:45:34,559] {local_task_job.py:264} INFO - 0 downstream tasks scheduled from follow-on schedule check
