[2022-03-26 08:57:04,261] {taskinstance.py:1032} INFO - Dependencies all met for <TaskInstance: dtc_project_ingest.rm_task scheduled__2020-04-02T06:00:00+00:00 [queued]>
[2022-03-26 08:57:04,390] {taskinstance.py:1032} INFO - Dependencies all met for <TaskInstance: dtc_project_ingest.rm_task scheduled__2020-04-02T06:00:00+00:00 [queued]>
[2022-03-26 08:57:04,393] {taskinstance.py:1238} INFO - 
--------------------------------------------------------------------------------
[2022-03-26 08:57:04,395] {taskinstance.py:1239} INFO - Starting attempt 2 of 3
[2022-03-26 08:57:04,398] {taskinstance.py:1240} INFO - 
--------------------------------------------------------------------------------
[2022-03-26 08:57:04,616] {taskinstance.py:1259} INFO - Executing <Task(BashOperator): rm_task> on 2020-04-02 06:00:00+00:00
[2022-03-26 08:57:04,683] {standard_task_runner.py:52} INFO - Started process 446 to run task
[2022-03-26 08:57:04,732] {standard_task_runner.py:76} INFO - Running: ['***', 'tasks', 'run', 'dtc_project_ingest', 'rm_task', 'scheduled__2020-04-02T06:00:00+00:00', '--job-id', '1231', '--raw', '--subdir', 'DAGS_FOLDER/project_data_ingestion.py', '--cfg-path', '/tmp/tmporottu1z', '--error-file', '/tmp/tmpx_1w73n9']
[2022-03-26 08:57:04,738] {standard_task_runner.py:77} INFO - Job 1231: Subtask rm_task
[2022-03-26 08:57:05,634] {logging_mixin.py:109} INFO - Running <TaskInstance: dtc_project_ingest.rm_task scheduled__2020-04-02T06:00:00+00:00 [running]> on host c800f4dda314
[2022-03-26 08:57:06,327] {warnings.py:110} WARNING - /home/***/.local/lib/python3.7/site-packages/***/utils/context.py:152: AirflowContextDeprecationWarning: Accessing 'execution_date' from the template is deprecated and will be removed in a future version. Please use 'data_interval_start' or 'logical_date' instead.
  warnings.warn(_create_deprecation_warning(key, self._deprecation_replacements[key]))

[2022-03-26 08:57:06,476] {taskinstance.py:1426} INFO - Exporting the following env vars:
AIRFLOW_CTX_DAG_OWNER=***
AIRFLOW_CTX_DAG_ID=dtc_project_ingest
AIRFLOW_CTX_TASK_ID=rm_task
AIRFLOW_CTX_EXECUTION_DATE=2020-04-02T06:00:00+00:00
AIRFLOW_CTX_DAG_RUN_ID=scheduled__2020-04-02T06:00:00+00:00
[2022-03-26 08:57:06,484] {subprocess.py:62} INFO - Tmp dir root location: 
 /tmp
[2022-03-26 08:57:06,488] {subprocess.py:74} INFO - Running command: ['bash', '-c', 'rm /opt/***/202004-citibike-tripdata.csv /opt/***/202004-citibike-tripdata.parquet']
[2022-03-26 08:57:06,625] {subprocess.py:85} INFO - Output:
[2022-03-26 08:57:07,220] {subprocess.py:93} INFO - Command exited with return code 0
[2022-03-26 08:57:07,490] {taskinstance.py:1277} INFO - Marking task as SUCCESS. dag_id=dtc_project_ingest, task_id=rm_task, execution_date=20200402T060000, start_date=20220326T085704, end_date=20220326T085707
[2022-03-26 08:57:07,640] {local_task_job.py:154} INFO - Task exited with return code 0
[2022-03-26 08:57:08,026] {local_task_job.py:264} INFO - 0 downstream tasks scheduled from follow-on schedule check
