[2022-03-23 08:54:46,713] {taskinstance.py:1032} INFO - Dependencies all met for <TaskInstance: dtc_project_ingest.local_to_gcs_task scheduled__2018-04-02T06:00:00+00:00 [queued]>
[2022-03-23 08:54:46,724] {taskinstance.py:1032} INFO - Dependencies all met for <TaskInstance: dtc_project_ingest.local_to_gcs_task scheduled__2018-04-02T06:00:00+00:00 [queued]>
[2022-03-23 08:54:46,725] {taskinstance.py:1238} INFO - 
--------------------------------------------------------------------------------
[2022-03-23 08:54:46,727] {taskinstance.py:1239} INFO - Starting attempt 1 of 2
[2022-03-23 08:54:46,728] {taskinstance.py:1240} INFO - 
--------------------------------------------------------------------------------
[2022-03-23 08:54:46,740] {taskinstance.py:1259} INFO - Executing <Task(PythonOperator): local_to_gcs_task> on 2018-04-02 06:00:00+00:00
[2022-03-23 08:54:46,747] {standard_task_runner.py:52} INFO - Started process 389 to run task
[2022-03-23 08:54:46,751] {standard_task_runner.py:76} INFO - Running: ['***', 'tasks', 'run', 'dtc_project_ingest', 'local_to_gcs_task', 'scheduled__2018-04-02T06:00:00+00:00', '--job-id', '649', '--raw', '--subdir', 'DAGS_FOLDER/project_data_ingestion.py', '--cfg-path', '/tmp/tmpwl55vfp3', '--error-file', '/tmp/tmpz2re3z54']
[2022-03-23 08:54:46,752] {standard_task_runner.py:77} INFO - Job 649: Subtask local_to_gcs_task
[2022-03-23 08:54:46,823] {logging_mixin.py:109} INFO - Running <TaskInstance: dtc_project_ingest.local_to_gcs_task scheduled__2018-04-02T06:00:00+00:00 [running]> on host 7127e26385ba
[2022-03-23 08:54:46,864] {warnings.py:110} WARNING - /home/***/.local/lib/python3.7/site-packages/***/utils/context.py:152: AirflowContextDeprecationWarning: Accessing 'execution_date' from the template is deprecated and will be removed in a future version. Please use 'data_interval_start' or 'logical_date' instead.
  warnings.warn(_create_deprecation_warning(key, self._deprecation_replacements[key]))

[2022-03-23 08:54:46,886] {taskinstance.py:1426} INFO - Exporting the following env vars:
AIRFLOW_CTX_DAG_OWNER=***
AIRFLOW_CTX_DAG_ID=dtc_project_ingest
AIRFLOW_CTX_TASK_ID=local_to_gcs_task
AIRFLOW_CTX_EXECUTION_DATE=2018-04-02T06:00:00+00:00
AIRFLOW_CTX_DAG_RUN_ID=scheduled__2018-04-02T06:00:00+00:00
[2022-03-23 08:55:29,978] {python.py:175} INFO - Done. Returned value was: None
[2022-03-23 08:55:29,991] {taskinstance.py:1277} INFO - Marking task as SUCCESS. dag_id=dtc_project_ingest, task_id=local_to_gcs_task, execution_date=20180402T060000, start_date=20220323T085446, end_date=20220323T085529
[2022-03-23 08:55:30,037] {local_task_job.py:154} INFO - Task exited with return code 0
[2022-03-23 08:55:30,069] {local_task_job.py:264} INFO - 1 downstream tasks scheduled from follow-on schedule check
[2022-03-23 15:19:55,647] {taskinstance.py:1032} INFO - Dependencies all met for <TaskInstance: dtc_project_ingest.local_to_gcs_task scheduled__2018-04-02T06:00:00+00:00 [queued]>
[2022-03-23 15:19:55,676] {taskinstance.py:1032} INFO - Dependencies all met for <TaskInstance: dtc_project_ingest.local_to_gcs_task scheduled__2018-04-02T06:00:00+00:00 [queued]>
[2022-03-23 15:19:55,677] {taskinstance.py:1238} INFO - 
--------------------------------------------------------------------------------
[2022-03-23 15:19:55,679] {taskinstance.py:1239} INFO - Starting attempt 1 of 2
[2022-03-23 15:19:55,680] {taskinstance.py:1240} INFO - 
--------------------------------------------------------------------------------
[2022-03-23 15:19:55,700] {taskinstance.py:1259} INFO - Executing <Task(PythonOperator): local_to_gcs_task> on 2018-04-02 06:00:00+00:00
[2022-03-23 15:19:55,709] {standard_task_runner.py:52} INFO - Started process 1560 to run task
[2022-03-23 15:19:55,724] {standard_task_runner.py:76} INFO - Running: ['***', 'tasks', 'run', 'dtc_project_ingest', 'local_to_gcs_task', 'scheduled__2018-04-02T06:00:00+00:00', '--job-id', '880', '--raw', '--subdir', 'DAGS_FOLDER/project_data_ingestion.py', '--cfg-path', '/tmp/tmp1q8shu9d', '--error-file', '/tmp/tmpal2op1t2']
[2022-03-23 15:19:55,732] {standard_task_runner.py:77} INFO - Job 880: Subtask local_to_gcs_task
[2022-03-23 15:19:55,819] {logging_mixin.py:109} INFO - Running <TaskInstance: dtc_project_ingest.local_to_gcs_task scheduled__2018-04-02T06:00:00+00:00 [running]> on host 7127e26385ba
[2022-03-23 15:19:55,940] {warnings.py:110} WARNING - /home/***/.local/lib/python3.7/site-packages/***/utils/context.py:152: AirflowContextDeprecationWarning: Accessing 'execution_date' from the template is deprecated and will be removed in a future version. Please use 'data_interval_start' or 'logical_date' instead.
  warnings.warn(_create_deprecation_warning(key, self._deprecation_replacements[key]))

[2022-03-23 15:19:55,991] {taskinstance.py:1426} INFO - Exporting the following env vars:
AIRFLOW_CTX_DAG_OWNER=***
AIRFLOW_CTX_DAG_ID=dtc_project_ingest
AIRFLOW_CTX_TASK_ID=local_to_gcs_task
AIRFLOW_CTX_EXECUTION_DATE=2018-04-02T06:00:00+00:00
AIRFLOW_CTX_DAG_RUN_ID=scheduled__2018-04-02T06:00:00+00:00
[2022-03-23 15:20:21,399] {python.py:175} INFO - Done. Returned value was: None
[2022-03-23 15:20:21,413] {taskinstance.py:1277} INFO - Marking task as SUCCESS. dag_id=dtc_project_ingest, task_id=local_to_gcs_task, execution_date=20180402T060000, start_date=20220323T151955, end_date=20220323T152021
[2022-03-23 15:20:21,451] {local_task_job.py:154} INFO - Task exited with return code 0
[2022-03-23 15:20:21,491] {local_task_job.py:264} INFO - 1 downstream tasks scheduled from follow-on schedule check
[2022-03-23 15:56:20,406] {taskinstance.py:1032} INFO - Dependencies all met for <TaskInstance: dtc_project_ingest.local_to_gcs_task scheduled__2018-04-02T06:00:00+00:00 [queued]>
[2022-03-23 15:56:20,422] {taskinstance.py:1032} INFO - Dependencies all met for <TaskInstance: dtc_project_ingest.local_to_gcs_task scheduled__2018-04-02T06:00:00+00:00 [queued]>
[2022-03-23 15:56:20,423] {taskinstance.py:1238} INFO - 
--------------------------------------------------------------------------------
[2022-03-23 15:56:20,423] {taskinstance.py:1239} INFO - Starting attempt 1 of 2
[2022-03-23 15:56:20,424] {taskinstance.py:1240} INFO - 
--------------------------------------------------------------------------------
[2022-03-23 15:56:20,435] {taskinstance.py:1259} INFO - Executing <Task(PythonOperator): local_to_gcs_task> on 2018-04-02 06:00:00+00:00
[2022-03-23 15:56:20,442] {standard_task_runner.py:52} INFO - Started process 3437 to run task
[2022-03-23 15:56:20,446] {standard_task_runner.py:76} INFO - Running: ['***', 'tasks', 'run', 'dtc_project_ingest', 'local_to_gcs_task', 'scheduled__2018-04-02T06:00:00+00:00', '--job-id', '951', '--raw', '--subdir', 'DAGS_FOLDER/project_data_ingestion.py', '--cfg-path', '/tmp/tmpy30ygr9z', '--error-file', '/tmp/tmpawyt4w4m']
[2022-03-23 15:56:20,447] {standard_task_runner.py:77} INFO - Job 951: Subtask local_to_gcs_task
[2022-03-23 15:56:20,531] {logging_mixin.py:109} INFO - Running <TaskInstance: dtc_project_ingest.local_to_gcs_task scheduled__2018-04-02T06:00:00+00:00 [running]> on host 7127e26385ba
[2022-03-23 15:56:20,581] {warnings.py:110} WARNING - /home/***/.local/lib/python3.7/site-packages/***/utils/context.py:152: AirflowContextDeprecationWarning: Accessing 'execution_date' from the template is deprecated and will be removed in a future version. Please use 'data_interval_start' or 'logical_date' instead.
  warnings.warn(_create_deprecation_warning(key, self._deprecation_replacements[key]))

[2022-03-23 15:56:20,609] {taskinstance.py:1426} INFO - Exporting the following env vars:
AIRFLOW_CTX_DAG_OWNER=***
AIRFLOW_CTX_DAG_ID=dtc_project_ingest
AIRFLOW_CTX_TASK_ID=local_to_gcs_task
AIRFLOW_CTX_EXECUTION_DATE=2018-04-02T06:00:00+00:00
AIRFLOW_CTX_DAG_RUN_ID=scheduled__2018-04-02T06:00:00+00:00
[2022-03-23 15:56:47,681] {python.py:175} INFO - Done. Returned value was: None
[2022-03-23 15:56:47,696] {taskinstance.py:1277} INFO - Marking task as SUCCESS. dag_id=dtc_project_ingest, task_id=local_to_gcs_task, execution_date=20180402T060000, start_date=20220323T155620, end_date=20220323T155647
[2022-03-23 15:56:47,743] {local_task_job.py:154} INFO - Task exited with return code 0
[2022-03-23 15:56:47,864] {local_task_job.py:264} INFO - 0 downstream tasks scheduled from follow-on schedule check
[2022-03-26 10:31:30,451] {taskinstance.py:1032} INFO - Dependencies all met for <TaskInstance: dtc_project_ingest.local_to_gcs_task scheduled__2018-04-02T06:00:00+00:00 [queued]>
[2022-03-26 10:31:30,466] {taskinstance.py:1032} INFO - Dependencies all met for <TaskInstance: dtc_project_ingest.local_to_gcs_task scheduled__2018-04-02T06:00:00+00:00 [queued]>
[2022-03-26 10:31:30,467] {taskinstance.py:1238} INFO - 
--------------------------------------------------------------------------------
[2022-03-26 10:31:30,468] {taskinstance.py:1239} INFO - Starting attempt 1 of 2
[2022-03-26 10:31:30,469] {taskinstance.py:1240} INFO - 
--------------------------------------------------------------------------------
[2022-03-26 10:31:30,489] {taskinstance.py:1259} INFO - Executing <Task(PythonOperator): local_to_gcs_task> on 2018-04-02 06:00:00+00:00
[2022-03-26 10:31:30,501] {standard_task_runner.py:52} INFO - Started process 5020 to run task
[2022-03-26 10:31:30,507] {standard_task_runner.py:76} INFO - Running: ['***', 'tasks', 'run', 'dtc_project_ingest', 'local_to_gcs_task', 'scheduled__2018-04-02T06:00:00+00:00', '--job-id', '1300', '--raw', '--subdir', 'DAGS_FOLDER/project_data_ingestion.py', '--cfg-path', '/tmp/tmpepnxgnn_', '--error-file', '/tmp/tmp7uyk65pv']
[2022-03-26 10:31:30,509] {standard_task_runner.py:77} INFO - Job 1300: Subtask local_to_gcs_task
[2022-03-26 10:31:30,597] {logging_mixin.py:109} INFO - Running <TaskInstance: dtc_project_ingest.local_to_gcs_task scheduled__2018-04-02T06:00:00+00:00 [running]> on host c800f4dda314
[2022-03-26 10:31:30,648] {warnings.py:110} WARNING - /home/***/.local/lib/python3.7/site-packages/***/utils/context.py:152: AirflowContextDeprecationWarning: Accessing 'execution_date' from the template is deprecated and will be removed in a future version. Please use 'data_interval_start' or 'logical_date' instead.
  warnings.warn(_create_deprecation_warning(key, self._deprecation_replacements[key]))

[2022-03-26 10:31:30,678] {taskinstance.py:1426} INFO - Exporting the following env vars:
AIRFLOW_CTX_DAG_OWNER=***
AIRFLOW_CTX_DAG_ID=dtc_project_ingest
AIRFLOW_CTX_TASK_ID=local_to_gcs_task
AIRFLOW_CTX_EXECUTION_DATE=2018-04-02T06:00:00+00:00
AIRFLOW_CTX_DAG_RUN_ID=scheduled__2018-04-02T06:00:00+00:00
[2022-03-26 10:32:15,837] {python.py:175} INFO - Done. Returned value was: None
[2022-03-26 10:32:15,851] {taskinstance.py:1277} INFO - Marking task as SUCCESS. dag_id=dtc_project_ingest, task_id=local_to_gcs_task, execution_date=20180402T060000, start_date=20220326T103130, end_date=20220326T103215
[2022-03-26 10:32:15,884] {local_task_job.py:154} INFO - Task exited with return code 0
[2022-03-26 10:32:15,939] {local_task_job.py:264} INFO - 1 downstream tasks scheduled from follow-on schedule check
[2022-03-26 15:25:52,576] {taskinstance.py:1032} INFO - Dependencies all met for <TaskInstance: dtc_project_ingest.local_to_gcs_task scheduled__2018-04-02T06:00:00+00:00 [queued]>
[2022-03-26 15:25:52,597] {taskinstance.py:1032} INFO - Dependencies all met for <TaskInstance: dtc_project_ingest.local_to_gcs_task scheduled__2018-04-02T06:00:00+00:00 [queued]>
[2022-03-26 15:25:52,598] {taskinstance.py:1238} INFO - 
--------------------------------------------------------------------------------
[2022-03-26 15:25:52,601] {taskinstance.py:1239} INFO - Starting attempt 1 of 2
[2022-03-26 15:25:52,602] {taskinstance.py:1240} INFO - 
--------------------------------------------------------------------------------
[2022-03-26 15:25:52,622] {taskinstance.py:1259} INFO - Executing <Task(PythonOperator): local_to_gcs_task> on 2018-04-02 06:00:00+00:00
[2022-03-26 15:25:52,634] {standard_task_runner.py:52} INFO - Started process 19774 to run task
[2022-03-26 15:25:52,639] {standard_task_runner.py:76} INFO - Running: ['***', 'tasks', 'run', 'dtc_project_ingest', 'local_to_gcs_task', 'scheduled__2018-04-02T06:00:00+00:00', '--job-id', '1553', '--raw', '--subdir', 'DAGS_FOLDER/project_data_ingestion.py', '--cfg-path', '/tmp/tmpgfejmtrr', '--error-file', '/tmp/tmpmvzk0n20']
[2022-03-26 15:25:52,642] {standard_task_runner.py:77} INFO - Job 1553: Subtask local_to_gcs_task
[2022-03-26 15:25:52,754] {logging_mixin.py:109} INFO - Running <TaskInstance: dtc_project_ingest.local_to_gcs_task scheduled__2018-04-02T06:00:00+00:00 [running]> on host c800f4dda314
[2022-03-26 15:25:52,813] {warnings.py:110} WARNING - /home/***/.local/lib/python3.7/site-packages/***/utils/context.py:152: AirflowContextDeprecationWarning: Accessing 'execution_date' from the template is deprecated and will be removed in a future version. Please use 'data_interval_start' or 'logical_date' instead.
  warnings.warn(_create_deprecation_warning(key, self._deprecation_replacements[key]))

[2022-03-26 15:25:52,848] {taskinstance.py:1426} INFO - Exporting the following env vars:
AIRFLOW_CTX_DAG_OWNER=***
AIRFLOW_CTX_DAG_ID=dtc_project_ingest
AIRFLOW_CTX_TASK_ID=local_to_gcs_task
AIRFLOW_CTX_EXECUTION_DATE=2018-04-02T06:00:00+00:00
AIRFLOW_CTX_DAG_RUN_ID=scheduled__2018-04-02T06:00:00+00:00
[2022-03-26 15:26:16,461] {python.py:175} INFO - Done. Returned value was: None
[2022-03-26 15:26:16,477] {taskinstance.py:1277} INFO - Marking task as SUCCESS. dag_id=dtc_project_ingest, task_id=local_to_gcs_task, execution_date=20180402T060000, start_date=20220326T152552, end_date=20220326T152616
[2022-03-26 15:26:16,531] {local_task_job.py:154} INFO - Task exited with return code 0
[2022-03-26 15:26:16,574] {local_task_job.py:264} INFO - 1 downstream tasks scheduled from follow-on schedule check
