[2022-03-26 10:10:57,256] {taskinstance.py:1032} INFO - Dependencies all met for <TaskInstance: dtc_project_ingest.download_dataset_task scheduled__2020-03-02T06:00:00+00:00 [queued]>
[2022-03-26 10:10:57,268] {taskinstance.py:1032} INFO - Dependencies all met for <TaskInstance: dtc_project_ingest.download_dataset_task scheduled__2020-03-02T06:00:00+00:00 [queued]>
[2022-03-26 10:10:57,269] {taskinstance.py:1238} INFO - 
--------------------------------------------------------------------------------
[2022-03-26 10:10:57,269] {taskinstance.py:1239} INFO - Starting attempt 3 of 4
[2022-03-26 10:10:57,270] {taskinstance.py:1240} INFO - 
--------------------------------------------------------------------------------
[2022-03-26 10:10:57,282] {taskinstance.py:1259} INFO - Executing <Task(BashOperator): download_dataset_task> on 2020-03-02 06:00:00+00:00
[2022-03-26 10:10:57,288] {standard_task_runner.py:52} INFO - Started process 3910 to run task
[2022-03-26 10:10:57,293] {standard_task_runner.py:76} INFO - Running: ['***', 'tasks', 'run', 'dtc_project_ingest', 'download_dataset_task', 'scheduled__2020-03-02T06:00:00+00:00', '--job-id', '1263', '--raw', '--subdir', 'DAGS_FOLDER/project_data_ingestion.py', '--cfg-path', '/tmp/tmpblgmo1kb', '--error-file', '/tmp/tmp3gfsh227']
[2022-03-26 10:10:57,294] {standard_task_runner.py:77} INFO - Job 1263: Subtask download_dataset_task
[2022-03-26 10:10:57,359] {logging_mixin.py:109} INFO - Running <TaskInstance: dtc_project_ingest.download_dataset_task scheduled__2020-03-02T06:00:00+00:00 [running]> on host c800f4dda314
[2022-03-26 10:10:57,412] {warnings.py:110} WARNING - /home/***/.local/lib/python3.7/site-packages/***/utils/context.py:152: AirflowContextDeprecationWarning: Accessing 'execution_date' from the template is deprecated and will be removed in a future version. Please use 'data_interval_start' or 'logical_date' instead.
  warnings.warn(_create_deprecation_warning(key, self._deprecation_replacements[key]))

[2022-03-26 10:10:57,434] {taskinstance.py:1426} INFO - Exporting the following env vars:
AIRFLOW_CTX_DAG_OWNER=***
AIRFLOW_CTX_DAG_ID=dtc_project_ingest
AIRFLOW_CTX_TASK_ID=download_dataset_task
AIRFLOW_CTX_EXECUTION_DATE=2020-03-02T06:00:00+00:00
AIRFLOW_CTX_DAG_RUN_ID=scheduled__2020-03-02T06:00:00+00:00
[2022-03-26 10:10:57,436] {subprocess.py:62} INFO - Tmp dir root location: 
 /tmp
[2022-03-26 10:10:57,437] {subprocess.py:74} INFO - Running command: ['bash', '-c', 'curl -sSL https://s3.amazonaws.com/tripdata/202003-citibike-tripdata.csv.zip > /opt/***/202003-citibike-tripdata.csv.zip']
[2022-03-26 10:10:57,453] {subprocess.py:85} INFO - Output:
[2022-03-26 10:13:55,317] {subprocess.py:93} INFO - Command exited with return code 0
[2022-03-26 10:13:55,367] {taskinstance.py:1277} INFO - Marking task as SUCCESS. dag_id=dtc_project_ingest, task_id=download_dataset_task, execution_date=20200302T060000, start_date=20220326T101057, end_date=20220326T101355
[2022-03-26 10:13:55,428] {local_task_job.py:154} INFO - Task exited with return code 0
[2022-03-26 10:13:55,528] {local_task_job.py:264} INFO - 0 downstream tasks scheduled from follow-on schedule check
