[2022-03-23 09:00:36,276] {taskinstance.py:1032} INFO - Dependencies all met for <TaskInstance: dtc_project_ingest.rm_task scheduled__2018-07-02T06:00:00+00:00 [queued]>
[2022-03-23 09:00:36,291] {taskinstance.py:1032} INFO - Dependencies all met for <TaskInstance: dtc_project_ingest.rm_task scheduled__2018-07-02T06:00:00+00:00 [queued]>
[2022-03-23 09:00:36,292] {taskinstance.py:1238} INFO - 
--------------------------------------------------------------------------------
[2022-03-23 09:00:36,293] {taskinstance.py:1239} INFO - Starting attempt 1 of 2
[2022-03-23 09:00:36,294] {taskinstance.py:1240} INFO - 
--------------------------------------------------------------------------------
[2022-03-23 09:00:36,309] {taskinstance.py:1259} INFO - Executing <Task(BashOperator): rm_task> on 2018-07-02 06:00:00+00:00
[2022-03-23 09:00:36,318] {standard_task_runner.py:52} INFO - Started process 801 to run task
[2022-03-23 09:00:36,322] {standard_task_runner.py:76} INFO - Running: ['***', 'tasks', 'run', 'dtc_project_ingest', 'rm_task', 'scheduled__2018-07-02T06:00:00+00:00', '--job-id', '674', '--raw', '--subdir', 'DAGS_FOLDER/project_data_ingestion.py', '--cfg-path', '/tmp/tmpq5rfwlb3', '--error-file', '/tmp/tmpi8o7lzag']
[2022-03-23 09:00:36,324] {standard_task_runner.py:77} INFO - Job 674: Subtask rm_task
[2022-03-23 09:00:36,394] {logging_mixin.py:109} INFO - Running <TaskInstance: dtc_project_ingest.rm_task scheduled__2018-07-02T06:00:00+00:00 [running]> on host 7127e26385ba
[2022-03-23 09:00:36,438] {warnings.py:110} WARNING - /home/***/.local/lib/python3.7/site-packages/***/utils/context.py:152: AirflowContextDeprecationWarning: Accessing 'execution_date' from the template is deprecated and will be removed in a future version. Please use 'data_interval_start' or 'logical_date' instead.
  warnings.warn(_create_deprecation_warning(key, self._deprecation_replacements[key]))

[2022-03-23 09:00:36,463] {taskinstance.py:1426} INFO - Exporting the following env vars:
AIRFLOW_CTX_DAG_OWNER=***
AIRFLOW_CTX_DAG_ID=dtc_project_ingest
AIRFLOW_CTX_TASK_ID=rm_task
AIRFLOW_CTX_EXECUTION_DATE=2018-07-02T06:00:00+00:00
AIRFLOW_CTX_DAG_RUN_ID=scheduled__2018-07-02T06:00:00+00:00
[2022-03-23 09:00:36,465] {subprocess.py:62} INFO - Tmp dir root location: 
 /tmp
[2022-03-23 09:00:36,466] {subprocess.py:74} INFO - Running command: ['bash', '-c', 'rm /opt/***/201807-citibike-tripdata.csv /opt/***/201807-citibike-tripdata.parquet']
[2022-03-23 09:00:36,483] {subprocess.py:85} INFO - Output:
[2022-03-23 09:00:36,574] {subprocess.py:93} INFO - Command exited with return code 0
[2022-03-23 09:00:36,600] {taskinstance.py:1277} INFO - Marking task as SUCCESS. dag_id=dtc_project_ingest, task_id=rm_task, execution_date=20180702T060000, start_date=20220323T090036, end_date=20220323T090036
[2022-03-23 09:00:36,657] {local_task_job.py:154} INFO - Task exited with return code 0
[2022-03-23 09:00:36,692] {local_task_job.py:264} INFO - 0 downstream tasks scheduled from follow-on schedule check
[2022-03-23 16:01:49,231] {taskinstance.py:1032} INFO - Dependencies all met for <TaskInstance: dtc_project_ingest.rm_task scheduled__2018-07-02T06:00:00+00:00 [queued]>
[2022-03-23 16:01:49,242] {taskinstance.py:1032} INFO - Dependencies all met for <TaskInstance: dtc_project_ingest.rm_task scheduled__2018-07-02T06:00:00+00:00 [queued]>
[2022-03-23 16:01:49,243] {taskinstance.py:1238} INFO - 
--------------------------------------------------------------------------------
[2022-03-23 16:01:49,244] {taskinstance.py:1239} INFO - Starting attempt 1 of 2
[2022-03-23 16:01:49,244] {taskinstance.py:1240} INFO - 
--------------------------------------------------------------------------------
[2022-03-23 16:01:49,256] {taskinstance.py:1259} INFO - Executing <Task(BashOperator): rm_task> on 2018-07-02 06:00:00+00:00
[2022-03-23 16:01:49,262] {standard_task_runner.py:52} INFO - Started process 3788 to run task
[2022-03-23 16:01:49,267] {standard_task_runner.py:76} INFO - Running: ['***', 'tasks', 'run', 'dtc_project_ingest', 'rm_task', 'scheduled__2018-07-02T06:00:00+00:00', '--job-id', '972', '--raw', '--subdir', 'DAGS_FOLDER/project_data_ingestion.py', '--cfg-path', '/tmp/tmp0efpjkzg', '--error-file', '/tmp/tmpf0xso4qh']
[2022-03-23 16:01:49,271] {standard_task_runner.py:77} INFO - Job 972: Subtask rm_task
[2022-03-23 16:01:49,340] {logging_mixin.py:109} INFO - Running <TaskInstance: dtc_project_ingest.rm_task scheduled__2018-07-02T06:00:00+00:00 [running]> on host 7127e26385ba
[2022-03-23 16:01:49,387] {warnings.py:110} WARNING - /home/***/.local/lib/python3.7/site-packages/***/utils/context.py:152: AirflowContextDeprecationWarning: Accessing 'execution_date' from the template is deprecated and will be removed in a future version. Please use 'data_interval_start' or 'logical_date' instead.
  warnings.warn(_create_deprecation_warning(key, self._deprecation_replacements[key]))

[2022-03-23 16:01:49,408] {taskinstance.py:1426} INFO - Exporting the following env vars:
AIRFLOW_CTX_DAG_OWNER=***
AIRFLOW_CTX_DAG_ID=dtc_project_ingest
AIRFLOW_CTX_TASK_ID=rm_task
AIRFLOW_CTX_EXECUTION_DATE=2018-07-02T06:00:00+00:00
AIRFLOW_CTX_DAG_RUN_ID=scheduled__2018-07-02T06:00:00+00:00
[2022-03-23 16:01:49,411] {subprocess.py:62} INFO - Tmp dir root location: 
 /tmp
[2022-03-23 16:01:49,412] {subprocess.py:74} INFO - Running command: ['bash', '-c', 'rm /opt/***/201807-citibike-tripdata.csv /opt/***/201807-citibike-tripdata.parquet']
[2022-03-23 16:01:49,427] {subprocess.py:85} INFO - Output:
[2022-03-23 16:01:49,525] {subprocess.py:93} INFO - Command exited with return code 0
[2022-03-23 16:01:49,555] {taskinstance.py:1277} INFO - Marking task as SUCCESS. dag_id=dtc_project_ingest, task_id=rm_task, execution_date=20180702T060000, start_date=20220323T160149, end_date=20220323T160149
[2022-03-23 16:01:49,601] {local_task_job.py:154} INFO - Task exited with return code 0
[2022-03-23 16:01:49,638] {local_task_job.py:264} INFO - 0 downstream tasks scheduled from follow-on schedule check
[2022-03-26 10:38:51,903] {taskinstance.py:1032} INFO - Dependencies all met for <TaskInstance: dtc_project_ingest.rm_task scheduled__2018-07-02T06:00:00+00:00 [queued]>
[2022-03-26 10:38:51,925] {taskinstance.py:1032} INFO - Dependencies all met for <TaskInstance: dtc_project_ingest.rm_task scheduled__2018-07-02T06:00:00+00:00 [queued]>
[2022-03-26 10:38:51,927] {taskinstance.py:1238} INFO - 
--------------------------------------------------------------------------------
[2022-03-26 10:38:51,928] {taskinstance.py:1239} INFO - Starting attempt 1 of 2
[2022-03-26 10:38:51,929] {taskinstance.py:1240} INFO - 
--------------------------------------------------------------------------------
[2022-03-26 10:38:51,952] {taskinstance.py:1259} INFO - Executing <Task(BashOperator): rm_task> on 2018-07-02 06:00:00+00:00
[2022-03-26 10:38:51,962] {standard_task_runner.py:52} INFO - Started process 5433 to run task
[2022-03-26 10:38:51,970] {standard_task_runner.py:76} INFO - Running: ['***', 'tasks', 'run', 'dtc_project_ingest', 'rm_task', 'scheduled__2018-07-02T06:00:00+00:00', '--job-id', '1321', '--raw', '--subdir', 'DAGS_FOLDER/project_data_ingestion.py', '--cfg-path', '/tmp/tmpnmc3hghl', '--error-file', '/tmp/tmp0hmr96d0']
[2022-03-26 10:38:51,974] {standard_task_runner.py:77} INFO - Job 1321: Subtask rm_task
[2022-03-26 10:38:52,078] {logging_mixin.py:109} INFO - Running <TaskInstance: dtc_project_ingest.rm_task scheduled__2018-07-02T06:00:00+00:00 [running]> on host c800f4dda314
[2022-03-26 10:38:52,147] {warnings.py:110} WARNING - /home/***/.local/lib/python3.7/site-packages/***/utils/context.py:152: AirflowContextDeprecationWarning: Accessing 'execution_date' from the template is deprecated and will be removed in a future version. Please use 'data_interval_start' or 'logical_date' instead.
  warnings.warn(_create_deprecation_warning(key, self._deprecation_replacements[key]))

[2022-03-26 10:38:52,185] {taskinstance.py:1426} INFO - Exporting the following env vars:
AIRFLOW_CTX_DAG_OWNER=***
AIRFLOW_CTX_DAG_ID=dtc_project_ingest
AIRFLOW_CTX_TASK_ID=rm_task
AIRFLOW_CTX_EXECUTION_DATE=2018-07-02T06:00:00+00:00
AIRFLOW_CTX_DAG_RUN_ID=scheduled__2018-07-02T06:00:00+00:00
[2022-03-26 10:38:52,189] {subprocess.py:62} INFO - Tmp dir root location: 
 /tmp
[2022-03-26 10:38:52,192] {subprocess.py:74} INFO - Running command: ['bash', '-c', 'rm /opt/***/201807-citibike-tripdata.csv /opt/***/201807-citibike-tripdata.parquet']
[2022-03-26 10:38:52,214] {subprocess.py:85} INFO - Output:
[2022-03-26 10:38:52,362] {subprocess.py:93} INFO - Command exited with return code 0
[2022-03-26 10:38:52,401] {taskinstance.py:1277} INFO - Marking task as SUCCESS. dag_id=dtc_project_ingest, task_id=rm_task, execution_date=20180702T060000, start_date=20220326T103851, end_date=20220326T103852
[2022-03-26 10:38:52,467] {local_task_job.py:154} INFO - Task exited with return code 0
[2022-03-26 10:38:52,514] {local_task_job.py:264} INFO - 0 downstream tasks scheduled from follow-on schedule check
[2022-03-26 15:30:45,038] {taskinstance.py:1032} INFO - Dependencies all met for <TaskInstance: dtc_project_ingest.rm_task scheduled__2018-07-02T06:00:00+00:00 [queued]>
[2022-03-26 15:30:45,051] {taskinstance.py:1032} INFO - Dependencies all met for <TaskInstance: dtc_project_ingest.rm_task scheduled__2018-07-02T06:00:00+00:00 [queued]>
[2022-03-26 15:30:45,051] {taskinstance.py:1238} INFO - 
--------------------------------------------------------------------------------
[2022-03-26 15:30:45,052] {taskinstance.py:1239} INFO - Starting attempt 1 of 2
[2022-03-26 15:30:45,053] {taskinstance.py:1240} INFO - 
--------------------------------------------------------------------------------
[2022-03-26 15:30:45,066] {taskinstance.py:1259} INFO - Executing <Task(BashOperator): rm_task> on 2018-07-02 06:00:00+00:00
[2022-03-26 15:30:45,074] {standard_task_runner.py:52} INFO - Started process 20082 to run task
[2022-03-26 15:30:45,080] {standard_task_runner.py:76} INFO - Running: ['***', 'tasks', 'run', 'dtc_project_ingest', 'rm_task', 'scheduled__2018-07-02T06:00:00+00:00', '--job-id', '1578', '--raw', '--subdir', 'DAGS_FOLDER/project_data_ingestion.py', '--cfg-path', '/tmp/tmpa46sasq4', '--error-file', '/tmp/tmprd3qjycu']
[2022-03-26 15:30:45,081] {standard_task_runner.py:77} INFO - Job 1578: Subtask rm_task
[2022-03-26 15:30:45,168] {logging_mixin.py:109} INFO - Running <TaskInstance: dtc_project_ingest.rm_task scheduled__2018-07-02T06:00:00+00:00 [running]> on host c800f4dda314
[2022-03-26 15:30:45,225] {warnings.py:110} WARNING - /home/***/.local/lib/python3.7/site-packages/***/utils/context.py:152: AirflowContextDeprecationWarning: Accessing 'execution_date' from the template is deprecated and will be removed in a future version. Please use 'data_interval_start' or 'logical_date' instead.
  warnings.warn(_create_deprecation_warning(key, self._deprecation_replacements[key]))

[2022-03-26 15:30:45,255] {taskinstance.py:1426} INFO - Exporting the following env vars:
AIRFLOW_CTX_DAG_OWNER=***
AIRFLOW_CTX_DAG_ID=dtc_project_ingest
AIRFLOW_CTX_TASK_ID=rm_task
AIRFLOW_CTX_EXECUTION_DATE=2018-07-02T06:00:00+00:00
AIRFLOW_CTX_DAG_RUN_ID=scheduled__2018-07-02T06:00:00+00:00
[2022-03-26 15:30:45,257] {subprocess.py:62} INFO - Tmp dir root location: 
 /tmp
[2022-03-26 15:30:45,258] {subprocess.py:74} INFO - Running command: ['bash', '-c', 'rm /opt/***/201807-citibike-tripdata.csv /opt/***/201807-citibike-tripdata.parquet']
[2022-03-26 15:30:45,274] {subprocess.py:85} INFO - Output:
[2022-03-26 15:30:45,392] {subprocess.py:93} INFO - Command exited with return code 0
[2022-03-26 15:30:45,428] {taskinstance.py:1277} INFO - Marking task as SUCCESS. dag_id=dtc_project_ingest, task_id=rm_task, execution_date=20180702T060000, start_date=20220326T153045, end_date=20220326T153045
[2022-03-26 15:30:45,494] {local_task_job.py:154} INFO - Task exited with return code 0
[2022-03-26 15:30:45,533] {local_task_job.py:264} INFO - 0 downstream tasks scheduled from follow-on schedule check
