[2022-03-23 17:28:34,050] {taskinstance.py:1032} INFO - Dependencies all met for <TaskInstance: dtc_project_ingest.bigquery_external_table_task scheduled__2021-04-02T06:00:00+00:00 [queued]>
[2022-03-23 17:28:34,061] {taskinstance.py:1032} INFO - Dependencies all met for <TaskInstance: dtc_project_ingest.bigquery_external_table_task scheduled__2021-04-02T06:00:00+00:00 [queued]>
[2022-03-23 17:28:34,062] {taskinstance.py:1238} INFO - 
--------------------------------------------------------------------------------
[2022-03-23 17:28:34,063] {taskinstance.py:1239} INFO - Starting attempt 1 of 2
[2022-03-23 17:28:34,063] {taskinstance.py:1240} INFO - 
--------------------------------------------------------------------------------
[2022-03-23 17:28:34,074] {taskinstance.py:1259} INFO - Executing <Task(BigQueryCreateExternalTableOperator): bigquery_external_table_task> on 2021-04-02 06:00:00+00:00
[2022-03-23 17:28:34,080] {standard_task_runner.py:52} INFO - Started process 8793 to run task
[2022-03-23 17:28:34,084] {standard_task_runner.py:76} INFO - Running: ['***', 'tasks', 'run', 'dtc_project_ingest', 'bigquery_external_table_task', 'scheduled__2021-04-02T06:00:00+00:00', '--job-id', '1173', '--raw', '--subdir', 'DAGS_FOLDER/project_data_ingestion.py', '--cfg-path', '/tmp/tmpi1xgmi2t', '--error-file', '/tmp/tmpc7nq27ch']
[2022-03-23 17:28:34,085] {standard_task_runner.py:77} INFO - Job 1173: Subtask bigquery_external_table_task
[2022-03-23 17:28:34,190] {logging_mixin.py:109} INFO - Running <TaskInstance: dtc_project_ingest.bigquery_external_table_task scheduled__2021-04-02T06:00:00+00:00 [running]> on host 7127e26385ba
[2022-03-23 17:28:34,250] {warnings.py:110} WARNING - /home/***/.local/lib/python3.7/site-packages/***/utils/context.py:152: AirflowContextDeprecationWarning: Accessing 'execution_date' from the template is deprecated and will be removed in a future version. Please use 'data_interval_start' or 'logical_date' instead.
  warnings.warn(_create_deprecation_warning(key, self._deprecation_replacements[key]))

[2022-03-23 17:28:34,274] {taskinstance.py:1426} INFO - Exporting the following env vars:
AIRFLOW_CTX_DAG_OWNER=***
AIRFLOW_CTX_DAG_ID=dtc_project_ingest
AIRFLOW_CTX_TASK_ID=bigquery_external_table_task
AIRFLOW_CTX_EXECUTION_DATE=2021-04-02T06:00:00+00:00
AIRFLOW_CTX_DAG_RUN_ID=scheduled__2021-04-02T06:00:00+00:00
[2022-03-23 17:28:34,276] {crypto.py:82} WARNING - empty cryptography key - values will not be stored encrypted.
[2022-03-23 17:28:35,635] {taskinstance.py:1277} INFO - Marking task as SUCCESS. dag_id=dtc_project_ingest, task_id=bigquery_external_table_task, execution_date=20210402T060000, start_date=20220323T172834, end_date=20220323T172835
[2022-03-23 17:28:35,690] {local_task_job.py:154} INFO - Task exited with return code 0
[2022-03-23 17:28:35,776] {local_task_job.py:264} INFO - 1 downstream tasks scheduled from follow-on schedule check
[2022-03-26 11:41:56,735] {taskinstance.py:1032} INFO - Dependencies all met for <TaskInstance: dtc_project_ingest.bigquery_external_table_task scheduled__2021-04-02T06:00:00+00:00 [queued]>
[2022-03-26 11:41:56,751] {taskinstance.py:1032} INFO - Dependencies all met for <TaskInstance: dtc_project_ingest.bigquery_external_table_task scheduled__2021-04-02T06:00:00+00:00 [queued]>
[2022-03-26 11:41:56,752] {taskinstance.py:1238} INFO - 
--------------------------------------------------------------------------------
[2022-03-26 11:41:56,753] {taskinstance.py:1239} INFO - Starting attempt 1 of 2
[2022-03-26 11:41:56,754] {taskinstance.py:1240} INFO - 
--------------------------------------------------------------------------------
[2022-03-26 11:41:56,772] {taskinstance.py:1259} INFO - Executing <Task(BigQueryCreateExternalTableOperator): bigquery_external_table_task> on 2021-04-02 06:00:00+00:00
[2022-03-26 11:41:56,781] {standard_task_runner.py:52} INFO - Started process 9095 to run task
[2022-03-26 11:41:56,787] {standard_task_runner.py:76} INFO - Running: ['***', 'tasks', 'run', 'dtc_project_ingest', 'bigquery_external_table_task', 'scheduled__2021-04-02T06:00:00+00:00', '--job-id', '1490', '--raw', '--subdir', 'DAGS_FOLDER/project_data_ingestion.py', '--cfg-path', '/tmp/tmpzfccg0oh', '--error-file', '/tmp/tmp2hetxe4v']
[2022-03-26 11:41:56,798] {standard_task_runner.py:77} INFO - Job 1490: Subtask bigquery_external_table_task
[2022-03-26 11:41:56,888] {logging_mixin.py:109} INFO - Running <TaskInstance: dtc_project_ingest.bigquery_external_table_task scheduled__2021-04-02T06:00:00+00:00 [running]> on host c800f4dda314
[2022-03-26 11:41:56,984] {taskinstance.py:1426} INFO - Exporting the following env vars:
AIRFLOW_CTX_DAG_OWNER=***
AIRFLOW_CTX_DAG_ID=dtc_project_ingest
AIRFLOW_CTX_TASK_ID=bigquery_external_table_task
AIRFLOW_CTX_EXECUTION_DATE=2021-04-02T06:00:00+00:00
AIRFLOW_CTX_DAG_RUN_ID=scheduled__2021-04-02T06:00:00+00:00
[2022-03-26 11:41:56,988] {crypto.py:82} WARNING - empty cryptography key - values will not be stored encrypted.
[2022-03-26 11:42:17,761] {taskinstance.py:1277} INFO - Marking task as SUCCESS. dag_id=dtc_project_ingest, task_id=bigquery_external_table_task, execution_date=20210402T060000, start_date=20220326T114156, end_date=20220326T114217
[2022-03-26 11:42:17,822] {local_task_job.py:154} INFO - Task exited with return code 0
[2022-03-26 11:42:17,862] {local_task_job.py:264} INFO - 1 downstream tasks scheduled from follow-on schedule check
