[2022-03-26 08:51:43,626] {taskinstance.py:1032} INFO - Dependencies all met for <TaskInstance: dtc_project_ingest.download_dataset_task scheduled__2020-02-02T06:00:00+00:00 [queued]>
[2022-03-26 08:51:43,661] {taskinstance.py:1032} INFO - Dependencies all met for <TaskInstance: dtc_project_ingest.download_dataset_task scheduled__2020-02-02T06:00:00+00:00 [queued]>
[2022-03-26 08:51:43,663] {taskinstance.py:1238} INFO - 
--------------------------------------------------------------------------------
[2022-03-26 08:51:43,665] {taskinstance.py:1239} INFO - Starting attempt 2 of 3
[2022-03-26 08:51:43,667] {taskinstance.py:1240} INFO - 
--------------------------------------------------------------------------------
[2022-03-26 08:51:43,698] {taskinstance.py:1259} INFO - Executing <Task(BashOperator): download_dataset_task> on 2020-02-02 06:00:00+00:00
[2022-03-26 08:51:43,715] {standard_task_runner.py:52} INFO - Started process 182 to run task
[2022-03-26 08:51:43,726] {standard_task_runner.py:76} INFO - Running: ['***', 'tasks', 'run', 'dtc_project_ingest', 'download_dataset_task', 'scheduled__2020-02-02T06:00:00+00:00', '--job-id', '1215', '--raw', '--subdir', 'DAGS_FOLDER/project_data_ingestion.py', '--cfg-path', '/tmp/tmpvi05dfe9', '--error-file', '/tmp/tmp51wu84d0']
[2022-03-26 08:51:43,732] {standard_task_runner.py:77} INFO - Job 1215: Subtask download_dataset_task
[2022-03-26 08:51:43,939] {logging_mixin.py:109} INFO - Running <TaskInstance: dtc_project_ingest.download_dataset_task scheduled__2020-02-02T06:00:00+00:00 [running]> on host c800f4dda314
[2022-03-26 08:51:44,046] {warnings.py:110} WARNING - /home/***/.local/lib/python3.7/site-packages/***/utils/context.py:152: AirflowContextDeprecationWarning: Accessing 'execution_date' from the template is deprecated and will be removed in a future version. Please use 'data_interval_start' or 'logical_date' instead.
  warnings.warn(_create_deprecation_warning(key, self._deprecation_replacements[key]))

[2022-03-26 08:51:44,115] {taskinstance.py:1426} INFO - Exporting the following env vars:
AIRFLOW_CTX_DAG_OWNER=***
AIRFLOW_CTX_DAG_ID=dtc_project_ingest
AIRFLOW_CTX_TASK_ID=download_dataset_task
AIRFLOW_CTX_EXECUTION_DATE=2020-02-02T06:00:00+00:00
AIRFLOW_CTX_DAG_RUN_ID=scheduled__2020-02-02T06:00:00+00:00
[2022-03-26 08:51:44,119] {subprocess.py:62} INFO - Tmp dir root location: 
 /tmp
[2022-03-26 08:51:44,122] {subprocess.py:74} INFO - Running command: ['bash', '-c', 'curl -sSL https://s3.amazonaws.com/tripdata/202002-citibike-tripdata.csv.zip > /opt/***/202002-citibike-tripdata.csv.zip']
[2022-03-26 08:51:44,150] {subprocess.py:85} INFO - Output:
[2022-03-26 08:52:05,771] {subprocess.py:93} INFO - Command exited with return code 0
[2022-03-26 08:52:05,848] {taskinstance.py:1277} INFO - Marking task as SUCCESS. dag_id=dtc_project_ingest, task_id=download_dataset_task, execution_date=20200202T060000, start_date=20220326T085143, end_date=20220326T085205
[2022-03-26 08:52:05,922] {local_task_job.py:154} INFO - Task exited with return code 0
[2022-03-26 08:52:06,025] {local_task_job.py:264} INFO - 1 downstream tasks scheduled from follow-on schedule check
