[2022-03-23 16:11:28,324] {taskinstance.py:1032} INFO - Dependencies all met for <TaskInstance: dtc_project_ingest.bigquery_external_table_task scheduled__2019-05-02T06:00:00+00:00 [queued]>
[2022-03-23 16:11:28,339] {taskinstance.py:1032} INFO - Dependencies all met for <TaskInstance: dtc_project_ingest.bigquery_external_table_task scheduled__2019-05-02T06:00:00+00:00 [queued]>
[2022-03-23 16:11:28,340] {taskinstance.py:1238} INFO - 
--------------------------------------------------------------------------------
[2022-03-23 16:11:28,340] {taskinstance.py:1239} INFO - Starting attempt 1 of 2
[2022-03-23 16:11:28,341] {taskinstance.py:1240} INFO - 
--------------------------------------------------------------------------------
[2022-03-23 16:11:28,354] {taskinstance.py:1259} INFO - Executing <Task(BigQueryCreateExternalTableOperator): bigquery_external_table_task> on 2019-05-02 06:00:00+00:00
[2022-03-23 16:11:28,362] {standard_task_runner.py:52} INFO - Started process 4476 to run task
[2022-03-23 16:11:28,366] {standard_task_runner.py:76} INFO - Running: ['***', 'tasks', 'run', 'dtc_project_ingest', 'bigquery_external_table_task', 'scheduled__2019-05-02T06:00:00+00:00', '--job-id', '1019', '--raw', '--subdir', 'DAGS_FOLDER/project_data_ingestion.py', '--cfg-path', '/tmp/tmpd7q5yv_q', '--error-file', '/tmp/tmpep01_0rf']
[2022-03-23 16:11:28,368] {standard_task_runner.py:77} INFO - Job 1019: Subtask bigquery_external_table_task
[2022-03-23 16:11:28,444] {logging_mixin.py:109} INFO - Running <TaskInstance: dtc_project_ingest.bigquery_external_table_task scheduled__2019-05-02T06:00:00+00:00 [running]> on host 7127e26385ba
[2022-03-23 16:11:28,491] {warnings.py:110} WARNING - /home/***/.local/lib/python3.7/site-packages/***/utils/context.py:152: AirflowContextDeprecationWarning: Accessing 'execution_date' from the template is deprecated and will be removed in a future version. Please use 'data_interval_start' or 'logical_date' instead.
  warnings.warn(_create_deprecation_warning(key, self._deprecation_replacements[key]))

[2022-03-23 16:11:28,519] {taskinstance.py:1426} INFO - Exporting the following env vars:
AIRFLOW_CTX_DAG_OWNER=***
AIRFLOW_CTX_DAG_ID=dtc_project_ingest
AIRFLOW_CTX_TASK_ID=bigquery_external_table_task
AIRFLOW_CTX_EXECUTION_DATE=2019-05-02T06:00:00+00:00
AIRFLOW_CTX_DAG_RUN_ID=scheduled__2019-05-02T06:00:00+00:00
[2022-03-23 16:11:28,522] {crypto.py:82} WARNING - empty cryptography key - values will not be stored encrypted.
[2022-03-23 16:11:29,771] {taskinstance.py:1277} INFO - Marking task as SUCCESS. dag_id=dtc_project_ingest, task_id=bigquery_external_table_task, execution_date=20190502T060000, start_date=20220323T161128, end_date=20220323T161129
[2022-03-23 16:11:29,822] {local_task_job.py:154} INFO - Task exited with return code 0
[2022-03-23 16:11:29,865] {local_task_job.py:264} INFO - 1 downstream tasks scheduled from follow-on schedule check
[2022-03-26 11:02:16,967] {taskinstance.py:1032} INFO - Dependencies all met for <TaskInstance: dtc_project_ingest.bigquery_external_table_task scheduled__2019-05-02T06:00:00+00:00 [queued]>
[2022-03-26 11:02:16,982] {taskinstance.py:1032} INFO - Dependencies all met for <TaskInstance: dtc_project_ingest.bigquery_external_table_task scheduled__2019-05-02T06:00:00+00:00 [queued]>
[2022-03-26 11:02:16,984] {taskinstance.py:1238} INFO - 
--------------------------------------------------------------------------------
[2022-03-26 11:02:16,984] {taskinstance.py:1239} INFO - Starting attempt 1 of 2
[2022-03-26 11:02:16,986] {taskinstance.py:1240} INFO - 
--------------------------------------------------------------------------------
[2022-03-26 11:02:17,004] {taskinstance.py:1259} INFO - Executing <Task(BigQueryCreateExternalTableOperator): bigquery_external_table_task> on 2019-05-02 06:00:00+00:00
[2022-03-26 11:02:17,015] {standard_task_runner.py:52} INFO - Started process 6745 to run task
[2022-03-26 11:02:17,020] {standard_task_runner.py:76} INFO - Running: ['***', 'tasks', 'run', 'dtc_project_ingest', 'bigquery_external_table_task', 'scheduled__2019-05-02T06:00:00+00:00', '--job-id', '1374', '--raw', '--subdir', 'DAGS_FOLDER/project_data_ingestion.py', '--cfg-path', '/tmp/tmpc3v4m7xh', '--error-file', '/tmp/tmputqa1hsp']
[2022-03-26 11:02:17,029] {standard_task_runner.py:77} INFO - Job 1374: Subtask bigquery_external_table_task
[2022-03-26 11:02:17,114] {logging_mixin.py:109} INFO - Running <TaskInstance: dtc_project_ingest.bigquery_external_table_task scheduled__2019-05-02T06:00:00+00:00 [running]> on host c800f4dda314
[2022-03-26 11:02:17,209] {taskinstance.py:1426} INFO - Exporting the following env vars:
AIRFLOW_CTX_DAG_OWNER=***
AIRFLOW_CTX_DAG_ID=dtc_project_ingest
AIRFLOW_CTX_TASK_ID=bigquery_external_table_task
AIRFLOW_CTX_EXECUTION_DATE=2019-05-02T06:00:00+00:00
AIRFLOW_CTX_DAG_RUN_ID=scheduled__2019-05-02T06:00:00+00:00
[2022-03-26 11:02:17,213] {crypto.py:82} WARNING - empty cryptography key - values will not be stored encrypted.
[2022-03-26 11:02:19,316] {taskinstance.py:1277} INFO - Marking task as SUCCESS. dag_id=dtc_project_ingest, task_id=bigquery_external_table_task, execution_date=20190502T060000, start_date=20220326T110216, end_date=20220326T110219
[2022-03-26 11:02:19,389] {local_task_job.py:154} INFO - Task exited with return code 0
[2022-03-26 11:02:19,462] {local_task_job.py:264} INFO - 1 downstream tasks scheduled from follow-on schedule check
