[2022-03-23 09:31:08,181] {taskinstance.py:1032} INFO - Dependencies all met for <TaskInstance: dtc_project_ingest.rm_task scheduled__2020-11-02T06:00:00+00:00 [queued]>
[2022-03-23 09:31:08,192] {taskinstance.py:1032} INFO - Dependencies all met for <TaskInstance: dtc_project_ingest.rm_task scheduled__2020-11-02T06:00:00+00:00 [queued]>
[2022-03-23 09:31:08,193] {taskinstance.py:1238} INFO - 
--------------------------------------------------------------------------------
[2022-03-23 09:31:08,194] {taskinstance.py:1239} INFO - Starting attempt 1 of 2
[2022-03-23 09:31:08,194] {taskinstance.py:1240} INFO - 
--------------------------------------------------------------------------------
[2022-03-23 09:31:08,205] {taskinstance.py:1259} INFO - Executing <Task(BashOperator): rm_task> on 2020-11-02 06:00:00+00:00
[2022-03-23 09:31:08,212] {standard_task_runner.py:52} INFO - Started process 2830 to run task
[2022-03-23 09:31:08,216] {standard_task_runner.py:76} INFO - Running: ['***', 'tasks', 'run', 'dtc_project_ingest', 'rm_task', 'scheduled__2020-11-02T06:00:00+00:00', '--job-id', '784', '--raw', '--subdir', 'DAGS_FOLDER/project_data_ingestion.py', '--cfg-path', '/tmp/tmp8jiy9pvz', '--error-file', '/tmp/tmpmi3tgsia']
[2022-03-23 09:31:08,218] {standard_task_runner.py:77} INFO - Job 784: Subtask rm_task
[2022-03-23 09:31:08,298] {logging_mixin.py:109} INFO - Running <TaskInstance: dtc_project_ingest.rm_task scheduled__2020-11-02T06:00:00+00:00 [running]> on host 7127e26385ba
[2022-03-23 09:31:08,348] {warnings.py:110} WARNING - /home/***/.local/lib/python3.7/site-packages/***/utils/context.py:152: AirflowContextDeprecationWarning: Accessing 'execution_date' from the template is deprecated and will be removed in a future version. Please use 'data_interval_start' or 'logical_date' instead.
  warnings.warn(_create_deprecation_warning(key, self._deprecation_replacements[key]))

[2022-03-23 09:31:08,377] {taskinstance.py:1426} INFO - Exporting the following env vars:
AIRFLOW_CTX_DAG_OWNER=***
AIRFLOW_CTX_DAG_ID=dtc_project_ingest
AIRFLOW_CTX_TASK_ID=rm_task
AIRFLOW_CTX_EXECUTION_DATE=2020-11-02T06:00:00+00:00
AIRFLOW_CTX_DAG_RUN_ID=scheduled__2020-11-02T06:00:00+00:00
[2022-03-23 09:31:08,379] {subprocess.py:62} INFO - Tmp dir root location: 
 /tmp
[2022-03-23 09:31:08,381] {subprocess.py:74} INFO - Running command: ['bash', '-c', 'rm /opt/***/202011-citibike-tripdata.csv /opt/***/202011-citibike-tripdata.parquet']
[2022-03-23 09:31:08,399] {subprocess.py:85} INFO - Output:
[2022-03-23 09:31:08,514] {subprocess.py:93} INFO - Command exited with return code 0
[2022-03-23 09:31:08,553] {taskinstance.py:1277} INFO - Marking task as SUCCESS. dag_id=dtc_project_ingest, task_id=rm_task, execution_date=20201102T060000, start_date=20220323T093108, end_date=20220323T093108
[2022-03-23 09:31:08,592] {local_task_job.py:154} INFO - Task exited with return code 0
[2022-03-23 09:31:08,630] {local_task_job.py:264} INFO - 0 downstream tasks scheduled from follow-on schedule check
[2022-03-23 16:46:57,752] {taskinstance.py:1032} INFO - Dependencies all met for <TaskInstance: dtc_project_ingest.rm_task scheduled__2020-11-02T06:00:00+00:00 [queued]>
[2022-03-23 16:46:57,771] {taskinstance.py:1032} INFO - Dependencies all met for <TaskInstance: dtc_project_ingest.rm_task scheduled__2020-11-02T06:00:00+00:00 [queued]>
[2022-03-23 16:46:57,772] {taskinstance.py:1238} INFO - 
--------------------------------------------------------------------------------
[2022-03-23 16:46:57,773] {taskinstance.py:1239} INFO - Starting attempt 1 of 2
[2022-03-23 16:46:57,774] {taskinstance.py:1240} INFO - 
--------------------------------------------------------------------------------
[2022-03-23 16:46:57,788] {taskinstance.py:1259} INFO - Executing <Task(BashOperator): rm_task> on 2020-11-02 06:00:00+00:00
[2022-03-23 16:46:57,796] {standard_task_runner.py:52} INFO - Started process 6511 to run task
[2022-03-23 16:46:57,802] {standard_task_runner.py:76} INFO - Running: ['***', 'tasks', 'run', 'dtc_project_ingest', 'rm_task', 'scheduled__2020-11-02T06:00:00+00:00', '--job-id', '1105', '--raw', '--subdir', 'DAGS_FOLDER/project_data_ingestion.py', '--cfg-path', '/tmp/tmpsfswxk50', '--error-file', '/tmp/tmpmagx6g_w']
[2022-03-23 16:46:57,804] {standard_task_runner.py:77} INFO - Job 1105: Subtask rm_task
[2022-03-23 16:46:57,887] {logging_mixin.py:109} INFO - Running <TaskInstance: dtc_project_ingest.rm_task scheduled__2020-11-02T06:00:00+00:00 [running]> on host 7127e26385ba
[2022-03-23 16:46:57,941] {warnings.py:110} WARNING - /home/***/.local/lib/python3.7/site-packages/***/utils/context.py:152: AirflowContextDeprecationWarning: Accessing 'execution_date' from the template is deprecated and will be removed in a future version. Please use 'data_interval_start' or 'logical_date' instead.
  warnings.warn(_create_deprecation_warning(key, self._deprecation_replacements[key]))

[2022-03-23 16:46:57,971] {taskinstance.py:1426} INFO - Exporting the following env vars:
AIRFLOW_CTX_DAG_OWNER=***
AIRFLOW_CTX_DAG_ID=dtc_project_ingest
AIRFLOW_CTX_TASK_ID=rm_task
AIRFLOW_CTX_EXECUTION_DATE=2020-11-02T06:00:00+00:00
AIRFLOW_CTX_DAG_RUN_ID=scheduled__2020-11-02T06:00:00+00:00
[2022-03-23 16:46:57,973] {subprocess.py:62} INFO - Tmp dir root location: 
 /tmp
[2022-03-23 16:46:57,975] {subprocess.py:74} INFO - Running command: ['bash', '-c', 'rm /opt/***/202011-citibike-tripdata.csv /opt/***/202011-citibike-tripdata.parquet']
[2022-03-23 16:46:57,994] {subprocess.py:85} INFO - Output:
[2022-03-23 16:46:58,363] {subprocess.py:93} INFO - Command exited with return code 0
[2022-03-23 16:46:58,401] {taskinstance.py:1277} INFO - Marking task as SUCCESS. dag_id=dtc_project_ingest, task_id=rm_task, execution_date=20201102T060000, start_date=20220323T164657, end_date=20220323T164658
[2022-03-23 16:46:58,461] {local_task_job.py:154} INFO - Task exited with return code 0
[2022-03-23 16:46:58,499] {local_task_job.py:264} INFO - 0 downstream tasks scheduled from follow-on schedule check
[2022-03-26 11:34:31,840] {taskinstance.py:1032} INFO - Dependencies all met for <TaskInstance: dtc_project_ingest.rm_task scheduled__2020-11-02T06:00:00+00:00 [queued]>
[2022-03-26 11:34:31,859] {taskinstance.py:1032} INFO - Dependencies all met for <TaskInstance: dtc_project_ingest.rm_task scheduled__2020-11-02T06:00:00+00:00 [queued]>
[2022-03-26 11:34:31,861] {taskinstance.py:1238} INFO - 
--------------------------------------------------------------------------------
[2022-03-26 11:34:31,862] {taskinstance.py:1239} INFO - Starting attempt 1 of 2
[2022-03-26 11:34:31,863] {taskinstance.py:1240} INFO - 
--------------------------------------------------------------------------------
[2022-03-26 11:34:31,886] {taskinstance.py:1259} INFO - Executing <Task(BashOperator): rm_task> on 2020-11-02 06:00:00+00:00
[2022-03-26 11:34:31,899] {standard_task_runner.py:52} INFO - Started process 8634 to run task
[2022-03-26 11:34:31,907] {standard_task_runner.py:76} INFO - Running: ['***', 'tasks', 'run', 'dtc_project_ingest', 'rm_task', 'scheduled__2020-11-02T06:00:00+00:00', '--job-id', '1463', '--raw', '--subdir', 'DAGS_FOLDER/project_data_ingestion.py', '--cfg-path', '/tmp/tmp22ib47w0', '--error-file', '/tmp/tmp_3vttawk']
[2022-03-26 11:34:31,910] {standard_task_runner.py:77} INFO - Job 1463: Subtask rm_task
[2022-03-26 11:34:32,003] {logging_mixin.py:109} INFO - Running <TaskInstance: dtc_project_ingest.rm_task scheduled__2020-11-02T06:00:00+00:00 [running]> on host c800f4dda314
[2022-03-26 11:34:32,068] {warnings.py:110} WARNING - /home/***/.local/lib/python3.7/site-packages/***/utils/context.py:152: AirflowContextDeprecationWarning: Accessing 'execution_date' from the template is deprecated and will be removed in a future version. Please use 'data_interval_start' or 'logical_date' instead.
  warnings.warn(_create_deprecation_warning(key, self._deprecation_replacements[key]))

[2022-03-26 11:34:32,104] {taskinstance.py:1426} INFO - Exporting the following env vars:
AIRFLOW_CTX_DAG_OWNER=***
AIRFLOW_CTX_DAG_ID=dtc_project_ingest
AIRFLOW_CTX_TASK_ID=rm_task
AIRFLOW_CTX_EXECUTION_DATE=2020-11-02T06:00:00+00:00
AIRFLOW_CTX_DAG_RUN_ID=scheduled__2020-11-02T06:00:00+00:00
[2022-03-26 11:34:32,107] {subprocess.py:62} INFO - Tmp dir root location: 
 /tmp
[2022-03-26 11:34:32,109] {subprocess.py:74} INFO - Running command: ['bash', '-c', 'rm /opt/***/202011-citibike-tripdata.csv /opt/***/202011-citibike-tripdata.parquet']
[2022-03-26 11:34:32,137] {subprocess.py:85} INFO - Output:
[2022-03-26 11:34:32,269] {subprocess.py:93} INFO - Command exited with return code 0
[2022-03-26 11:34:32,319] {taskinstance.py:1277} INFO - Marking task as SUCCESS. dag_id=dtc_project_ingest, task_id=rm_task, execution_date=20201102T060000, start_date=20220326T113431, end_date=20220326T113432
[2022-03-26 11:34:32,363] {local_task_job.py:154} INFO - Task exited with return code 0
[2022-03-26 11:34:32,401] {local_task_job.py:264} INFO - 0 downstream tasks scheduled from follow-on schedule check
[2022-03-26 15:51:05,959] {taskinstance.py:1032} INFO - Dependencies all met for <TaskInstance: dtc_project_ingest.rm_task scheduled__2020-11-02T06:00:00+00:00 [queued]>
[2022-03-26 15:51:05,980] {taskinstance.py:1032} INFO - Dependencies all met for <TaskInstance: dtc_project_ingest.rm_task scheduled__2020-11-02T06:00:00+00:00 [queued]>
[2022-03-26 15:51:05,981] {taskinstance.py:1238} INFO - 
--------------------------------------------------------------------------------
[2022-03-26 15:51:05,983] {taskinstance.py:1239} INFO - Starting attempt 1 of 2
[2022-03-26 15:51:05,985] {taskinstance.py:1240} INFO - 
--------------------------------------------------------------------------------
[2022-03-26 15:51:06,008] {taskinstance.py:1259} INFO - Executing <Task(BashOperator): rm_task> on 2020-11-02 06:00:00+00:00
[2022-03-26 15:51:06,022] {standard_task_runner.py:52} INFO - Started process 21576 to run task
[2022-03-26 15:51:06,030] {standard_task_runner.py:76} INFO - Running: ['***', 'tasks', 'run', 'dtc_project_ingest', 'rm_task', 'scheduled__2020-11-02T06:00:00+00:00', '--job-id', '1693', '--raw', '--subdir', 'DAGS_FOLDER/project_data_ingestion.py', '--cfg-path', '/tmp/tmpwdtdihvo', '--error-file', '/tmp/tmp0p_22wxc']
[2022-03-26 15:51:06,035] {standard_task_runner.py:77} INFO - Job 1693: Subtask rm_task
[2022-03-26 15:51:06,249] {logging_mixin.py:109} INFO - Running <TaskInstance: dtc_project_ingest.rm_task scheduled__2020-11-02T06:00:00+00:00 [running]> on host c800f4dda314
[2022-03-26 15:51:06,372] {warnings.py:110} WARNING - /home/***/.local/lib/python3.7/site-packages/***/utils/context.py:152: AirflowContextDeprecationWarning: Accessing 'execution_date' from the template is deprecated and will be removed in a future version. Please use 'data_interval_start' or 'logical_date' instead.
  warnings.warn(_create_deprecation_warning(key, self._deprecation_replacements[key]))

[2022-03-26 15:51:06,473] {taskinstance.py:1426} INFO - Exporting the following env vars:
AIRFLOW_CTX_DAG_OWNER=***
AIRFLOW_CTX_DAG_ID=dtc_project_ingest
AIRFLOW_CTX_TASK_ID=rm_task
AIRFLOW_CTX_EXECUTION_DATE=2020-11-02T06:00:00+00:00
AIRFLOW_CTX_DAG_RUN_ID=scheduled__2020-11-02T06:00:00+00:00
[2022-03-26 15:51:06,477] {subprocess.py:62} INFO - Tmp dir root location: 
 /tmp
[2022-03-26 15:51:06,480] {subprocess.py:74} INFO - Running command: ['bash', '-c', 'rm /opt/***/202011-citibike-tripdata.csv /opt/***/202011-citibike-tripdata.parquet']
[2022-03-26 15:51:06,524] {subprocess.py:85} INFO - Output:
[2022-03-26 15:51:06,879] {subprocess.py:93} INFO - Command exited with return code 0
[2022-03-26 15:51:06,985] {taskinstance.py:1277} INFO - Marking task as SUCCESS. dag_id=dtc_project_ingest, task_id=rm_task, execution_date=20201102T060000, start_date=20220326T155105, end_date=20220326T155106
[2022-03-26 15:51:07,113] {local_task_job.py:154} INFO - Task exited with return code 0
[2022-03-26 15:51:07,304] {local_task_job.py:264} INFO - 0 downstream tasks scheduled from follow-on schedule check
