[2022-03-21 23:31:23,316] {taskinstance.py:1032} INFO - Dependencies all met for <TaskInstance: dtc_project_ingest.rm_task scheduled__2019-04-02T06:00:00+00:00 [queued]>
[2022-03-21 23:31:23,374] {taskinstance.py:1032} INFO - Dependencies all met for <TaskInstance: dtc_project_ingest.rm_task scheduled__2019-04-02T06:00:00+00:00 [queued]>
[2022-03-21 23:31:23,376] {taskinstance.py:1238} INFO - 
--------------------------------------------------------------------------------
[2022-03-21 23:31:23,390] {taskinstance.py:1239} INFO - Starting attempt 1 of 2
[2022-03-21 23:31:23,394] {taskinstance.py:1240} INFO - 
--------------------------------------------------------------------------------
[2022-03-21 23:31:23,465] {taskinstance.py:1259} INFO - Executing <Task(BashOperator): rm_task> on 2019-04-02 06:00:00+00:00
[2022-03-21 23:31:23,487] {standard_task_runner.py:52} INFO - Started process 3191 to run task
[2022-03-21 23:31:23,490] {standard_task_runner.py:76} INFO - Running: ['***', 'tasks', 'run', 'dtc_project_ingest', 'rm_task', 'scheduled__2019-04-02T06:00:00+00:00', '--job-id', '620', '--raw', '--subdir', 'DAGS_FOLDER/project_data_ingestion.py', '--cfg-path', '/tmp/tmph8u8np1o', '--error-file', '/tmp/tmpwvml307z']
[2022-03-21 23:31:23,496] {standard_task_runner.py:77} INFO - Job 620: Subtask rm_task
[2022-03-21 23:31:23,671] {logging_mixin.py:109} INFO - Running <TaskInstance: dtc_project_ingest.rm_task scheduled__2019-04-02T06:00:00+00:00 [running]> on host b91e76d7fa3b
[2022-03-21 23:31:24,007] {warnings.py:110} WARNING - /home/***/.local/lib/python3.7/site-packages/***/utils/context.py:152: AirflowContextDeprecationWarning: Accessing 'execution_date' from the template is deprecated and will be removed in a future version. Please use 'data_interval_start' or 'logical_date' instead.
  warnings.warn(_create_deprecation_warning(key, self._deprecation_replacements[key]))

[2022-03-21 23:31:24,123] {taskinstance.py:1426} INFO - Exporting the following env vars:
AIRFLOW_CTX_DAG_OWNER=***
AIRFLOW_CTX_DAG_ID=dtc_project_ingest
AIRFLOW_CTX_TASK_ID=rm_task
AIRFLOW_CTX_EXECUTION_DATE=2019-04-02T06:00:00+00:00
AIRFLOW_CTX_DAG_RUN_ID=scheduled__2019-04-02T06:00:00+00:00
[2022-03-21 23:31:24,128] {subprocess.py:62} INFO - Tmp dir root location: 
 /tmp
[2022-03-21 23:31:24,134] {subprocess.py:74} INFO - Running command: ['bash', '-c', 'rm /opt/***/201904-citibike-tripdata.csv /opt/***/201904-citibike-tripdata.parquet']
[2022-03-21 23:31:24,180] {subprocess.py:85} INFO - Output:
[2022-03-21 23:31:24,451] {subprocess.py:93} INFO - Command exited with return code 0
[2022-03-21 23:31:24,511] {taskinstance.py:1277} INFO - Marking task as SUCCESS. dag_id=dtc_project_ingest, task_id=rm_task, execution_date=20190402T060000, start_date=20220321T233123, end_date=20220321T233124
[2022-03-21 23:31:24,568] {local_task_job.py:154} INFO - Task exited with return code 0
[2022-03-21 23:31:24,642] {local_task_job.py:264} INFO - 0 downstream tasks scheduled from follow-on schedule check
[2022-03-23 09:08:52,301] {taskinstance.py:1032} INFO - Dependencies all met for <TaskInstance: dtc_project_ingest.rm_task scheduled__2019-04-02T06:00:00+00:00 [queued]>
[2022-03-23 09:08:52,315] {taskinstance.py:1032} INFO - Dependencies all met for <TaskInstance: dtc_project_ingest.rm_task scheduled__2019-04-02T06:00:00+00:00 [queued]>
[2022-03-23 09:08:52,315] {taskinstance.py:1238} INFO - 
--------------------------------------------------------------------------------
[2022-03-23 09:08:52,316] {taskinstance.py:1239} INFO - Starting attempt 1 of 2
[2022-03-23 09:08:52,316] {taskinstance.py:1240} INFO - 
--------------------------------------------------------------------------------
[2022-03-23 09:08:52,327] {taskinstance.py:1259} INFO - Executing <Task(BashOperator): rm_task> on 2019-04-02 06:00:00+00:00
[2022-03-23 09:08:52,334] {standard_task_runner.py:52} INFO - Started process 1365 to run task
[2022-03-23 09:08:52,339] {standard_task_runner.py:76} INFO - Running: ['***', 'tasks', 'run', 'dtc_project_ingest', 'rm_task', 'scheduled__2019-04-02T06:00:00+00:00', '--job-id', '707', '--raw', '--subdir', 'DAGS_FOLDER/project_data_ingestion.py', '--cfg-path', '/tmp/tmp_ctfm4g3', '--error-file', '/tmp/tmpgbvot2eq']
[2022-03-23 09:08:52,341] {standard_task_runner.py:77} INFO - Job 707: Subtask rm_task
[2022-03-23 09:08:52,408] {logging_mixin.py:109} INFO - Running <TaskInstance: dtc_project_ingest.rm_task scheduled__2019-04-02T06:00:00+00:00 [running]> on host 7127e26385ba
[2022-03-23 09:08:52,450] {warnings.py:110} WARNING - /home/***/.local/lib/python3.7/site-packages/***/utils/context.py:152: AirflowContextDeprecationWarning: Accessing 'execution_date' from the template is deprecated and will be removed in a future version. Please use 'data_interval_start' or 'logical_date' instead.
  warnings.warn(_create_deprecation_warning(key, self._deprecation_replacements[key]))

[2022-03-23 09:08:52,471] {taskinstance.py:1426} INFO - Exporting the following env vars:
AIRFLOW_CTX_DAG_OWNER=***
AIRFLOW_CTX_DAG_ID=dtc_project_ingest
AIRFLOW_CTX_TASK_ID=rm_task
AIRFLOW_CTX_EXECUTION_DATE=2019-04-02T06:00:00+00:00
AIRFLOW_CTX_DAG_RUN_ID=scheduled__2019-04-02T06:00:00+00:00
[2022-03-23 09:08:52,473] {subprocess.py:62} INFO - Tmp dir root location: 
 /tmp
[2022-03-23 09:08:52,474] {subprocess.py:74} INFO - Running command: ['bash', '-c', 'rm /opt/***/201904-citibike-tripdata.csv /opt/***/201904-citibike-tripdata.parquet']
[2022-03-23 09:08:52,488] {subprocess.py:85} INFO - Output:
[2022-03-23 09:08:52,579] {subprocess.py:93} INFO - Command exited with return code 0
[2022-03-23 09:08:52,613] {taskinstance.py:1277} INFO - Marking task as SUCCESS. dag_id=dtc_project_ingest, task_id=rm_task, execution_date=20190402T060000, start_date=20220323T090852, end_date=20220323T090852
[2022-03-23 09:08:52,683] {local_task_job.py:154} INFO - Task exited with return code 0
[2022-03-23 09:08:52,716] {local_task_job.py:264} INFO - 0 downstream tasks scheduled from follow-on schedule check
[2022-03-23 16:09:47,549] {taskinstance.py:1032} INFO - Dependencies all met for <TaskInstance: dtc_project_ingest.rm_task scheduled__2019-04-02T06:00:00+00:00 [queued]>
[2022-03-23 16:09:47,563] {taskinstance.py:1032} INFO - Dependencies all met for <TaskInstance: dtc_project_ingest.rm_task scheduled__2019-04-02T06:00:00+00:00 [queued]>
[2022-03-23 16:09:47,564] {taskinstance.py:1238} INFO - 
--------------------------------------------------------------------------------
[2022-03-23 16:09:47,564] {taskinstance.py:1239} INFO - Starting attempt 1 of 2
[2022-03-23 16:09:47,565] {taskinstance.py:1240} INFO - 
--------------------------------------------------------------------------------
[2022-03-23 16:09:47,576] {taskinstance.py:1259} INFO - Executing <Task(BashOperator): rm_task> on 2019-04-02 06:00:00+00:00
[2022-03-23 16:09:47,582] {standard_task_runner.py:52} INFO - Started process 4378 to run task
[2022-03-23 16:09:47,587] {standard_task_runner.py:76} INFO - Running: ['***', 'tasks', 'run', 'dtc_project_ingest', 'rm_task', 'scheduled__2019-04-02T06:00:00+00:00', '--job-id', '1015', '--raw', '--subdir', 'DAGS_FOLDER/project_data_ingestion.py', '--cfg-path', '/tmp/tmpityvws8q', '--error-file', '/tmp/tmp_zagodwc']
[2022-03-23 16:09:47,588] {standard_task_runner.py:77} INFO - Job 1015: Subtask rm_task
[2022-03-23 16:09:47,657] {logging_mixin.py:109} INFO - Running <TaskInstance: dtc_project_ingest.rm_task scheduled__2019-04-02T06:00:00+00:00 [running]> on host 7127e26385ba
[2022-03-23 16:09:47,704] {warnings.py:110} WARNING - /home/***/.local/lib/python3.7/site-packages/***/utils/context.py:152: AirflowContextDeprecationWarning: Accessing 'execution_date' from the template is deprecated and will be removed in a future version. Please use 'data_interval_start' or 'logical_date' instead.
  warnings.warn(_create_deprecation_warning(key, self._deprecation_replacements[key]))

[2022-03-23 16:09:47,727] {taskinstance.py:1426} INFO - Exporting the following env vars:
AIRFLOW_CTX_DAG_OWNER=***
AIRFLOW_CTX_DAG_ID=dtc_project_ingest
AIRFLOW_CTX_TASK_ID=rm_task
AIRFLOW_CTX_EXECUTION_DATE=2019-04-02T06:00:00+00:00
AIRFLOW_CTX_DAG_RUN_ID=scheduled__2019-04-02T06:00:00+00:00
[2022-03-23 16:09:47,731] {subprocess.py:62} INFO - Tmp dir root location: 
 /tmp
[2022-03-23 16:09:47,732] {subprocess.py:74} INFO - Running command: ['bash', '-c', 'rm /opt/***/201904-citibike-tripdata.csv /opt/***/201904-citibike-tripdata.parquet']
[2022-03-23 16:09:47,751] {subprocess.py:85} INFO - Output:
[2022-03-23 16:09:47,864] {subprocess.py:93} INFO - Command exited with return code 0
[2022-03-23 16:09:47,895] {taskinstance.py:1277} INFO - Marking task as SUCCESS. dag_id=dtc_project_ingest, task_id=rm_task, execution_date=20190402T060000, start_date=20220323T160947, end_date=20220323T160947
[2022-03-23 16:09:47,924] {local_task_job.py:154} INFO - Task exited with return code 0
[2022-03-23 16:09:47,958] {local_task_job.py:264} INFO - 0 downstream tasks scheduled from follow-on schedule check
[2022-03-26 10:59:31,977] {taskinstance.py:1032} INFO - Dependencies all met for <TaskInstance: dtc_project_ingest.rm_task scheduled__2019-04-02T06:00:00+00:00 [queued]>
[2022-03-26 10:59:31,994] {taskinstance.py:1032} INFO - Dependencies all met for <TaskInstance: dtc_project_ingest.rm_task scheduled__2019-04-02T06:00:00+00:00 [queued]>
[2022-03-26 10:59:31,995] {taskinstance.py:1238} INFO - 
--------------------------------------------------------------------------------
[2022-03-26 10:59:31,996] {taskinstance.py:1239} INFO - Starting attempt 1 of 2
[2022-03-26 10:59:31,997] {taskinstance.py:1240} INFO - 
--------------------------------------------------------------------------------
[2022-03-26 10:59:32,013] {taskinstance.py:1259} INFO - Executing <Task(BashOperator): rm_task> on 2019-04-02 06:00:00+00:00
[2022-03-26 10:59:32,024] {standard_task_runner.py:52} INFO - Started process 6584 to run task
[2022-03-26 10:59:32,029] {standard_task_runner.py:76} INFO - Running: ['***', 'tasks', 'run', 'dtc_project_ingest', 'rm_task', 'scheduled__2019-04-02T06:00:00+00:00', '--job-id', '1367', '--raw', '--subdir', 'DAGS_FOLDER/project_data_ingestion.py', '--cfg-path', '/tmp/tmp6r_i7ibt', '--error-file', '/tmp/tmp8fr7rvxx']
[2022-03-26 10:59:32,031] {standard_task_runner.py:77} INFO - Job 1367: Subtask rm_task
[2022-03-26 10:59:32,118] {logging_mixin.py:109} INFO - Running <TaskInstance: dtc_project_ingest.rm_task scheduled__2019-04-02T06:00:00+00:00 [running]> on host c800f4dda314
[2022-03-26 10:59:32,181] {warnings.py:110} WARNING - /home/***/.local/lib/python3.7/site-packages/***/utils/context.py:152: AirflowContextDeprecationWarning: Accessing 'execution_date' from the template is deprecated and will be removed in a future version. Please use 'data_interval_start' or 'logical_date' instead.
  warnings.warn(_create_deprecation_warning(key, self._deprecation_replacements[key]))

[2022-03-26 10:59:32,211] {taskinstance.py:1426} INFO - Exporting the following env vars:
AIRFLOW_CTX_DAG_OWNER=***
AIRFLOW_CTX_DAG_ID=dtc_project_ingest
AIRFLOW_CTX_TASK_ID=rm_task
AIRFLOW_CTX_EXECUTION_DATE=2019-04-02T06:00:00+00:00
AIRFLOW_CTX_DAG_RUN_ID=scheduled__2019-04-02T06:00:00+00:00
[2022-03-26 10:59:32,226] {subprocess.py:62} INFO - Tmp dir root location: 
 /tmp
[2022-03-26 10:59:32,228] {subprocess.py:74} INFO - Running command: ['bash', '-c', 'rm /opt/***/201904-citibike-tripdata.csv /opt/***/201904-citibike-tripdata.parquet']
[2022-03-26 10:59:32,251] {subprocess.py:85} INFO - Output:
[2022-03-26 10:59:32,406] {subprocess.py:93} INFO - Command exited with return code 0
[2022-03-26 10:59:32,454] {taskinstance.py:1277} INFO - Marking task as SUCCESS. dag_id=dtc_project_ingest, task_id=rm_task, execution_date=20190402T060000, start_date=20220326T105931, end_date=20220326T105932
[2022-03-26 10:59:32,490] {local_task_job.py:154} INFO - Task exited with return code 0
[2022-03-26 10:59:32,543] {local_task_job.py:264} INFO - 0 downstream tasks scheduled from follow-on schedule check
[2022-03-26 15:36:33,902] {taskinstance.py:1032} INFO - Dependencies all met for <TaskInstance: dtc_project_ingest.rm_task scheduled__2019-04-02T06:00:00+00:00 [queued]>
[2022-03-26 15:36:33,922] {taskinstance.py:1032} INFO - Dependencies all met for <TaskInstance: dtc_project_ingest.rm_task scheduled__2019-04-02T06:00:00+00:00 [queued]>
[2022-03-26 15:36:33,924] {taskinstance.py:1238} INFO - 
--------------------------------------------------------------------------------
[2022-03-26 15:36:33,925] {taskinstance.py:1239} INFO - Starting attempt 1 of 2
[2022-03-26 15:36:33,926] {taskinstance.py:1240} INFO - 
--------------------------------------------------------------------------------
[2022-03-26 15:36:33,943] {taskinstance.py:1259} INFO - Executing <Task(BashOperator): rm_task> on 2019-04-02 06:00:00+00:00
[2022-03-26 15:36:33,953] {standard_task_runner.py:52} INFO - Started process 20519 to run task
[2022-03-26 15:36:33,958] {standard_task_runner.py:76} INFO - Running: ['***', 'tasks', 'run', 'dtc_project_ingest', 'rm_task', 'scheduled__2019-04-02T06:00:00+00:00', '--job-id', '1614', '--raw', '--subdir', 'DAGS_FOLDER/project_data_ingestion.py', '--cfg-path', '/tmp/tmpopdlq_5y', '--error-file', '/tmp/tmp6o48i4qh']
[2022-03-26 15:36:33,960] {standard_task_runner.py:77} INFO - Job 1614: Subtask rm_task
[2022-03-26 15:36:34,057] {logging_mixin.py:109} INFO - Running <TaskInstance: dtc_project_ingest.rm_task scheduled__2019-04-02T06:00:00+00:00 [running]> on host c800f4dda314
[2022-03-26 15:36:34,122] {warnings.py:110} WARNING - /home/***/.local/lib/python3.7/site-packages/***/utils/context.py:152: AirflowContextDeprecationWarning: Accessing 'execution_date' from the template is deprecated and will be removed in a future version. Please use 'data_interval_start' or 'logical_date' instead.
  warnings.warn(_create_deprecation_warning(key, self._deprecation_replacements[key]))

[2022-03-26 15:36:34,155] {taskinstance.py:1426} INFO - Exporting the following env vars:
AIRFLOW_CTX_DAG_OWNER=***
AIRFLOW_CTX_DAG_ID=dtc_project_ingest
AIRFLOW_CTX_TASK_ID=rm_task
AIRFLOW_CTX_EXECUTION_DATE=2019-04-02T06:00:00+00:00
AIRFLOW_CTX_DAG_RUN_ID=scheduled__2019-04-02T06:00:00+00:00
[2022-03-26 15:36:34,158] {subprocess.py:62} INFO - Tmp dir root location: 
 /tmp
[2022-03-26 15:36:34,160] {subprocess.py:74} INFO - Running command: ['bash', '-c', 'rm /opt/***/201904-citibike-tripdata.csv /opt/***/201904-citibike-tripdata.parquet']
[2022-03-26 15:36:34,181] {subprocess.py:85} INFO - Output:
[2022-03-26 15:36:34,318] {subprocess.py:93} INFO - Command exited with return code 0
[2022-03-26 15:36:34,359] {taskinstance.py:1277} INFO - Marking task as SUCCESS. dag_id=dtc_project_ingest, task_id=rm_task, execution_date=20190402T060000, start_date=20220326T153633, end_date=20220326T153634
[2022-03-26 15:36:34,415] {local_task_job.py:154} INFO - Task exited with return code 0
[2022-03-26 15:36:34,459] {local_task_job.py:264} INFO - 0 downstream tasks scheduled from follow-on schedule check
