[2022-03-23 09:38:27,900] {taskinstance.py:1032} INFO - Dependencies all met for <TaskInstance: dtc_project_ingest.format_to_parquet_task scheduled__2021-06-02T06:00:00+00:00 [queued]>
[2022-03-23 09:38:27,911] {taskinstance.py:1032} INFO - Dependencies all met for <TaskInstance: dtc_project_ingest.format_to_parquet_task scheduled__2021-06-02T06:00:00+00:00 [queued]>
[2022-03-23 09:38:27,912] {taskinstance.py:1238} INFO - 
--------------------------------------------------------------------------------
[2022-03-23 09:38:27,913] {taskinstance.py:1239} INFO - Starting attempt 1 of 2
[2022-03-23 09:38:27,914] {taskinstance.py:1240} INFO - 
--------------------------------------------------------------------------------
[2022-03-23 09:38:27,926] {taskinstance.py:1259} INFO - Executing <Task(PythonOperator): format_to_parquet_task> on 2021-06-02 06:00:00+00:00
[2022-03-23 09:38:27,933] {standard_task_runner.py:52} INFO - Started process 3293 to run task
[2022-03-23 09:38:27,937] {standard_task_runner.py:76} INFO - Running: ['***', 'tasks', 'run', 'dtc_project_ingest', 'format_to_parquet_task', 'scheduled__2021-06-02T06:00:00+00:00', '--job-id', '806', '--raw', '--subdir', 'DAGS_FOLDER/project_data_ingestion.py', '--cfg-path', '/tmp/tmppwlcpnj0', '--error-file', '/tmp/tmpyxmlojw7']
[2022-03-23 09:38:27,938] {standard_task_runner.py:77} INFO - Job 806: Subtask format_to_parquet_task
[2022-03-23 09:38:28,040] {logging_mixin.py:109} INFO - Running <TaskInstance: dtc_project_ingest.format_to_parquet_task scheduled__2021-06-02T06:00:00+00:00 [running]> on host 7127e26385ba
[2022-03-23 09:38:28,089] {warnings.py:110} WARNING - /home/***/.local/lib/python3.7/site-packages/***/utils/context.py:152: AirflowContextDeprecationWarning: Accessing 'execution_date' from the template is deprecated and will be removed in a future version. Please use 'data_interval_start' or 'logical_date' instead.
  warnings.warn(_create_deprecation_warning(key, self._deprecation_replacements[key]))

[2022-03-23 09:38:28,120] {taskinstance.py:1426} INFO - Exporting the following env vars:
AIRFLOW_CTX_DAG_OWNER=***
AIRFLOW_CTX_DAG_ID=dtc_project_ingest
AIRFLOW_CTX_TASK_ID=format_to_parquet_task
AIRFLOW_CTX_EXECUTION_DATE=2021-06-02T06:00:00+00:00
AIRFLOW_CTX_DAG_RUN_ID=scheduled__2021-06-02T06:00:00+00:00
[2022-03-23 09:38:35,230] {python.py:175} INFO - Done. Returned value was: None
[2022-03-23 09:38:35,245] {taskinstance.py:1277} INFO - Marking task as SUCCESS. dag_id=dtc_project_ingest, task_id=format_to_parquet_task, execution_date=20210602T060000, start_date=20220323T093827, end_date=20220323T093835
[2022-03-23 09:38:35,605] {local_task_job.py:154} INFO - Task exited with return code 0
[2022-03-23 09:38:35,689] {local_task_job.py:264} INFO - 0 downstream tasks scheduled from follow-on schedule check
[2022-03-23 17:02:45,657] {taskinstance.py:1032} INFO - Dependencies all met for <TaskInstance: dtc_project_ingest.format_to_parquet_task scheduled__2021-06-02T06:00:00+00:00 [queued]>
[2022-03-23 17:02:45,669] {taskinstance.py:1032} INFO - Dependencies all met for <TaskInstance: dtc_project_ingest.format_to_parquet_task scheduled__2021-06-02T06:00:00+00:00 [queued]>
[2022-03-23 17:02:45,670] {taskinstance.py:1238} INFO - 
--------------------------------------------------------------------------------
[2022-03-23 17:02:45,671] {taskinstance.py:1239} INFO - Starting attempt 1 of 2
[2022-03-23 17:02:45,671] {taskinstance.py:1240} INFO - 
--------------------------------------------------------------------------------
[2022-03-23 17:02:45,682] {taskinstance.py:1259} INFO - Executing <Task(PythonOperator): format_to_parquet_task> on 2021-06-02 06:00:00+00:00
[2022-03-23 17:02:45,688] {standard_task_runner.py:52} INFO - Started process 7428 to run task
[2022-03-23 17:02:45,693] {standard_task_runner.py:76} INFO - Running: ['***', 'tasks', 'run', 'dtc_project_ingest', 'format_to_parquet_task', 'scheduled__2021-06-02T06:00:00+00:00', '--job-id', '1140', '--raw', '--subdir', 'DAGS_FOLDER/project_data_ingestion.py', '--cfg-path', '/tmp/tmp1fvh25ni', '--error-file', '/tmp/tmp0sklhhzh']
[2022-03-23 17:02:45,695] {standard_task_runner.py:77} INFO - Job 1140: Subtask format_to_parquet_task
[2022-03-23 17:02:45,778] {logging_mixin.py:109} INFO - Running <TaskInstance: dtc_project_ingest.format_to_parquet_task scheduled__2021-06-02T06:00:00+00:00 [running]> on host 7127e26385ba
[2022-03-23 17:02:45,825] {warnings.py:110} WARNING - /home/***/.local/lib/python3.7/site-packages/***/utils/context.py:152: AirflowContextDeprecationWarning: Accessing 'execution_date' from the template is deprecated and will be removed in a future version. Please use 'data_interval_start' or 'logical_date' instead.
  warnings.warn(_create_deprecation_warning(key, self._deprecation_replacements[key]))

[2022-03-23 17:02:45,855] {taskinstance.py:1426} INFO - Exporting the following env vars:
AIRFLOW_CTX_DAG_OWNER=***
AIRFLOW_CTX_DAG_ID=dtc_project_ingest
AIRFLOW_CTX_TASK_ID=format_to_parquet_task
AIRFLOW_CTX_EXECUTION_DATE=2021-06-02T06:00:00+00:00
AIRFLOW_CTX_DAG_RUN_ID=scheduled__2021-06-02T06:00:00+00:00
[2022-03-23 17:02:53,135] {python.py:175} INFO - Done. Returned value was: None
[2022-03-23 17:02:53,211] {taskinstance.py:1277} INFO - Marking task as SUCCESS. dag_id=dtc_project_ingest, task_id=format_to_parquet_task, execution_date=20210602T060000, start_date=20220323T170245, end_date=20220323T170253
[2022-03-23 17:02:53,381] {local_task_job.py:154} INFO - Task exited with return code 0
[2022-03-23 17:02:53,434] {local_task_job.py:264} INFO - 1 downstream tasks scheduled from follow-on schedule check
[2022-03-26 11:44:53,935] {taskinstance.py:1032} INFO - Dependencies all met for <TaskInstance: dtc_project_ingest.format_to_parquet_task scheduled__2021-06-02T06:00:00+00:00 [queued]>
[2022-03-26 11:44:53,959] {taskinstance.py:1032} INFO - Dependencies all met for <TaskInstance: dtc_project_ingest.format_to_parquet_task scheduled__2021-06-02T06:00:00+00:00 [queued]>
[2022-03-26 11:44:53,960] {taskinstance.py:1238} INFO - 
--------------------------------------------------------------------------------
[2022-03-26 11:44:53,960] {taskinstance.py:1239} INFO - Starting attempt 1 of 2
[2022-03-26 11:44:53,961] {taskinstance.py:1240} INFO - 
--------------------------------------------------------------------------------
[2022-03-26 11:44:53,977] {taskinstance.py:1259} INFO - Executing <Task(PythonOperator): format_to_parquet_task> on 2021-06-02 06:00:00+00:00
[2022-03-26 11:44:53,985] {standard_task_runner.py:52} INFO - Started process 9252 to run task
[2022-03-26 11:44:53,991] {standard_task_runner.py:76} INFO - Running: ['***', 'tasks', 'run', 'dtc_project_ingest', 'format_to_parquet_task', 'scheduled__2021-06-02T06:00:00+00:00', '--job-id', '1496', '--raw', '--subdir', 'DAGS_FOLDER/project_data_ingestion.py', '--cfg-path', '/tmp/tmpyya2jv3m', '--error-file', '/tmp/tmp21rxttqa']
[2022-03-26 11:44:53,993] {standard_task_runner.py:77} INFO - Job 1496: Subtask format_to_parquet_task
[2022-03-26 11:44:54,097] {logging_mixin.py:109} INFO - Running <TaskInstance: dtc_project_ingest.format_to_parquet_task scheduled__2021-06-02T06:00:00+00:00 [running]> on host c800f4dda314
[2022-03-26 11:44:54,154] {warnings.py:110} WARNING - /home/***/.local/lib/python3.7/site-packages/***/utils/context.py:152: AirflowContextDeprecationWarning: Accessing 'execution_date' from the template is deprecated and will be removed in a future version. Please use 'data_interval_start' or 'logical_date' instead.
  warnings.warn(_create_deprecation_warning(key, self._deprecation_replacements[key]))

[2022-03-26 11:44:54,197] {taskinstance.py:1426} INFO - Exporting the following env vars:
AIRFLOW_CTX_DAG_OWNER=***
AIRFLOW_CTX_DAG_ID=dtc_project_ingest
AIRFLOW_CTX_TASK_ID=format_to_parquet_task
AIRFLOW_CTX_EXECUTION_DATE=2021-06-02T06:00:00+00:00
AIRFLOW_CTX_DAG_RUN_ID=scheduled__2021-06-02T06:00:00+00:00
[2022-03-26 11:45:10,787] {python.py:175} INFO - Done. Returned value was: None
[2022-03-26 11:45:10,807] {taskinstance.py:1277} INFO - Marking task as SUCCESS. dag_id=dtc_project_ingest, task_id=format_to_parquet_task, execution_date=20210602T060000, start_date=20220326T114453, end_date=20220326T114510
[2022-03-26 11:45:10,949] {local_task_job.py:154} INFO - Task exited with return code 0
[2022-03-26 11:45:11,007] {local_task_job.py:264} INFO - 1 downstream tasks scheduled from follow-on schedule check
