[2022-03-23 09:19:21,041] {taskinstance.py:1032} INFO - Dependencies all met for <TaskInstance: dtc_project_ingest.rm_task scheduled__2020-03-02T06:00:00+00:00 [queued]>
[2022-03-23 09:19:21,055] {taskinstance.py:1032} INFO - Dependencies all met for <TaskInstance: dtc_project_ingest.rm_task scheduled__2020-03-02T06:00:00+00:00 [queued]>
[2022-03-23 09:19:21,056] {taskinstance.py:1238} INFO - 
--------------------------------------------------------------------------------
[2022-03-23 09:19:21,057] {taskinstance.py:1239} INFO - Starting attempt 1 of 2
[2022-03-23 09:19:21,058] {taskinstance.py:1240} INFO - 
--------------------------------------------------------------------------------
[2022-03-23 09:19:21,071] {taskinstance.py:1259} INFO - Executing <Task(BashOperator): rm_task> on 2020-03-02 06:00:00+00:00
[2022-03-23 09:19:21,078] {standard_task_runner.py:52} INFO - Started process 2065 to run task
[2022-03-23 09:19:21,083] {standard_task_runner.py:76} INFO - Running: ['***', 'tasks', 'run', 'dtc_project_ingest', 'rm_task', 'scheduled__2020-03-02T06:00:00+00:00', '--job-id', '746', '--raw', '--subdir', 'DAGS_FOLDER/project_data_ingestion.py', '--cfg-path', '/tmp/tmpa8oxe7ge', '--error-file', '/tmp/tmp8w3jodxd']
[2022-03-23 09:19:21,085] {standard_task_runner.py:77} INFO - Job 746: Subtask rm_task
[2022-03-23 09:19:21,161] {logging_mixin.py:109} INFO - Running <TaskInstance: dtc_project_ingest.rm_task scheduled__2020-03-02T06:00:00+00:00 [running]> on host 7127e26385ba
[2022-03-23 09:19:21,210] {warnings.py:110} WARNING - /home/***/.local/lib/python3.7/site-packages/***/utils/context.py:152: AirflowContextDeprecationWarning: Accessing 'execution_date' from the template is deprecated and will be removed in a future version. Please use 'data_interval_start' or 'logical_date' instead.
  warnings.warn(_create_deprecation_warning(key, self._deprecation_replacements[key]))

[2022-03-23 09:19:21,232] {taskinstance.py:1426} INFO - Exporting the following env vars:
AIRFLOW_CTX_DAG_OWNER=***
AIRFLOW_CTX_DAG_ID=dtc_project_ingest
AIRFLOW_CTX_TASK_ID=rm_task
AIRFLOW_CTX_EXECUTION_DATE=2020-03-02T06:00:00+00:00
AIRFLOW_CTX_DAG_RUN_ID=scheduled__2020-03-02T06:00:00+00:00
[2022-03-23 09:19:21,235] {subprocess.py:62} INFO - Tmp dir root location: 
 /tmp
[2022-03-23 09:19:21,236] {subprocess.py:74} INFO - Running command: ['bash', '-c', 'rm /opt/***/202003-citibike-tripdata.csv /opt/***/202003-citibike-tripdata.parquet']
[2022-03-23 09:19:21,252] {subprocess.py:85} INFO - Output:
[2022-03-23 09:19:21,305] {subprocess.py:93} INFO - Command exited with return code 0
[2022-03-23 09:19:21,338] {taskinstance.py:1277} INFO - Marking task as SUCCESS. dag_id=dtc_project_ingest, task_id=rm_task, execution_date=20200302T060000, start_date=20220323T091921, end_date=20220323T091921
[2022-03-23 09:19:21,378] {local_task_job.py:154} INFO - Task exited with return code 0
[2022-03-23 09:19:21,411] {local_task_job.py:264} INFO - 0 downstream tasks scheduled from follow-on schedule check
[2022-03-23 16:29:36,610] {taskinstance.py:1032} INFO - Dependencies all met for <TaskInstance: dtc_project_ingest.rm_task scheduled__2020-03-02T06:00:00+00:00 [queued]>
[2022-03-23 16:29:36,623] {taskinstance.py:1032} INFO - Dependencies all met for <TaskInstance: dtc_project_ingest.rm_task scheduled__2020-03-02T06:00:00+00:00 [queued]>
[2022-03-23 16:29:36,624] {taskinstance.py:1238} INFO - 
--------------------------------------------------------------------------------
[2022-03-23 16:29:36,624] {taskinstance.py:1239} INFO - Starting attempt 1 of 2
[2022-03-23 16:29:36,625] {taskinstance.py:1240} INFO - 
--------------------------------------------------------------------------------
[2022-03-23 16:29:36,639] {taskinstance.py:1259} INFO - Executing <Task(BashOperator): rm_task> on 2020-03-02 06:00:00+00:00
[2022-03-23 16:29:36,646] {standard_task_runner.py:52} INFO - Started process 5567 to run task
[2022-03-23 16:29:36,651] {standard_task_runner.py:76} INFO - Running: ['***', 'tasks', 'run', 'dtc_project_ingest', 'rm_task', 'scheduled__2020-03-02T06:00:00+00:00', '--job-id', '1073', '--raw', '--subdir', 'DAGS_FOLDER/project_data_ingestion.py', '--cfg-path', '/tmp/tmppt4pz1mo', '--error-file', '/tmp/tmpktkqh3hw']
[2022-03-23 16:29:36,653] {standard_task_runner.py:77} INFO - Job 1073: Subtask rm_task
[2022-03-23 16:29:36,790] {logging_mixin.py:109} INFO - Running <TaskInstance: dtc_project_ingest.rm_task scheduled__2020-03-02T06:00:00+00:00 [running]> on host 7127e26385ba
[2022-03-23 16:29:36,844] {warnings.py:110} WARNING - /home/***/.local/lib/python3.7/site-packages/***/utils/context.py:152: AirflowContextDeprecationWarning: Accessing 'execution_date' from the template is deprecated and will be removed in a future version. Please use 'data_interval_start' or 'logical_date' instead.
  warnings.warn(_create_deprecation_warning(key, self._deprecation_replacements[key]))

[2022-03-23 16:29:36,913] {taskinstance.py:1426} INFO - Exporting the following env vars:
AIRFLOW_CTX_DAG_OWNER=***
AIRFLOW_CTX_DAG_ID=dtc_project_ingest
AIRFLOW_CTX_TASK_ID=rm_task
AIRFLOW_CTX_EXECUTION_DATE=2020-03-02T06:00:00+00:00
AIRFLOW_CTX_DAG_RUN_ID=scheduled__2020-03-02T06:00:00+00:00
[2022-03-23 16:29:36,915] {subprocess.py:62} INFO - Tmp dir root location: 
 /tmp
[2022-03-23 16:29:36,917] {subprocess.py:74} INFO - Running command: ['bash', '-c', 'rm /opt/***/202003-citibike-tripdata.csv /opt/***/202003-citibike-tripdata.parquet']
[2022-03-23 16:29:36,934] {subprocess.py:85} INFO - Output:
[2022-03-23 16:29:37,007] {subprocess.py:93} INFO - Command exited with return code 0
[2022-03-23 16:29:37,042] {taskinstance.py:1277} INFO - Marking task as SUCCESS. dag_id=dtc_project_ingest, task_id=rm_task, execution_date=20200302T060000, start_date=20220323T162936, end_date=20220323T162937
[2022-03-23 16:29:37,108] {local_task_job.py:154} INFO - Task exited with return code 0
[2022-03-23 16:29:37,155] {local_task_job.py:264} INFO - 0 downstream tasks scheduled from follow-on schedule check
[2022-03-26 11:21:53,192] {taskinstance.py:1032} INFO - Dependencies all met for <TaskInstance: dtc_project_ingest.rm_task scheduled__2020-03-02T06:00:00+00:00 [queued]>
[2022-03-26 11:21:53,207] {taskinstance.py:1032} INFO - Dependencies all met for <TaskInstance: dtc_project_ingest.rm_task scheduled__2020-03-02T06:00:00+00:00 [queued]>
[2022-03-26 11:21:53,207] {taskinstance.py:1238} INFO - 
--------------------------------------------------------------------------------
[2022-03-26 11:21:53,208] {taskinstance.py:1239} INFO - Starting attempt 1 of 2
[2022-03-26 11:21:53,209] {taskinstance.py:1240} INFO - 
--------------------------------------------------------------------------------
[2022-03-26 11:21:53,227] {taskinstance.py:1259} INFO - Executing <Task(BashOperator): rm_task> on 2020-03-02 06:00:00+00:00
[2022-03-26 11:21:53,239] {standard_task_runner.py:52} INFO - Started process 7865 to run task
[2022-03-26 11:21:53,241] {standard_task_runner.py:76} INFO - Running: ['***', 'tasks', 'run', 'dtc_project_ingest', 'rm_task', 'scheduled__2020-03-02T06:00:00+00:00', '--job-id', '1427', '--raw', '--subdir', 'DAGS_FOLDER/project_data_ingestion.py', '--cfg-path', '/tmp/tmp6icew1yk', '--error-file', '/tmp/tmp5f65z1_h']
[2022-03-26 11:21:53,244] {standard_task_runner.py:77} INFO - Job 1427: Subtask rm_task
[2022-03-26 11:21:53,340] {logging_mixin.py:109} INFO - Running <TaskInstance: dtc_project_ingest.rm_task scheduled__2020-03-02T06:00:00+00:00 [running]> on host c800f4dda314
[2022-03-26 11:21:53,400] {warnings.py:110} WARNING - /home/***/.local/lib/python3.7/site-packages/***/utils/context.py:152: AirflowContextDeprecationWarning: Accessing 'execution_date' from the template is deprecated and will be removed in a future version. Please use 'data_interval_start' or 'logical_date' instead.
  warnings.warn(_create_deprecation_warning(key, self._deprecation_replacements[key]))

[2022-03-26 11:21:53,430] {taskinstance.py:1426} INFO - Exporting the following env vars:
AIRFLOW_CTX_DAG_OWNER=***
AIRFLOW_CTX_DAG_ID=dtc_project_ingest
AIRFLOW_CTX_TASK_ID=rm_task
AIRFLOW_CTX_EXECUTION_DATE=2020-03-02T06:00:00+00:00
AIRFLOW_CTX_DAG_RUN_ID=scheduled__2020-03-02T06:00:00+00:00
[2022-03-26 11:21:53,433] {subprocess.py:62} INFO - Tmp dir root location: 
 /tmp
[2022-03-26 11:21:53,436] {subprocess.py:74} INFO - Running command: ['bash', '-c', 'rm /opt/***/202003-citibike-tripdata.csv /opt/***/202003-citibike-tripdata.parquet']
[2022-03-26 11:21:53,453] {subprocess.py:85} INFO - Output:
[2022-03-26 11:21:53,530] {subprocess.py:93} INFO - Command exited with return code 0
[2022-03-26 11:21:53,570] {taskinstance.py:1277} INFO - Marking task as SUCCESS. dag_id=dtc_project_ingest, task_id=rm_task, execution_date=20200302T060000, start_date=20220326T112153, end_date=20220326T112153
[2022-03-26 11:21:53,622] {local_task_job.py:154} INFO - Task exited with return code 0
[2022-03-26 11:21:53,662] {local_task_job.py:264} INFO - 0 downstream tasks scheduled from follow-on schedule check
[2022-03-26 15:44:24,670] {taskinstance.py:1032} INFO - Dependencies all met for <TaskInstance: dtc_project_ingest.rm_task scheduled__2020-03-02T06:00:00+00:00 [queued]>
[2022-03-26 15:44:24,686] {taskinstance.py:1032} INFO - Dependencies all met for <TaskInstance: dtc_project_ingest.rm_task scheduled__2020-03-02T06:00:00+00:00 [queued]>
[2022-03-26 15:44:24,687] {taskinstance.py:1238} INFO - 
--------------------------------------------------------------------------------
[2022-03-26 15:44:24,689] {taskinstance.py:1239} INFO - Starting attempt 1 of 2
[2022-03-26 15:44:24,690] {taskinstance.py:1240} INFO - 
--------------------------------------------------------------------------------
[2022-03-26 15:44:24,707] {taskinstance.py:1259} INFO - Executing <Task(BashOperator): rm_task> on 2020-03-02 06:00:00+00:00
[2022-03-26 15:44:24,716] {standard_task_runner.py:52} INFO - Started process 21079 to run task
[2022-03-26 15:44:24,729] {standard_task_runner.py:76} INFO - Running: ['***', 'tasks', 'run', 'dtc_project_ingest', 'rm_task', 'scheduled__2020-03-02T06:00:00+00:00', '--job-id', '1652', '--raw', '--subdir', 'DAGS_FOLDER/project_data_ingestion.py', '--cfg-path', '/tmp/tmp0jr_bxkm', '--error-file', '/tmp/tmp8e7sifj6']
[2022-03-26 15:44:24,732] {standard_task_runner.py:77} INFO - Job 1652: Subtask rm_task
[2022-03-26 15:44:24,832] {logging_mixin.py:109} INFO - Running <TaskInstance: dtc_project_ingest.rm_task scheduled__2020-03-02T06:00:00+00:00 [running]> on host c800f4dda314
[2022-03-26 15:44:24,900] {warnings.py:110} WARNING - /home/***/.local/lib/python3.7/site-packages/***/utils/context.py:152: AirflowContextDeprecationWarning: Accessing 'execution_date' from the template is deprecated and will be removed in a future version. Please use 'data_interval_start' or 'logical_date' instead.
  warnings.warn(_create_deprecation_warning(key, self._deprecation_replacements[key]))

[2022-03-26 15:44:24,930] {taskinstance.py:1426} INFO - Exporting the following env vars:
AIRFLOW_CTX_DAG_OWNER=***
AIRFLOW_CTX_DAG_ID=dtc_project_ingest
AIRFLOW_CTX_TASK_ID=rm_task
AIRFLOW_CTX_EXECUTION_DATE=2020-03-02T06:00:00+00:00
AIRFLOW_CTX_DAG_RUN_ID=scheduled__2020-03-02T06:00:00+00:00
[2022-03-26 15:44:24,933] {subprocess.py:62} INFO - Tmp dir root location: 
 /tmp
[2022-03-26 15:44:24,935] {subprocess.py:74} INFO - Running command: ['bash', '-c', 'rm /opt/***/202003-citibike-tripdata.csv /opt/***/202003-citibike-tripdata.parquet']
[2022-03-26 15:44:24,954] {subprocess.py:85} INFO - Output:
[2022-03-26 15:44:25,036] {subprocess.py:93} INFO - Command exited with return code 0
[2022-03-26 15:44:25,076] {taskinstance.py:1277} INFO - Marking task as SUCCESS. dag_id=dtc_project_ingest, task_id=rm_task, execution_date=20200302T060000, start_date=20220326T154424, end_date=20220326T154425
[2022-03-26 15:44:25,138] {local_task_job.py:154} INFO - Task exited with return code 0
[2022-03-26 15:44:25,185] {local_task_job.py:264} INFO - 0 downstream tasks scheduled from follow-on schedule check
