[2022-03-26 10:14:57,489] {taskinstance.py:1032} INFO - Dependencies all met for <TaskInstance: dtc_project_ingest.rm_task scheduled__2020-03-02T06:00:00+00:00 [queued]>
[2022-03-26 10:14:57,506] {taskinstance.py:1032} INFO - Dependencies all met for <TaskInstance: dtc_project_ingest.rm_task scheduled__2020-03-02T06:00:00+00:00 [queued]>
[2022-03-26 10:14:57,507] {taskinstance.py:1238} INFO - 
--------------------------------------------------------------------------------
[2022-03-26 10:14:57,508] {taskinstance.py:1239} INFO - Starting attempt 3 of 4
[2022-03-26 10:14:57,509] {taskinstance.py:1240} INFO - 
--------------------------------------------------------------------------------
[2022-03-26 10:14:57,524] {taskinstance.py:1259} INFO - Executing <Task(BashOperator): rm_task> on 2020-03-02 06:00:00+00:00
[2022-03-26 10:14:57,533] {standard_task_runner.py:52} INFO - Started process 4154 to run task
[2022-03-26 10:14:57,539] {standard_task_runner.py:76} INFO - Running: ['***', 'tasks', 'run', 'dtc_project_ingest', 'rm_task', 'scheduled__2020-03-02T06:00:00+00:00', '--job-id', '1275', '--raw', '--subdir', 'DAGS_FOLDER/project_data_ingestion.py', '--cfg-path', '/tmp/tmpj1nqn2wj', '--error-file', '/tmp/tmpiwnf9cng']
[2022-03-26 10:14:57,542] {standard_task_runner.py:77} INFO - Job 1275: Subtask rm_task
[2022-03-26 10:14:57,632] {logging_mixin.py:109} INFO - Running <TaskInstance: dtc_project_ingest.rm_task scheduled__2020-03-02T06:00:00+00:00 [running]> on host c800f4dda314
[2022-03-26 10:14:57,696] {warnings.py:110} WARNING - /home/***/.local/lib/python3.7/site-packages/***/utils/context.py:152: AirflowContextDeprecationWarning: Accessing 'execution_date' from the template is deprecated and will be removed in a future version. Please use 'data_interval_start' or 'logical_date' instead.
  warnings.warn(_create_deprecation_warning(key, self._deprecation_replacements[key]))

[2022-03-26 10:14:57,727] {taskinstance.py:1426} INFO - Exporting the following env vars:
AIRFLOW_CTX_DAG_OWNER=***
AIRFLOW_CTX_DAG_ID=dtc_project_ingest
AIRFLOW_CTX_TASK_ID=rm_task
AIRFLOW_CTX_EXECUTION_DATE=2020-03-02T06:00:00+00:00
AIRFLOW_CTX_DAG_RUN_ID=scheduled__2020-03-02T06:00:00+00:00
[2022-03-26 10:14:57,731] {subprocess.py:62} INFO - Tmp dir root location: 
 /tmp
[2022-03-26 10:14:57,733] {subprocess.py:74} INFO - Running command: ['bash', '-c', 'rm /opt/***/202003-citibike-tripdata.csv /opt/***/202003-citibike-tripdata.parquet']
[2022-03-26 10:14:57,752] {subprocess.py:85} INFO - Output:
[2022-03-26 10:14:57,829] {subprocess.py:93} INFO - Command exited with return code 0
[2022-03-26 10:14:57,866] {taskinstance.py:1277} INFO - Marking task as SUCCESS. dag_id=dtc_project_ingest, task_id=rm_task, execution_date=20200302T060000, start_date=20220326T101457, end_date=20220326T101457
[2022-03-26 10:14:57,915] {local_task_job.py:154} INFO - Task exited with return code 0
[2022-03-26 10:14:57,960] {local_task_job.py:264} INFO - 0 downstream tasks scheduled from follow-on schedule check
