[2022-03-23 22:33:36,892] {taskinstance.py:1032} INFO - Dependencies all met for <TaskInstance: dtc_project_ingest.local_to_gcs_task scheduled__2021-05-02T06:00:00+00:00 [queued]>
[2022-03-23 22:33:36,904] {taskinstance.py:1032} INFO - Dependencies all met for <TaskInstance: dtc_project_ingest.local_to_gcs_task scheduled__2021-05-02T06:00:00+00:00 [queued]>
[2022-03-23 22:33:36,905] {taskinstance.py:1238} INFO - 
--------------------------------------------------------------------------------
[2022-03-23 22:33:36,906] {taskinstance.py:1239} INFO - Starting attempt 7 of 8
[2022-03-23 22:33:36,907] {taskinstance.py:1240} INFO - 
--------------------------------------------------------------------------------
[2022-03-23 22:33:36,919] {taskinstance.py:1259} INFO - Executing <Task(PythonOperator): local_to_gcs_task> on 2021-05-02 06:00:00+00:00
[2022-03-23 22:33:36,925] {standard_task_runner.py:52} INFO - Started process 605 to run task
[2022-03-23 22:33:36,930] {standard_task_runner.py:76} INFO - Running: ['***', 'tasks', 'run', 'dtc_project_ingest', 'local_to_gcs_task', 'scheduled__2021-05-02T06:00:00+00:00', '--job-id', '1195', '--raw', '--subdir', 'DAGS_FOLDER/project_data_ingestion.py', '--cfg-path', '/tmp/tmpnn30gpwh', '--error-file', '/tmp/tmp_oy8ejwt']
[2022-03-23 22:33:36,931] {standard_task_runner.py:77} INFO - Job 1195: Subtask local_to_gcs_task
[2022-03-23 22:33:37,015] {logging_mixin.py:109} INFO - Running <TaskInstance: dtc_project_ingest.local_to_gcs_task scheduled__2021-05-02T06:00:00+00:00 [running]> on host 7127e26385ba
[2022-03-23 22:33:37,076] {warnings.py:110} WARNING - /home/***/.local/lib/python3.7/site-packages/***/utils/context.py:152: AirflowContextDeprecationWarning: Accessing 'execution_date' from the template is deprecated and will be removed in a future version. Please use 'data_interval_start' or 'logical_date' instead.
  warnings.warn(_create_deprecation_warning(key, self._deprecation_replacements[key]))

[2022-03-23 22:33:37,109] {taskinstance.py:1426} INFO - Exporting the following env vars:
AIRFLOW_CTX_DAG_OWNER=***
AIRFLOW_CTX_DAG_ID=dtc_project_ingest
AIRFLOW_CTX_TASK_ID=local_to_gcs_task
AIRFLOW_CTX_EXECUTION_DATE=2021-05-02T06:00:00+00:00
AIRFLOW_CTX_DAG_RUN_ID=scheduled__2021-05-02T06:00:00+00:00
[2022-03-23 22:36:22,443] {python.py:175} INFO - Done. Returned value was: None
[2022-03-23 22:36:22,465] {taskinstance.py:1277} INFO - Marking task as SUCCESS. dag_id=dtc_project_ingest, task_id=local_to_gcs_task, execution_date=20210502T060000, start_date=20220323T223336, end_date=20220323T223622
[2022-03-23 22:36:22,520] {local_task_job.py:154} INFO - Task exited with return code 0
[2022-03-23 22:36:22,571] {local_task_job.py:264} INFO - 1 downstream tasks scheduled from follow-on schedule check
