[2022-03-23 08:59:40,868] {taskinstance.py:1032} INFO - Dependencies all met for <TaskInstance: dtc_project_ingest.format_to_parquet_task scheduled__2018-07-02T06:00:00+00:00 [queued]>
[2022-03-23 08:59:40,882] {taskinstance.py:1032} INFO - Dependencies all met for <TaskInstance: dtc_project_ingest.format_to_parquet_task scheduled__2018-07-02T06:00:00+00:00 [queued]>
[2022-03-23 08:59:40,882] {taskinstance.py:1238} INFO - 
--------------------------------------------------------------------------------
[2022-03-23 08:59:40,883] {taskinstance.py:1239} INFO - Starting attempt 1 of 2
[2022-03-23 08:59:40,884] {taskinstance.py:1240} INFO - 
--------------------------------------------------------------------------------
[2022-03-23 08:59:40,900] {taskinstance.py:1259} INFO - Executing <Task(PythonOperator): format_to_parquet_task> on 2018-07-02 06:00:00+00:00
[2022-03-23 08:59:40,908] {standard_task_runner.py:52} INFO - Started process 721 to run task
[2022-03-23 08:59:40,913] {standard_task_runner.py:76} INFO - Running: ['***', 'tasks', 'run', 'dtc_project_ingest', 'format_to_parquet_task', 'scheduled__2018-07-02T06:00:00+00:00', '--job-id', '668', '--raw', '--subdir', 'DAGS_FOLDER/project_data_ingestion.py', '--cfg-path', '/tmp/tmpfc6w27zu', '--error-file', '/tmp/tmp3lqnafdd']
[2022-03-23 08:59:40,915] {standard_task_runner.py:77} INFO - Job 668: Subtask format_to_parquet_task
[2022-03-23 08:59:41,000] {logging_mixin.py:109} INFO - Running <TaskInstance: dtc_project_ingest.format_to_parquet_task scheduled__2018-07-02T06:00:00+00:00 [running]> on host 7127e26385ba
[2022-03-23 08:59:41,047] {warnings.py:110} WARNING - /home/***/.local/lib/python3.7/site-packages/***/utils/context.py:152: AirflowContextDeprecationWarning: Accessing 'execution_date' from the template is deprecated and will be removed in a future version. Please use 'data_interval_start' or 'logical_date' instead.
  warnings.warn(_create_deprecation_warning(key, self._deprecation_replacements[key]))

[2022-03-23 08:59:41,070] {taskinstance.py:1426} INFO - Exporting the following env vars:
AIRFLOW_CTX_DAG_OWNER=***
AIRFLOW_CTX_DAG_ID=dtc_project_ingest
AIRFLOW_CTX_TASK_ID=format_to_parquet_task
AIRFLOW_CTX_EXECUTION_DATE=2018-07-02T06:00:00+00:00
AIRFLOW_CTX_DAG_RUN_ID=scheduled__2018-07-02T06:00:00+00:00
[2022-03-23 08:59:45,273] {python.py:175} INFO - Done. Returned value was: None
[2022-03-23 08:59:45,290] {taskinstance.py:1277} INFO - Marking task as SUCCESS. dag_id=dtc_project_ingest, task_id=format_to_parquet_task, execution_date=20180702T060000, start_date=20220323T085940, end_date=20220323T085945
[2022-03-23 08:59:45,417] {local_task_job.py:154} INFO - Task exited with return code 0
[2022-03-23 08:59:45,459] {local_task_job.py:264} INFO - 1 downstream tasks scheduled from follow-on schedule check
[2022-03-23 15:28:14,145] {taskinstance.py:1032} INFO - Dependencies all met for <TaskInstance: dtc_project_ingest.format_to_parquet_task scheduled__2018-07-02T06:00:00+00:00 [queued]>
[2022-03-23 15:28:14,157] {taskinstance.py:1032} INFO - Dependencies all met for <TaskInstance: dtc_project_ingest.format_to_parquet_task scheduled__2018-07-02T06:00:00+00:00 [queued]>
[2022-03-23 15:28:14,158] {taskinstance.py:1238} INFO - 
--------------------------------------------------------------------------------
[2022-03-23 15:28:14,158] {taskinstance.py:1239} INFO - Starting attempt 1 of 2
[2022-03-23 15:28:14,159] {taskinstance.py:1240} INFO - 
--------------------------------------------------------------------------------
[2022-03-23 15:28:14,170] {taskinstance.py:1259} INFO - Executing <Task(PythonOperator): format_to_parquet_task> on 2018-07-02 06:00:00+00:00
[2022-03-23 15:28:14,176] {standard_task_runner.py:52} INFO - Started process 1968 to run task
[2022-03-23 15:28:14,180] {standard_task_runner.py:76} INFO - Running: ['***', 'tasks', 'run', 'dtc_project_ingest', 'format_to_parquet_task', 'scheduled__2018-07-02T06:00:00+00:00', '--job-id', '894', '--raw', '--subdir', 'DAGS_FOLDER/project_data_ingestion.py', '--cfg-path', '/tmp/tmpy_i7a289', '--error-file', '/tmp/tmpbr8t4ckq']
[2022-03-23 15:28:14,183] {standard_task_runner.py:77} INFO - Job 894: Subtask format_to_parquet_task
[2022-03-23 15:28:14,243] {logging_mixin.py:109} INFO - Running <TaskInstance: dtc_project_ingest.format_to_parquet_task scheduled__2018-07-02T06:00:00+00:00 [running]> on host 7127e26385ba
[2022-03-23 15:28:14,280] {warnings.py:110} WARNING - /home/***/.local/lib/python3.7/site-packages/***/utils/context.py:152: AirflowContextDeprecationWarning: Accessing 'execution_date' from the template is deprecated and will be removed in a future version. Please use 'data_interval_start' or 'logical_date' instead.
  warnings.warn(_create_deprecation_warning(key, self._deprecation_replacements[key]))

[2022-03-23 15:28:14,303] {taskinstance.py:1426} INFO - Exporting the following env vars:
AIRFLOW_CTX_DAG_OWNER=***
AIRFLOW_CTX_DAG_ID=dtc_project_ingest
AIRFLOW_CTX_TASK_ID=format_to_parquet_task
AIRFLOW_CTX_EXECUTION_DATE=2018-07-02T06:00:00+00:00
AIRFLOW_CTX_DAG_RUN_ID=scheduled__2018-07-02T06:00:00+00:00
[2022-03-23 15:28:20,298] {python.py:175} INFO - Done. Returned value was: None
[2022-03-23 15:28:20,316] {taskinstance.py:1277} INFO - Marking task as SUCCESS. dag_id=dtc_project_ingest, task_id=format_to_parquet_task, execution_date=20180702T060000, start_date=20220323T152814, end_date=20220323T152820
[2022-03-23 15:28:20,497] {local_task_job.py:154} INFO - Task exited with return code 0
[2022-03-23 15:28:20,548] {local_task_job.py:264} INFO - 1 downstream tasks scheduled from follow-on schedule check
[2022-03-23 16:00:29,341] {taskinstance.py:1032} INFO - Dependencies all met for <TaskInstance: dtc_project_ingest.format_to_parquet_task scheduled__2018-07-02T06:00:00+00:00 [queued]>
[2022-03-23 16:00:29,361] {taskinstance.py:1032} INFO - Dependencies all met for <TaskInstance: dtc_project_ingest.format_to_parquet_task scheduled__2018-07-02T06:00:00+00:00 [queued]>
[2022-03-23 16:00:29,363] {taskinstance.py:1238} INFO - 
--------------------------------------------------------------------------------
[2022-03-23 16:00:29,364] {taskinstance.py:1239} INFO - Starting attempt 1 of 2
[2022-03-23 16:00:29,364] {taskinstance.py:1240} INFO - 
--------------------------------------------------------------------------------
[2022-03-23 16:00:29,381] {taskinstance.py:1259} INFO - Executing <Task(PythonOperator): format_to_parquet_task> on 2018-07-02 06:00:00+00:00
[2022-03-23 16:00:29,391] {standard_task_runner.py:52} INFO - Started process 3700 to run task
[2022-03-23 16:00:29,397] {standard_task_runner.py:76} INFO - Running: ['***', 'tasks', 'run', 'dtc_project_ingest', 'format_to_parquet_task', 'scheduled__2018-07-02T06:00:00+00:00', '--job-id', '967', '--raw', '--subdir', 'DAGS_FOLDER/project_data_ingestion.py', '--cfg-path', '/tmp/tmpzczxt7ie', '--error-file', '/tmp/tmpdz8rhaxt']
[2022-03-23 16:00:29,399] {standard_task_runner.py:77} INFO - Job 967: Subtask format_to_parquet_task
[2022-03-23 16:00:29,489] {logging_mixin.py:109} INFO - Running <TaskInstance: dtc_project_ingest.format_to_parquet_task scheduled__2018-07-02T06:00:00+00:00 [running]> on host 7127e26385ba
[2022-03-23 16:00:29,552] {warnings.py:110} WARNING - /home/***/.local/lib/python3.7/site-packages/***/utils/context.py:152: AirflowContextDeprecationWarning: Accessing 'execution_date' from the template is deprecated and will be removed in a future version. Please use 'data_interval_start' or 'logical_date' instead.
  warnings.warn(_create_deprecation_warning(key, self._deprecation_replacements[key]))

[2022-03-23 16:00:29,588] {taskinstance.py:1426} INFO - Exporting the following env vars:
AIRFLOW_CTX_DAG_OWNER=***
AIRFLOW_CTX_DAG_ID=dtc_project_ingest
AIRFLOW_CTX_TASK_ID=format_to_parquet_task
AIRFLOW_CTX_EXECUTION_DATE=2018-07-02T06:00:00+00:00
AIRFLOW_CTX_DAG_RUN_ID=scheduled__2018-07-02T06:00:00+00:00
[2022-03-23 16:00:38,586] {python.py:175} INFO - Done. Returned value was: None
[2022-03-23 16:00:38,733] {taskinstance.py:1277} INFO - Marking task as SUCCESS. dag_id=dtc_project_ingest, task_id=format_to_parquet_task, execution_date=20180702T060000, start_date=20220323T160029, end_date=20220323T160038
[2022-03-23 16:00:39,127] {local_task_job.py:154} INFO - Task exited with return code 0
[2022-03-23 16:00:39,265] {local_task_job.py:264} INFO - 1 downstream tasks scheduled from follow-on schedule check
[2022-03-26 10:36:42,289] {taskinstance.py:1032} INFO - Dependencies all met for <TaskInstance: dtc_project_ingest.format_to_parquet_task scheduled__2018-07-02T06:00:00+00:00 [queued]>
[2022-03-26 10:36:42,303] {taskinstance.py:1032} INFO - Dependencies all met for <TaskInstance: dtc_project_ingest.format_to_parquet_task scheduled__2018-07-02T06:00:00+00:00 [queued]>
[2022-03-26 10:36:42,304] {taskinstance.py:1238} INFO - 
--------------------------------------------------------------------------------
[2022-03-26 10:36:42,305] {taskinstance.py:1239} INFO - Starting attempt 1 of 2
[2022-03-26 10:36:42,305] {taskinstance.py:1240} INFO - 
--------------------------------------------------------------------------------
[2022-03-26 10:36:42,323] {taskinstance.py:1259} INFO - Executing <Task(PythonOperator): format_to_parquet_task> on 2018-07-02 06:00:00+00:00
[2022-03-26 10:36:42,331] {standard_task_runner.py:52} INFO - Started process 5305 to run task
[2022-03-26 10:36:42,337] {standard_task_runner.py:76} INFO - Running: ['***', 'tasks', 'run', 'dtc_project_ingest', 'format_to_parquet_task', 'scheduled__2018-07-02T06:00:00+00:00', '--job-id', '1313', '--raw', '--subdir', 'DAGS_FOLDER/project_data_ingestion.py', '--cfg-path', '/tmp/tmp32zdf454', '--error-file', '/tmp/tmpi95rln1m']
[2022-03-26 10:36:42,340] {standard_task_runner.py:77} INFO - Job 1313: Subtask format_to_parquet_task
[2022-03-26 10:36:42,414] {logging_mixin.py:109} INFO - Running <TaskInstance: dtc_project_ingest.format_to_parquet_task scheduled__2018-07-02T06:00:00+00:00 [running]> on host c800f4dda314
[2022-03-26 10:36:42,470] {warnings.py:110} WARNING - /home/***/.local/lib/python3.7/site-packages/***/utils/context.py:152: AirflowContextDeprecationWarning: Accessing 'execution_date' from the template is deprecated and will be removed in a future version. Please use 'data_interval_start' or 'logical_date' instead.
  warnings.warn(_create_deprecation_warning(key, self._deprecation_replacements[key]))

[2022-03-26 10:36:42,501] {taskinstance.py:1426} INFO - Exporting the following env vars:
AIRFLOW_CTX_DAG_OWNER=***
AIRFLOW_CTX_DAG_ID=dtc_project_ingest
AIRFLOW_CTX_TASK_ID=format_to_parquet_task
AIRFLOW_CTX_EXECUTION_DATE=2018-07-02T06:00:00+00:00
AIRFLOW_CTX_DAG_RUN_ID=scheduled__2018-07-02T06:00:00+00:00
[2022-03-26 10:36:49,450] {python.py:175} INFO - Done. Returned value was: None
[2022-03-26 10:36:49,468] {taskinstance.py:1277} INFO - Marking task as SUCCESS. dag_id=dtc_project_ingest, task_id=format_to_parquet_task, execution_date=20180702T060000, start_date=20220326T103642, end_date=20220326T103649
[2022-03-26 10:36:49,687] {local_task_job.py:154} INFO - Task exited with return code 0
[2022-03-26 10:36:49,748] {local_task_job.py:264} INFO - 1 downstream tasks scheduled from follow-on schedule check
[2022-03-26 15:28:52,975] {taskinstance.py:1032} INFO - Dependencies all met for <TaskInstance: dtc_project_ingest.format_to_parquet_task scheduled__2018-07-02T06:00:00+00:00 [queued]>
[2022-03-26 15:28:53,010] {taskinstance.py:1032} INFO - Dependencies all met for <TaskInstance: dtc_project_ingest.format_to_parquet_task scheduled__2018-07-02T06:00:00+00:00 [queued]>
[2022-03-26 15:28:53,011] {taskinstance.py:1238} INFO - 
--------------------------------------------------------------------------------
[2022-03-26 15:28:53,013] {taskinstance.py:1239} INFO - Starting attempt 1 of 2
[2022-03-26 15:28:53,015] {taskinstance.py:1240} INFO - 
--------------------------------------------------------------------------------
[2022-03-26 15:28:53,062] {taskinstance.py:1259} INFO - Executing <Task(PythonOperator): format_to_parquet_task> on 2018-07-02 06:00:00+00:00
[2022-03-26 15:28:53,083] {standard_task_runner.py:52} INFO - Started process 19965 to run task
[2022-03-26 15:28:53,095] {standard_task_runner.py:76} INFO - Running: ['***', 'tasks', 'run', 'dtc_project_ingest', 'format_to_parquet_task', 'scheduled__2018-07-02T06:00:00+00:00', '--job-id', '1569', '--raw', '--subdir', 'DAGS_FOLDER/project_data_ingestion.py', '--cfg-path', '/tmp/tmp3c46lrc0', '--error-file', '/tmp/tmp4xwn22az']
[2022-03-26 15:28:53,105] {standard_task_runner.py:77} INFO - Job 1569: Subtask format_to_parquet_task
[2022-03-26 15:28:53,283] {logging_mixin.py:109} INFO - Running <TaskInstance: dtc_project_ingest.format_to_parquet_task scheduled__2018-07-02T06:00:00+00:00 [running]> on host c800f4dda314
[2022-03-26 15:28:53,355] {warnings.py:110} WARNING - /home/***/.local/lib/python3.7/site-packages/***/utils/context.py:152: AirflowContextDeprecationWarning: Accessing 'execution_date' from the template is deprecated and will be removed in a future version. Please use 'data_interval_start' or 'logical_date' instead.
  warnings.warn(_create_deprecation_warning(key, self._deprecation_replacements[key]))

[2022-03-26 15:28:53,401] {taskinstance.py:1426} INFO - Exporting the following env vars:
AIRFLOW_CTX_DAG_OWNER=***
AIRFLOW_CTX_DAG_ID=dtc_project_ingest
AIRFLOW_CTX_TASK_ID=format_to_parquet_task
AIRFLOW_CTX_EXECUTION_DATE=2018-07-02T06:00:00+00:00
AIRFLOW_CTX_DAG_RUN_ID=scheduled__2018-07-02T06:00:00+00:00
[2022-03-26 15:29:00,850] {python.py:175} INFO - Done. Returned value was: None
[2022-03-26 15:29:00,870] {taskinstance.py:1277} INFO - Marking task as SUCCESS. dag_id=dtc_project_ingest, task_id=format_to_parquet_task, execution_date=20180702T060000, start_date=20220326T152852, end_date=20220326T152900
[2022-03-26 15:29:01,095] {local_task_job.py:154} INFO - Task exited with return code 0
[2022-03-26 15:29:01,154] {local_task_job.py:264} INFO - 1 downstream tasks scheduled from follow-on schedule check
