[2022-03-23 22:39:16,535] {taskinstance.py:1032} INFO - Dependencies all met for <TaskInstance: dtc_project_ingest.bigquery_external_table_task scheduled__2021-08-02T06:00:00+00:00 [queued]>
[2022-03-23 22:39:16,559] {taskinstance.py:1032} INFO - Dependencies all met for <TaskInstance: dtc_project_ingest.bigquery_external_table_task scheduled__2021-08-02T06:00:00+00:00 [queued]>
[2022-03-23 22:39:16,561] {taskinstance.py:1238} INFO - 
--------------------------------------------------------------------------------
[2022-03-23 22:39:16,562] {taskinstance.py:1239} INFO - Starting attempt 1 of 2
[2022-03-23 22:39:16,563] {taskinstance.py:1240} INFO - 
--------------------------------------------------------------------------------
[2022-03-23 22:39:16,588] {taskinstance.py:1259} INFO - Executing <Task(BigQueryCreateExternalTableOperator): bigquery_external_table_task> on 2021-08-02 06:00:00+00:00
[2022-03-23 22:39:16,597] {standard_task_runner.py:52} INFO - Started process 916 to run task
[2022-03-23 22:39:16,603] {standard_task_runner.py:76} INFO - Running: ['***', 'tasks', 'run', 'dtc_project_ingest', 'bigquery_external_table_task', 'scheduled__2021-08-02T06:00:00+00:00', '--job-id', '1207', '--raw', '--subdir', 'DAGS_FOLDER/project_data_ingestion.py', '--cfg-path', '/tmp/tmpru_nx0wf', '--error-file', '/tmp/tmpovfa52uo']
[2022-03-23 22:39:16,605] {standard_task_runner.py:77} INFO - Job 1207: Subtask bigquery_external_table_task
[2022-03-23 22:39:16,686] {logging_mixin.py:109} INFO - Running <TaskInstance: dtc_project_ingest.bigquery_external_table_task scheduled__2021-08-02T06:00:00+00:00 [running]> on host 7127e26385ba
[2022-03-23 22:39:16,736] {warnings.py:110} WARNING - /home/***/.local/lib/python3.7/site-packages/***/utils/context.py:152: AirflowContextDeprecationWarning: Accessing 'execution_date' from the template is deprecated and will be removed in a future version. Please use 'data_interval_start' or 'logical_date' instead.
  warnings.warn(_create_deprecation_warning(key, self._deprecation_replacements[key]))

[2022-03-23 22:39:16,767] {taskinstance.py:1426} INFO - Exporting the following env vars:
AIRFLOW_CTX_DAG_OWNER=***
AIRFLOW_CTX_DAG_ID=dtc_project_ingest
AIRFLOW_CTX_TASK_ID=bigquery_external_table_task
AIRFLOW_CTX_EXECUTION_DATE=2021-08-02T06:00:00+00:00
AIRFLOW_CTX_DAG_RUN_ID=scheduled__2021-08-02T06:00:00+00:00
[2022-03-23 22:39:16,769] {crypto.py:82} WARNING - empty cryptography key - values will not be stored encrypted.
[2022-03-23 22:39:18,627] {taskinstance.py:1277} INFO - Marking task as SUCCESS. dag_id=dtc_project_ingest, task_id=bigquery_external_table_task, execution_date=20210802T060000, start_date=20220323T223916, end_date=20220323T223918
[2022-03-23 22:39:18,676] {local_task_job.py:154} INFO - Task exited with return code 0
[2022-03-23 22:39:18,728] {local_task_job.py:264} INFO - 1 downstream tasks scheduled from follow-on schedule check
[2022-03-26 11:55:08,625] {taskinstance.py:1032} INFO - Dependencies all met for <TaskInstance: dtc_project_ingest.bigquery_external_table_task scheduled__2021-08-02T06:00:00+00:00 [queued]>
[2022-03-26 11:55:08,640] {taskinstance.py:1032} INFO - Dependencies all met for <TaskInstance: dtc_project_ingest.bigquery_external_table_task scheduled__2021-08-02T06:00:00+00:00 [queued]>
[2022-03-26 11:55:08,642] {taskinstance.py:1238} INFO - 
--------------------------------------------------------------------------------
[2022-03-26 11:55:08,643] {taskinstance.py:1239} INFO - Starting attempt 1 of 2
[2022-03-26 11:55:08,644] {taskinstance.py:1240} INFO - 
--------------------------------------------------------------------------------
[2022-03-26 11:55:08,659] {taskinstance.py:1259} INFO - Executing <Task(BigQueryCreateExternalTableOperator): bigquery_external_table_task> on 2021-08-02 06:00:00+00:00
[2022-03-26 11:55:08,667] {standard_task_runner.py:52} INFO - Started process 9776 to run task
[2022-03-26 11:55:08,672] {standard_task_runner.py:76} INFO - Running: ['***', 'tasks', 'run', 'dtc_project_ingest', 'bigquery_external_table_task', 'scheduled__2021-08-02T06:00:00+00:00', '--job-id', '1508', '--raw', '--subdir', 'DAGS_FOLDER/project_data_ingestion.py', '--cfg-path', '/tmp/tmpdks86r4q', '--error-file', '/tmp/tmpypnrpvmm']
[2022-03-26 11:55:08,674] {standard_task_runner.py:77} INFO - Job 1508: Subtask bigquery_external_table_task
[2022-03-26 11:55:08,760] {logging_mixin.py:109} INFO - Running <TaskInstance: dtc_project_ingest.bigquery_external_table_task scheduled__2021-08-02T06:00:00+00:00 [running]> on host c800f4dda314
[2022-03-26 11:55:08,847] {taskinstance.py:1426} INFO - Exporting the following env vars:
AIRFLOW_CTX_DAG_OWNER=***
AIRFLOW_CTX_DAG_ID=dtc_project_ingest
AIRFLOW_CTX_TASK_ID=bigquery_external_table_task
AIRFLOW_CTX_EXECUTION_DATE=2021-08-02T06:00:00+00:00
AIRFLOW_CTX_DAG_RUN_ID=scheduled__2021-08-02T06:00:00+00:00
[2022-03-26 11:55:08,851] {crypto.py:82} WARNING - empty cryptography key - values will not be stored encrypted.
[2022-03-26 11:55:13,608] {taskinstance.py:1277} INFO - Marking task as SUCCESS. dag_id=dtc_project_ingest, task_id=bigquery_external_table_task, execution_date=20210802T060000, start_date=20220326T115508, end_date=20220326T115513
[2022-03-26 11:55:13,653] {local_task_job.py:154} INFO - Task exited with return code 0
[2022-03-26 11:55:13,693] {local_task_job.py:264} INFO - 1 downstream tasks scheduled from follow-on schedule check
