[2022-03-23 16:28:00,271] {taskinstance.py:1032} INFO - Dependencies all met for <TaskInstance: dtc_project_ingest.bigquery_external_table_task scheduled__2020-02-02T06:00:00+00:00 [queued]>
[2022-03-23 16:28:00,284] {taskinstance.py:1032} INFO - Dependencies all met for <TaskInstance: dtc_project_ingest.bigquery_external_table_task scheduled__2020-02-02T06:00:00+00:00 [queued]>
[2022-03-23 16:28:00,285] {taskinstance.py:1238} INFO - 
--------------------------------------------------------------------------------
[2022-03-23 16:28:00,286] {taskinstance.py:1239} INFO - Starting attempt 1 of 2
[2022-03-23 16:28:00,288] {taskinstance.py:1240} INFO - 
--------------------------------------------------------------------------------
[2022-03-23 16:28:00,301] {taskinstance.py:1259} INFO - Executing <Task(BigQueryCreateExternalTableOperator): bigquery_external_table_task> on 2020-02-02 06:00:00+00:00
[2022-03-23 16:28:00,308] {standard_task_runner.py:52} INFO - Started process 5437 to run task
[2022-03-23 16:28:00,313] {standard_task_runner.py:76} INFO - Running: ['***', 'tasks', 'run', 'dtc_project_ingest', 'bigquery_external_table_task', 'scheduled__2020-02-02T06:00:00+00:00', '--job-id', '1060', '--raw', '--subdir', 'DAGS_FOLDER/project_data_ingestion.py', '--cfg-path', '/tmp/tmp3_q5htvx', '--error-file', '/tmp/tmpolt3nhpz']
[2022-03-23 16:28:00,315] {standard_task_runner.py:77} INFO - Job 1060: Subtask bigquery_external_table_task
[2022-03-23 16:28:00,391] {logging_mixin.py:109} INFO - Running <TaskInstance: dtc_project_ingest.bigquery_external_table_task scheduled__2020-02-02T06:00:00+00:00 [running]> on host 7127e26385ba
[2022-03-23 16:28:00,446] {warnings.py:110} WARNING - /home/***/.local/lib/python3.7/site-packages/***/utils/context.py:152: AirflowContextDeprecationWarning: Accessing 'execution_date' from the template is deprecated and will be removed in a future version. Please use 'data_interval_start' or 'logical_date' instead.
  warnings.warn(_create_deprecation_warning(key, self._deprecation_replacements[key]))

[2022-03-23 16:28:00,470] {taskinstance.py:1426} INFO - Exporting the following env vars:
AIRFLOW_CTX_DAG_OWNER=***
AIRFLOW_CTX_DAG_ID=dtc_project_ingest
AIRFLOW_CTX_TASK_ID=bigquery_external_table_task
AIRFLOW_CTX_EXECUTION_DATE=2020-02-02T06:00:00+00:00
AIRFLOW_CTX_DAG_RUN_ID=scheduled__2020-02-02T06:00:00+00:00
[2022-03-23 16:28:00,473] {crypto.py:82} WARNING - empty cryptography key - values will not be stored encrypted.
[2022-03-23 16:28:01,936] {taskinstance.py:1277} INFO - Marking task as SUCCESS. dag_id=dtc_project_ingest, task_id=bigquery_external_table_task, execution_date=20200202T060000, start_date=20220323T162800, end_date=20220323T162801
[2022-03-23 16:28:01,987] {local_task_job.py:154} INFO - Task exited with return code 0
[2022-03-23 16:28:02,031] {local_task_job.py:264} INFO - 1 downstream tasks scheduled from follow-on schedule check
[2022-03-26 11:21:40,657] {taskinstance.py:1032} INFO - Dependencies all met for <TaskInstance: dtc_project_ingest.bigquery_external_table_task scheduled__2020-02-02T06:00:00+00:00 [queued]>
[2022-03-26 11:21:40,681] {taskinstance.py:1032} INFO - Dependencies all met for <TaskInstance: dtc_project_ingest.bigquery_external_table_task scheduled__2020-02-02T06:00:00+00:00 [queued]>
[2022-03-26 11:21:40,682] {taskinstance.py:1238} INFO - 
--------------------------------------------------------------------------------
[2022-03-26 11:21:40,683] {taskinstance.py:1239} INFO - Starting attempt 1 of 2
[2022-03-26 11:21:40,684] {taskinstance.py:1240} INFO - 
--------------------------------------------------------------------------------
[2022-03-26 11:21:40,703] {taskinstance.py:1259} INFO - Executing <Task(BigQueryCreateExternalTableOperator): bigquery_external_table_task> on 2020-02-02 06:00:00+00:00
[2022-03-26 11:21:40,713] {standard_task_runner.py:52} INFO - Started process 7836 to run task
[2022-03-26 11:21:40,718] {standard_task_runner.py:76} INFO - Running: ['***', 'tasks', 'run', 'dtc_project_ingest', 'bigquery_external_table_task', 'scheduled__2020-02-02T06:00:00+00:00', '--job-id', '1422', '--raw', '--subdir', 'DAGS_FOLDER/project_data_ingestion.py', '--cfg-path', '/tmp/tmprdl6vp7k', '--error-file', '/tmp/tmp_kvo0mmd']
[2022-03-26 11:21:40,720] {standard_task_runner.py:77} INFO - Job 1422: Subtask bigquery_external_table_task
[2022-03-26 11:21:40,818] {logging_mixin.py:109} INFO - Running <TaskInstance: dtc_project_ingest.bigquery_external_table_task scheduled__2020-02-02T06:00:00+00:00 [running]> on host c800f4dda314
[2022-03-26 11:21:40,898] {taskinstance.py:1426} INFO - Exporting the following env vars:
AIRFLOW_CTX_DAG_OWNER=***
AIRFLOW_CTX_DAG_ID=dtc_project_ingest
AIRFLOW_CTX_TASK_ID=bigquery_external_table_task
AIRFLOW_CTX_EXECUTION_DATE=2020-02-02T06:00:00+00:00
AIRFLOW_CTX_DAG_RUN_ID=scheduled__2020-02-02T06:00:00+00:00
[2022-03-26 11:21:40,901] {crypto.py:82} WARNING - empty cryptography key - values will not be stored encrypted.
[2022-03-26 11:21:43,018] {taskinstance.py:1277} INFO - Marking task as SUCCESS. dag_id=dtc_project_ingest, task_id=bigquery_external_table_task, execution_date=20200202T060000, start_date=20220326T112140, end_date=20220326T112143
[2022-03-26 11:21:43,082] {local_task_job.py:154} INFO - Task exited with return code 0
[2022-03-26 11:21:43,140] {local_task_job.py:264} INFO - 1 downstream tasks scheduled from follow-on schedule check
