[2022-03-26 08:52:57,338] {taskinstance.py:1032} INFO - Dependencies all met for <TaskInstance: dtc_project_ingest.bigquery_external_table_task scheduled__2020-02-02T06:00:00+00:00 [queued]>
[2022-03-26 08:52:57,364] {taskinstance.py:1032} INFO - Dependencies all met for <TaskInstance: dtc_project_ingest.bigquery_external_table_task scheduled__2020-02-02T06:00:00+00:00 [queued]>
[2022-03-26 08:52:57,365] {taskinstance.py:1238} INFO - 
--------------------------------------------------------------------------------
[2022-03-26 08:52:57,367] {taskinstance.py:1239} INFO - Starting attempt 2 of 3
[2022-03-26 08:52:57,368] {taskinstance.py:1240} INFO - 
--------------------------------------------------------------------------------
[2022-03-26 08:52:57,399] {taskinstance.py:1259} INFO - Executing <Task(BigQueryCreateExternalTableOperator): bigquery_external_table_task> on 2020-02-02 06:00:00+00:00
[2022-03-26 08:52:57,412] {standard_task_runner.py:52} INFO - Started process 251 to run task
[2022-03-26 08:52:57,420] {standard_task_runner.py:76} INFO - Running: ['***', 'tasks', 'run', 'dtc_project_ingest', 'bigquery_external_table_task', 'scheduled__2020-02-02T06:00:00+00:00', '--job-id', '1218', '--raw', '--subdir', 'DAGS_FOLDER/project_data_ingestion.py', '--cfg-path', '/tmp/tmpxhu1j3fl', '--error-file', '/tmp/tmpl_mpt_bt']
[2022-03-26 08:52:57,423] {standard_task_runner.py:77} INFO - Job 1218: Subtask bigquery_external_table_task
[2022-03-26 08:52:57,553] {logging_mixin.py:109} INFO - Running <TaskInstance: dtc_project_ingest.bigquery_external_table_task scheduled__2020-02-02T06:00:00+00:00 [running]> on host c800f4dda314
[2022-03-26 08:52:57,633] {warnings.py:110} WARNING - /home/***/.local/lib/python3.7/site-packages/***/utils/context.py:152: AirflowContextDeprecationWarning: Accessing 'execution_date' from the template is deprecated and will be removed in a future version. Please use 'data_interval_start' or 'logical_date' instead.
  warnings.warn(_create_deprecation_warning(key, self._deprecation_replacements[key]))

[2022-03-26 08:52:57,691] {taskinstance.py:1426} INFO - Exporting the following env vars:
AIRFLOW_CTX_DAG_OWNER=***
AIRFLOW_CTX_DAG_ID=dtc_project_ingest
AIRFLOW_CTX_TASK_ID=bigquery_external_table_task
AIRFLOW_CTX_EXECUTION_DATE=2020-02-02T06:00:00+00:00
AIRFLOW_CTX_DAG_RUN_ID=scheduled__2020-02-02T06:00:00+00:00
[2022-03-26 08:52:57,696] {crypto.py:82} WARNING - empty cryptography key - values will not be stored encrypted.
[2022-03-26 08:53:02,326] {taskinstance.py:1277} INFO - Marking task as SUCCESS. dag_id=dtc_project_ingest, task_id=bigquery_external_table_task, execution_date=20200202T060000, start_date=20220326T085257, end_date=20220326T085302
[2022-03-26 08:53:02,414] {local_task_job.py:154} INFO - Task exited with return code 0
[2022-03-26 08:53:02,531] {local_task_job.py:264} INFO - 1 downstream tasks scheduled from follow-on schedule check
