[2022-03-23 09:32:45,718] {taskinstance.py:1032} INFO - Dependencies all met for <TaskInstance: dtc_project_ingest.format_to_parquet_task scheduled__2021-03-02T06:00:00+00:00 [queued]>
[2022-03-23 09:32:45,729] {taskinstance.py:1032} INFO - Dependencies all met for <TaskInstance: dtc_project_ingest.format_to_parquet_task scheduled__2021-03-02T06:00:00+00:00 [queued]>
[2022-03-23 09:32:45,730] {taskinstance.py:1238} INFO - 
--------------------------------------------------------------------------------
[2022-03-23 09:32:45,730] {taskinstance.py:1239} INFO - Starting attempt 1 of 2
[2022-03-23 09:32:45,731] {taskinstance.py:1240} INFO - 
--------------------------------------------------------------------------------
[2022-03-23 09:32:45,742] {taskinstance.py:1259} INFO - Executing <Task(PythonOperator): format_to_parquet_task> on 2021-03-02 06:00:00+00:00
[2022-03-23 09:32:45,749] {standard_task_runner.py:52} INFO - Started process 2961 to run task
[2022-03-23 09:32:45,753] {standard_task_runner.py:76} INFO - Running: ['***', 'tasks', 'run', 'dtc_project_ingest', 'format_to_parquet_task', 'scheduled__2021-03-02T06:00:00+00:00', '--job-id', '794', '--raw', '--subdir', 'DAGS_FOLDER/project_data_ingestion.py', '--cfg-path', '/tmp/tmpg_ratev7', '--error-file', '/tmp/tmpvjjq7d6d']
[2022-03-23 09:32:45,754] {standard_task_runner.py:77} INFO - Job 794: Subtask format_to_parquet_task
[2022-03-23 09:32:45,824] {logging_mixin.py:109} INFO - Running <TaskInstance: dtc_project_ingest.format_to_parquet_task scheduled__2021-03-02T06:00:00+00:00 [running]> on host 7127e26385ba
[2022-03-23 09:32:45,868] {warnings.py:110} WARNING - /home/***/.local/lib/python3.7/site-packages/***/utils/context.py:152: AirflowContextDeprecationWarning: Accessing 'execution_date' from the template is deprecated and will be removed in a future version. Please use 'data_interval_start' or 'logical_date' instead.
  warnings.warn(_create_deprecation_warning(key, self._deprecation_replacements[key]))

[2022-03-23 09:32:45,901] {taskinstance.py:1426} INFO - Exporting the following env vars:
AIRFLOW_CTX_DAG_OWNER=***
AIRFLOW_CTX_DAG_ID=dtc_project_ingest
AIRFLOW_CTX_TASK_ID=format_to_parquet_task
AIRFLOW_CTX_EXECUTION_DATE=2021-03-02T06:00:00+00:00
AIRFLOW_CTX_DAG_RUN_ID=scheduled__2021-03-02T06:00:00+00:00
[2022-03-23 09:32:48,979] {python.py:175} INFO - Done. Returned value was: None
[2022-03-23 09:32:48,997] {taskinstance.py:1277} INFO - Marking task as SUCCESS. dag_id=dtc_project_ingest, task_id=format_to_parquet_task, execution_date=20210302T060000, start_date=20220323T093245, end_date=20220323T093248
[2022-03-23 09:32:49,123] {local_task_job.py:154} INFO - Task exited with return code 0
[2022-03-23 09:32:49,166] {local_task_job.py:264} INFO - 1 downstream tasks scheduled from follow-on schedule check
[2022-03-23 16:56:22,322] {taskinstance.py:1032} INFO - Dependencies all met for <TaskInstance: dtc_project_ingest.format_to_parquet_task scheduled__2021-03-02T06:00:00+00:00 [queued]>
[2022-03-23 16:56:22,333] {taskinstance.py:1032} INFO - Dependencies all met for <TaskInstance: dtc_project_ingest.format_to_parquet_task scheduled__2021-03-02T06:00:00+00:00 [queued]>
[2022-03-23 16:56:22,334] {taskinstance.py:1238} INFO - 
--------------------------------------------------------------------------------
[2022-03-23 16:56:22,335] {taskinstance.py:1239} INFO - Starting attempt 1 of 2
[2022-03-23 16:56:22,335] {taskinstance.py:1240} INFO - 
--------------------------------------------------------------------------------
[2022-03-23 16:56:22,347] {taskinstance.py:1259} INFO - Executing <Task(PythonOperator): format_to_parquet_task> on 2021-03-02 06:00:00+00:00
[2022-03-23 16:56:22,353] {standard_task_runner.py:52} INFO - Started process 7063 to run task
[2022-03-23 16:56:22,357] {standard_task_runner.py:76} INFO - Running: ['***', 'tasks', 'run', 'dtc_project_ingest', 'format_to_parquet_task', 'scheduled__2021-03-02T06:00:00+00:00', '--job-id', '1127', '--raw', '--subdir', 'DAGS_FOLDER/project_data_ingestion.py', '--cfg-path', '/tmp/tmp0ft7yhxs', '--error-file', '/tmp/tmp4wjebwb2']
[2022-03-23 16:56:22,359] {standard_task_runner.py:77} INFO - Job 1127: Subtask format_to_parquet_task
[2022-03-23 16:56:22,423] {logging_mixin.py:109} INFO - Running <TaskInstance: dtc_project_ingest.format_to_parquet_task scheduled__2021-03-02T06:00:00+00:00 [running]> on host 7127e26385ba
[2022-03-23 16:56:22,463] {warnings.py:110} WARNING - /home/***/.local/lib/python3.7/site-packages/***/utils/context.py:152: AirflowContextDeprecationWarning: Accessing 'execution_date' from the template is deprecated and will be removed in a future version. Please use 'data_interval_start' or 'logical_date' instead.
  warnings.warn(_create_deprecation_warning(key, self._deprecation_replacements[key]))

[2022-03-23 16:56:22,490] {taskinstance.py:1426} INFO - Exporting the following env vars:
AIRFLOW_CTX_DAG_OWNER=***
AIRFLOW_CTX_DAG_ID=dtc_project_ingest
AIRFLOW_CTX_TASK_ID=format_to_parquet_task
AIRFLOW_CTX_EXECUTION_DATE=2021-03-02T06:00:00+00:00
AIRFLOW_CTX_DAG_RUN_ID=scheduled__2021-03-02T06:00:00+00:00
[2022-03-23 16:56:25,618] {python.py:175} INFO - Done. Returned value was: None
[2022-03-23 16:56:25,638] {taskinstance.py:1277} INFO - Marking task as SUCCESS. dag_id=dtc_project_ingest, task_id=format_to_parquet_task, execution_date=20210302T060000, start_date=20220323T165622, end_date=20220323T165625
[2022-03-23 16:56:25,901] {local_task_job.py:154} INFO - Task exited with return code 0
[2022-03-23 16:56:25,950] {local_task_job.py:264} INFO - 1 downstream tasks scheduled from follow-on schedule check
[2022-03-26 11:38:10,227] {taskinstance.py:1032} INFO - Dependencies all met for <TaskInstance: dtc_project_ingest.format_to_parquet_task scheduled__2021-03-02T06:00:00+00:00 [queued]>
[2022-03-26 11:38:10,248] {taskinstance.py:1032} INFO - Dependencies all met for <TaskInstance: dtc_project_ingest.format_to_parquet_task scheduled__2021-03-02T06:00:00+00:00 [queued]>
[2022-03-26 11:38:10,250] {taskinstance.py:1238} INFO - 
--------------------------------------------------------------------------------
[2022-03-26 11:38:10,251] {taskinstance.py:1239} INFO - Starting attempt 1 of 2
[2022-03-26 11:38:10,252] {taskinstance.py:1240} INFO - 
--------------------------------------------------------------------------------
[2022-03-26 11:38:10,270] {taskinstance.py:1259} INFO - Executing <Task(PythonOperator): format_to_parquet_task> on 2021-03-02 06:00:00+00:00
[2022-03-26 11:38:10,280] {standard_task_runner.py:52} INFO - Started process 8886 to run task
[2022-03-26 11:38:10,287] {standard_task_runner.py:76} INFO - Running: ['***', 'tasks', 'run', 'dtc_project_ingest', 'format_to_parquet_task', 'scheduled__2021-03-02T06:00:00+00:00', '--job-id', '1484', '--raw', '--subdir', 'DAGS_FOLDER/project_data_ingestion.py', '--cfg-path', '/tmp/tmps1ffm73j', '--error-file', '/tmp/tmplklj3pb9']
[2022-03-26 11:38:10,289] {standard_task_runner.py:77} INFO - Job 1484: Subtask format_to_parquet_task
[2022-03-26 11:38:10,413] {logging_mixin.py:109} INFO - Running <TaskInstance: dtc_project_ingest.format_to_parquet_task scheduled__2021-03-02T06:00:00+00:00 [running]> on host c800f4dda314
[2022-03-26 11:38:10,490] {warnings.py:110} WARNING - /home/***/.local/lib/python3.7/site-packages/***/utils/context.py:152: AirflowContextDeprecationWarning: Accessing 'execution_date' from the template is deprecated and will be removed in a future version. Please use 'data_interval_start' or 'logical_date' instead.
  warnings.warn(_create_deprecation_warning(key, self._deprecation_replacements[key]))

[2022-03-26 11:38:10,533] {taskinstance.py:1426} INFO - Exporting the following env vars:
AIRFLOW_CTX_DAG_OWNER=***
AIRFLOW_CTX_DAG_ID=dtc_project_ingest
AIRFLOW_CTX_TASK_ID=format_to_parquet_task
AIRFLOW_CTX_EXECUTION_DATE=2021-03-02T06:00:00+00:00
AIRFLOW_CTX_DAG_RUN_ID=scheduled__2021-03-02T06:00:00+00:00
[2022-03-26 11:38:16,867] {python.py:175} INFO - Done. Returned value was: None
[2022-03-26 11:38:16,899] {taskinstance.py:1277} INFO - Marking task as SUCCESS. dag_id=dtc_project_ingest, task_id=format_to_parquet_task, execution_date=20210302T060000, start_date=20220326T113810, end_date=20220326T113816
[2022-03-26 11:38:17,106] {local_task_job.py:154} INFO - Task exited with return code 0
[2022-03-26 11:38:17,167] {local_task_job.py:264} INFO - 1 downstream tasks scheduled from follow-on schedule check
