[2022-03-26 09:31:50,091] {taskinstance.py:1032} INFO - Dependencies all met for <TaskInstance: project_gcs_2_bq.bigquery_external_table_project_task scheduled__2022-03-25T00:00:00+00:00 [queued]>
[2022-03-26 09:31:50,104] {taskinstance.py:1032} INFO - Dependencies all met for <TaskInstance: project_gcs_2_bq.bigquery_external_table_project_task scheduled__2022-03-25T00:00:00+00:00 [queued]>
[2022-03-26 09:31:50,105] {taskinstance.py:1238} INFO - 
--------------------------------------------------------------------------------
[2022-03-26 09:31:50,106] {taskinstance.py:1239} INFO - Starting attempt 2 of 3
[2022-03-26 09:31:50,107] {taskinstance.py:1240} INFO - 
--------------------------------------------------------------------------------
[2022-03-26 09:31:50,122] {taskinstance.py:1259} INFO - Executing <Task(BigQueryCreateExternalTableOperator): bigquery_external_table_project_task> on 2022-03-25 00:00:00+00:00
[2022-03-26 09:31:50,132] {standard_task_runner.py:52} INFO - Started process 2031 to run task
[2022-03-26 09:31:50,139] {standard_task_runner.py:76} INFO - Running: ['***', 'tasks', 'run', 'project_gcs_2_bq', 'bigquery_external_table_project_task', 'scheduled__2022-03-25T00:00:00+00:00', '--job-id', '1244', '--raw', '--subdir', 'DAGS_FOLDER/gcs_2_bq.py', '--cfg-path', '/tmp/tmpuep10m2d', '--error-file', '/tmp/tmp2cwtsh2t']
[2022-03-26 09:31:50,141] {standard_task_runner.py:77} INFO - Job 1244: Subtask bigquery_external_table_project_task
[2022-03-26 09:31:50,233] {logging_mixin.py:109} INFO - Running <TaskInstance: project_gcs_2_bq.bigquery_external_table_project_task scheduled__2022-03-25T00:00:00+00:00 [running]> on host c800f4dda314
[2022-03-26 09:31:50,307] {taskinstance.py:1426} INFO - Exporting the following env vars:
AIRFLOW_CTX_DAG_OWNER=***
AIRFLOW_CTX_DAG_ID=project_gcs_2_bq
AIRFLOW_CTX_TASK_ID=bigquery_external_table_project_task
AIRFLOW_CTX_EXECUTION_DATE=2022-03-25T00:00:00+00:00
AIRFLOW_CTX_DAG_RUN_ID=scheduled__2022-03-25T00:00:00+00:00
[2022-03-26 09:31:50,310] {crypto.py:82} WARNING - empty cryptography key - values will not be stored encrypted.
[2022-03-26 09:31:51,600] {taskinstance.py:1277} INFO - Marking task as SUCCESS. dag_id=project_gcs_2_bq, task_id=bigquery_external_table_project_task, execution_date=20220325T000000, start_date=20220326T093150, end_date=20220326T093151
[2022-03-26 09:31:51,665] {local_task_job.py:154} INFO - Task exited with return code 0
[2022-03-26 09:31:51,704] {local_task_job.py:264} INFO - 0 downstream tasks scheduled from follow-on schedule check
[2022-03-26 10:02:45,392] {taskinstance.py:1032} INFO - Dependencies all met for <TaskInstance: project_gcs_2_bq.bigquery_external_table_project_task scheduled__2022-03-25T00:00:00+00:00 [queued]>
[2022-03-26 10:02:45,409] {taskinstance.py:1032} INFO - Dependencies all met for <TaskInstance: project_gcs_2_bq.bigquery_external_table_project_task scheduled__2022-03-25T00:00:00+00:00 [queued]>
[2022-03-26 10:02:45,410] {taskinstance.py:1238} INFO - 
--------------------------------------------------------------------------------
[2022-03-26 10:02:45,410] {taskinstance.py:1239} INFO - Starting attempt 2 of 3
[2022-03-26 10:02:45,411] {taskinstance.py:1240} INFO - 
--------------------------------------------------------------------------------
[2022-03-26 10:02:45,427] {taskinstance.py:1259} INFO - Executing <Task(BigQueryCreateExternalTableOperator): bigquery_external_table_project_task> on 2022-03-25 00:00:00+00:00
[2022-03-26 10:02:45,434] {standard_task_runner.py:52} INFO - Started process 3498 to run task
[2022-03-26 10:02:45,439] {standard_task_runner.py:76} INFO - Running: ['***', 'tasks', 'run', 'project_gcs_2_bq', 'bigquery_external_table_project_task', 'scheduled__2022-03-25T00:00:00+00:00', '--job-id', '1256', '--raw', '--subdir', 'DAGS_FOLDER/gcs_2_bq.py', '--cfg-path', '/tmp/tmpr8p8bepr', '--error-file', '/tmp/tmp7dodgloa']
[2022-03-26 10:02:45,440] {standard_task_runner.py:77} INFO - Job 1256: Subtask bigquery_external_table_project_task
[2022-03-26 10:02:45,512] {logging_mixin.py:109} INFO - Running <TaskInstance: project_gcs_2_bq.bigquery_external_table_project_task scheduled__2022-03-25T00:00:00+00:00 [running]> on host c800f4dda314
[2022-03-26 10:02:45,579] {taskinstance.py:1426} INFO - Exporting the following env vars:
AIRFLOW_CTX_DAG_OWNER=***
AIRFLOW_CTX_DAG_ID=project_gcs_2_bq
AIRFLOW_CTX_TASK_ID=bigquery_external_table_project_task
AIRFLOW_CTX_EXECUTION_DATE=2022-03-25T00:00:00+00:00
AIRFLOW_CTX_DAG_RUN_ID=scheduled__2022-03-25T00:00:00+00:00
[2022-03-26 10:02:45,582] {crypto.py:82} WARNING - empty cryptography key - values will not be stored encrypted.
[2022-03-26 10:02:46,233] {taskinstance.py:1277} INFO - Marking task as SUCCESS. dag_id=project_gcs_2_bq, task_id=bigquery_external_table_project_task, execution_date=20220325T000000, start_date=20220326T100245, end_date=20220326T100246
[2022-03-26 10:02:46,305] {local_task_job.py:154} INFO - Task exited with return code 0
[2022-03-26 10:02:46,386] {local_task_job.py:264} INFO - 0 downstream tasks scheduled from follow-on schedule check
