[2022-03-23 09:00:28,277] {taskinstance.py:1032} INFO - Dependencies all met for <TaskInstance: dtc_project_ingest.rm_task scheduled__2018-08-02T06:00:00+00:00 [queued]>
[2022-03-23 09:00:28,288] {taskinstance.py:1032} INFO - Dependencies all met for <TaskInstance: dtc_project_ingest.rm_task scheduled__2018-08-02T06:00:00+00:00 [queued]>
[2022-03-23 09:00:28,289] {taskinstance.py:1238} INFO - 
--------------------------------------------------------------------------------
[2022-03-23 09:00:28,289] {taskinstance.py:1239} INFO - Starting attempt 1 of 2
[2022-03-23 09:00:28,290] {taskinstance.py:1240} INFO - 
--------------------------------------------------------------------------------
[2022-03-23 09:00:28,305] {taskinstance.py:1259} INFO - Executing <Task(BashOperator): rm_task> on 2018-08-02 06:00:00+00:00
[2022-03-23 09:00:28,312] {standard_task_runner.py:52} INFO - Started process 781 to run task
[2022-03-23 09:00:28,316] {standard_task_runner.py:76} INFO - Running: ['***', 'tasks', 'run', 'dtc_project_ingest', 'rm_task', 'scheduled__2018-08-02T06:00:00+00:00', '--job-id', '672', '--raw', '--subdir', 'DAGS_FOLDER/project_data_ingestion.py', '--cfg-path', '/tmp/tmp6rj15ph3', '--error-file', '/tmp/tmpjhjpbm_d']
[2022-03-23 09:00:28,318] {standard_task_runner.py:77} INFO - Job 672: Subtask rm_task
[2022-03-23 09:00:28,390] {logging_mixin.py:109} INFO - Running <TaskInstance: dtc_project_ingest.rm_task scheduled__2018-08-02T06:00:00+00:00 [running]> on host 7127e26385ba
[2022-03-23 09:00:28,432] {warnings.py:110} WARNING - /home/***/.local/lib/python3.7/site-packages/***/utils/context.py:152: AirflowContextDeprecationWarning: Accessing 'execution_date' from the template is deprecated and will be removed in a future version. Please use 'data_interval_start' or 'logical_date' instead.
  warnings.warn(_create_deprecation_warning(key, self._deprecation_replacements[key]))

[2022-03-23 09:00:28,456] {taskinstance.py:1426} INFO - Exporting the following env vars:
AIRFLOW_CTX_DAG_OWNER=***
AIRFLOW_CTX_DAG_ID=dtc_project_ingest
AIRFLOW_CTX_TASK_ID=rm_task
AIRFLOW_CTX_EXECUTION_DATE=2018-08-02T06:00:00+00:00
AIRFLOW_CTX_DAG_RUN_ID=scheduled__2018-08-02T06:00:00+00:00
[2022-03-23 09:00:28,458] {subprocess.py:62} INFO - Tmp dir root location: 
 /tmp
[2022-03-23 09:00:28,460] {subprocess.py:74} INFO - Running command: ['bash', '-c', 'rm /opt/***/201808-citibike-tripdata.csv /opt/***/201808-citibike-tripdata.parquet']
[2022-03-23 09:00:28,481] {subprocess.py:85} INFO - Output:
[2022-03-23 09:00:28,591] {subprocess.py:93} INFO - Command exited with return code 0
[2022-03-23 09:00:28,631] {taskinstance.py:1277} INFO - Marking task as SUCCESS. dag_id=dtc_project_ingest, task_id=rm_task, execution_date=20180802T060000, start_date=20220323T090028, end_date=20220323T090028
[2022-03-23 09:00:28,691] {local_task_job.py:154} INFO - Task exited with return code 0
[2022-03-23 09:00:28,725] {local_task_job.py:264} INFO - 0 downstream tasks scheduled from follow-on schedule check
[2022-03-23 16:01:55,384] {taskinstance.py:1032} INFO - Dependencies all met for <TaskInstance: dtc_project_ingest.rm_task scheduled__2018-08-02T06:00:00+00:00 [queued]>
[2022-03-23 16:01:55,399] {taskinstance.py:1032} INFO - Dependencies all met for <TaskInstance: dtc_project_ingest.rm_task scheduled__2018-08-02T06:00:00+00:00 [queued]>
[2022-03-23 16:01:55,400] {taskinstance.py:1238} INFO - 
--------------------------------------------------------------------------------
[2022-03-23 16:01:55,402] {taskinstance.py:1239} INFO - Starting attempt 1 of 2
[2022-03-23 16:01:55,403] {taskinstance.py:1240} INFO - 
--------------------------------------------------------------------------------
[2022-03-23 16:01:55,420] {taskinstance.py:1259} INFO - Executing <Task(BashOperator): rm_task> on 2018-08-02 06:00:00+00:00
[2022-03-23 16:01:55,430] {standard_task_runner.py:52} INFO - Started process 3801 to run task
[2022-03-23 16:01:55,434] {standard_task_runner.py:76} INFO - Running: ['***', 'tasks', 'run', 'dtc_project_ingest', 'rm_task', 'scheduled__2018-08-02T06:00:00+00:00', '--job-id', '975', '--raw', '--subdir', 'DAGS_FOLDER/project_data_ingestion.py', '--cfg-path', '/tmp/tmpm36bm1x7', '--error-file', '/tmp/tmps3lipv0f']
[2022-03-23 16:01:55,437] {standard_task_runner.py:77} INFO - Job 975: Subtask rm_task
[2022-03-23 16:01:55,508] {logging_mixin.py:109} INFO - Running <TaskInstance: dtc_project_ingest.rm_task scheduled__2018-08-02T06:00:00+00:00 [running]> on host 7127e26385ba
[2022-03-23 16:01:55,552] {warnings.py:110} WARNING - /home/***/.local/lib/python3.7/site-packages/***/utils/context.py:152: AirflowContextDeprecationWarning: Accessing 'execution_date' from the template is deprecated and will be removed in a future version. Please use 'data_interval_start' or 'logical_date' instead.
  warnings.warn(_create_deprecation_warning(key, self._deprecation_replacements[key]))

[2022-03-23 16:01:55,576] {taskinstance.py:1426} INFO - Exporting the following env vars:
AIRFLOW_CTX_DAG_OWNER=***
AIRFLOW_CTX_DAG_ID=dtc_project_ingest
AIRFLOW_CTX_TASK_ID=rm_task
AIRFLOW_CTX_EXECUTION_DATE=2018-08-02T06:00:00+00:00
AIRFLOW_CTX_DAG_RUN_ID=scheduled__2018-08-02T06:00:00+00:00
[2022-03-23 16:01:55,579] {subprocess.py:62} INFO - Tmp dir root location: 
 /tmp
[2022-03-23 16:01:55,580] {subprocess.py:74} INFO - Running command: ['bash', '-c', 'rm /opt/***/201808-citibike-tripdata.csv /opt/***/201808-citibike-tripdata.parquet']
[2022-03-23 16:01:55,594] {subprocess.py:85} INFO - Output:
[2022-03-23 16:01:55,694] {subprocess.py:93} INFO - Command exited with return code 0
[2022-03-23 16:01:55,720] {taskinstance.py:1277} INFO - Marking task as SUCCESS. dag_id=dtc_project_ingest, task_id=rm_task, execution_date=20180802T060000, start_date=20220323T160155, end_date=20220323T160155
[2022-03-23 16:01:55,770] {local_task_job.py:154} INFO - Task exited with return code 0
[2022-03-23 16:01:55,804] {local_task_job.py:264} INFO - 0 downstream tasks scheduled from follow-on schedule check
[2022-03-26 10:43:43,896] {taskinstance.py:1032} INFO - Dependencies all met for <TaskInstance: dtc_project_ingest.rm_task scheduled__2018-08-02T06:00:00+00:00 [queued]>
[2022-03-26 10:43:43,922] {taskinstance.py:1032} INFO - Dependencies all met for <TaskInstance: dtc_project_ingest.rm_task scheduled__2018-08-02T06:00:00+00:00 [queued]>
[2022-03-26 10:43:43,923] {taskinstance.py:1238} INFO - 
--------------------------------------------------------------------------------
[2022-03-26 10:43:43,924] {taskinstance.py:1239} INFO - Starting attempt 1 of 2
[2022-03-26 10:43:43,925] {taskinstance.py:1240} INFO - 
--------------------------------------------------------------------------------
[2022-03-26 10:43:43,979] {taskinstance.py:1259} INFO - Executing <Task(BashOperator): rm_task> on 2018-08-02 06:00:00+00:00
[2022-03-26 10:43:43,991] {standard_task_runner.py:52} INFO - Started process 5687 to run task
[2022-03-26 10:43:44,001] {standard_task_runner.py:76} INFO - Running: ['***', 'tasks', 'run', 'dtc_project_ingest', 'rm_task', 'scheduled__2018-08-02T06:00:00+00:00', '--job-id', '1331', '--raw', '--subdir', 'DAGS_FOLDER/project_data_ingestion.py', '--cfg-path', '/tmp/tmpj9k9g044', '--error-file', '/tmp/tmpj2jvn6sq']
[2022-03-26 10:43:44,005] {standard_task_runner.py:77} INFO - Job 1331: Subtask rm_task
[2022-03-26 10:43:44,171] {logging_mixin.py:109} INFO - Running <TaskInstance: dtc_project_ingest.rm_task scheduled__2018-08-02T06:00:00+00:00 [running]> on host c800f4dda314
[2022-03-26 10:43:44,245] {warnings.py:110} WARNING - /home/***/.local/lib/python3.7/site-packages/***/utils/context.py:152: AirflowContextDeprecationWarning: Accessing 'execution_date' from the template is deprecated and will be removed in a future version. Please use 'data_interval_start' or 'logical_date' instead.
  warnings.warn(_create_deprecation_warning(key, self._deprecation_replacements[key]))

[2022-03-26 10:43:44,280] {taskinstance.py:1426} INFO - Exporting the following env vars:
AIRFLOW_CTX_DAG_OWNER=***
AIRFLOW_CTX_DAG_ID=dtc_project_ingest
AIRFLOW_CTX_TASK_ID=rm_task
AIRFLOW_CTX_EXECUTION_DATE=2018-08-02T06:00:00+00:00
AIRFLOW_CTX_DAG_RUN_ID=scheduled__2018-08-02T06:00:00+00:00
[2022-03-26 10:43:44,284] {subprocess.py:62} INFO - Tmp dir root location: 
 /tmp
[2022-03-26 10:43:44,286] {subprocess.py:74} INFO - Running command: ['bash', '-c', 'rm /opt/***/201808-citibike-tripdata.csv /opt/***/201808-citibike-tripdata.parquet']
[2022-03-26 10:43:44,307] {subprocess.py:85} INFO - Output:
[2022-03-26 10:43:44,440] {subprocess.py:93} INFO - Command exited with return code 0
[2022-03-26 10:43:44,486] {taskinstance.py:1277} INFO - Marking task as SUCCESS. dag_id=dtc_project_ingest, task_id=rm_task, execution_date=20180802T060000, start_date=20220326T104343, end_date=20220326T104344
[2022-03-26 10:43:44,538] {local_task_job.py:154} INFO - Task exited with return code 0
[2022-03-26 10:43:44,589] {local_task_job.py:264} INFO - 0 downstream tasks scheduled from follow-on schedule check
[2022-03-26 15:31:07,963] {taskinstance.py:1032} INFO - Dependencies all met for <TaskInstance: dtc_project_ingest.rm_task scheduled__2018-08-02T06:00:00+00:00 [queued]>
[2022-03-26 15:31:07,993] {taskinstance.py:1032} INFO - Dependencies all met for <TaskInstance: dtc_project_ingest.rm_task scheduled__2018-08-02T06:00:00+00:00 [queued]>
[2022-03-26 15:31:07,995] {taskinstance.py:1238} INFO - 
--------------------------------------------------------------------------------
[2022-03-26 15:31:07,996] {taskinstance.py:1239} INFO - Starting attempt 1 of 2
[2022-03-26 15:31:07,997] {taskinstance.py:1240} INFO - 
--------------------------------------------------------------------------------
[2022-03-26 15:31:08,023] {taskinstance.py:1259} INFO - Executing <Task(BashOperator): rm_task> on 2018-08-02 06:00:00+00:00
[2022-03-26 15:31:08,036] {standard_task_runner.py:52} INFO - Started process 20118 to run task
[2022-03-26 15:31:08,052] {standard_task_runner.py:76} INFO - Running: ['***', 'tasks', 'run', 'dtc_project_ingest', 'rm_task', 'scheduled__2018-08-02T06:00:00+00:00', '--job-id', '1581', '--raw', '--subdir', 'DAGS_FOLDER/project_data_ingestion.py', '--cfg-path', '/tmp/tmpxbjjyqdj', '--error-file', '/tmp/tmprcnrr0fe']
[2022-03-26 15:31:08,056] {standard_task_runner.py:77} INFO - Job 1581: Subtask rm_task
[2022-03-26 15:31:08,171] {logging_mixin.py:109} INFO - Running <TaskInstance: dtc_project_ingest.rm_task scheduled__2018-08-02T06:00:00+00:00 [running]> on host c800f4dda314
[2022-03-26 15:31:08,240] {warnings.py:110} WARNING - /home/***/.local/lib/python3.7/site-packages/***/utils/context.py:152: AirflowContextDeprecationWarning: Accessing 'execution_date' from the template is deprecated and will be removed in a future version. Please use 'data_interval_start' or 'logical_date' instead.
  warnings.warn(_create_deprecation_warning(key, self._deprecation_replacements[key]))

[2022-03-26 15:31:08,275] {taskinstance.py:1426} INFO - Exporting the following env vars:
AIRFLOW_CTX_DAG_OWNER=***
AIRFLOW_CTX_DAG_ID=dtc_project_ingest
AIRFLOW_CTX_TASK_ID=rm_task
AIRFLOW_CTX_EXECUTION_DATE=2018-08-02T06:00:00+00:00
AIRFLOW_CTX_DAG_RUN_ID=scheduled__2018-08-02T06:00:00+00:00
[2022-03-26 15:31:08,278] {subprocess.py:62} INFO - Tmp dir root location: 
 /tmp
[2022-03-26 15:31:08,280] {subprocess.py:74} INFO - Running command: ['bash', '-c', 'rm /opt/***/201808-citibike-tripdata.csv /opt/***/201808-citibike-tripdata.parquet']
[2022-03-26 15:31:08,308] {subprocess.py:85} INFO - Output:
[2022-03-26 15:31:08,658] {subprocess.py:93} INFO - Command exited with return code 0
[2022-03-26 15:31:08,732] {taskinstance.py:1277} INFO - Marking task as SUCCESS. dag_id=dtc_project_ingest, task_id=rm_task, execution_date=20180802T060000, start_date=20220326T153107, end_date=20220326T153108
[2022-03-26 15:31:08,829] {local_task_job.py:154} INFO - Task exited with return code 0
[2022-03-26 15:31:08,936] {local_task_job.py:264} INFO - 0 downstream tasks scheduled from follow-on schedule check
