[2022-03-26 10:02:10,139] {taskinstance.py:1032} INFO - Dependencies all met for <TaskInstance: project_gcs_2_bq.gcs_2_gcs_project_task manual__2022-03-26T10:02:02.333493+00:00 [queued]>
[2022-03-26 10:02:10,152] {taskinstance.py:1032} INFO - Dependencies all met for <TaskInstance: project_gcs_2_bq.gcs_2_gcs_project_task manual__2022-03-26T10:02:02.333493+00:00 [queued]>
[2022-03-26 10:02:10,153] {taskinstance.py:1238} INFO - 
--------------------------------------------------------------------------------
[2022-03-26 10:02:10,154] {taskinstance.py:1239} INFO - Starting attempt 1 of 2
[2022-03-26 10:02:10,154] {taskinstance.py:1240} INFO - 
--------------------------------------------------------------------------------
[2022-03-26 10:02:10,167] {taskinstance.py:1259} INFO - Executing <Task(GCSToGCSOperator): gcs_2_gcs_project_task> on 2022-03-26 10:02:02.333493+00:00
[2022-03-26 10:02:10,174] {standard_task_runner.py:52} INFO - Started process 3459 to run task
[2022-03-26 10:02:10,178] {standard_task_runner.py:76} INFO - Running: ['***', 'tasks', 'run', 'project_gcs_2_bq', 'gcs_2_gcs_project_task', 'manual__2022-03-26T10:02:02.333493+00:00', '--job-id', '1253', '--raw', '--subdir', 'DAGS_FOLDER/gcs_2_bq.py', '--cfg-path', '/tmp/tmpog4atx6v', '--error-file', '/tmp/tmp0i8y55ly']
[2022-03-26 10:02:10,180] {standard_task_runner.py:77} INFO - Job 1253: Subtask gcs_2_gcs_project_task
[2022-03-26 10:02:10,253] {logging_mixin.py:109} INFO - Running <TaskInstance: project_gcs_2_bq.gcs_2_gcs_project_task manual__2022-03-26T10:02:02.333493+00:00 [running]> on host c800f4dda314
[2022-03-26 10:02:10,320] {taskinstance.py:1426} INFO - Exporting the following env vars:
AIRFLOW_CTX_DAG_OWNER=***
AIRFLOW_CTX_DAG_ID=project_gcs_2_bq
AIRFLOW_CTX_TASK_ID=gcs_2_gcs_project_task
AIRFLOW_CTX_EXECUTION_DATE=2022-03-26T10:02:02.333493+00:00
AIRFLOW_CTX_DAG_RUN_ID=manual__2022-03-26T10:02:02.333493+00:00
[2022-03-26 10:02:10,324] {crypto.py:82} WARNING - empty cryptography key - values will not be stored encrypted.
[2022-03-26 10:02:10,325] {gcs_to_gcs.py:346} INFO - Delimiter ignored because wildcard is in prefix
[2022-03-26 10:02:11,408] {taskinstance.py:1277} INFO - Marking task as SUCCESS. dag_id=project_gcs_2_bq, task_id=gcs_2_gcs_project_task, execution_date=20220326T100202, start_date=20220326T100210, end_date=20220326T100211
[2022-03-26 10:02:11,464] {local_task_job.py:154} INFO - Task exited with return code 0
[2022-03-26 10:02:11,502] {local_task_job.py:264} INFO - 1 downstream tasks scheduled from follow-on schedule check
