[2022-03-26 10:07:32,650] {taskinstance.py:1032} INFO - Dependencies all met for <TaskInstance: project_gcs_2_bq.gcs_2_gcs_project_task manual__2022-03-26T10:02:02.333493+00:00 [queued]>
[2022-03-26 10:07:32,663] {taskinstance.py:1032} INFO - Dependencies all met for <TaskInstance: project_gcs_2_bq.gcs_2_gcs_project_task manual__2022-03-26T10:02:02.333493+00:00 [queued]>
[2022-03-26 10:07:32,664] {taskinstance.py:1238} INFO - 
--------------------------------------------------------------------------------
[2022-03-26 10:07:32,665] {taskinstance.py:1239} INFO - Starting attempt 3 of 4
[2022-03-26 10:07:32,665] {taskinstance.py:1240} INFO - 
--------------------------------------------------------------------------------
[2022-03-26 10:07:32,676] {taskinstance.py:1259} INFO - Executing <Task(GCSToGCSOperator): gcs_2_gcs_project_task> on 2022-03-26 10:02:02.333493+00:00
[2022-03-26 10:07:32,683] {standard_task_runner.py:52} INFO - Started process 3737 to run task
[2022-03-26 10:07:32,687] {standard_task_runner.py:76} INFO - Running: ['***', 'tasks', 'run', 'project_gcs_2_bq', 'gcs_2_gcs_project_task', 'manual__2022-03-26T10:02:02.333493+00:00', '--job-id', '1259', '--raw', '--subdir', 'DAGS_FOLDER/gcs_2_bq.py', '--cfg-path', '/tmp/tmp581v8tm5', '--error-file', '/tmp/tmprthhfyb6']
[2022-03-26 10:07:32,689] {standard_task_runner.py:77} INFO - Job 1259: Subtask gcs_2_gcs_project_task
[2022-03-26 10:07:32,753] {logging_mixin.py:109} INFO - Running <TaskInstance: project_gcs_2_bq.gcs_2_gcs_project_task manual__2022-03-26T10:02:02.333493+00:00 [running]> on host c800f4dda314
[2022-03-26 10:07:32,812] {taskinstance.py:1426} INFO - Exporting the following env vars:
AIRFLOW_CTX_DAG_OWNER=***
AIRFLOW_CTX_DAG_ID=project_gcs_2_bq
AIRFLOW_CTX_TASK_ID=gcs_2_gcs_project_task
AIRFLOW_CTX_EXECUTION_DATE=2022-03-26T10:02:02.333493+00:00
AIRFLOW_CTX_DAG_RUN_ID=manual__2022-03-26T10:02:02.333493+00:00
[2022-03-26 10:07:32,814] {crypto.py:82} WARNING - empty cryptography key - values will not be stored encrypted.
[2022-03-26 10:07:32,815] {gcs_to_gcs.py:346} INFO - Delimiter ignored because wildcard is in prefix
[2022-03-26 10:07:35,490] {taskinstance.py:1277} INFO - Marking task as SUCCESS. dag_id=project_gcs_2_bq, task_id=gcs_2_gcs_project_task, execution_date=20220326T100202, start_date=20220326T100732, end_date=20220326T100735
[2022-03-26 10:07:35,547] {local_task_job.py:154} INFO - Task exited with return code 0
[2022-03-26 10:07:35,582] {local_task_job.py:264} INFO - 1 downstream tasks scheduled from follow-on schedule check
