[2022-03-23 16:57:31,372] {taskinstance.py:1032} INFO - Dependencies all met for <TaskInstance: dtc_project_ingest.bigquery_external_table_task scheduled__2021-03-02T06:00:00+00:00 [queued]>
[2022-03-23 16:57:31,384] {taskinstance.py:1032} INFO - Dependencies all met for <TaskInstance: dtc_project_ingest.bigquery_external_table_task scheduled__2021-03-02T06:00:00+00:00 [queued]>
[2022-03-23 16:57:31,385] {taskinstance.py:1238} INFO - 
--------------------------------------------------------------------------------
[2022-03-23 16:57:31,386] {taskinstance.py:1239} INFO - Starting attempt 1 of 2
[2022-03-23 16:57:31,386] {taskinstance.py:1240} INFO - 
--------------------------------------------------------------------------------
[2022-03-23 16:57:31,398] {taskinstance.py:1259} INFO - Executing <Task(BigQueryCreateExternalTableOperator): bigquery_external_table_task> on 2021-03-02 06:00:00+00:00
[2022-03-23 16:57:31,405] {standard_task_runner.py:52} INFO - Started process 7128 to run task
[2022-03-23 16:57:31,409] {standard_task_runner.py:76} INFO - Running: ['***', 'tasks', 'run', 'dtc_project_ingest', 'bigquery_external_table_task', 'scheduled__2021-03-02T06:00:00+00:00', '--job-id', '1131', '--raw', '--subdir', 'DAGS_FOLDER/project_data_ingestion.py', '--cfg-path', '/tmp/tmp8o71gfwi', '--error-file', '/tmp/tmpz_lal9rb']
[2022-03-23 16:57:31,410] {standard_task_runner.py:77} INFO - Job 1131: Subtask bigquery_external_table_task
[2022-03-23 16:57:31,494] {logging_mixin.py:109} INFO - Running <TaskInstance: dtc_project_ingest.bigquery_external_table_task scheduled__2021-03-02T06:00:00+00:00 [running]> on host 7127e26385ba
[2022-03-23 16:57:31,540] {warnings.py:110} WARNING - /home/***/.local/lib/python3.7/site-packages/***/utils/context.py:152: AirflowContextDeprecationWarning: Accessing 'execution_date' from the template is deprecated and will be removed in a future version. Please use 'data_interval_start' or 'logical_date' instead.
  warnings.warn(_create_deprecation_warning(key, self._deprecation_replacements[key]))

[2022-03-23 16:57:31,563] {taskinstance.py:1426} INFO - Exporting the following env vars:
AIRFLOW_CTX_DAG_OWNER=***
AIRFLOW_CTX_DAG_ID=dtc_project_ingest
AIRFLOW_CTX_TASK_ID=bigquery_external_table_task
AIRFLOW_CTX_EXECUTION_DATE=2021-03-02T06:00:00+00:00
AIRFLOW_CTX_DAG_RUN_ID=scheduled__2021-03-02T06:00:00+00:00
[2022-03-23 16:57:31,565] {crypto.py:82} WARNING - empty cryptography key - values will not be stored encrypted.
[2022-03-23 16:57:33,589] {taskinstance.py:1277} INFO - Marking task as SUCCESS. dag_id=dtc_project_ingest, task_id=bigquery_external_table_task, execution_date=20210302T060000, start_date=20220323T165731, end_date=20220323T165733
[2022-03-23 16:57:33,653] {local_task_job.py:154} INFO - Task exited with return code 0
[2022-03-23 16:57:33,693] {local_task_job.py:264} INFO - 1 downstream tasks scheduled from follow-on schedule check
[2022-03-26 12:11:38,322] {taskinstance.py:1032} INFO - Dependencies all met for <TaskInstance: dtc_project_ingest.bigquery_external_table_task scheduled__2021-03-02T06:00:00+00:00 [queued]>
[2022-03-26 12:11:38,359] {taskinstance.py:1032} INFO - Dependencies all met for <TaskInstance: dtc_project_ingest.bigquery_external_table_task scheduled__2021-03-02T06:00:00+00:00 [queued]>
[2022-03-26 12:11:38,361] {taskinstance.py:1238} INFO - 
--------------------------------------------------------------------------------
[2022-03-26 12:11:38,362] {taskinstance.py:1239} INFO - Starting attempt 1 of 2
[2022-03-26 12:11:38,363] {taskinstance.py:1240} INFO - 
--------------------------------------------------------------------------------
[2022-03-26 12:11:38,377] {taskinstance.py:1259} INFO - Executing <Task(BigQueryCreateExternalTableOperator): bigquery_external_table_task> on 2021-03-02 06:00:00+00:00
[2022-03-26 12:11:38,384] {standard_task_runner.py:52} INFO - Started process 10656 to run task
[2022-03-26 12:11:38,393] {standard_task_runner.py:76} INFO - Running: ['***', 'tasks', 'run', 'dtc_project_ingest', 'bigquery_external_table_task', 'scheduled__2021-03-02T06:00:00+00:00', '--job-id', '1537', '--raw', '--subdir', 'DAGS_FOLDER/project_data_ingestion.py', '--cfg-path', '/tmp/tmpfqp2xadm', '--error-file', '/tmp/tmp60bo3g4u']
[2022-03-26 12:11:38,395] {standard_task_runner.py:77} INFO - Job 1537: Subtask bigquery_external_table_task
[2022-03-26 12:11:38,461] {logging_mixin.py:109} INFO - Running <TaskInstance: dtc_project_ingest.bigquery_external_table_task scheduled__2021-03-02T06:00:00+00:00 [running]> on host c800f4dda314
[2022-03-26 12:11:38,530] {taskinstance.py:1426} INFO - Exporting the following env vars:
AIRFLOW_CTX_DAG_OWNER=***
AIRFLOW_CTX_DAG_ID=dtc_project_ingest
AIRFLOW_CTX_TASK_ID=bigquery_external_table_task
AIRFLOW_CTX_EXECUTION_DATE=2021-03-02T06:00:00+00:00
AIRFLOW_CTX_DAG_RUN_ID=scheduled__2021-03-02T06:00:00+00:00
[2022-03-26 12:11:38,532] {crypto.py:82} WARNING - empty cryptography key - values will not be stored encrypted.
[2022-03-26 12:11:39,581] {taskinstance.py:1277} INFO - Marking task as SUCCESS. dag_id=dtc_project_ingest, task_id=bigquery_external_table_task, execution_date=20210302T060000, start_date=20220326T121138, end_date=20220326T121139
[2022-03-26 12:11:39,609] {local_task_job.py:154} INFO - Task exited with return code 0
[2022-03-26 12:11:39,647] {local_task_job.py:264} INFO - 1 downstream tasks scheduled from follow-on schedule check
