[2022-03-23 09:41:43,756] {taskinstance.py:1032} INFO - Dependencies all met for <TaskInstance: dtc_project_ingest.download_dataset_task scheduled__2021-09-02T06:00:00+00:00 [queued]>
[2022-03-23 09:41:43,766] {taskinstance.py:1032} INFO - Dependencies all met for <TaskInstance: dtc_project_ingest.download_dataset_task scheduled__2021-09-02T06:00:00+00:00 [queued]>
[2022-03-23 09:41:43,767] {taskinstance.py:1238} INFO - 
--------------------------------------------------------------------------------
[2022-03-23 09:41:43,768] {taskinstance.py:1239} INFO - Starting attempt 1 of 2
[2022-03-23 09:41:43,768] {taskinstance.py:1240} INFO - 
--------------------------------------------------------------------------------
[2022-03-23 09:41:43,779] {taskinstance.py:1259} INFO - Executing <Task(BashOperator): download_dataset_task> on 2021-09-02 06:00:00+00:00
[2022-03-23 09:41:43,785] {standard_task_runner.py:52} INFO - Started process 3484 to run task
[2022-03-23 09:41:43,789] {standard_task_runner.py:76} INFO - Running: ['***', 'tasks', 'run', 'dtc_project_ingest', 'download_dataset_task', 'scheduled__2021-09-02T06:00:00+00:00', '--job-id', '813', '--raw', '--subdir', 'DAGS_FOLDER/project_data_ingestion.py', '--cfg-path', '/tmp/tmpae_dsz2o', '--error-file', '/tmp/tmp6tqgb8kx']
[2022-03-23 09:41:43,791] {standard_task_runner.py:77} INFO - Job 813: Subtask download_dataset_task
[2022-03-23 09:41:43,856] {logging_mixin.py:109} INFO - Running <TaskInstance: dtc_project_ingest.download_dataset_task scheduled__2021-09-02T06:00:00+00:00 [running]> on host 7127e26385ba
[2022-03-23 09:41:43,899] {warnings.py:110} WARNING - /home/***/.local/lib/python3.7/site-packages/***/utils/context.py:152: AirflowContextDeprecationWarning: Accessing 'execution_date' from the template is deprecated and will be removed in a future version. Please use 'data_interval_start' or 'logical_date' instead.
  warnings.warn(_create_deprecation_warning(key, self._deprecation_replacements[key]))

[2022-03-23 09:41:43,924] {taskinstance.py:1426} INFO - Exporting the following env vars:
AIRFLOW_CTX_DAG_OWNER=***
AIRFLOW_CTX_DAG_ID=dtc_project_ingest
AIRFLOW_CTX_TASK_ID=download_dataset_task
AIRFLOW_CTX_EXECUTION_DATE=2021-09-02T06:00:00+00:00
AIRFLOW_CTX_DAG_RUN_ID=scheduled__2021-09-02T06:00:00+00:00
[2022-03-23 09:41:43,925] {subprocess.py:62} INFO - Tmp dir root location: 
 /tmp
[2022-03-23 09:41:43,927] {subprocess.py:74} INFO - Running command: ['bash', '-c', 'curl -sSL https://s3.amazonaws.com/tripdata/202109-citibike-tripdata.csv.zip > /opt/***/202109-citibike-tripdata.csv.zip']
[2022-03-23 09:41:43,939] {subprocess.py:85} INFO - Output:
[2022-03-23 09:43:44,707] {subprocess.py:93} INFO - Command exited with return code 0
[2022-03-23 09:43:44,742] {taskinstance.py:1277} INFO - Marking task as SUCCESS. dag_id=dtc_project_ingest, task_id=download_dataset_task, execution_date=20210902T060000, start_date=20220323T094143, end_date=20220323T094344
[2022-03-23 09:43:44,766] {local_task_job.py:154} INFO - Task exited with return code 0
[2022-03-23 09:43:44,802] {local_task_job.py:264} INFO - 1 downstream tasks scheduled from follow-on schedule check
[2022-03-23 17:09:25,172] {taskinstance.py:1032} INFO - Dependencies all met for <TaskInstance: dtc_project_ingest.download_dataset_task scheduled__2021-09-02T06:00:00+00:00 [queued]>
[2022-03-23 17:09:25,186] {taskinstance.py:1032} INFO - Dependencies all met for <TaskInstance: dtc_project_ingest.download_dataset_task scheduled__2021-09-02T06:00:00+00:00 [queued]>
[2022-03-23 17:09:25,186] {taskinstance.py:1238} INFO - 
--------------------------------------------------------------------------------
[2022-03-23 17:09:25,187] {taskinstance.py:1239} INFO - Starting attempt 1 of 2
[2022-03-23 17:09:25,188] {taskinstance.py:1240} INFO - 
--------------------------------------------------------------------------------
[2022-03-23 17:09:25,203] {taskinstance.py:1259} INFO - Executing <Task(BashOperator): download_dataset_task> on 2021-09-02 06:00:00+00:00
[2022-03-23 17:09:25,211] {standard_task_runner.py:52} INFO - Started process 7764 to run task
[2022-03-23 17:09:25,219] {standard_task_runner.py:76} INFO - Running: ['***', 'tasks', 'run', 'dtc_project_ingest', 'download_dataset_task', 'scheduled__2021-09-02T06:00:00+00:00', '--job-id', '1147', '--raw', '--subdir', 'DAGS_FOLDER/project_data_ingestion.py', '--cfg-path', '/tmp/tmp2op91xm3', '--error-file', '/tmp/tmptvql033s']
[2022-03-23 17:09:25,221] {standard_task_runner.py:77} INFO - Job 1147: Subtask download_dataset_task
[2022-03-23 17:09:25,298] {logging_mixin.py:109} INFO - Running <TaskInstance: dtc_project_ingest.download_dataset_task scheduled__2021-09-02T06:00:00+00:00 [running]> on host 7127e26385ba
[2022-03-23 17:09:25,349] {warnings.py:110} WARNING - /home/***/.local/lib/python3.7/site-packages/***/utils/context.py:152: AirflowContextDeprecationWarning: Accessing 'execution_date' from the template is deprecated and will be removed in a future version. Please use 'data_interval_start' or 'logical_date' instead.
  warnings.warn(_create_deprecation_warning(key, self._deprecation_replacements[key]))

[2022-03-23 17:09:25,372] {taskinstance.py:1426} INFO - Exporting the following env vars:
AIRFLOW_CTX_DAG_OWNER=***
AIRFLOW_CTX_DAG_ID=dtc_project_ingest
AIRFLOW_CTX_TASK_ID=download_dataset_task
AIRFLOW_CTX_EXECUTION_DATE=2021-09-02T06:00:00+00:00
AIRFLOW_CTX_DAG_RUN_ID=scheduled__2021-09-02T06:00:00+00:00
[2022-03-23 17:09:25,374] {subprocess.py:62} INFO - Tmp dir root location: 
 /tmp
[2022-03-23 17:09:25,376] {subprocess.py:74} INFO - Running command: ['bash', '-c', 'curl -sSL https://s3.amazonaws.com/tripdata/202109-citibike-tripdata.csv.zip > /opt/***/202109-citibike-tripdata.csv.zip']
[2022-03-23 17:09:25,392] {subprocess.py:85} INFO - Output:
[2022-03-23 17:11:37,847] {subprocess.py:93} INFO - Command exited with return code 0
[2022-03-23 17:11:37,893] {taskinstance.py:1277} INFO - Marking task as SUCCESS. dag_id=dtc_project_ingest, task_id=download_dataset_task, execution_date=20210902T060000, start_date=20220323T170925, end_date=20220323T171137
[2022-03-23 17:11:37,918] {local_task_job.py:154} INFO - Task exited with return code 0
[2022-03-23 17:11:37,966] {local_task_job.py:264} INFO - 1 downstream tasks scheduled from follow-on schedule check
[2022-03-26 11:54:22,043] {taskinstance.py:1032} INFO - Dependencies all met for <TaskInstance: dtc_project_ingest.download_dataset_task scheduled__2021-09-02T06:00:00+00:00 [queued]>
[2022-03-26 11:54:22,056] {taskinstance.py:1032} INFO - Dependencies all met for <TaskInstance: dtc_project_ingest.download_dataset_task scheduled__2021-09-02T06:00:00+00:00 [queued]>
[2022-03-26 11:54:22,057] {taskinstance.py:1238} INFO - 
--------------------------------------------------------------------------------
[2022-03-26 11:54:22,058] {taskinstance.py:1239} INFO - Starting attempt 1 of 2
[2022-03-26 11:54:22,059] {taskinstance.py:1240} INFO - 
--------------------------------------------------------------------------------
[2022-03-26 11:54:22,073] {taskinstance.py:1259} INFO - Executing <Task(BashOperator): download_dataset_task> on 2021-09-02 06:00:00+00:00
[2022-03-26 11:54:22,080] {standard_task_runner.py:52} INFO - Started process 9741 to run task
[2022-03-26 11:54:22,085] {standard_task_runner.py:76} INFO - Running: ['***', 'tasks', 'run', 'dtc_project_ingest', 'download_dataset_task', 'scheduled__2021-09-02T06:00:00+00:00', '--job-id', '1507', '--raw', '--subdir', 'DAGS_FOLDER/project_data_ingestion.py', '--cfg-path', '/tmp/tmp5mfv5qda', '--error-file', '/tmp/tmpgpeh7zrl']
[2022-03-26 11:54:22,087] {standard_task_runner.py:77} INFO - Job 1507: Subtask download_dataset_task
[2022-03-26 11:54:22,179] {logging_mixin.py:109} INFO - Running <TaskInstance: dtc_project_ingest.download_dataset_task scheduled__2021-09-02T06:00:00+00:00 [running]> on host c800f4dda314
[2022-03-26 11:54:22,228] {warnings.py:110} WARNING - /home/***/.local/lib/python3.7/site-packages/***/utils/context.py:152: AirflowContextDeprecationWarning: Accessing 'execution_date' from the template is deprecated and will be removed in a future version. Please use 'data_interval_start' or 'logical_date' instead.
  warnings.warn(_create_deprecation_warning(key, self._deprecation_replacements[key]))

[2022-03-26 11:54:22,253] {taskinstance.py:1426} INFO - Exporting the following env vars:
AIRFLOW_CTX_DAG_OWNER=***
AIRFLOW_CTX_DAG_ID=dtc_project_ingest
AIRFLOW_CTX_TASK_ID=download_dataset_task
AIRFLOW_CTX_EXECUTION_DATE=2021-09-02T06:00:00+00:00
AIRFLOW_CTX_DAG_RUN_ID=scheduled__2021-09-02T06:00:00+00:00
[2022-03-26 11:54:22,255] {subprocess.py:62} INFO - Tmp dir root location: 
 /tmp
[2022-03-26 11:54:22,256] {subprocess.py:74} INFO - Running command: ['bash', '-c', 'curl -sSL https://s3.amazonaws.com/tripdata/202109-citibike-tripdata.csv.zip > /opt/***/202109-citibike-tripdata.csv.zip']
[2022-03-26 11:54:22,274] {subprocess.py:85} INFO - Output:
[2022-03-26 12:02:00,763] {subprocess.py:93} INFO - Command exited with return code 0
[2022-03-26 12:02:00,798] {taskinstance.py:1277} INFO - Marking task as SUCCESS. dag_id=dtc_project_ingest, task_id=download_dataset_task, execution_date=20210902T060000, start_date=20220326T115422, end_date=20220326T120200
[2022-03-26 12:02:00,842] {local_task_job.py:154} INFO - Task exited with return code 0
[2022-03-26 12:02:00,886] {local_task_job.py:264} INFO - 1 downstream tasks scheduled from follow-on schedule check
