[2022-03-21 22:41:27,303] {taskinstance.py:1032} INFO - Dependencies all met for <TaskInstance: dtc_project_ingest.format_to_parquet_task manual__2022-03-21T22:30:52.147193+00:00 [queued]>
[2022-03-21 22:41:27,315] {taskinstance.py:1032} INFO - Dependencies all met for <TaskInstance: dtc_project_ingest.format_to_parquet_task manual__2022-03-21T22:30:52.147193+00:00 [queued]>
[2022-03-21 22:41:27,316] {taskinstance.py:1238} INFO - 
--------------------------------------------------------------------------------
[2022-03-21 22:41:27,317] {taskinstance.py:1239} INFO - Starting attempt 4 of 4
[2022-03-21 22:41:27,318] {taskinstance.py:1240} INFO - 
--------------------------------------------------------------------------------
[2022-03-21 22:41:27,330] {taskinstance.py:1259} INFO - Executing <Task(PythonOperator): format_to_parquet_task> on 2022-03-21 22:30:52.147193+00:00
[2022-03-21 22:41:27,337] {standard_task_runner.py:52} INFO - Started process 582 to run task
[2022-03-21 22:41:27,341] {standard_task_runner.py:76} INFO - Running: ['***', 'tasks', 'run', 'dtc_project_ingest', 'format_to_parquet_task', 'manual__2022-03-21T22:30:52.147193+00:00', '--job-id', '528', '--raw', '--subdir', 'DAGS_FOLDER/project_data_ingestion.py', '--cfg-path', '/tmp/tmpykpq5kip', '--error-file', '/tmp/tmprkxgco21']
[2022-03-21 22:41:27,342] {standard_task_runner.py:77} INFO - Job 528: Subtask format_to_parquet_task
[2022-03-21 22:41:27,414] {logging_mixin.py:109} INFO - Running <TaskInstance: dtc_project_ingest.format_to_parquet_task manual__2022-03-21T22:30:52.147193+00:00 [running]> on host b91e76d7fa3b
[2022-03-21 22:41:27,457] {warnings.py:110} WARNING - /home/***/.local/lib/python3.7/site-packages/***/utils/context.py:152: AirflowContextDeprecationWarning: Accessing 'execution_date' from the template is deprecated and will be removed in a future version. Please use 'data_interval_start' or 'logical_date' instead.
  warnings.warn(_create_deprecation_warning(key, self._deprecation_replacements[key]))

[2022-03-21 22:41:27,477] {taskinstance.py:1426} INFO - Exporting the following env vars:
AIRFLOW_CTX_DAG_OWNER=***
AIRFLOW_CTX_DAG_ID=dtc_project_ingest
AIRFLOW_CTX_TASK_ID=format_to_parquet_task
AIRFLOW_CTX_EXECUTION_DATE=2022-03-21T22:30:52.147193+00:00
AIRFLOW_CTX_DAG_RUN_ID=manual__2022-03-21T22:30:52.147193+00:00
[2022-03-21 22:41:27,479] {taskinstance.py:1700} ERROR - Task failed with exception
Traceback (most recent call last):
  File "/home/airflow/.local/lib/python3.7/site-packages/airflow/models/taskinstance.py", line 1329, in _run_raw_task
    self._execute_task_with_callbacks(context)
  File "/home/airflow/.local/lib/python3.7/site-packages/airflow/models/taskinstance.py", line 1455, in _execute_task_with_callbacks
    result = self._execute_task(context, self.task)
  File "/home/airflow/.local/lib/python3.7/site-packages/airflow/models/taskinstance.py", line 1511, in _execute_task
    result = execute_callable(context=context)
  File "/home/airflow/.local/lib/python3.7/site-packages/airflow/operators/python.py", line 174, in execute
    return_value = self.execute_callable()
  File "/home/airflow/.local/lib/python3.7/site-packages/airflow/operators/python.py", line 185, in execute_callable
    return self.python_callable(*self.op_args, **self.op_kwargs)
  File "/opt/airflow/dags/project_data_ingestion.py", line 42, in format_to_parquet
    with zipfile.ZipFile(src_file,"r") as zip_ref:
  File "/usr/local/lib/python3.7/zipfile.py", line 1258, in __init__
    self._RealGetContents()
  File "/usr/local/lib/python3.7/zipfile.py", line 1325, in _RealGetContents
    raise BadZipFile("File is not a zip file")
zipfile.BadZipFile: File is not a zip file
[2022-03-21 22:41:27,497] {taskinstance.py:1277} INFO - Marking task as FAILED. dag_id=dtc_project_ingest, task_id=format_to_parquet_task, execution_date=20220321T223052, start_date=20220321T224127, end_date=20220321T224127
[2022-03-21 22:41:27,511] {standard_task_runner.py:92} ERROR - Failed to execute job 528 for task format_to_parquet_task
Traceback (most recent call last):
  File "/home/airflow/.local/lib/python3.7/site-packages/airflow/task/task_runner/standard_task_runner.py", line 85, in _start_by_fork
    args.func(args, dag=self.dag)
  File "/home/airflow/.local/lib/python3.7/site-packages/airflow/cli/cli_parser.py", line 48, in command
    return func(*args, **kwargs)
  File "/home/airflow/.local/lib/python3.7/site-packages/airflow/utils/cli.py", line 92, in wrapper
    return f(*args, **kwargs)
  File "/home/airflow/.local/lib/python3.7/site-packages/airflow/cli/commands/task_command.py", line 298, in task_run
    _run_task_by_selected_method(args, dag, ti)
  File "/home/airflow/.local/lib/python3.7/site-packages/airflow/cli/commands/task_command.py", line 107, in _run_task_by_selected_method
    _run_raw_task(args, ti)
  File "/home/airflow/.local/lib/python3.7/site-packages/airflow/cli/commands/task_command.py", line 184, in _run_raw_task
    error_file=args.error_file,
  File "/home/airflow/.local/lib/python3.7/site-packages/airflow/utils/session.py", line 70, in wrapper
    return func(*args, session=session, **kwargs)
  File "/home/airflow/.local/lib/python3.7/site-packages/airflow/models/taskinstance.py", line 1329, in _run_raw_task
    self._execute_task_with_callbacks(context)
  File "/home/airflow/.local/lib/python3.7/site-packages/airflow/models/taskinstance.py", line 1455, in _execute_task_with_callbacks
    result = self._execute_task(context, self.task)
  File "/home/airflow/.local/lib/python3.7/site-packages/airflow/models/taskinstance.py", line 1511, in _execute_task
    result = execute_callable(context=context)
  File "/home/airflow/.local/lib/python3.7/site-packages/airflow/operators/python.py", line 174, in execute
    return_value = self.execute_callable()
  File "/home/airflow/.local/lib/python3.7/site-packages/airflow/operators/python.py", line 185, in execute_callable
    return self.python_callable(*self.op_args, **self.op_kwargs)
  File "/opt/airflow/dags/project_data_ingestion.py", line 42, in format_to_parquet
    with zipfile.ZipFile(src_file,"r") as zip_ref:
  File "/usr/local/lib/python3.7/zipfile.py", line 1258, in __init__
    self._RealGetContents()
  File "/usr/local/lib/python3.7/zipfile.py", line 1325, in _RealGetContents
    raise BadZipFile("File is not a zip file")
zipfile.BadZipFile: File is not a zip file
[2022-03-21 22:41:27,556] {local_task_job.py:154} INFO - Task exited with return code 1
[2022-03-21 22:41:27,599] {local_task_job.py:264} INFO - 0 downstream tasks scheduled from follow-on schedule check
