[2022-03-23 16:32:16,403] {taskinstance.py:1032} INFO - Dependencies all met for <TaskInstance: dtc_project_ingest.bigquery_external_table_task scheduled__2020-05-02T06:00:00+00:00 [queued]>
[2022-03-23 16:32:16,419] {taskinstance.py:1032} INFO - Dependencies all met for <TaskInstance: dtc_project_ingest.bigquery_external_table_task scheduled__2020-05-02T06:00:00+00:00 [queued]>
[2022-03-23 16:32:16,420] {taskinstance.py:1238} INFO - 
--------------------------------------------------------------------------------
[2022-03-23 16:32:16,421] {taskinstance.py:1239} INFO - Starting attempt 1 of 2
[2022-03-23 16:32:16,422] {taskinstance.py:1240} INFO - 
--------------------------------------------------------------------------------
[2022-03-23 16:32:16,436] {taskinstance.py:1259} INFO - Executing <Task(BigQueryCreateExternalTableOperator): bigquery_external_table_task> on 2020-05-02 06:00:00+00:00
[2022-03-23 16:32:16,443] {standard_task_runner.py:52} INFO - Started process 5741 to run task
[2022-03-23 16:32:16,447] {standard_task_runner.py:76} INFO - Running: ['***', 'tasks', 'run', 'dtc_project_ingest', 'bigquery_external_table_task', 'scheduled__2020-05-02T06:00:00+00:00', '--job-id', '1080', '--raw', '--subdir', 'DAGS_FOLDER/project_data_ingestion.py', '--cfg-path', '/tmp/tmp6kaxsftq', '--error-file', '/tmp/tmpmxycdt6f']
[2022-03-23 16:32:16,449] {standard_task_runner.py:77} INFO - Job 1080: Subtask bigquery_external_table_task
[2022-03-23 16:32:16,527] {logging_mixin.py:109} INFO - Running <TaskInstance: dtc_project_ingest.bigquery_external_table_task scheduled__2020-05-02T06:00:00+00:00 [running]> on host 7127e26385ba
[2022-03-23 16:32:16,577] {warnings.py:110} WARNING - /home/***/.local/lib/python3.7/site-packages/***/utils/context.py:152: AirflowContextDeprecationWarning: Accessing 'execution_date' from the template is deprecated and will be removed in a future version. Please use 'data_interval_start' or 'logical_date' instead.
  warnings.warn(_create_deprecation_warning(key, self._deprecation_replacements[key]))

[2022-03-23 16:32:16,602] {taskinstance.py:1426} INFO - Exporting the following env vars:
AIRFLOW_CTX_DAG_OWNER=***
AIRFLOW_CTX_DAG_ID=dtc_project_ingest
AIRFLOW_CTX_TASK_ID=bigquery_external_table_task
AIRFLOW_CTX_EXECUTION_DATE=2020-05-02T06:00:00+00:00
AIRFLOW_CTX_DAG_RUN_ID=scheduled__2020-05-02T06:00:00+00:00
[2022-03-23 16:32:16,606] {crypto.py:82} WARNING - empty cryptography key - values will not be stored encrypted.
[2022-03-23 16:32:18,123] {taskinstance.py:1277} INFO - Marking task as SUCCESS. dag_id=dtc_project_ingest, task_id=bigquery_external_table_task, execution_date=20200502T060000, start_date=20220323T163216, end_date=20220323T163218
[2022-03-23 16:32:18,152] {local_task_job.py:154} INFO - Task exited with return code 0
[2022-03-23 16:32:18,188] {local_task_job.py:264} INFO - 1 downstream tasks scheduled from follow-on schedule check
[2022-03-26 11:25:05,503] {taskinstance.py:1032} INFO - Dependencies all met for <TaskInstance: dtc_project_ingest.bigquery_external_table_task scheduled__2020-05-02T06:00:00+00:00 [queued]>
[2022-03-26 11:25:05,518] {taskinstance.py:1032} INFO - Dependencies all met for <TaskInstance: dtc_project_ingest.bigquery_external_table_task scheduled__2020-05-02T06:00:00+00:00 [queued]>
[2022-03-26 11:25:05,519] {taskinstance.py:1238} INFO - 
--------------------------------------------------------------------------------
[2022-03-26 11:25:05,520] {taskinstance.py:1239} INFO - Starting attempt 1 of 2
[2022-03-26 11:25:05,521] {taskinstance.py:1240} INFO - 
--------------------------------------------------------------------------------
[2022-03-26 11:25:05,535] {taskinstance.py:1259} INFO - Executing <Task(BigQueryCreateExternalTableOperator): bigquery_external_table_task> on 2020-05-02 06:00:00+00:00
[2022-03-26 11:25:05,542] {standard_task_runner.py:52} INFO - Started process 8062 to run task
[2022-03-26 11:25:05,546] {standard_task_runner.py:76} INFO - Running: ['***', 'tasks', 'run', 'dtc_project_ingest', 'bigquery_external_table_task', 'scheduled__2020-05-02T06:00:00+00:00', '--job-id', '1438', '--raw', '--subdir', 'DAGS_FOLDER/project_data_ingestion.py', '--cfg-path', '/tmp/tmp5k76izgk', '--error-file', '/tmp/tmpj6on30su']
[2022-03-26 11:25:05,549] {standard_task_runner.py:77} INFO - Job 1438: Subtask bigquery_external_table_task
[2022-03-26 11:25:05,624] {logging_mixin.py:109} INFO - Running <TaskInstance: dtc_project_ingest.bigquery_external_table_task scheduled__2020-05-02T06:00:00+00:00 [running]> on host c800f4dda314
[2022-03-26 11:25:05,694] {taskinstance.py:1426} INFO - Exporting the following env vars:
AIRFLOW_CTX_DAG_OWNER=***
AIRFLOW_CTX_DAG_ID=dtc_project_ingest
AIRFLOW_CTX_TASK_ID=bigquery_external_table_task
AIRFLOW_CTX_EXECUTION_DATE=2020-05-02T06:00:00+00:00
AIRFLOW_CTX_DAG_RUN_ID=scheduled__2020-05-02T06:00:00+00:00
[2022-03-26 11:25:05,696] {crypto.py:82} WARNING - empty cryptography key - values will not be stored encrypted.
[2022-03-26 11:25:08,205] {taskinstance.py:1277} INFO - Marking task as SUCCESS. dag_id=dtc_project_ingest, task_id=bigquery_external_table_task, execution_date=20200502T060000, start_date=20220326T112505, end_date=20220326T112508
[2022-03-26 11:25:08,245] {local_task_job.py:154} INFO - Task exited with return code 0
[2022-03-26 11:25:08,282] {local_task_job.py:264} INFO - 1 downstream tasks scheduled from follow-on schedule check
