[2022-03-26 08:57:14,267] {taskinstance.py:1032} INFO - Dependencies all met for <TaskInstance: dtc_project_ingest.bigquery_external_table_task scheduled__2020-05-02T06:00:00+00:00 [queued]>
[2022-03-26 08:57:14,395] {taskinstance.py:1032} INFO - Dependencies all met for <TaskInstance: dtc_project_ingest.bigquery_external_table_task scheduled__2020-05-02T06:00:00+00:00 [queued]>
[2022-03-26 08:57:14,417] {taskinstance.py:1238} INFO - 
--------------------------------------------------------------------------------
[2022-03-26 08:57:14,430] {taskinstance.py:1239} INFO - Starting attempt 2 of 3
[2022-03-26 08:57:14,448] {taskinstance.py:1240} INFO - 
--------------------------------------------------------------------------------
[2022-03-26 08:57:14,630] {taskinstance.py:1259} INFO - Executing <Task(BigQueryCreateExternalTableOperator): bigquery_external_table_task> on 2020-05-02 06:00:00+00:00
[2022-03-26 08:57:14,699] {standard_task_runner.py:52} INFO - Started process 452 to run task
[2022-03-26 08:57:14,705] {standard_task_runner.py:76} INFO - Running: ['***', 'tasks', 'run', 'dtc_project_ingest', 'bigquery_external_table_task', 'scheduled__2020-05-02T06:00:00+00:00', '--job-id', '1233', '--raw', '--subdir', 'DAGS_FOLDER/project_data_ingestion.py', '--cfg-path', '/tmp/tmp4qre2xih', '--error-file', '/tmp/tmp7w_0gtor']
[2022-03-26 08:57:14,728] {standard_task_runner.py:77} INFO - Job 1233: Subtask bigquery_external_table_task
[2022-03-26 08:57:15,774] {logging_mixin.py:109} INFO - Running <TaskInstance: dtc_project_ingest.bigquery_external_table_task scheduled__2020-05-02T06:00:00+00:00 [running]> on host c800f4dda314
[2022-03-26 08:57:16,352] {warnings.py:110} WARNING - /home/***/.local/lib/python3.7/site-packages/***/utils/context.py:152: AirflowContextDeprecationWarning: Accessing 'execution_date' from the template is deprecated and will be removed in a future version. Please use 'data_interval_start' or 'logical_date' instead.
  warnings.warn(_create_deprecation_warning(key, self._deprecation_replacements[key]))

[2022-03-26 08:57:16,560] {taskinstance.py:1426} INFO - Exporting the following env vars:
AIRFLOW_CTX_DAG_OWNER=***
AIRFLOW_CTX_DAG_ID=dtc_project_ingest
AIRFLOW_CTX_TASK_ID=bigquery_external_table_task
AIRFLOW_CTX_EXECUTION_DATE=2020-05-02T06:00:00+00:00
AIRFLOW_CTX_DAG_RUN_ID=scheduled__2020-05-02T06:00:00+00:00
[2022-03-26 08:57:16,574] {crypto.py:82} WARNING - empty cryptography key - values will not be stored encrypted.
[2022-03-26 08:57:18,840] {taskinstance.py:1277} INFO - Marking task as SUCCESS. dag_id=dtc_project_ingest, task_id=bigquery_external_table_task, execution_date=20200502T060000, start_date=20220326T085714, end_date=20220326T085718
[2022-03-26 08:57:19,146] {local_task_job.py:154} INFO - Task exited with return code 0
[2022-03-26 08:57:19,353] {local_task_job.py:264} INFO - 1 downstream tasks scheduled from follow-on schedule check
