[2022-03-26 10:17:30,887] {taskinstance.py:1032} INFO - Dependencies all met for <TaskInstance: dtc_project_ingest.bigquery_external_table_task scheduled__2020-05-02T06:00:00+00:00 [queued]>
[2022-03-26 10:17:30,899] {taskinstance.py:1032} INFO - Dependencies all met for <TaskInstance: dtc_project_ingest.bigquery_external_table_task scheduled__2020-05-02T06:00:00+00:00 [queued]>
[2022-03-26 10:17:30,900] {taskinstance.py:1238} INFO - 
--------------------------------------------------------------------------------
[2022-03-26 10:17:30,901] {taskinstance.py:1239} INFO - Starting attempt 3 of 4
[2022-03-26 10:17:30,901] {taskinstance.py:1240} INFO - 
--------------------------------------------------------------------------------
[2022-03-26 10:17:30,914] {taskinstance.py:1259} INFO - Executing <Task(BigQueryCreateExternalTableOperator): bigquery_external_table_task> on 2020-05-02 06:00:00+00:00
[2022-03-26 10:17:30,921] {standard_task_runner.py:52} INFO - Started process 4286 to run task
[2022-03-26 10:17:30,925] {standard_task_runner.py:76} INFO - Running: ['***', 'tasks', 'run', 'dtc_project_ingest', 'bigquery_external_table_task', 'scheduled__2020-05-02T06:00:00+00:00', '--job-id', '1280', '--raw', '--subdir', 'DAGS_FOLDER/project_data_ingestion.py', '--cfg-path', '/tmp/tmp7nz757_u', '--error-file', '/tmp/tmpq071yq8c']
[2022-03-26 10:17:30,926] {standard_task_runner.py:77} INFO - Job 1280: Subtask bigquery_external_table_task
[2022-03-26 10:17:31,004] {logging_mixin.py:109} INFO - Running <TaskInstance: dtc_project_ingest.bigquery_external_table_task scheduled__2020-05-02T06:00:00+00:00 [running]> on host c800f4dda314
[2022-03-26 10:17:31,072] {taskinstance.py:1426} INFO - Exporting the following env vars:
AIRFLOW_CTX_DAG_OWNER=***
AIRFLOW_CTX_DAG_ID=dtc_project_ingest
AIRFLOW_CTX_TASK_ID=bigquery_external_table_task
AIRFLOW_CTX_EXECUTION_DATE=2020-05-02T06:00:00+00:00
AIRFLOW_CTX_DAG_RUN_ID=scheduled__2020-05-02T06:00:00+00:00
[2022-03-26 10:17:31,075] {crypto.py:82} WARNING - empty cryptography key - values will not be stored encrypted.
[2022-03-26 10:17:32,114] {taskinstance.py:1277} INFO - Marking task as SUCCESS. dag_id=dtc_project_ingest, task_id=bigquery_external_table_task, execution_date=20200502T060000, start_date=20220326T101730, end_date=20220326T101732
[2022-03-26 10:17:32,151] {local_task_job.py:154} INFO - Task exited with return code 0
[2022-03-26 10:17:32,187] {local_task_job.py:264} INFO - 1 downstream tasks scheduled from follow-on schedule check
