[2022-03-23 09:49:46,923] {taskinstance.py:1032} INFO - Dependencies all met for <TaskInstance: dtc_project_ingest.local_to_gcs_task scheduled__2022-01-02T06:00:00+00:00 [queued]>
[2022-03-23 09:49:46,933] {taskinstance.py:1032} INFO - Dependencies all met for <TaskInstance: dtc_project_ingest.local_to_gcs_task scheduled__2022-01-02T06:00:00+00:00 [queued]>
[2022-03-23 09:49:46,934] {taskinstance.py:1238} INFO - 
--------------------------------------------------------------------------------
[2022-03-23 09:49:46,935] {taskinstance.py:1239} INFO - Starting attempt 1 of 2
[2022-03-23 09:49:46,935] {taskinstance.py:1240} INFO - 
--------------------------------------------------------------------------------
[2022-03-23 09:49:46,946] {taskinstance.py:1259} INFO - Executing <Task(PythonOperator): local_to_gcs_task> on 2022-01-02 06:00:00+00:00
[2022-03-23 09:49:46,953] {standard_task_runner.py:52} INFO - Started process 3971 to run task
[2022-03-23 09:49:46,957] {standard_task_runner.py:76} INFO - Running: ['***', 'tasks', 'run', 'dtc_project_ingest', 'local_to_gcs_task', 'scheduled__2022-01-02T06:00:00+00:00', '--job-id', '833', '--raw', '--subdir', 'DAGS_FOLDER/project_data_ingestion.py', '--cfg-path', '/tmp/tmpqc6q3kg0', '--error-file', '/tmp/tmp0a94xey9']
[2022-03-23 09:49:46,958] {standard_task_runner.py:77} INFO - Job 833: Subtask local_to_gcs_task
[2022-03-23 09:49:47,040] {logging_mixin.py:109} INFO - Running <TaskInstance: dtc_project_ingest.local_to_gcs_task scheduled__2022-01-02T06:00:00+00:00 [running]> on host 7127e26385ba
[2022-03-23 09:49:47,105] {warnings.py:110} WARNING - /home/***/.local/lib/python3.7/site-packages/***/utils/context.py:152: AirflowContextDeprecationWarning: Accessing 'execution_date' from the template is deprecated and will be removed in a future version. Please use 'data_interval_start' or 'logical_date' instead.
  warnings.warn(_create_deprecation_warning(key, self._deprecation_replacements[key]))

[2022-03-23 09:49:47,163] {taskinstance.py:1426} INFO - Exporting the following env vars:
AIRFLOW_CTX_DAG_OWNER=***
AIRFLOW_CTX_DAG_ID=dtc_project_ingest
AIRFLOW_CTX_TASK_ID=local_to_gcs_task
AIRFLOW_CTX_EXECUTION_DATE=2022-01-02T06:00:00+00:00
AIRFLOW_CTX_DAG_RUN_ID=scheduled__2022-01-02T06:00:00+00:00
[2022-03-23 09:50:04,494] {python.py:175} INFO - Done. Returned value was: None
[2022-03-23 09:50:04,511] {taskinstance.py:1277} INFO - Marking task as SUCCESS. dag_id=dtc_project_ingest, task_id=local_to_gcs_task, execution_date=20220102T060000, start_date=20220323T094946, end_date=20220323T095004
[2022-03-23 09:50:04,556] {local_task_job.py:154} INFO - Task exited with return code 0
[2022-03-23 09:50:04,588] {local_task_job.py:264} INFO - 1 downstream tasks scheduled from follow-on schedule check
[2022-03-23 17:20:23,673] {taskinstance.py:1032} INFO - Dependencies all met for <TaskInstance: dtc_project_ingest.local_to_gcs_task scheduled__2022-01-02T06:00:00+00:00 [queued]>
[2022-03-23 17:20:23,686] {taskinstance.py:1032} INFO - Dependencies all met for <TaskInstance: dtc_project_ingest.local_to_gcs_task scheduled__2022-01-02T06:00:00+00:00 [queued]>
[2022-03-23 17:20:23,687] {taskinstance.py:1238} INFO - 
--------------------------------------------------------------------------------
[2022-03-23 17:20:23,688] {taskinstance.py:1239} INFO - Starting attempt 1 of 2
[2022-03-23 17:20:23,689] {taskinstance.py:1240} INFO - 
--------------------------------------------------------------------------------
[2022-03-23 17:20:23,704] {taskinstance.py:1259} INFO - Executing <Task(PythonOperator): local_to_gcs_task> on 2022-01-02 06:00:00+00:00
[2022-03-23 17:20:23,711] {standard_task_runner.py:52} INFO - Started process 8376 to run task
[2022-03-23 17:20:23,718] {standard_task_runner.py:76} INFO - Running: ['***', 'tasks', 'run', 'dtc_project_ingest', 'local_to_gcs_task', 'scheduled__2022-01-02T06:00:00+00:00', '--job-id', '1166', '--raw', '--subdir', 'DAGS_FOLDER/project_data_ingestion.py', '--cfg-path', '/tmp/tmp3asbinro', '--error-file', '/tmp/tmpphur8aco']
[2022-03-23 17:20:23,720] {standard_task_runner.py:77} INFO - Job 1166: Subtask local_to_gcs_task
[2022-03-23 17:20:23,796] {logging_mixin.py:109} INFO - Running <TaskInstance: dtc_project_ingest.local_to_gcs_task scheduled__2022-01-02T06:00:00+00:00 [running]> on host 7127e26385ba
[2022-03-23 17:20:23,844] {warnings.py:110} WARNING - /home/***/.local/lib/python3.7/site-packages/***/utils/context.py:152: AirflowContextDeprecationWarning: Accessing 'execution_date' from the template is deprecated and will be removed in a future version. Please use 'data_interval_start' or 'logical_date' instead.
  warnings.warn(_create_deprecation_warning(key, self._deprecation_replacements[key]))

[2022-03-23 17:20:23,872] {taskinstance.py:1426} INFO - Exporting the following env vars:
AIRFLOW_CTX_DAG_OWNER=***
AIRFLOW_CTX_DAG_ID=dtc_project_ingest
AIRFLOW_CTX_TASK_ID=local_to_gcs_task
AIRFLOW_CTX_EXECUTION_DATE=2022-01-02T06:00:00+00:00
AIRFLOW_CTX_DAG_RUN_ID=scheduled__2022-01-02T06:00:00+00:00
[2022-03-23 17:20:58,676] {python.py:175} INFO - Done. Returned value was: None
[2022-03-23 17:20:58,690] {taskinstance.py:1277} INFO - Marking task as SUCCESS. dag_id=dtc_project_ingest, task_id=local_to_gcs_task, execution_date=20220102T060000, start_date=20220323T172023, end_date=20220323T172058
[2022-03-23 17:20:58,716] {local_task_job.py:154} INFO - Task exited with return code 0
[2022-03-23 17:20:58,756] {local_task_job.py:264} INFO - 1 downstream tasks scheduled from follow-on schedule check
[2022-03-26 12:04:47,288] {taskinstance.py:1032} INFO - Dependencies all met for <TaskInstance: dtc_project_ingest.local_to_gcs_task scheduled__2022-01-02T06:00:00+00:00 [queued]>
[2022-03-26 12:04:47,314] {taskinstance.py:1032} INFO - Dependencies all met for <TaskInstance: dtc_project_ingest.local_to_gcs_task scheduled__2022-01-02T06:00:00+00:00 [queued]>
[2022-03-26 12:04:47,315] {taskinstance.py:1238} INFO - 
--------------------------------------------------------------------------------
[2022-03-26 12:04:47,317] {taskinstance.py:1239} INFO - Starting attempt 1 of 2
[2022-03-26 12:04:47,318] {taskinstance.py:1240} INFO - 
--------------------------------------------------------------------------------
[2022-03-26 12:04:47,347] {taskinstance.py:1259} INFO - Executing <Task(PythonOperator): local_to_gcs_task> on 2022-01-02 06:00:00+00:00
[2022-03-26 12:04:47,371] {standard_task_runner.py:76} INFO - Running: ['***', 'tasks', 'run', 'dtc_project_ingest', 'local_to_gcs_task', 'scheduled__2022-01-02T06:00:00+00:00', '--job-id', '1529', '--raw', '--subdir', 'DAGS_FOLDER/project_data_ingestion.py', '--cfg-path', '/tmp/tmpf53tvdbe', '--error-file', '/tmp/tmpmtbfaxfr']
[2022-03-26 12:04:47,468] {standard_task_runner.py:77} INFO - Job 1529: Subtask local_to_gcs_task
[2022-03-26 12:04:47,363] {standard_task_runner.py:52} INFO - Started process 10307 to run task
[2022-03-26 12:04:47,679] {logging_mixin.py:109} INFO - Running <TaskInstance: dtc_project_ingest.local_to_gcs_task scheduled__2022-01-02T06:00:00+00:00 [running]> on host c800f4dda314
[2022-03-26 12:04:47,784] {warnings.py:110} WARNING - /home/***/.local/lib/python3.7/site-packages/***/utils/context.py:152: AirflowContextDeprecationWarning: Accessing 'execution_date' from the template is deprecated and will be removed in a future version. Please use 'data_interval_start' or 'logical_date' instead.
  warnings.warn(_create_deprecation_warning(key, self._deprecation_replacements[key]))

[2022-03-26 12:04:47,866] {taskinstance.py:1426} INFO - Exporting the following env vars:
AIRFLOW_CTX_DAG_OWNER=***
AIRFLOW_CTX_DAG_ID=dtc_project_ingest
AIRFLOW_CTX_TASK_ID=local_to_gcs_task
AIRFLOW_CTX_EXECUTION_DATE=2022-01-02T06:00:00+00:00
AIRFLOW_CTX_DAG_RUN_ID=scheduled__2022-01-02T06:00:00+00:00
[2022-03-26 12:05:50,717] {python.py:175} INFO - Done. Returned value was: None
[2022-03-26 12:05:50,733] {taskinstance.py:1277} INFO - Marking task as SUCCESS. dag_id=dtc_project_ingest, task_id=local_to_gcs_task, execution_date=20220102T060000, start_date=20220326T120447, end_date=20220326T120550
[2022-03-26 12:05:50,775] {local_task_job.py:154} INFO - Task exited with return code 0
[2022-03-26 12:05:50,815] {local_task_job.py:264} INFO - 1 downstream tasks scheduled from follow-on schedule check
