[2022-03-23 09:48:24,098] {taskinstance.py:1032} INFO - Dependencies all met for <TaskInstance: dtc_project_ingest.download_dataset_task scheduled__2022-01-02T06:00:00+00:00 [queued]>
[2022-03-23 09:48:24,109] {taskinstance.py:1032} INFO - Dependencies all met for <TaskInstance: dtc_project_ingest.download_dataset_task scheduled__2022-01-02T06:00:00+00:00 [queued]>
[2022-03-23 09:48:24,110] {taskinstance.py:1238} INFO - 
--------------------------------------------------------------------------------
[2022-03-23 09:48:24,111] {taskinstance.py:1239} INFO - Starting attempt 1 of 2
[2022-03-23 09:48:24,111] {taskinstance.py:1240} INFO - 
--------------------------------------------------------------------------------
[2022-03-23 09:48:24,122] {taskinstance.py:1259} INFO - Executing <Task(BashOperator): download_dataset_task> on 2022-01-02 06:00:00+00:00
[2022-03-23 09:48:24,129] {standard_task_runner.py:52} INFO - Started process 3876 to run task
[2022-03-23 09:48:24,133] {standard_task_runner.py:76} INFO - Running: ['***', 'tasks', 'run', 'dtc_project_ingest', 'download_dataset_task', 'scheduled__2022-01-02T06:00:00+00:00', '--job-id', '827', '--raw', '--subdir', 'DAGS_FOLDER/project_data_ingestion.py', '--cfg-path', '/tmp/tmplwe28blo', '--error-file', '/tmp/tmpj7i3dfjq']
[2022-03-23 09:48:24,134] {standard_task_runner.py:77} INFO - Job 827: Subtask download_dataset_task
[2022-03-23 09:48:24,201] {logging_mixin.py:109} INFO - Running <TaskInstance: dtc_project_ingest.download_dataset_task scheduled__2022-01-02T06:00:00+00:00 [running]> on host 7127e26385ba
[2022-03-23 09:48:24,242] {warnings.py:110} WARNING - /home/***/.local/lib/python3.7/site-packages/***/utils/context.py:152: AirflowContextDeprecationWarning: Accessing 'execution_date' from the template is deprecated and will be removed in a future version. Please use 'data_interval_start' or 'logical_date' instead.
  warnings.warn(_create_deprecation_warning(key, self._deprecation_replacements[key]))

[2022-03-23 09:48:24,266] {taskinstance.py:1426} INFO - Exporting the following env vars:
AIRFLOW_CTX_DAG_OWNER=***
AIRFLOW_CTX_DAG_ID=dtc_project_ingest
AIRFLOW_CTX_TASK_ID=download_dataset_task
AIRFLOW_CTX_EXECUTION_DATE=2022-01-02T06:00:00+00:00
AIRFLOW_CTX_DAG_RUN_ID=scheduled__2022-01-02T06:00:00+00:00
[2022-03-23 09:48:24,268] {subprocess.py:62} INFO - Tmp dir root location: 
 /tmp
[2022-03-23 09:48:24,269] {subprocess.py:74} INFO - Running command: ['bash', '-c', 'curl -sSL https://s3.amazonaws.com/tripdata/202201-citibike-tripdata.csv.zip > /opt/***/202201-citibike-tripdata.csv.zip']
[2022-03-23 09:48:24,285] {subprocess.py:85} INFO - Output:
[2022-03-23 09:49:41,690] {subprocess.py:93} INFO - Command exited with return code 0
[2022-03-23 09:49:41,718] {taskinstance.py:1277} INFO - Marking task as SUCCESS. dag_id=dtc_project_ingest, task_id=download_dataset_task, execution_date=20220102T060000, start_date=20220323T094824, end_date=20220323T094941
[2022-03-23 09:49:41,762] {local_task_job.py:154} INFO - Task exited with return code 0
[2022-03-23 09:49:41,806] {local_task_job.py:264} INFO - 1 downstream tasks scheduled from follow-on schedule check
[2022-03-23 17:19:11,895] {taskinstance.py:1032} INFO - Dependencies all met for <TaskInstance: dtc_project_ingest.download_dataset_task scheduled__2022-01-02T06:00:00+00:00 [queued]>
[2022-03-23 17:19:11,913] {taskinstance.py:1032} INFO - Dependencies all met for <TaskInstance: dtc_project_ingest.download_dataset_task scheduled__2022-01-02T06:00:00+00:00 [queued]>
[2022-03-23 17:19:11,914] {taskinstance.py:1238} INFO - 
--------------------------------------------------------------------------------
[2022-03-23 17:19:11,915] {taskinstance.py:1239} INFO - Starting attempt 1 of 2
[2022-03-23 17:19:11,916] {taskinstance.py:1240} INFO - 
--------------------------------------------------------------------------------
[2022-03-23 17:19:11,935] {taskinstance.py:1259} INFO - Executing <Task(BashOperator): download_dataset_task> on 2022-01-02 06:00:00+00:00
[2022-03-23 17:19:11,942] {standard_task_runner.py:52} INFO - Started process 8297 to run task
[2022-03-23 17:19:11,955] {standard_task_runner.py:76} INFO - Running: ['***', 'tasks', 'run', 'dtc_project_ingest', 'download_dataset_task', 'scheduled__2022-01-02T06:00:00+00:00', '--job-id', '1161', '--raw', '--subdir', 'DAGS_FOLDER/project_data_ingestion.py', '--cfg-path', '/tmp/tmp9ig4j8r_', '--error-file', '/tmp/tmpnn4mrv6y']
[2022-03-23 17:19:11,958] {standard_task_runner.py:77} INFO - Job 1161: Subtask download_dataset_task
[2022-03-23 17:19:12,028] {logging_mixin.py:109} INFO - Running <TaskInstance: dtc_project_ingest.download_dataset_task scheduled__2022-01-02T06:00:00+00:00 [running]> on host 7127e26385ba
[2022-03-23 17:19:12,078] {warnings.py:110} WARNING - /home/***/.local/lib/python3.7/site-packages/***/utils/context.py:152: AirflowContextDeprecationWarning: Accessing 'execution_date' from the template is deprecated and will be removed in a future version. Please use 'data_interval_start' or 'logical_date' instead.
  warnings.warn(_create_deprecation_warning(key, self._deprecation_replacements[key]))

[2022-03-23 17:19:12,099] {taskinstance.py:1426} INFO - Exporting the following env vars:
AIRFLOW_CTX_DAG_OWNER=***
AIRFLOW_CTX_DAG_ID=dtc_project_ingest
AIRFLOW_CTX_TASK_ID=download_dataset_task
AIRFLOW_CTX_EXECUTION_DATE=2022-01-02T06:00:00+00:00
AIRFLOW_CTX_DAG_RUN_ID=scheduled__2022-01-02T06:00:00+00:00
[2022-03-23 17:19:12,101] {subprocess.py:62} INFO - Tmp dir root location: 
 /tmp
[2022-03-23 17:19:12,102] {subprocess.py:74} INFO - Running command: ['bash', '-c', 'curl -sSL https://s3.amazonaws.com/tripdata/202201-citibike-tripdata.csv.zip > /opt/***/202201-citibike-tripdata.csv.zip']
[2022-03-23 17:19:12,120] {subprocess.py:85} INFO - Output:
[2022-03-23 17:20:18,194] {subprocess.py:93} INFO - Command exited with return code 0
[2022-03-23 17:20:18,280] {taskinstance.py:1277} INFO - Marking task as SUCCESS. dag_id=dtc_project_ingest, task_id=download_dataset_task, execution_date=20220102T060000, start_date=20220323T171911, end_date=20220323T172018
[2022-03-23 17:20:18,328] {local_task_job.py:154} INFO - Task exited with return code 0
[2022-03-23 17:20:18,368] {local_task_job.py:264} INFO - 1 downstream tasks scheduled from follow-on schedule check
[2022-03-26 12:04:05,973] {taskinstance.py:1032} INFO - Dependencies all met for <TaskInstance: dtc_project_ingest.download_dataset_task scheduled__2022-01-02T06:00:00+00:00 [queued]>
[2022-03-26 12:04:05,992] {taskinstance.py:1032} INFO - Dependencies all met for <TaskInstance: dtc_project_ingest.download_dataset_task scheduled__2022-01-02T06:00:00+00:00 [queued]>
[2022-03-26 12:04:05,993] {taskinstance.py:1238} INFO - 
--------------------------------------------------------------------------------
[2022-03-26 12:04:05,994] {taskinstance.py:1239} INFO - Starting attempt 1 of 2
[2022-03-26 12:04:05,996] {taskinstance.py:1240} INFO - 
--------------------------------------------------------------------------------
[2022-03-26 12:04:06,013] {taskinstance.py:1259} INFO - Executing <Task(BashOperator): download_dataset_task> on 2022-01-02 06:00:00+00:00
[2022-03-26 12:04:06,021] {standard_task_runner.py:52} INFO - Started process 10255 to run task
[2022-03-26 12:04:06,034] {standard_task_runner.py:76} INFO - Running: ['***', 'tasks', 'run', 'dtc_project_ingest', 'download_dataset_task', 'scheduled__2022-01-02T06:00:00+00:00', '--job-id', '1525', '--raw', '--subdir', 'DAGS_FOLDER/project_data_ingestion.py', '--cfg-path', '/tmp/tmp9pgruiny', '--error-file', '/tmp/tmp894lrpxe']
[2022-03-26 12:04:06,036] {standard_task_runner.py:77} INFO - Job 1525: Subtask download_dataset_task
[2022-03-26 12:04:06,147] {logging_mixin.py:109} INFO - Running <TaskInstance: dtc_project_ingest.download_dataset_task scheduled__2022-01-02T06:00:00+00:00 [running]> on host c800f4dda314
[2022-03-26 12:04:06,217] {warnings.py:110} WARNING - /home/***/.local/lib/python3.7/site-packages/***/utils/context.py:152: AirflowContextDeprecationWarning: Accessing 'execution_date' from the template is deprecated and will be removed in a future version. Please use 'data_interval_start' or 'logical_date' instead.
  warnings.warn(_create_deprecation_warning(key, self._deprecation_replacements[key]))

[2022-03-26 12:04:06,250] {taskinstance.py:1426} INFO - Exporting the following env vars:
AIRFLOW_CTX_DAG_OWNER=***
AIRFLOW_CTX_DAG_ID=dtc_project_ingest
AIRFLOW_CTX_TASK_ID=download_dataset_task
AIRFLOW_CTX_EXECUTION_DATE=2022-01-02T06:00:00+00:00
AIRFLOW_CTX_DAG_RUN_ID=scheduled__2022-01-02T06:00:00+00:00
[2022-03-26 12:04:06,252] {subprocess.py:62} INFO - Tmp dir root location: 
 /tmp
[2022-03-26 12:04:06,254] {subprocess.py:74} INFO - Running command: ['bash', '-c', 'curl -sSL https://s3.amazonaws.com/tripdata/202201-citibike-tripdata.csv.zip > /opt/***/202201-citibike-tripdata.csv.zip']
[2022-03-26 12:04:06,273] {subprocess.py:85} INFO - Output:
[2022-03-26 12:04:38,166] {subprocess.py:93} INFO - Command exited with return code 0
[2022-03-26 12:04:38,207] {taskinstance.py:1277} INFO - Marking task as SUCCESS. dag_id=dtc_project_ingest, task_id=download_dataset_task, execution_date=20220102T060000, start_date=20220326T120405, end_date=20220326T120438
[2022-03-26 12:04:38,240] {local_task_job.py:154} INFO - Task exited with return code 0
[2022-03-26 12:04:38,300] {local_task_job.py:264} INFO - 1 downstream tasks scheduled from follow-on schedule check
