[2022-03-21 22:35:05,030] {taskinstance.py:1032} INFO - Dependencies all met for <TaskInstance: dtc_project_ingest.download_dataset_task manual__2022-03-21T22:35:02.665303+00:00 [queued]>
[2022-03-21 22:35:05,048] {taskinstance.py:1032} INFO - Dependencies all met for <TaskInstance: dtc_project_ingest.download_dataset_task manual__2022-03-21T22:35:02.665303+00:00 [queued]>
[2022-03-21 22:35:05,050] {taskinstance.py:1238} INFO - 
--------------------------------------------------------------------------------
[2022-03-21 22:35:05,051] {taskinstance.py:1239} INFO - Starting attempt 1 of 2
[2022-03-21 22:35:05,052] {taskinstance.py:1240} INFO - 
--------------------------------------------------------------------------------
[2022-03-21 22:35:05,074] {taskinstance.py:1259} INFO - Executing <Task(BashOperator): download_dataset_task> on 2022-03-21 22:35:02.665303+00:00
[2022-03-21 22:35:05,082] {standard_task_runner.py:52} INFO - Started process 277 to run task
[2022-03-21 22:35:05,089] {standard_task_runner.py:76} INFO - Running: ['***', 'tasks', 'run', 'dtc_project_ingest', 'download_dataset_task', 'manual__2022-03-21T22:35:02.665303+00:00', '--job-id', '522', '--raw', '--subdir', 'DAGS_FOLDER/project_data_ingestion.py', '--cfg-path', '/tmp/tmpn08m3qfd', '--error-file', '/tmp/tmpg_8v9i_b']
[2022-03-21 22:35:05,091] {standard_task_runner.py:77} INFO - Job 522: Subtask download_dataset_task
[2022-03-21 22:35:05,197] {logging_mixin.py:109} INFO - Running <TaskInstance: dtc_project_ingest.download_dataset_task manual__2022-03-21T22:35:02.665303+00:00 [running]> on host b91e76d7fa3b
[2022-03-21 22:35:05,255] {warnings.py:110} WARNING - /home/***/.local/lib/python3.7/site-packages/***/utils/context.py:152: AirflowContextDeprecationWarning: Accessing 'execution_date' from the template is deprecated and will be removed in a future version. Please use 'data_interval_start' or 'logical_date' instead.
  warnings.warn(_create_deprecation_warning(key, self._deprecation_replacements[key]))

[2022-03-21 22:35:05,288] {taskinstance.py:1426} INFO - Exporting the following env vars:
AIRFLOW_CTX_DAG_OWNER=***
AIRFLOW_CTX_DAG_ID=dtc_project_ingest
AIRFLOW_CTX_TASK_ID=download_dataset_task
AIRFLOW_CTX_EXECUTION_DATE=2022-03-21T22:35:02.665303+00:00
AIRFLOW_CTX_DAG_RUN_ID=manual__2022-03-21T22:35:02.665303+00:00
[2022-03-21 22:35:05,292] {subprocess.py:62} INFO - Tmp dir root location: 
 /tmp
[2022-03-21 22:35:05,294] {subprocess.py:74} INFO - Running command: ['bash', '-c', 'curl -sSL https://s3.amazonaws.com/tripdata/202203-citibike-tripdata.csv.zip > /opt/***/202203-citibike-tripdata.csv.zip']
[2022-03-21 22:35:05,311] {subprocess.py:85} INFO - Output:
[2022-03-21 22:35:06,124] {subprocess.py:93} INFO - Command exited with return code 0
[2022-03-21 22:35:06,162] {taskinstance.py:1277} INFO - Marking task as SUCCESS. dag_id=dtc_project_ingest, task_id=download_dataset_task, execution_date=20220321T223502, start_date=20220321T223505, end_date=20220321T223506
[2022-03-21 22:35:06,212] {local_task_job.py:154} INFO - Task exited with return code 0
[2022-03-21 22:35:06,286] {local_task_job.py:264} INFO - 0 downstream tasks scheduled from follow-on schedule check
