[2022-03-21 23:33:56,450] {taskinstance.py:1032} INFO - Dependencies all met for <TaskInstance: dtc_project_ingest.rm_task scheduled__2019-05-02T06:00:00+00:00 [queued]>
[2022-03-21 23:33:56,485] {taskinstance.py:1032} INFO - Dependencies all met for <TaskInstance: dtc_project_ingest.rm_task scheduled__2019-05-02T06:00:00+00:00 [queued]>
[2022-03-21 23:33:56,488] {taskinstance.py:1238} INFO - 
--------------------------------------------------------------------------------
[2022-03-21 23:33:56,490] {taskinstance.py:1239} INFO - Starting attempt 1 of 2
[2022-03-21 23:33:56,495] {taskinstance.py:1240} INFO - 
--------------------------------------------------------------------------------
[2022-03-21 23:33:56,538] {taskinstance.py:1259} INFO - Executing <Task(BashOperator): rm_task> on 2019-05-02 06:00:00+00:00
[2022-03-21 23:33:56,552] {standard_task_runner.py:52} INFO - Started process 3331 to run task
[2022-03-21 23:33:56,574] {standard_task_runner.py:76} INFO - Running: ['***', 'tasks', 'run', 'dtc_project_ingest', 'rm_task', 'scheduled__2019-05-02T06:00:00+00:00', '--job-id', '627', '--raw', '--subdir', 'DAGS_FOLDER/project_data_ingestion.py', '--cfg-path', '/tmp/tmp2c7zm42c', '--error-file', '/tmp/tmp22rfm42m']
[2022-03-21 23:33:56,578] {standard_task_runner.py:77} INFO - Job 627: Subtask rm_task
[2022-03-21 23:33:56,948] {logging_mixin.py:109} INFO - Running <TaskInstance: dtc_project_ingest.rm_task scheduled__2019-05-02T06:00:00+00:00 [running]> on host b91e76d7fa3b
[2022-03-21 23:33:57,098] {warnings.py:110} WARNING - /home/***/.local/lib/python3.7/site-packages/***/utils/context.py:152: AirflowContextDeprecationWarning: Accessing 'execution_date' from the template is deprecated and will be removed in a future version. Please use 'data_interval_start' or 'logical_date' instead.
  warnings.warn(_create_deprecation_warning(key, self._deprecation_replacements[key]))

[2022-03-21 23:33:57,184] {taskinstance.py:1426} INFO - Exporting the following env vars:
AIRFLOW_CTX_DAG_OWNER=***
AIRFLOW_CTX_DAG_ID=dtc_project_ingest
AIRFLOW_CTX_TASK_ID=rm_task
AIRFLOW_CTX_EXECUTION_DATE=2019-05-02T06:00:00+00:00
AIRFLOW_CTX_DAG_RUN_ID=scheduled__2019-05-02T06:00:00+00:00
[2022-03-21 23:33:57,192] {subprocess.py:62} INFO - Tmp dir root location: 
 /tmp
[2022-03-21 23:33:57,196] {subprocess.py:74} INFO - Running command: ['bash', '-c', 'rm /opt/***/201905-citibike-tripdata.csv /opt/***/201905-citibike-tripdata.parquet']
[2022-03-21 23:33:57,267] {subprocess.py:85} INFO - Output:
[2022-03-21 23:33:57,772] {subprocess.py:93} INFO - Command exited with return code 0
[2022-03-21 23:33:57,946] {taskinstance.py:1277} INFO - Marking task as SUCCESS. dag_id=dtc_project_ingest, task_id=rm_task, execution_date=20190502T060000, start_date=20220321T233356, end_date=20220321T233357
[2022-03-21 23:33:58,079] {local_task_job.py:154} INFO - Task exited with return code 0
[2022-03-21 23:33:58,184] {local_task_job.py:264} INFO - 0 downstream tasks scheduled from follow-on schedule check
[2022-03-23 09:10:32,505] {taskinstance.py:1032} INFO - Dependencies all met for <TaskInstance: dtc_project_ingest.rm_task scheduled__2019-05-02T06:00:00+00:00 [queued]>
[2022-03-23 09:10:32,516] {taskinstance.py:1032} INFO - Dependencies all met for <TaskInstance: dtc_project_ingest.rm_task scheduled__2019-05-02T06:00:00+00:00 [queued]>
[2022-03-23 09:10:32,518] {taskinstance.py:1238} INFO - 
--------------------------------------------------------------------------------
[2022-03-23 09:10:32,518] {taskinstance.py:1239} INFO - Starting attempt 1 of 2
[2022-03-23 09:10:32,519] {taskinstance.py:1240} INFO - 
--------------------------------------------------------------------------------
[2022-03-23 09:10:32,531] {taskinstance.py:1259} INFO - Executing <Task(BashOperator): rm_task> on 2019-05-02 06:00:00+00:00
[2022-03-23 09:10:32,539] {standard_task_runner.py:52} INFO - Started process 1474 to run task
[2022-03-23 09:10:32,543] {standard_task_runner.py:76} INFO - Running: ['***', 'tasks', 'run', 'dtc_project_ingest', 'rm_task', 'scheduled__2019-05-02T06:00:00+00:00', '--job-id', '712', '--raw', '--subdir', 'DAGS_FOLDER/project_data_ingestion.py', '--cfg-path', '/tmp/tmpfok7k9uf', '--error-file', '/tmp/tmp2yad4ac4']
[2022-03-23 09:10:32,545] {standard_task_runner.py:77} INFO - Job 712: Subtask rm_task
[2022-03-23 09:10:32,616] {logging_mixin.py:109} INFO - Running <TaskInstance: dtc_project_ingest.rm_task scheduled__2019-05-02T06:00:00+00:00 [running]> on host 7127e26385ba
[2022-03-23 09:10:32,663] {warnings.py:110} WARNING - /home/***/.local/lib/python3.7/site-packages/***/utils/context.py:152: AirflowContextDeprecationWarning: Accessing 'execution_date' from the template is deprecated and will be removed in a future version. Please use 'data_interval_start' or 'logical_date' instead.
  warnings.warn(_create_deprecation_warning(key, self._deprecation_replacements[key]))

[2022-03-23 09:10:32,693] {taskinstance.py:1426} INFO - Exporting the following env vars:
AIRFLOW_CTX_DAG_OWNER=***
AIRFLOW_CTX_DAG_ID=dtc_project_ingest
AIRFLOW_CTX_TASK_ID=rm_task
AIRFLOW_CTX_EXECUTION_DATE=2019-05-02T06:00:00+00:00
AIRFLOW_CTX_DAG_RUN_ID=scheduled__2019-05-02T06:00:00+00:00
[2022-03-23 09:10:32,695] {subprocess.py:62} INFO - Tmp dir root location: 
 /tmp
[2022-03-23 09:10:32,696] {subprocess.py:74} INFO - Running command: ['bash', '-c', 'rm /opt/***/201905-citibike-tripdata.csv /opt/***/201905-citibike-tripdata.parquet']
[2022-03-23 09:10:32,711] {subprocess.py:85} INFO - Output:
[2022-03-23 09:10:32,849] {subprocess.py:93} INFO - Command exited with return code 0
[2022-03-23 09:10:32,890] {taskinstance.py:1277} INFO - Marking task as SUCCESS. dag_id=dtc_project_ingest, task_id=rm_task, execution_date=20190502T060000, start_date=20220323T091032, end_date=20220323T091032
[2022-03-23 09:10:32,918] {local_task_job.py:154} INFO - Task exited with return code 0
[2022-03-23 09:10:32,984] {local_task_job.py:264} INFO - 0 downstream tasks scheduled from follow-on schedule check
[2022-03-23 16:11:31,663] {taskinstance.py:1032} INFO - Dependencies all met for <TaskInstance: dtc_project_ingest.rm_task scheduled__2019-05-02T06:00:00+00:00 [queued]>
[2022-03-23 16:11:31,678] {taskinstance.py:1032} INFO - Dependencies all met for <TaskInstance: dtc_project_ingest.rm_task scheduled__2019-05-02T06:00:00+00:00 [queued]>
[2022-03-23 16:11:31,679] {taskinstance.py:1238} INFO - 
--------------------------------------------------------------------------------
[2022-03-23 16:11:31,680] {taskinstance.py:1239} INFO - Starting attempt 1 of 2
[2022-03-23 16:11:31,681] {taskinstance.py:1240} INFO - 
--------------------------------------------------------------------------------
[2022-03-23 16:11:31,695] {taskinstance.py:1259} INFO - Executing <Task(BashOperator): rm_task> on 2019-05-02 06:00:00+00:00
[2022-03-23 16:11:31,705] {standard_task_runner.py:52} INFO - Started process 4479 to run task
[2022-03-23 16:11:31,709] {standard_task_runner.py:76} INFO - Running: ['***', 'tasks', 'run', 'dtc_project_ingest', 'rm_task', 'scheduled__2019-05-02T06:00:00+00:00', '--job-id', '1020', '--raw', '--subdir', 'DAGS_FOLDER/project_data_ingestion.py', '--cfg-path', '/tmp/tmp2esw_9bk', '--error-file', '/tmp/tmpuuciyy_w']
[2022-03-23 16:11:31,711] {standard_task_runner.py:77} INFO - Job 1020: Subtask rm_task
[2022-03-23 16:11:31,780] {logging_mixin.py:109} INFO - Running <TaskInstance: dtc_project_ingest.rm_task scheduled__2019-05-02T06:00:00+00:00 [running]> on host 7127e26385ba
[2022-03-23 16:11:31,825] {warnings.py:110} WARNING - /home/***/.local/lib/python3.7/site-packages/***/utils/context.py:152: AirflowContextDeprecationWarning: Accessing 'execution_date' from the template is deprecated and will be removed in a future version. Please use 'data_interval_start' or 'logical_date' instead.
  warnings.warn(_create_deprecation_warning(key, self._deprecation_replacements[key]))

[2022-03-23 16:11:31,849] {taskinstance.py:1426} INFO - Exporting the following env vars:
AIRFLOW_CTX_DAG_OWNER=***
AIRFLOW_CTX_DAG_ID=dtc_project_ingest
AIRFLOW_CTX_TASK_ID=rm_task
AIRFLOW_CTX_EXECUTION_DATE=2019-05-02T06:00:00+00:00
AIRFLOW_CTX_DAG_RUN_ID=scheduled__2019-05-02T06:00:00+00:00
[2022-03-23 16:11:31,851] {subprocess.py:62} INFO - Tmp dir root location: 
 /tmp
[2022-03-23 16:11:31,853] {subprocess.py:74} INFO - Running command: ['bash', '-c', 'rm /opt/***/201905-citibike-tripdata.csv /opt/***/201905-citibike-tripdata.parquet']
[2022-03-23 16:11:31,868] {subprocess.py:85} INFO - Output:
[2022-03-23 16:11:32,000] {subprocess.py:93} INFO - Command exited with return code 0
[2022-03-23 16:11:32,031] {taskinstance.py:1277} INFO - Marking task as SUCCESS. dag_id=dtc_project_ingest, task_id=rm_task, execution_date=20190502T060000, start_date=20220323T161131, end_date=20220323T161132
[2022-03-23 16:11:32,084] {local_task_job.py:154} INFO - Task exited with return code 0
[2022-03-23 16:11:32,135] {local_task_job.py:264} INFO - 0 downstream tasks scheduled from follow-on schedule check
[2022-03-26 11:02:20,631] {taskinstance.py:1032} INFO - Dependencies all met for <TaskInstance: dtc_project_ingest.rm_task scheduled__2019-05-02T06:00:00+00:00 [queued]>
[2022-03-26 11:02:20,645] {taskinstance.py:1032} INFO - Dependencies all met for <TaskInstance: dtc_project_ingest.rm_task scheduled__2019-05-02T06:00:00+00:00 [queued]>
[2022-03-26 11:02:20,646] {taskinstance.py:1238} INFO - 
--------------------------------------------------------------------------------
[2022-03-26 11:02:20,646] {taskinstance.py:1239} INFO - Starting attempt 1 of 2
[2022-03-26 11:02:20,647] {taskinstance.py:1240} INFO - 
--------------------------------------------------------------------------------
[2022-03-26 11:02:20,661] {taskinstance.py:1259} INFO - Executing <Task(BashOperator): rm_task> on 2019-05-02 06:00:00+00:00
[2022-03-26 11:02:20,669] {standard_task_runner.py:52} INFO - Started process 6748 to run task
[2022-03-26 11:02:20,674] {standard_task_runner.py:76} INFO - Running: ['***', 'tasks', 'run', 'dtc_project_ingest', 'rm_task', 'scheduled__2019-05-02T06:00:00+00:00', '--job-id', '1375', '--raw', '--subdir', 'DAGS_FOLDER/project_data_ingestion.py', '--cfg-path', '/tmp/tmp7ioxfseh', '--error-file', '/tmp/tmphjmsiuy3']
[2022-03-26 11:02:20,681] {standard_task_runner.py:77} INFO - Job 1375: Subtask rm_task
[2022-03-26 11:02:20,771] {logging_mixin.py:109} INFO - Running <TaskInstance: dtc_project_ingest.rm_task scheduled__2019-05-02T06:00:00+00:00 [running]> on host c800f4dda314
[2022-03-26 11:02:20,826] {warnings.py:110} WARNING - /home/***/.local/lib/python3.7/site-packages/***/utils/context.py:152: AirflowContextDeprecationWarning: Accessing 'execution_date' from the template is deprecated and will be removed in a future version. Please use 'data_interval_start' or 'logical_date' instead.
  warnings.warn(_create_deprecation_warning(key, self._deprecation_replacements[key]))

[2022-03-26 11:02:20,853] {taskinstance.py:1426} INFO - Exporting the following env vars:
AIRFLOW_CTX_DAG_OWNER=***
AIRFLOW_CTX_DAG_ID=dtc_project_ingest
AIRFLOW_CTX_TASK_ID=rm_task
AIRFLOW_CTX_EXECUTION_DATE=2019-05-02T06:00:00+00:00
AIRFLOW_CTX_DAG_RUN_ID=scheduled__2019-05-02T06:00:00+00:00
[2022-03-26 11:02:20,855] {subprocess.py:62} INFO - Tmp dir root location: 
 /tmp
[2022-03-26 11:02:20,857] {subprocess.py:74} INFO - Running command: ['bash', '-c', 'rm /opt/***/201905-citibike-tripdata.csv /opt/***/201905-citibike-tripdata.parquet']
[2022-03-26 11:02:20,879] {subprocess.py:85} INFO - Output:
[2022-03-26 11:02:21,007] {subprocess.py:93} INFO - Command exited with return code 0
[2022-03-26 11:02:21,051] {taskinstance.py:1277} INFO - Marking task as SUCCESS. dag_id=dtc_project_ingest, task_id=rm_task, execution_date=20190502T060000, start_date=20220326T110220, end_date=20220326T110221
[2022-03-26 11:02:21,089] {local_task_job.py:154} INFO - Task exited with return code 0
[2022-03-26 11:02:21,140] {local_task_job.py:264} INFO - 0 downstream tasks scheduled from follow-on schedule check
[2022-03-26 15:36:48,777] {taskinstance.py:1032} INFO - Dependencies all met for <TaskInstance: dtc_project_ingest.rm_task scheduled__2019-05-02T06:00:00+00:00 [queued]>
[2022-03-26 15:36:48,793] {taskinstance.py:1032} INFO - Dependencies all met for <TaskInstance: dtc_project_ingest.rm_task scheduled__2019-05-02T06:00:00+00:00 [queued]>
[2022-03-26 15:36:48,795] {taskinstance.py:1238} INFO - 
--------------------------------------------------------------------------------
[2022-03-26 15:36:48,796] {taskinstance.py:1239} INFO - Starting attempt 1 of 2
[2022-03-26 15:36:48,797] {taskinstance.py:1240} INFO - 
--------------------------------------------------------------------------------
[2022-03-26 15:36:48,813] {taskinstance.py:1259} INFO - Executing <Task(BashOperator): rm_task> on 2019-05-02 06:00:00+00:00
[2022-03-26 15:36:48,823] {standard_task_runner.py:52} INFO - Started process 20539 to run task
[2022-03-26 15:36:48,830] {standard_task_runner.py:76} INFO - Running: ['***', 'tasks', 'run', 'dtc_project_ingest', 'rm_task', 'scheduled__2019-05-02T06:00:00+00:00', '--job-id', '1616', '--raw', '--subdir', 'DAGS_FOLDER/project_data_ingestion.py', '--cfg-path', '/tmp/tmpfp8sl3_z', '--error-file', '/tmp/tmpot_j1ej1']
[2022-03-26 15:36:48,832] {standard_task_runner.py:77} INFO - Job 1616: Subtask rm_task
[2022-03-26 15:36:48,929] {logging_mixin.py:109} INFO - Running <TaskInstance: dtc_project_ingest.rm_task scheduled__2019-05-02T06:00:00+00:00 [running]> on host c800f4dda314
[2022-03-26 15:36:48,980] {warnings.py:110} WARNING - /home/***/.local/lib/python3.7/site-packages/***/utils/context.py:152: AirflowContextDeprecationWarning: Accessing 'execution_date' from the template is deprecated and will be removed in a future version. Please use 'data_interval_start' or 'logical_date' instead.
  warnings.warn(_create_deprecation_warning(key, self._deprecation_replacements[key]))

[2022-03-26 15:36:49,007] {taskinstance.py:1426} INFO - Exporting the following env vars:
AIRFLOW_CTX_DAG_OWNER=***
AIRFLOW_CTX_DAG_ID=dtc_project_ingest
AIRFLOW_CTX_TASK_ID=rm_task
AIRFLOW_CTX_EXECUTION_DATE=2019-05-02T06:00:00+00:00
AIRFLOW_CTX_DAG_RUN_ID=scheduled__2019-05-02T06:00:00+00:00
[2022-03-26 15:36:49,010] {subprocess.py:62} INFO - Tmp dir root location: 
 /tmp
[2022-03-26 15:36:49,011] {subprocess.py:74} INFO - Running command: ['bash', '-c', 'rm /opt/***/201905-citibike-tripdata.csv /opt/***/201905-citibike-tripdata.parquet']
[2022-03-26 15:36:49,030] {subprocess.py:85} INFO - Output:
[2022-03-26 15:36:49,151] {subprocess.py:93} INFO - Command exited with return code 0
[2022-03-26 15:36:49,188] {taskinstance.py:1277} INFO - Marking task as SUCCESS. dag_id=dtc_project_ingest, task_id=rm_task, execution_date=20190502T060000, start_date=20220326T153648, end_date=20220326T153649
[2022-03-26 15:36:49,247] {local_task_job.py:154} INFO - Task exited with return code 0
[2022-03-26 15:36:49,285] {local_task_job.py:264} INFO - 0 downstream tasks scheduled from follow-on schedule check
