[2022-03-26 15:49:57,424] {taskinstance.py:1032} INFO - Dependencies all met for <TaskInstance: project_gcs_2_bq.bigquery_external_table_task scheduled__2022-03-25T00:00:00+00:00 [queued]>
[2022-03-26 15:49:57,446] {taskinstance.py:1032} INFO - Dependencies all met for <TaskInstance: project_gcs_2_bq.bigquery_external_table_task scheduled__2022-03-25T00:00:00+00:00 [queued]>
[2022-03-26 15:49:57,448] {taskinstance.py:1238} INFO - 
--------------------------------------------------------------------------------
[2022-03-26 15:49:57,449] {taskinstance.py:1239} INFO - Starting attempt 2 of 3
[2022-03-26 15:49:57,451] {taskinstance.py:1240} INFO - 
--------------------------------------------------------------------------------
[2022-03-26 15:49:57,471] {taskinstance.py:1259} INFO - Executing <Task(BigQueryCreateExternalTableOperator): bigquery_external_table_task> on 2022-03-25 00:00:00+00:00
[2022-03-26 15:49:57,482] {standard_task_runner.py:52} INFO - Started process 21501 to run task
[2022-03-26 15:49:57,489] {standard_task_runner.py:76} INFO - Running: ['***', 'tasks', 'run', 'project_gcs_2_bq', 'bigquery_external_table_task', 'scheduled__2022-03-25T00:00:00+00:00', '--job-id', '1685', '--raw', '--subdir', 'DAGS_FOLDER/gcs_2_bq.py', '--cfg-path', '/tmp/tmpb_tovyxp', '--error-file', '/tmp/tmpx5a9z3pf']
[2022-03-26 15:49:57,491] {standard_task_runner.py:77} INFO - Job 1685: Subtask bigquery_external_table_task
[2022-03-26 15:49:57,576] {logging_mixin.py:109} INFO - Running <TaskInstance: project_gcs_2_bq.bigquery_external_table_task scheduled__2022-03-25T00:00:00+00:00 [running]> on host c800f4dda314
[2022-03-26 15:49:57,666] {taskinstance.py:1426} INFO - Exporting the following env vars:
AIRFLOW_CTX_DAG_OWNER=***
AIRFLOW_CTX_DAG_ID=project_gcs_2_bq
AIRFLOW_CTX_TASK_ID=bigquery_external_table_task
AIRFLOW_CTX_EXECUTION_DATE=2022-03-25T00:00:00+00:00
AIRFLOW_CTX_DAG_RUN_ID=scheduled__2022-03-25T00:00:00+00:00
[2022-03-26 15:49:57,671] {crypto.py:82} WARNING - empty cryptography key - values will not be stored encrypted.
[2022-03-26 15:50:04,270] {taskinstance.py:1277} INFO - Marking task as SUCCESS. dag_id=project_gcs_2_bq, task_id=bigquery_external_table_task, execution_date=20220325T000000, start_date=20220326T154957, end_date=20220326T155004
[2022-03-26 15:50:04,311] {local_task_job.py:154} INFO - Task exited with return code 0
[2022-03-26 15:50:04,346] {local_task_job.py:264} INFO - 0 downstream tasks scheduled from follow-on schedule check
