[2022-03-23 16:02:58,117] {taskinstance.py:1032} INFO - Dependencies all met for <TaskInstance: dtc_project_ingest.bigquery_external_table_task scheduled__2018-09-02T06:00:00+00:00 [queued]>
[2022-03-23 16:02:58,136] {taskinstance.py:1032} INFO - Dependencies all met for <TaskInstance: dtc_project_ingest.bigquery_external_table_task scheduled__2018-09-02T06:00:00+00:00 [queued]>
[2022-03-23 16:02:58,137] {taskinstance.py:1238} INFO - 
--------------------------------------------------------------------------------
[2022-03-23 16:02:58,138] {taskinstance.py:1239} INFO - Starting attempt 1 of 2
[2022-03-23 16:02:58,138] {taskinstance.py:1240} INFO - 
--------------------------------------------------------------------------------
[2022-03-23 16:02:58,166] {taskinstance.py:1259} INFO - Executing <Task(BigQueryCreateExternalTableOperator): bigquery_external_table_task> on 2018-09-02 06:00:00+00:00
[2022-03-23 16:02:58,173] {standard_task_runner.py:52} INFO - Started process 3874 to run task
[2022-03-23 16:02:58,177] {standard_task_runner.py:76} INFO - Running: ['***', 'tasks', 'run', 'dtc_project_ingest', 'bigquery_external_table_task', 'scheduled__2018-09-02T06:00:00+00:00', '--job-id', '979', '--raw', '--subdir', 'DAGS_FOLDER/project_data_ingestion.py', '--cfg-path', '/tmp/tmpk421fyk_', '--error-file', '/tmp/tmpj3xs8xsz']
[2022-03-23 16:02:58,178] {standard_task_runner.py:77} INFO - Job 979: Subtask bigquery_external_table_task
[2022-03-23 16:02:58,248] {logging_mixin.py:109} INFO - Running <TaskInstance: dtc_project_ingest.bigquery_external_table_task scheduled__2018-09-02T06:00:00+00:00 [running]> on host 7127e26385ba
[2022-03-23 16:02:58,292] {warnings.py:110} WARNING - /home/***/.local/lib/python3.7/site-packages/***/utils/context.py:152: AirflowContextDeprecationWarning: Accessing 'execution_date' from the template is deprecated and will be removed in a future version. Please use 'data_interval_start' or 'logical_date' instead.
  warnings.warn(_create_deprecation_warning(key, self._deprecation_replacements[key]))

[2022-03-23 16:02:58,313] {taskinstance.py:1426} INFO - Exporting the following env vars:
AIRFLOW_CTX_DAG_OWNER=***
AIRFLOW_CTX_DAG_ID=dtc_project_ingest
AIRFLOW_CTX_TASK_ID=bigquery_external_table_task
AIRFLOW_CTX_EXECUTION_DATE=2018-09-02T06:00:00+00:00
AIRFLOW_CTX_DAG_RUN_ID=scheduled__2018-09-02T06:00:00+00:00
[2022-03-23 16:02:58,315] {crypto.py:82} WARNING - empty cryptography key - values will not be stored encrypted.
[2022-03-23 16:02:59,454] {taskinstance.py:1277} INFO - Marking task as SUCCESS. dag_id=dtc_project_ingest, task_id=bigquery_external_table_task, execution_date=20180902T060000, start_date=20220323T160258, end_date=20220323T160259
[2022-03-23 16:02:59,489] {local_task_job.py:154} INFO - Task exited with return code 0
[2022-03-23 16:02:59,539] {local_task_job.py:264} INFO - 1 downstream tasks scheduled from follow-on schedule check
[2022-03-26 10:45:10,984] {taskinstance.py:1032} INFO - Dependencies all met for <TaskInstance: dtc_project_ingest.bigquery_external_table_task scheduled__2018-09-02T06:00:00+00:00 [queued]>
[2022-03-26 10:45:10,998] {taskinstance.py:1032} INFO - Dependencies all met for <TaskInstance: dtc_project_ingest.bigquery_external_table_task scheduled__2018-09-02T06:00:00+00:00 [queued]>
[2022-03-26 10:45:10,999] {taskinstance.py:1238} INFO - 
--------------------------------------------------------------------------------
[2022-03-26 10:45:10,999] {taskinstance.py:1239} INFO - Starting attempt 1 of 2
[2022-03-26 10:45:11,000] {taskinstance.py:1240} INFO - 
--------------------------------------------------------------------------------
[2022-03-26 10:45:11,013] {taskinstance.py:1259} INFO - Executing <Task(BigQueryCreateExternalTableOperator): bigquery_external_table_task> on 2018-09-02 06:00:00+00:00
[2022-03-26 10:45:11,023] {standard_task_runner.py:52} INFO - Started process 5767 to run task
[2022-03-26 10:45:11,029] {standard_task_runner.py:76} INFO - Running: ['***', 'tasks', 'run', 'dtc_project_ingest', 'bigquery_external_table_task', 'scheduled__2018-09-02T06:00:00+00:00', '--job-id', '1335', '--raw', '--subdir', 'DAGS_FOLDER/project_data_ingestion.py', '--cfg-path', '/tmp/tmpen7hkk8z', '--error-file', '/tmp/tmpamc1jnof']
[2022-03-26 10:45:11,032] {standard_task_runner.py:77} INFO - Job 1335: Subtask bigquery_external_table_task
[2022-03-26 10:45:11,145] {logging_mixin.py:109} INFO - Running <TaskInstance: dtc_project_ingest.bigquery_external_table_task scheduled__2018-09-02T06:00:00+00:00 [running]> on host c800f4dda314
[2022-03-26 10:45:11,241] {taskinstance.py:1426} INFO - Exporting the following env vars:
AIRFLOW_CTX_DAG_OWNER=***
AIRFLOW_CTX_DAG_ID=dtc_project_ingest
AIRFLOW_CTX_TASK_ID=bigquery_external_table_task
AIRFLOW_CTX_EXECUTION_DATE=2018-09-02T06:00:00+00:00
AIRFLOW_CTX_DAG_RUN_ID=scheduled__2018-09-02T06:00:00+00:00
[2022-03-26 10:45:11,244] {crypto.py:82} WARNING - empty cryptography key - values will not be stored encrypted.
[2022-03-26 10:45:18,646] {taskinstance.py:1277} INFO - Marking task as SUCCESS. dag_id=dtc_project_ingest, task_id=bigquery_external_table_task, execution_date=20180902T060000, start_date=20220326T104510, end_date=20220326T104518
[2022-03-26 10:45:18,688] {local_task_job.py:154} INFO - Task exited with return code 0
[2022-03-26 10:45:18,765] {local_task_job.py:264} INFO - 1 downstream tasks scheduled from follow-on schedule check
