[2022-03-23 22:36:30,446] {taskinstance.py:1032} INFO - Dependencies all met for <TaskInstance: dtc_project_ingest.local_to_gcs_task scheduled__2021-08-02T06:00:00+00:00 [queued]>
[2022-03-23 22:36:30,459] {taskinstance.py:1032} INFO - Dependencies all met for <TaskInstance: dtc_project_ingest.local_to_gcs_task scheduled__2021-08-02T06:00:00+00:00 [queued]>
[2022-03-23 22:36:30,460] {taskinstance.py:1238} INFO - 
--------------------------------------------------------------------------------
[2022-03-23 22:36:30,461] {taskinstance.py:1239} INFO - Starting attempt 3 of 4
[2022-03-23 22:36:30,462] {taskinstance.py:1240} INFO - 
--------------------------------------------------------------------------------
[2022-03-23 22:36:30,474] {taskinstance.py:1259} INFO - Executing <Task(PythonOperator): local_to_gcs_task> on 2021-08-02 06:00:00+00:00
[2022-03-23 22:36:30,481] {standard_task_runner.py:52} INFO - Started process 761 to run task
[2022-03-23 22:36:30,485] {standard_task_runner.py:76} INFO - Running: ['***', 'tasks', 'run', 'dtc_project_ingest', 'local_to_gcs_task', 'scheduled__2021-08-02T06:00:00+00:00', '--job-id', '1200', '--raw', '--subdir', 'DAGS_FOLDER/project_data_ingestion.py', '--cfg-path', '/tmp/tmpwmi8kgnr', '--error-file', '/tmp/tmp49m58jbk']
[2022-03-23 22:36:30,487] {standard_task_runner.py:77} INFO - Job 1200: Subtask local_to_gcs_task
[2022-03-23 22:36:30,560] {logging_mixin.py:109} INFO - Running <TaskInstance: dtc_project_ingest.local_to_gcs_task scheduled__2021-08-02T06:00:00+00:00 [running]> on host 7127e26385ba
[2022-03-23 22:36:30,610] {warnings.py:110} WARNING - /home/***/.local/lib/python3.7/site-packages/***/utils/context.py:152: AirflowContextDeprecationWarning: Accessing 'execution_date' from the template is deprecated and will be removed in a future version. Please use 'data_interval_start' or 'logical_date' instead.
  warnings.warn(_create_deprecation_warning(key, self._deprecation_replacements[key]))

[2022-03-23 22:36:30,639] {taskinstance.py:1426} INFO - Exporting the following env vars:
AIRFLOW_CTX_DAG_OWNER=***
AIRFLOW_CTX_DAG_ID=dtc_project_ingest
AIRFLOW_CTX_TASK_ID=local_to_gcs_task
AIRFLOW_CTX_EXECUTION_DATE=2021-08-02T06:00:00+00:00
AIRFLOW_CTX_DAG_RUN_ID=scheduled__2021-08-02T06:00:00+00:00
[2022-03-23 22:39:15,107] {python.py:175} INFO - Done. Returned value was: None
[2022-03-23 22:39:15,129] {taskinstance.py:1277} INFO - Marking task as SUCCESS. dag_id=dtc_project_ingest, task_id=local_to_gcs_task, execution_date=20210802T060000, start_date=20220323T223630, end_date=20220323T223915
[2022-03-23 22:39:15,180] {local_task_job.py:154} INFO - Task exited with return code 0
[2022-03-23 22:39:15,260] {local_task_job.py:264} INFO - 0 downstream tasks scheduled from follow-on schedule check
