[2022-03-23 08:53:03,812] {taskinstance.py:1032} INFO - Dependencies all met for <TaskInstance: dtc_project_ingest.local_to_gcs_task scheduled__2018-02-02T06:00:00+00:00 [queued]>
[2022-03-23 08:53:03,823] {taskinstance.py:1032} INFO - Dependencies all met for <TaskInstance: dtc_project_ingest.local_to_gcs_task scheduled__2018-02-02T06:00:00+00:00 [queued]>
[2022-03-23 08:53:03,824] {taskinstance.py:1238} INFO - 
--------------------------------------------------------------------------------
[2022-03-23 08:53:03,825] {taskinstance.py:1239} INFO - Starting attempt 1 of 2
[2022-03-23 08:53:03,826] {taskinstance.py:1240} INFO - 
--------------------------------------------------------------------------------
[2022-03-23 08:53:03,837] {taskinstance.py:1259} INFO - Executing <Task(PythonOperator): local_to_gcs_task> on 2018-02-02 06:00:00+00:00
[2022-03-23 08:53:03,844] {standard_task_runner.py:52} INFO - Started process 278 to run task
[2022-03-23 08:53:03,848] {standard_task_runner.py:76} INFO - Running: ['***', 'tasks', 'run', 'dtc_project_ingest', 'local_to_gcs_task', 'scheduled__2018-02-02T06:00:00+00:00', '--job-id', '643', '--raw', '--subdir', 'DAGS_FOLDER/project_data_ingestion.py', '--cfg-path', '/tmp/tmpem5qq9m4', '--error-file', '/tmp/tmpghdp73tm']
[2022-03-23 08:53:03,849] {standard_task_runner.py:77} INFO - Job 643: Subtask local_to_gcs_task
[2022-03-23 08:53:03,923] {logging_mixin.py:109} INFO - Running <TaskInstance: dtc_project_ingest.local_to_gcs_task scheduled__2018-02-02T06:00:00+00:00 [running]> on host 7127e26385ba
[2022-03-23 08:53:03,964] {warnings.py:110} WARNING - /home/***/.local/lib/python3.7/site-packages/***/utils/context.py:152: AirflowContextDeprecationWarning: Accessing 'execution_date' from the template is deprecated and will be removed in a future version. Please use 'data_interval_start' or 'logical_date' instead.
  warnings.warn(_create_deprecation_warning(key, self._deprecation_replacements[key]))

[2022-03-23 08:53:03,991] {taskinstance.py:1426} INFO - Exporting the following env vars:
AIRFLOW_CTX_DAG_OWNER=***
AIRFLOW_CTX_DAG_ID=dtc_project_ingest
AIRFLOW_CTX_TASK_ID=local_to_gcs_task
AIRFLOW_CTX_EXECUTION_DATE=2018-02-02T06:00:00+00:00
AIRFLOW_CTX_DAG_RUN_ID=scheduled__2018-02-02T06:00:00+00:00
[2022-03-23 08:53:19,414] {python.py:175} INFO - Done. Returned value was: None
[2022-03-23 08:53:19,426] {taskinstance.py:1277} INFO - Marking task as SUCCESS. dag_id=dtc_project_ingest, task_id=local_to_gcs_task, execution_date=20180202T060000, start_date=20220323T085303, end_date=20220323T085319
[2022-03-23 08:53:19,470] {local_task_job.py:154} INFO - Task exited with return code 0
[2022-03-23 08:53:19,508] {local_task_job.py:264} INFO - 1 downstream tasks scheduled from follow-on schedule check
[2022-03-23 15:02:24,333] {taskinstance.py:1032} INFO - Dependencies all met for <TaskInstance: dtc_project_ingest.local_to_gcs_task scheduled__2018-02-02T06:00:00+00:00 [queued]>
[2022-03-23 15:02:24,347] {taskinstance.py:1032} INFO - Dependencies all met for <TaskInstance: dtc_project_ingest.local_to_gcs_task scheduled__2018-02-02T06:00:00+00:00 [queued]>
[2022-03-23 15:02:24,348] {taskinstance.py:1238} INFO - 
--------------------------------------------------------------------------------
[2022-03-23 15:02:24,348] {taskinstance.py:1239} INFO - Starting attempt 1 of 2
[2022-03-23 15:02:24,349] {taskinstance.py:1240} INFO - 
--------------------------------------------------------------------------------
[2022-03-23 15:02:24,362] {taskinstance.py:1259} INFO - Executing <Task(PythonOperator): local_to_gcs_task> on 2018-02-02 06:00:00+00:00
[2022-03-23 15:02:24,369] {standard_task_runner.py:52} INFO - Started process 676 to run task
[2022-03-23 15:02:24,374] {standard_task_runner.py:76} INFO - Running: ['***', 'tasks', 'run', 'dtc_project_ingest', 'local_to_gcs_task', 'scheduled__2018-02-02T06:00:00+00:00', '--job-id', '857', '--raw', '--subdir', 'DAGS_FOLDER/project_data_ingestion.py', '--cfg-path', '/tmp/tmpa8ub4hkt', '--error-file', '/tmp/tmpsntknk8t']
[2022-03-23 15:02:24,376] {standard_task_runner.py:77} INFO - Job 857: Subtask local_to_gcs_task
[2022-03-23 15:02:24,445] {logging_mixin.py:109} INFO - Running <TaskInstance: dtc_project_ingest.local_to_gcs_task scheduled__2018-02-02T06:00:00+00:00 [running]> on host 7127e26385ba
[2022-03-23 15:02:24,489] {warnings.py:110} WARNING - /home/***/.local/lib/python3.7/site-packages/***/utils/context.py:152: AirflowContextDeprecationWarning: Accessing 'execution_date' from the template is deprecated and will be removed in a future version. Please use 'data_interval_start' or 'logical_date' instead.
  warnings.warn(_create_deprecation_warning(key, self._deprecation_replacements[key]))

[2022-03-23 15:02:24,517] {taskinstance.py:1426} INFO - Exporting the following env vars:
AIRFLOW_CTX_DAG_OWNER=***
AIRFLOW_CTX_DAG_ID=dtc_project_ingest
AIRFLOW_CTX_TASK_ID=local_to_gcs_task
AIRFLOW_CTX_EXECUTION_DATE=2018-02-02T06:00:00+00:00
AIRFLOW_CTX_DAG_RUN_ID=scheduled__2018-02-02T06:00:00+00:00
[2022-03-23 15:02:55,968] {python.py:175} INFO - Done. Returned value was: None
[2022-03-23 15:02:55,981] {taskinstance.py:1277} INFO - Marking task as SUCCESS. dag_id=dtc_project_ingest, task_id=local_to_gcs_task, execution_date=20180202T060000, start_date=20220323T150224, end_date=20220323T150255
[2022-03-23 15:02:56,016] {local_task_job.py:154} INFO - Task exited with return code 0
[2022-03-23 15:02:56,054] {local_task_job.py:264} INFO - 1 downstream tasks scheduled from follow-on schedule check
[2022-03-23 15:13:19,830] {taskinstance.py:1032} INFO - Dependencies all met for <TaskInstance: dtc_project_ingest.local_to_gcs_task scheduled__2018-02-02T06:00:00+00:00 [queued]>
[2022-03-23 15:13:19,865] {taskinstance.py:1032} INFO - Dependencies all met for <TaskInstance: dtc_project_ingest.local_to_gcs_task scheduled__2018-02-02T06:00:00+00:00 [queued]>
[2022-03-23 15:13:19,867] {taskinstance.py:1238} INFO - 
--------------------------------------------------------------------------------
[2022-03-23 15:13:19,869] {taskinstance.py:1239} INFO - Starting attempt 1 of 2
[2022-03-23 15:13:19,870] {taskinstance.py:1240} INFO - 
--------------------------------------------------------------------------------
[2022-03-23 15:13:19,905] {taskinstance.py:1259} INFO - Executing <Task(PythonOperator): local_to_gcs_task> on 2018-02-02 06:00:00+00:00
[2022-03-23 15:13:19,923] {standard_task_runner.py:52} INFO - Started process 1230 to run task
[2022-03-23 15:13:19,933] {standard_task_runner.py:76} INFO - Running: ['***', 'tasks', 'run', 'dtc_project_ingest', 'local_to_gcs_task', 'scheduled__2018-02-02T06:00:00+00:00', '--job-id', '868', '--raw', '--subdir', 'DAGS_FOLDER/project_data_ingestion.py', '--cfg-path', '/tmp/tmp8eoedxqq', '--error-file', '/tmp/tmpv51mi2j3']
[2022-03-23 15:13:19,937] {standard_task_runner.py:77} INFO - Job 868: Subtask local_to_gcs_task
[2022-03-23 15:13:20,067] {logging_mixin.py:109} INFO - Running <TaskInstance: dtc_project_ingest.local_to_gcs_task scheduled__2018-02-02T06:00:00+00:00 [running]> on host 7127e26385ba
[2022-03-23 15:13:20,149] {warnings.py:110} WARNING - /home/***/.local/lib/python3.7/site-packages/***/utils/context.py:152: AirflowContextDeprecationWarning: Accessing 'execution_date' from the template is deprecated and will be removed in a future version. Please use 'data_interval_start' or 'logical_date' instead.
  warnings.warn(_create_deprecation_warning(key, self._deprecation_replacements[key]))

[2022-03-23 15:13:20,195] {taskinstance.py:1426} INFO - Exporting the following env vars:
AIRFLOW_CTX_DAG_OWNER=***
AIRFLOW_CTX_DAG_ID=dtc_project_ingest
AIRFLOW_CTX_TASK_ID=local_to_gcs_task
AIRFLOW_CTX_EXECUTION_DATE=2018-02-02T06:00:00+00:00
AIRFLOW_CTX_DAG_RUN_ID=scheduled__2018-02-02T06:00:00+00:00
[2022-03-23 15:13:36,571] {python.py:175} INFO - Done. Returned value was: None
[2022-03-23 15:13:37,138] {taskinstance.py:1277} INFO - Marking task as SUCCESS. dag_id=dtc_project_ingest, task_id=local_to_gcs_task, execution_date=20180202T060000, start_date=20220323T151319, end_date=20220323T151337
[2022-03-23 15:13:37,440] {local_task_job.py:154} INFO - Task exited with return code 0
[2022-03-23 15:13:37,844] {local_task_job.py:264} INFO - 1 downstream tasks scheduled from follow-on schedule check
[2022-03-23 15:47:18,534] {taskinstance.py:1032} INFO - Dependencies all met for <TaskInstance: dtc_project_ingest.local_to_gcs_task scheduled__2018-02-02T06:00:00+00:00 [queued]>
[2022-03-23 15:47:18,606] {taskinstance.py:1032} INFO - Dependencies all met for <TaskInstance: dtc_project_ingest.local_to_gcs_task scheduled__2018-02-02T06:00:00+00:00 [queued]>
[2022-03-23 15:47:18,614] {taskinstance.py:1238} INFO - 
--------------------------------------------------------------------------------
[2022-03-23 15:47:18,627] {taskinstance.py:1239} INFO - Starting attempt 1 of 2
[2022-03-23 15:47:18,635] {taskinstance.py:1240} INFO - 
--------------------------------------------------------------------------------
[2022-03-23 15:47:18,745] {taskinstance.py:1259} INFO - Executing <Task(PythonOperator): local_to_gcs_task> on 2018-02-02 06:00:00+00:00
[2022-03-23 15:47:18,772] {standard_task_runner.py:52} INFO - Started process 2957 to run task
[2022-03-23 15:47:18,797] {standard_task_runner.py:76} INFO - Running: ['***', 'tasks', 'run', 'dtc_project_ingest', 'local_to_gcs_task', 'scheduled__2018-02-02T06:00:00+00:00', '--job-id', '926', '--raw', '--subdir', 'DAGS_FOLDER/project_data_ingestion.py', '--cfg-path', '/tmp/tmpdkeuac70', '--error-file', '/tmp/tmpr68w13nw']
[2022-03-23 15:47:18,802] {standard_task_runner.py:77} INFO - Job 926: Subtask local_to_gcs_task
[2022-03-23 15:47:19,006] {logging_mixin.py:109} INFO - Running <TaskInstance: dtc_project_ingest.local_to_gcs_task scheduled__2018-02-02T06:00:00+00:00 [running]> on host 7127e26385ba
[2022-03-23 15:47:19,156] {warnings.py:110} WARNING - /home/***/.local/lib/python3.7/site-packages/***/utils/context.py:152: AirflowContextDeprecationWarning: Accessing 'execution_date' from the template is deprecated and will be removed in a future version. Please use 'data_interval_start' or 'logical_date' instead.
  warnings.warn(_create_deprecation_warning(key, self._deprecation_replacements[key]))

[2022-03-23 15:47:19,240] {taskinstance.py:1426} INFO - Exporting the following env vars:
AIRFLOW_CTX_DAG_OWNER=***
AIRFLOW_CTX_DAG_ID=dtc_project_ingest
AIRFLOW_CTX_TASK_ID=local_to_gcs_task
AIRFLOW_CTX_EXECUTION_DATE=2018-02-02T06:00:00+00:00
AIRFLOW_CTX_DAG_RUN_ID=scheduled__2018-02-02T06:00:00+00:00
[2022-03-23 15:47:37,892] {python.py:175} INFO - Done. Returned value was: None
[2022-03-23 15:47:37,918] {taskinstance.py:1277} INFO - Marking task as SUCCESS. dag_id=dtc_project_ingest, task_id=local_to_gcs_task, execution_date=20180202T060000, start_date=20220323T154718, end_date=20220323T154737
[2022-03-23 15:47:37,979] {local_task_job.py:154} INFO - Task exited with return code 0
[2022-03-23 15:47:38,036] {local_task_job.py:264} INFO - 1 downstream tasks scheduled from follow-on schedule check
[2022-03-23 15:54:07,372] {taskinstance.py:1032} INFO - Dependencies all met for <TaskInstance: dtc_project_ingest.local_to_gcs_task scheduled__2018-02-02T06:00:00+00:00 [queued]>
[2022-03-23 15:54:07,426] {taskinstance.py:1032} INFO - Dependencies all met for <TaskInstance: dtc_project_ingest.local_to_gcs_task scheduled__2018-02-02T06:00:00+00:00 [queued]>
[2022-03-23 15:54:07,428] {taskinstance.py:1238} INFO - 
--------------------------------------------------------------------------------
[2022-03-23 15:54:07,429] {taskinstance.py:1239} INFO - Starting attempt 1 of 2
[2022-03-23 15:54:07,431] {taskinstance.py:1240} INFO - 
--------------------------------------------------------------------------------
[2022-03-23 15:54:07,475] {taskinstance.py:1259} INFO - Executing <Task(PythonOperator): local_to_gcs_task> on 2018-02-02 06:00:00+00:00
[2022-03-23 15:54:07,507] {standard_task_runner.py:52} INFO - Started process 3282 to run task
[2022-03-23 15:54:07,535] {standard_task_runner.py:76} INFO - Running: ['***', 'tasks', 'run', 'dtc_project_ingest', 'local_to_gcs_task', 'scheduled__2018-02-02T06:00:00+00:00', '--job-id', '937', '--raw', '--subdir', 'DAGS_FOLDER/project_data_ingestion.py', '--cfg-path', '/tmp/tmpbln55q04', '--error-file', '/tmp/tmp31908xhu']
[2022-03-23 15:54:07,557] {standard_task_runner.py:77} INFO - Job 937: Subtask local_to_gcs_task
[2022-03-23 15:54:07,915] {logging_mixin.py:109} INFO - Running <TaskInstance: dtc_project_ingest.local_to_gcs_task scheduled__2018-02-02T06:00:00+00:00 [running]> on host 7127e26385ba
[2022-03-23 15:54:08,043] {warnings.py:110} WARNING - /home/***/.local/lib/python3.7/site-packages/***/utils/context.py:152: AirflowContextDeprecationWarning: Accessing 'execution_date' from the template is deprecated and will be removed in a future version. Please use 'data_interval_start' or 'logical_date' instead.
  warnings.warn(_create_deprecation_warning(key, self._deprecation_replacements[key]))

[2022-03-23 15:54:08,112] {taskinstance.py:1426} INFO - Exporting the following env vars:
AIRFLOW_CTX_DAG_OWNER=***
AIRFLOW_CTX_DAG_ID=dtc_project_ingest
AIRFLOW_CTX_TASK_ID=local_to_gcs_task
AIRFLOW_CTX_EXECUTION_DATE=2018-02-02T06:00:00+00:00
AIRFLOW_CTX_DAG_RUN_ID=scheduled__2018-02-02T06:00:00+00:00
[2022-03-23 15:54:37,069] {python.py:175} INFO - Done. Returned value was: None
[2022-03-23 15:54:37,091] {taskinstance.py:1277} INFO - Marking task as SUCCESS. dag_id=dtc_project_ingest, task_id=local_to_gcs_task, execution_date=20180202T060000, start_date=20220323T155407, end_date=20220323T155437
[2022-03-23 15:54:37,154] {local_task_job.py:154} INFO - Task exited with return code 0
[2022-03-23 15:54:37,195] {local_task_job.py:264} INFO - 1 downstream tasks scheduled from follow-on schedule check
[2022-03-26 10:28:20,501] {taskinstance.py:1032} INFO - Dependencies all met for <TaskInstance: dtc_project_ingest.local_to_gcs_task scheduled__2018-02-02T06:00:00+00:00 [queued]>
[2022-03-26 10:28:20,522] {taskinstance.py:1032} INFO - Dependencies all met for <TaskInstance: dtc_project_ingest.local_to_gcs_task scheduled__2018-02-02T06:00:00+00:00 [queued]>
[2022-03-26 10:28:20,525] {taskinstance.py:1238} INFO - 
--------------------------------------------------------------------------------
[2022-03-26 10:28:20,526] {taskinstance.py:1239} INFO - Starting attempt 1 of 2
[2022-03-26 10:28:20,527] {taskinstance.py:1240} INFO - 
--------------------------------------------------------------------------------
[2022-03-26 10:28:20,540] {taskinstance.py:1259} INFO - Executing <Task(PythonOperator): local_to_gcs_task> on 2018-02-02 06:00:00+00:00
[2022-03-26 10:28:20,548] {standard_task_runner.py:52} INFO - Started process 4839 to run task
[2022-03-26 10:28:20,553] {standard_task_runner.py:76} INFO - Running: ['***', 'tasks', 'run', 'dtc_project_ingest', 'local_to_gcs_task', 'scheduled__2018-02-02T06:00:00+00:00', '--job-id', '1290', '--raw', '--subdir', 'DAGS_FOLDER/project_data_ingestion.py', '--cfg-path', '/tmp/tmp5gci_4gz', '--error-file', '/tmp/tmp6ufttrv9']
[2022-03-26 10:28:20,554] {standard_task_runner.py:77} INFO - Job 1290: Subtask local_to_gcs_task
[2022-03-26 10:28:20,632] {logging_mixin.py:109} INFO - Running <TaskInstance: dtc_project_ingest.local_to_gcs_task scheduled__2018-02-02T06:00:00+00:00 [running]> on host c800f4dda314
[2022-03-26 10:28:20,685] {warnings.py:110} WARNING - /home/***/.local/lib/python3.7/site-packages/***/utils/context.py:152: AirflowContextDeprecationWarning: Accessing 'execution_date' from the template is deprecated and will be removed in a future version. Please use 'data_interval_start' or 'logical_date' instead.
  warnings.warn(_create_deprecation_warning(key, self._deprecation_replacements[key]))

[2022-03-26 10:28:20,715] {taskinstance.py:1426} INFO - Exporting the following env vars:
AIRFLOW_CTX_DAG_OWNER=***
AIRFLOW_CTX_DAG_ID=dtc_project_ingest
AIRFLOW_CTX_TASK_ID=local_to_gcs_task
AIRFLOW_CTX_EXECUTION_DATE=2018-02-02T06:00:00+00:00
AIRFLOW_CTX_DAG_RUN_ID=scheduled__2018-02-02T06:00:00+00:00
[2022-03-26 10:28:57,840] {python.py:175} INFO - Done. Returned value was: None
[2022-03-26 10:28:57,870] {taskinstance.py:1277} INFO - Marking task as SUCCESS. dag_id=dtc_project_ingest, task_id=local_to_gcs_task, execution_date=20180202T060000, start_date=20220326T102820, end_date=20220326T102857
[2022-03-26 10:28:57,956] {local_task_job.py:154} INFO - Task exited with return code 0
[2022-03-26 10:28:58,061] {local_task_job.py:264} INFO - 1 downstream tasks scheduled from follow-on schedule check
[2022-03-26 15:24:49,760] {taskinstance.py:1032} INFO - Dependencies all met for <TaskInstance: dtc_project_ingest.local_to_gcs_task scheduled__2018-02-02T06:00:00+00:00 [queued]>
[2022-03-26 15:24:49,790] {taskinstance.py:1032} INFO - Dependencies all met for <TaskInstance: dtc_project_ingest.local_to_gcs_task scheduled__2018-02-02T06:00:00+00:00 [queued]>
[2022-03-26 15:24:49,793] {taskinstance.py:1238} INFO - 
--------------------------------------------------------------------------------
[2022-03-26 15:24:49,794] {taskinstance.py:1239} INFO - Starting attempt 1 of 2
[2022-03-26 15:24:49,795] {taskinstance.py:1240} INFO - 
--------------------------------------------------------------------------------
[2022-03-26 15:24:49,822] {taskinstance.py:1259} INFO - Executing <Task(PythonOperator): local_to_gcs_task> on 2018-02-02 06:00:00+00:00
[2022-03-26 15:24:49,848] {standard_task_runner.py:52} INFO - Started process 19689 to run task
[2022-03-26 15:24:49,872] {standard_task_runner.py:76} INFO - Running: ['***', 'tasks', 'run', 'dtc_project_ingest', 'local_to_gcs_task', 'scheduled__2018-02-02T06:00:00+00:00', '--job-id', '1545', '--raw', '--subdir', 'DAGS_FOLDER/project_data_ingestion.py', '--cfg-path', '/tmp/tmpaypcccrs', '--error-file', '/tmp/tmp1j8_5xrm']
[2022-03-26 15:24:49,880] {standard_task_runner.py:77} INFO - Job 1545: Subtask local_to_gcs_task
[2022-03-26 15:24:50,032] {logging_mixin.py:109} INFO - Running <TaskInstance: dtc_project_ingest.local_to_gcs_task scheduled__2018-02-02T06:00:00+00:00 [running]> on host c800f4dda314
[2022-03-26 15:24:50,113] {warnings.py:110} WARNING - /home/***/.local/lib/python3.7/site-packages/***/utils/context.py:152: AirflowContextDeprecationWarning: Accessing 'execution_date' from the template is deprecated and will be removed in a future version. Please use 'data_interval_start' or 'logical_date' instead.
  warnings.warn(_create_deprecation_warning(key, self._deprecation_replacements[key]))

[2022-03-26 15:24:50,178] {taskinstance.py:1426} INFO - Exporting the following env vars:
AIRFLOW_CTX_DAG_OWNER=***
AIRFLOW_CTX_DAG_ID=dtc_project_ingest
AIRFLOW_CTX_TASK_ID=local_to_gcs_task
AIRFLOW_CTX_EXECUTION_DATE=2018-02-02T06:00:00+00:00
AIRFLOW_CTX_DAG_RUN_ID=scheduled__2018-02-02T06:00:00+00:00
[2022-03-26 15:25:10,975] {python.py:175} INFO - Done. Returned value was: None
[2022-03-26 15:25:10,992] {taskinstance.py:1277} INFO - Marking task as SUCCESS. dag_id=dtc_project_ingest, task_id=local_to_gcs_task, execution_date=20180202T060000, start_date=20220326T152449, end_date=20220326T152510
[2022-03-26 15:25:11,043] {local_task_job.py:154} INFO - Task exited with return code 0
[2022-03-26 15:25:11,085] {local_task_job.py:264} INFO - 1 downstream tasks scheduled from follow-on schedule check
