[2022-03-23 22:31:17,920] {taskinstance.py:1032} INFO - Dependencies all met for <TaskInstance: dtc_project_ingest.bigquery_external_table_task scheduled__2020-07-02T06:00:00+00:00 [queued]>
[2022-03-23 22:31:17,934] {taskinstance.py:1032} INFO - Dependencies all met for <TaskInstance: dtc_project_ingest.bigquery_external_table_task scheduled__2020-07-02T06:00:00+00:00 [queued]>
[2022-03-23 22:31:17,936] {taskinstance.py:1238} INFO - 
--------------------------------------------------------------------------------
[2022-03-23 22:31:17,936] {taskinstance.py:1239} INFO - Starting attempt 1 of 2
[2022-03-23 22:31:17,937] {taskinstance.py:1240} INFO - 
--------------------------------------------------------------------------------
[2022-03-23 22:31:17,953] {taskinstance.py:1259} INFO - Executing <Task(BigQueryCreateExternalTableOperator): bigquery_external_table_task> on 2020-07-02 06:00:00+00:00
[2022-03-23 22:31:17,959] {standard_task_runner.py:52} INFO - Started process 472 to run task
[2022-03-23 22:31:17,965] {standard_task_runner.py:76} INFO - Running: ['***', 'tasks', 'run', 'dtc_project_ingest', 'bigquery_external_table_task', 'scheduled__2020-07-02T06:00:00+00:00', '--job-id', '1184', '--raw', '--subdir', 'DAGS_FOLDER/project_data_ingestion.py', '--cfg-path', '/tmp/tmps2cz43gu', '--error-file', '/tmp/tmp8ovi1pvz']
[2022-03-23 22:31:17,967] {standard_task_runner.py:77} INFO - Job 1184: Subtask bigquery_external_table_task
[2022-03-23 22:31:18,061] {logging_mixin.py:109} INFO - Running <TaskInstance: dtc_project_ingest.bigquery_external_table_task scheduled__2020-07-02T06:00:00+00:00 [running]> on host 7127e26385ba
[2022-03-23 22:31:18,128] {warnings.py:110} WARNING - /home/***/.local/lib/python3.7/site-packages/***/utils/context.py:152: AirflowContextDeprecationWarning: Accessing 'execution_date' from the template is deprecated and will be removed in a future version. Please use 'data_interval_start' or 'logical_date' instead.
  warnings.warn(_create_deprecation_warning(key, self._deprecation_replacements[key]))

[2022-03-23 22:31:18,170] {taskinstance.py:1426} INFO - Exporting the following env vars:
AIRFLOW_CTX_DAG_OWNER=***
AIRFLOW_CTX_DAG_ID=dtc_project_ingest
AIRFLOW_CTX_TASK_ID=bigquery_external_table_task
AIRFLOW_CTX_EXECUTION_DATE=2020-07-02T06:00:00+00:00
AIRFLOW_CTX_DAG_RUN_ID=scheduled__2020-07-02T06:00:00+00:00
[2022-03-23 22:31:18,173] {crypto.py:82} WARNING - empty cryptography key - values will not be stored encrypted.
[2022-03-23 22:31:19,137] {taskinstance.py:1277} INFO - Marking task as SUCCESS. dag_id=dtc_project_ingest, task_id=bigquery_external_table_task, execution_date=20200702T060000, start_date=20220323T223117, end_date=20220323T223119
[2022-03-23 22:31:19,204] {local_task_job.py:154} INFO - Task exited with return code 0
[2022-03-23 22:31:19,249] {local_task_job.py:264} INFO - 1 downstream tasks scheduled from follow-on schedule check
[2022-03-26 11:29:45,364] {taskinstance.py:1032} INFO - Dependencies all met for <TaskInstance: dtc_project_ingest.bigquery_external_table_task scheduled__2020-07-02T06:00:00+00:00 [queued]>
[2022-03-26 11:29:45,376] {taskinstance.py:1032} INFO - Dependencies all met for <TaskInstance: dtc_project_ingest.bigquery_external_table_task scheduled__2020-07-02T06:00:00+00:00 [queued]>
[2022-03-26 11:29:45,377] {taskinstance.py:1238} INFO - 
--------------------------------------------------------------------------------
[2022-03-26 11:29:45,378] {taskinstance.py:1239} INFO - Starting attempt 1 of 2
[2022-03-26 11:29:45,378] {taskinstance.py:1240} INFO - 
--------------------------------------------------------------------------------
[2022-03-26 11:29:45,389] {taskinstance.py:1259} INFO - Executing <Task(BigQueryCreateExternalTableOperator): bigquery_external_table_task> on 2020-07-02 06:00:00+00:00
[2022-03-26 11:29:45,395] {standard_task_runner.py:52} INFO - Started process 8345 to run task
[2022-03-26 11:29:45,400] {standard_task_runner.py:76} INFO - Running: ['***', 'tasks', 'run', 'dtc_project_ingest', 'bigquery_external_table_task', 'scheduled__2020-07-02T06:00:00+00:00', '--job-id', '1450', '--raw', '--subdir', 'DAGS_FOLDER/project_data_ingestion.py', '--cfg-path', '/tmp/tmpt_1yazfg', '--error-file', '/tmp/tmp0p6y6336']
[2022-03-26 11:29:45,402] {standard_task_runner.py:77} INFO - Job 1450: Subtask bigquery_external_table_task
[2022-03-26 11:29:45,467] {logging_mixin.py:109} INFO - Running <TaskInstance: dtc_project_ingest.bigquery_external_table_task scheduled__2020-07-02T06:00:00+00:00 [running]> on host c800f4dda314
[2022-03-26 11:29:45,522] {taskinstance.py:1426} INFO - Exporting the following env vars:
AIRFLOW_CTX_DAG_OWNER=***
AIRFLOW_CTX_DAG_ID=dtc_project_ingest
AIRFLOW_CTX_TASK_ID=bigquery_external_table_task
AIRFLOW_CTX_EXECUTION_DATE=2020-07-02T06:00:00+00:00
AIRFLOW_CTX_DAG_RUN_ID=scheduled__2020-07-02T06:00:00+00:00
[2022-03-26 11:29:45,525] {crypto.py:82} WARNING - empty cryptography key - values will not be stored encrypted.
[2022-03-26 11:29:47,881] {taskinstance.py:1277} INFO - Marking task as SUCCESS. dag_id=dtc_project_ingest, task_id=bigquery_external_table_task, execution_date=20200702T060000, start_date=20220326T112945, end_date=20220326T112947
[2022-03-26 11:29:47,912] {local_task_job.py:154} INFO - Task exited with return code 0
[2022-03-26 11:29:47,948] {local_task_job.py:264} INFO - 1 downstream tasks scheduled from follow-on schedule check
