[2022-03-23 09:01:02,972] {taskinstance.py:1032} INFO - Dependencies all met for <TaskInstance: dtc_project_ingest.rm_task scheduled__2018-09-02T06:00:00+00:00 [queued]>
[2022-03-23 09:01:02,984] {taskinstance.py:1032} INFO - Dependencies all met for <TaskInstance: dtc_project_ingest.rm_task scheduled__2018-09-02T06:00:00+00:00 [queued]>
[2022-03-23 09:01:02,985] {taskinstance.py:1238} INFO - 
--------------------------------------------------------------------------------
[2022-03-23 09:01:02,985] {taskinstance.py:1239} INFO - Starting attempt 1 of 2
[2022-03-23 09:01:02,986] {taskinstance.py:1240} INFO - 
--------------------------------------------------------------------------------
[2022-03-23 09:01:02,996] {taskinstance.py:1259} INFO - Executing <Task(BashOperator): rm_task> on 2018-09-02 06:00:00+00:00
[2022-03-23 09:01:03,002] {standard_task_runner.py:52} INFO - Started process 824 to run task
[2022-03-23 09:01:03,006] {standard_task_runner.py:76} INFO - Running: ['***', 'tasks', 'run', 'dtc_project_ingest', 'rm_task', 'scheduled__2018-09-02T06:00:00+00:00', '--job-id', '675', '--raw', '--subdir', 'DAGS_FOLDER/project_data_ingestion.py', '--cfg-path', '/tmp/tmpjgtrk01o', '--error-file', '/tmp/tmp7bmp9sk4']
[2022-03-23 09:01:03,008] {standard_task_runner.py:77} INFO - Job 675: Subtask rm_task
[2022-03-23 09:01:03,072] {logging_mixin.py:109} INFO - Running <TaskInstance: dtc_project_ingest.rm_task scheduled__2018-09-02T06:00:00+00:00 [running]> on host 7127e26385ba
[2022-03-23 09:01:03,115] {warnings.py:110} WARNING - /home/***/.local/lib/python3.7/site-packages/***/utils/context.py:152: AirflowContextDeprecationWarning: Accessing 'execution_date' from the template is deprecated and will be removed in a future version. Please use 'data_interval_start' or 'logical_date' instead.
  warnings.warn(_create_deprecation_warning(key, self._deprecation_replacements[key]))

[2022-03-23 09:01:03,136] {taskinstance.py:1426} INFO - Exporting the following env vars:
AIRFLOW_CTX_DAG_OWNER=***
AIRFLOW_CTX_DAG_ID=dtc_project_ingest
AIRFLOW_CTX_TASK_ID=rm_task
AIRFLOW_CTX_EXECUTION_DATE=2018-09-02T06:00:00+00:00
AIRFLOW_CTX_DAG_RUN_ID=scheduled__2018-09-02T06:00:00+00:00
[2022-03-23 09:01:03,139] {subprocess.py:62} INFO - Tmp dir root location: 
 /tmp
[2022-03-23 09:01:03,140] {subprocess.py:74} INFO - Running command: ['bash', '-c', 'rm /opt/***/201809-citibike-tripdata.csv /opt/***/201809-citibike-tripdata.parquet']
[2022-03-23 09:01:03,153] {subprocess.py:85} INFO - Output:
[2022-03-23 09:01:03,241] {subprocess.py:93} INFO - Command exited with return code 0
[2022-03-23 09:01:03,269] {taskinstance.py:1277} INFO - Marking task as SUCCESS. dag_id=dtc_project_ingest, task_id=rm_task, execution_date=20180902T060000, start_date=20220323T090102, end_date=20220323T090103
[2022-03-23 09:01:03,301] {local_task_job.py:154} INFO - Task exited with return code 0
[2022-03-23 09:01:03,336] {local_task_job.py:264} INFO - 0 downstream tasks scheduled from follow-on schedule check
[2022-03-23 16:03:00,952] {taskinstance.py:1032} INFO - Dependencies all met for <TaskInstance: dtc_project_ingest.rm_task scheduled__2018-09-02T06:00:00+00:00 [queued]>
[2022-03-23 16:03:00,967] {taskinstance.py:1032} INFO - Dependencies all met for <TaskInstance: dtc_project_ingest.rm_task scheduled__2018-09-02T06:00:00+00:00 [queued]>
[2022-03-23 16:03:00,968] {taskinstance.py:1238} INFO - 
--------------------------------------------------------------------------------
[2022-03-23 16:03:00,969] {taskinstance.py:1239} INFO - Starting attempt 1 of 2
[2022-03-23 16:03:00,969] {taskinstance.py:1240} INFO - 
--------------------------------------------------------------------------------
[2022-03-23 16:03:00,982] {taskinstance.py:1259} INFO - Executing <Task(BashOperator): rm_task> on 2018-09-02 06:00:00+00:00
[2022-03-23 16:03:00,989] {standard_task_runner.py:52} INFO - Started process 3877 to run task
[2022-03-23 16:03:00,993] {standard_task_runner.py:76} INFO - Running: ['***', 'tasks', 'run', 'dtc_project_ingest', 'rm_task', 'scheduled__2018-09-02T06:00:00+00:00', '--job-id', '980', '--raw', '--subdir', 'DAGS_FOLDER/project_data_ingestion.py', '--cfg-path', '/tmp/tmpkvtd_jb1', '--error-file', '/tmp/tmp9926u2z5']
[2022-03-23 16:03:00,995] {standard_task_runner.py:77} INFO - Job 980: Subtask rm_task
[2022-03-23 16:03:01,065] {logging_mixin.py:109} INFO - Running <TaskInstance: dtc_project_ingest.rm_task scheduled__2018-09-02T06:00:00+00:00 [running]> on host 7127e26385ba
[2022-03-23 16:03:01,107] {warnings.py:110} WARNING - /home/***/.local/lib/python3.7/site-packages/***/utils/context.py:152: AirflowContextDeprecationWarning: Accessing 'execution_date' from the template is deprecated and will be removed in a future version. Please use 'data_interval_start' or 'logical_date' instead.
  warnings.warn(_create_deprecation_warning(key, self._deprecation_replacements[key]))

[2022-03-23 16:03:01,130] {taskinstance.py:1426} INFO - Exporting the following env vars:
AIRFLOW_CTX_DAG_OWNER=***
AIRFLOW_CTX_DAG_ID=dtc_project_ingest
AIRFLOW_CTX_TASK_ID=rm_task
AIRFLOW_CTX_EXECUTION_DATE=2018-09-02T06:00:00+00:00
AIRFLOW_CTX_DAG_RUN_ID=scheduled__2018-09-02T06:00:00+00:00
[2022-03-23 16:03:01,131] {subprocess.py:62} INFO - Tmp dir root location: 
 /tmp
[2022-03-23 16:03:01,132] {subprocess.py:74} INFO - Running command: ['bash', '-c', 'rm /opt/***/201809-citibike-tripdata.csv /opt/***/201809-citibike-tripdata.parquet']
[2022-03-23 16:03:01,147] {subprocess.py:85} INFO - Output:
[2022-03-23 16:03:01,251] {subprocess.py:93} INFO - Command exited with return code 0
[2022-03-23 16:03:01,283] {taskinstance.py:1277} INFO - Marking task as SUCCESS. dag_id=dtc_project_ingest, task_id=rm_task, execution_date=20180902T060000, start_date=20220323T160300, end_date=20220323T160301
[2022-03-23 16:03:01,328] {local_task_job.py:154} INFO - Task exited with return code 0
[2022-03-23 16:03:01,361] {local_task_job.py:264} INFO - 0 downstream tasks scheduled from follow-on schedule check
[2022-03-26 10:45:20,162] {taskinstance.py:1032} INFO - Dependencies all met for <TaskInstance: dtc_project_ingest.rm_task scheduled__2018-09-02T06:00:00+00:00 [queued]>
[2022-03-26 10:45:20,185] {taskinstance.py:1032} INFO - Dependencies all met for <TaskInstance: dtc_project_ingest.rm_task scheduled__2018-09-02T06:00:00+00:00 [queued]>
[2022-03-26 10:45:20,186] {taskinstance.py:1238} INFO - 
--------------------------------------------------------------------------------
[2022-03-26 10:45:20,187] {taskinstance.py:1239} INFO - Starting attempt 1 of 2
[2022-03-26 10:45:20,188] {taskinstance.py:1240} INFO - 
--------------------------------------------------------------------------------
[2022-03-26 10:45:20,206] {taskinstance.py:1259} INFO - Executing <Task(BashOperator): rm_task> on 2018-09-02 06:00:00+00:00
[2022-03-26 10:45:20,223] {standard_task_runner.py:52} INFO - Started process 5780 to run task
[2022-03-26 10:45:20,230] {standard_task_runner.py:76} INFO - Running: ['***', 'tasks', 'run', 'dtc_project_ingest', 'rm_task', 'scheduled__2018-09-02T06:00:00+00:00', '--job-id', '1336', '--raw', '--subdir', 'DAGS_FOLDER/project_data_ingestion.py', '--cfg-path', '/tmp/tmpjh7s7z73', '--error-file', '/tmp/tmpsgldxwg_']
[2022-03-26 10:45:20,232] {standard_task_runner.py:77} INFO - Job 1336: Subtask rm_task
[2022-03-26 10:45:20,338] {logging_mixin.py:109} INFO - Running <TaskInstance: dtc_project_ingest.rm_task scheduled__2018-09-02T06:00:00+00:00 [running]> on host c800f4dda314
[2022-03-26 10:45:20,396] {warnings.py:110} WARNING - /home/***/.local/lib/python3.7/site-packages/***/utils/context.py:152: AirflowContextDeprecationWarning: Accessing 'execution_date' from the template is deprecated and will be removed in a future version. Please use 'data_interval_start' or 'logical_date' instead.
  warnings.warn(_create_deprecation_warning(key, self._deprecation_replacements[key]))

[2022-03-26 10:45:20,426] {taskinstance.py:1426} INFO - Exporting the following env vars:
AIRFLOW_CTX_DAG_OWNER=***
AIRFLOW_CTX_DAG_ID=dtc_project_ingest
AIRFLOW_CTX_TASK_ID=rm_task
AIRFLOW_CTX_EXECUTION_DATE=2018-09-02T06:00:00+00:00
AIRFLOW_CTX_DAG_RUN_ID=scheduled__2018-09-02T06:00:00+00:00
[2022-03-26 10:45:20,430] {subprocess.py:62} INFO - Tmp dir root location: 
 /tmp
[2022-03-26 10:45:20,431] {subprocess.py:74} INFO - Running command: ['bash', '-c', 'rm /opt/***/201809-citibike-tripdata.csv /opt/***/201809-citibike-tripdata.parquet']
[2022-03-26 10:45:20,449] {subprocess.py:85} INFO - Output:
[2022-03-26 10:45:20,580] {subprocess.py:93} INFO - Command exited with return code 0
[2022-03-26 10:45:20,617] {taskinstance.py:1277} INFO - Marking task as SUCCESS. dag_id=dtc_project_ingest, task_id=rm_task, execution_date=20180902T060000, start_date=20220326T104520, end_date=20220326T104520
[2022-03-26 10:45:20,654] {local_task_job.py:154} INFO - Task exited with return code 0
[2022-03-26 10:45:20,700] {local_task_job.py:264} INFO - 0 downstream tasks scheduled from follow-on schedule check
[2022-03-26 15:30:59,942] {taskinstance.py:1032} INFO - Dependencies all met for <TaskInstance: dtc_project_ingest.rm_task scheduled__2018-09-02T06:00:00+00:00 [queued]>
[2022-03-26 15:30:59,956] {taskinstance.py:1032} INFO - Dependencies all met for <TaskInstance: dtc_project_ingest.rm_task scheduled__2018-09-02T06:00:00+00:00 [queued]>
[2022-03-26 15:30:59,957] {taskinstance.py:1238} INFO - 
--------------------------------------------------------------------------------
[2022-03-26 15:30:59,957] {taskinstance.py:1239} INFO - Starting attempt 1 of 2
[2022-03-26 15:30:59,958] {taskinstance.py:1240} INFO - 
--------------------------------------------------------------------------------
[2022-03-26 15:30:59,972] {taskinstance.py:1259} INFO - Executing <Task(BashOperator): rm_task> on 2018-09-02 06:00:00+00:00
[2022-03-26 15:30:59,979] {standard_task_runner.py:52} INFO - Started process 20097 to run task
[2022-03-26 15:30:59,984] {standard_task_runner.py:76} INFO - Running: ['***', 'tasks', 'run', 'dtc_project_ingest', 'rm_task', 'scheduled__2018-09-02T06:00:00+00:00', '--job-id', '1579', '--raw', '--subdir', 'DAGS_FOLDER/project_data_ingestion.py', '--cfg-path', '/tmp/tmp8nxjsd37', '--error-file', '/tmp/tmpcvxrqmnm']
[2022-03-26 15:30:59,986] {standard_task_runner.py:77} INFO - Job 1579: Subtask rm_task
[2022-03-26 15:31:00,071] {logging_mixin.py:109} INFO - Running <TaskInstance: dtc_project_ingest.rm_task scheduled__2018-09-02T06:00:00+00:00 [running]> on host c800f4dda314
[2022-03-26 15:31:00,131] {warnings.py:110} WARNING - /home/***/.local/lib/python3.7/site-packages/***/utils/context.py:152: AirflowContextDeprecationWarning: Accessing 'execution_date' from the template is deprecated and will be removed in a future version. Please use 'data_interval_start' or 'logical_date' instead.
  warnings.warn(_create_deprecation_warning(key, self._deprecation_replacements[key]))

[2022-03-26 15:31:00,169] {taskinstance.py:1426} INFO - Exporting the following env vars:
AIRFLOW_CTX_DAG_OWNER=***
AIRFLOW_CTX_DAG_ID=dtc_project_ingest
AIRFLOW_CTX_TASK_ID=rm_task
AIRFLOW_CTX_EXECUTION_DATE=2018-09-02T06:00:00+00:00
AIRFLOW_CTX_DAG_RUN_ID=scheduled__2018-09-02T06:00:00+00:00
[2022-03-26 15:31:00,171] {subprocess.py:62} INFO - Tmp dir root location: 
 /tmp
[2022-03-26 15:31:00,173] {subprocess.py:74} INFO - Running command: ['bash', '-c', 'rm /opt/***/201809-citibike-tripdata.csv /opt/***/201809-citibike-tripdata.parquet']
[2022-03-26 15:31:00,191] {subprocess.py:85} INFO - Output:
[2022-03-26 15:31:00,309] {subprocess.py:93} INFO - Command exited with return code 0
[2022-03-26 15:31:00,340] {taskinstance.py:1277} INFO - Marking task as SUCCESS. dag_id=dtc_project_ingest, task_id=rm_task, execution_date=20180902T060000, start_date=20220326T153059, end_date=20220326T153100
[2022-03-26 15:31:00,398] {local_task_job.py:154} INFO - Task exited with return code 0
[2022-03-26 15:31:00,439] {local_task_job.py:264} INFO - 0 downstream tasks scheduled from follow-on schedule check
