[2022-03-23 16:20:25,211] {taskinstance.py:1032} INFO - Dependencies all met for <TaskInstance: dtc_project_ingest.bigquery_external_table_task scheduled__2019-06-02T06:00:00+00:00 [queued]>
[2022-03-23 16:20:25,222] {taskinstance.py:1032} INFO - Dependencies all met for <TaskInstance: dtc_project_ingest.bigquery_external_table_task scheduled__2019-06-02T06:00:00+00:00 [queued]>
[2022-03-23 16:20:25,222] {taskinstance.py:1238} INFO - 
--------------------------------------------------------------------------------
[2022-03-23 16:20:25,223] {taskinstance.py:1239} INFO - Starting attempt 1 of 2
[2022-03-23 16:20:25,224] {taskinstance.py:1240} INFO - 
--------------------------------------------------------------------------------
[2022-03-23 16:20:25,234] {taskinstance.py:1259} INFO - Executing <Task(BigQueryCreateExternalTableOperator): bigquery_external_table_task> on 2019-06-02 06:00:00+00:00
[2022-03-23 16:20:25,240] {standard_task_runner.py:52} INFO - Started process 4939 to run task
[2022-03-23 16:20:25,244] {standard_task_runner.py:76} INFO - Running: ['***', 'tasks', 'run', 'dtc_project_ingest', 'bigquery_external_table_task', 'scheduled__2019-06-02T06:00:00+00:00', '--job-id', '1030', '--raw', '--subdir', 'DAGS_FOLDER/project_data_ingestion.py', '--cfg-path', '/tmp/tmpj_k233if', '--error-file', '/tmp/tmpw7nuqtah']
[2022-03-23 16:20:25,246] {standard_task_runner.py:77} INFO - Job 1030: Subtask bigquery_external_table_task
[2022-03-23 16:20:25,318] {logging_mixin.py:109} INFO - Running <TaskInstance: dtc_project_ingest.bigquery_external_table_task scheduled__2019-06-02T06:00:00+00:00 [running]> on host 7127e26385ba
[2022-03-23 16:20:25,363] {warnings.py:110} WARNING - /home/***/.local/lib/python3.7/site-packages/***/utils/context.py:152: AirflowContextDeprecationWarning: Accessing 'execution_date' from the template is deprecated and will be removed in a future version. Please use 'data_interval_start' or 'logical_date' instead.
  warnings.warn(_create_deprecation_warning(key, self._deprecation_replacements[key]))

[2022-03-23 16:20:25,387] {taskinstance.py:1426} INFO - Exporting the following env vars:
AIRFLOW_CTX_DAG_OWNER=***
AIRFLOW_CTX_DAG_ID=dtc_project_ingest
AIRFLOW_CTX_TASK_ID=bigquery_external_table_task
AIRFLOW_CTX_EXECUTION_DATE=2019-06-02T06:00:00+00:00
AIRFLOW_CTX_DAG_RUN_ID=scheduled__2019-06-02T06:00:00+00:00
[2022-03-23 16:20:25,389] {crypto.py:82} WARNING - empty cryptography key - values will not be stored encrypted.
[2022-03-23 16:20:27,017] {taskinstance.py:1277} INFO - Marking task as SUCCESS. dag_id=dtc_project_ingest, task_id=bigquery_external_table_task, execution_date=20190602T060000, start_date=20220323T162025, end_date=20220323T162027
[2022-03-23 16:20:27,087] {local_task_job.py:154} INFO - Task exited with return code 0
[2022-03-23 16:20:27,125] {local_task_job.py:264} INFO - 1 downstream tasks scheduled from follow-on schedule check
[2022-03-26 11:11:39,490] {taskinstance.py:1032} INFO - Dependencies all met for <TaskInstance: dtc_project_ingest.bigquery_external_table_task scheduled__2019-06-02T06:00:00+00:00 [queued]>
[2022-03-26 11:11:39,505] {taskinstance.py:1032} INFO - Dependencies all met for <TaskInstance: dtc_project_ingest.bigquery_external_table_task scheduled__2019-06-02T06:00:00+00:00 [queued]>
[2022-03-26 11:11:39,506] {taskinstance.py:1238} INFO - 
--------------------------------------------------------------------------------
[2022-03-26 11:11:39,506] {taskinstance.py:1239} INFO - Starting attempt 1 of 2
[2022-03-26 11:11:39,507] {taskinstance.py:1240} INFO - 
--------------------------------------------------------------------------------
[2022-03-26 11:11:39,521] {taskinstance.py:1259} INFO - Executing <Task(BigQueryCreateExternalTableOperator): bigquery_external_table_task> on 2019-06-02 06:00:00+00:00
[2022-03-26 11:11:39,528] {standard_task_runner.py:52} INFO - Started process 7246 to run task
[2022-03-26 11:11:39,534] {standard_task_runner.py:76} INFO - Running: ['***', 'tasks', 'run', 'dtc_project_ingest', 'bigquery_external_table_task', 'scheduled__2019-06-02T06:00:00+00:00', '--job-id', '1391', '--raw', '--subdir', 'DAGS_FOLDER/project_data_ingestion.py', '--cfg-path', '/tmp/tmppbfdqojw', '--error-file', '/tmp/tmpc533wknc']
[2022-03-26 11:11:39,537] {standard_task_runner.py:77} INFO - Job 1391: Subtask bigquery_external_table_task
[2022-03-26 11:11:39,622] {logging_mixin.py:109} INFO - Running <TaskInstance: dtc_project_ingest.bigquery_external_table_task scheduled__2019-06-02T06:00:00+00:00 [running]> on host c800f4dda314
[2022-03-26 11:11:39,707] {taskinstance.py:1426} INFO - Exporting the following env vars:
AIRFLOW_CTX_DAG_OWNER=***
AIRFLOW_CTX_DAG_ID=dtc_project_ingest
AIRFLOW_CTX_TASK_ID=bigquery_external_table_task
AIRFLOW_CTX_EXECUTION_DATE=2019-06-02T06:00:00+00:00
AIRFLOW_CTX_DAG_RUN_ID=scheduled__2019-06-02T06:00:00+00:00
[2022-03-26 11:11:39,710] {crypto.py:82} WARNING - empty cryptography key - values will not be stored encrypted.
[2022-03-26 11:11:48,023] {taskinstance.py:1277} INFO - Marking task as SUCCESS. dag_id=dtc_project_ingest, task_id=bigquery_external_table_task, execution_date=20190602T060000, start_date=20220326T111139, end_date=20220326T111148
[2022-03-26 11:11:48,062] {local_task_job.py:154} INFO - Task exited with return code 0
[2022-03-26 11:11:48,098] {local_task_job.py:264} INFO - 1 downstream tasks scheduled from follow-on schedule check
