[2022-03-23 16:55:22,006] {taskinstance.py:1032} INFO - Dependencies all met for <TaskInstance: dtc_project_ingest.download_dataset_task scheduled__2021-03-02T06:00:00+00:00 [queued]>
[2022-03-23 16:55:22,017] {taskinstance.py:1032} INFO - Dependencies all met for <TaskInstance: dtc_project_ingest.download_dataset_task scheduled__2021-03-02T06:00:00+00:00 [queued]>
[2022-03-23 16:55:22,018] {taskinstance.py:1238} INFO - 
--------------------------------------------------------------------------------
[2022-03-23 16:55:22,019] {taskinstance.py:1239} INFO - Starting attempt 2 of 2
[2022-03-23 16:55:22,019] {taskinstance.py:1240} INFO - 
--------------------------------------------------------------------------------
[2022-03-23 16:55:22,031] {taskinstance.py:1259} INFO - Executing <Task(BashOperator): download_dataset_task> on 2021-03-02 06:00:00+00:00
[2022-03-23 16:55:22,037] {standard_task_runner.py:52} INFO - Started process 7007 to run task
[2022-03-23 16:55:22,041] {standard_task_runner.py:76} INFO - Running: ['***', 'tasks', 'run', 'dtc_project_ingest', 'download_dataset_task', 'scheduled__2021-03-02T06:00:00+00:00', '--job-id', '1126', '--raw', '--subdir', 'DAGS_FOLDER/project_data_ingestion.py', '--cfg-path', '/tmp/tmp1dcw79ko', '--error-file', '/tmp/tmpnnazva6y']
[2022-03-23 16:55:22,042] {standard_task_runner.py:77} INFO - Job 1126: Subtask download_dataset_task
[2022-03-23 16:55:22,109] {logging_mixin.py:109} INFO - Running <TaskInstance: dtc_project_ingest.download_dataset_task scheduled__2021-03-02T06:00:00+00:00 [running]> on host 7127e26385ba
[2022-03-23 16:55:22,153] {warnings.py:110} WARNING - /home/***/.local/lib/python3.7/site-packages/***/utils/context.py:152: AirflowContextDeprecationWarning: Accessing 'execution_date' from the template is deprecated and will be removed in a future version. Please use 'data_interval_start' or 'logical_date' instead.
  warnings.warn(_create_deprecation_warning(key, self._deprecation_replacements[key]))

[2022-03-23 16:55:22,174] {taskinstance.py:1426} INFO - Exporting the following env vars:
AIRFLOW_CTX_DAG_OWNER=***
AIRFLOW_CTX_DAG_ID=dtc_project_ingest
AIRFLOW_CTX_TASK_ID=download_dataset_task
AIRFLOW_CTX_EXECUTION_DATE=2021-03-02T06:00:00+00:00
AIRFLOW_CTX_DAG_RUN_ID=scheduled__2021-03-02T06:00:00+00:00
[2022-03-23 16:55:22,177] {subprocess.py:62} INFO - Tmp dir root location: 
 /tmp
[2022-03-23 16:55:22,178] {subprocess.py:74} INFO - Running command: ['bash', '-c', 'curl -sSL https://s3.amazonaws.com/tripdata/202103-citibike-tripdata.csv.zip > /opt/***/202103-citibike-tripdata.csv.zip']
[2022-03-23 16:55:22,196] {subprocess.py:85} INFO - Output:
[2022-03-23 16:56:21,246] {subprocess.py:93} INFO - Command exited with return code 0
[2022-03-23 16:56:21,291] {taskinstance.py:1277} INFO - Marking task as SUCCESS. dag_id=dtc_project_ingest, task_id=download_dataset_task, execution_date=20210302T060000, start_date=20220323T165522, end_date=20220323T165621
[2022-03-23 16:56:21,325] {local_task_job.py:154} INFO - Task exited with return code 0
[2022-03-23 16:56:21,368] {local_task_job.py:264} INFO - 1 downstream tasks scheduled from follow-on schedule check
