[2022-03-26 09:26:14,605] {taskinstance.py:1032} INFO - Dependencies all met for <TaskInstance: project_gcs_2_bq.bigquery_external_table_project_task manual__2022-03-26T09:25:37.428942+00:00 [queued]>
[2022-03-26 09:26:14,633] {taskinstance.py:1032} INFO - Dependencies all met for <TaskInstance: project_gcs_2_bq.bigquery_external_table_project_task manual__2022-03-26T09:25:37.428942+00:00 [queued]>
[2022-03-26 09:26:14,635] {taskinstance.py:1238} INFO - 
--------------------------------------------------------------------------------
[2022-03-26 09:26:14,637] {taskinstance.py:1239} INFO - Starting attempt 1 of 2
[2022-03-26 09:26:14,639] {taskinstance.py:1240} INFO - 
--------------------------------------------------------------------------------
[2022-03-26 09:26:14,665] {taskinstance.py:1259} INFO - Executing <Task(BigQueryCreateExternalTableOperator): bigquery_external_table_project_task> on 2022-03-26 09:25:37.428942+00:00
[2022-03-26 09:26:14,688] {standard_task_runner.py:52} INFO - Started process 1763 to run task
[2022-03-26 09:26:14,719] {standard_task_runner.py:76} INFO - Running: ['***', 'tasks', 'run', 'project_gcs_2_bq', 'bigquery_external_table_project_task', 'manual__2022-03-26T09:25:37.428942+00:00', '--job-id', '1240', '--raw', '--subdir', 'DAGS_FOLDER/gcs_2_bq.py', '--cfg-path', '/tmp/tmp5hm0modc', '--error-file', '/tmp/tmpor6uz06t']
[2022-03-26 09:26:14,721] {standard_task_runner.py:77} INFO - Job 1240: Subtask bigquery_external_table_project_task
[2022-03-26 09:26:14,891] {logging_mixin.py:109} INFO - Running <TaskInstance: project_gcs_2_bq.bigquery_external_table_project_task manual__2022-03-26T09:25:37.428942+00:00 [running]> on host c800f4dda314
[2022-03-26 09:26:15,092] {taskinstance.py:1426} INFO - Exporting the following env vars:
AIRFLOW_CTX_DAG_OWNER=***
AIRFLOW_CTX_DAG_ID=project_gcs_2_bq
AIRFLOW_CTX_TASK_ID=bigquery_external_table_project_task
AIRFLOW_CTX_EXECUTION_DATE=2022-03-26T09:25:37.428942+00:00
AIRFLOW_CTX_DAG_RUN_ID=manual__2022-03-26T09:25:37.428942+00:00
[2022-03-26 09:26:15,096] {crypto.py:82} WARNING - empty cryptography key - values will not be stored encrypted.
[2022-03-26 09:26:16,236] {taskinstance.py:1277} INFO - Marking task as SUCCESS. dag_id=project_gcs_2_bq, task_id=bigquery_external_table_project_task, execution_date=20220326T092537, start_date=20220326T092614, end_date=20220326T092616
[2022-03-26 09:26:16,274] {local_task_job.py:154} INFO - Task exited with return code 0
[2022-03-26 09:26:16,326] {local_task_job.py:264} INFO - 0 downstream tasks scheduled from follow-on schedule check
