[2022-03-26 09:33:53,613] {taskinstance.py:1032} INFO - Dependencies all met for <TaskInstance: project_gcs_2_bq.bigquery_external_table_project_task manual__2022-03-26T09:25:37.428942+00:00 [queued]>
[2022-03-26 09:33:53,627] {taskinstance.py:1032} INFO - Dependencies all met for <TaskInstance: project_gcs_2_bq.bigquery_external_table_project_task manual__2022-03-26T09:25:37.428942+00:00 [queued]>
[2022-03-26 09:33:53,628] {taskinstance.py:1238} INFO - 
--------------------------------------------------------------------------------
[2022-03-26 09:33:53,629] {taskinstance.py:1239} INFO - Starting attempt 2 of 3
[2022-03-26 09:33:53,630] {taskinstance.py:1240} INFO - 
--------------------------------------------------------------------------------
[2022-03-26 09:33:53,644] {taskinstance.py:1259} INFO - Executing <Task(BigQueryCreateExternalTableOperator): bigquery_external_table_project_task> on 2022-03-26 09:25:37.428942+00:00
[2022-03-26 09:33:53,652] {standard_task_runner.py:52} INFO - Started process 2126 to run task
[2022-03-26 09:33:53,656] {standard_task_runner.py:76} INFO - Running: ['***', 'tasks', 'run', 'project_gcs_2_bq', 'bigquery_external_table_project_task', 'manual__2022-03-26T09:25:37.428942+00:00', '--job-id', '1246', '--raw', '--subdir', 'DAGS_FOLDER/gcs_2_bq.py', '--cfg-path', '/tmp/tmpyin03sjc', '--error-file', '/tmp/tmp72hg_w3w']
[2022-03-26 09:33:53,658] {standard_task_runner.py:77} INFO - Job 1246: Subtask bigquery_external_table_project_task
[2022-03-26 09:33:53,736] {logging_mixin.py:109} INFO - Running <TaskInstance: project_gcs_2_bq.bigquery_external_table_project_task manual__2022-03-26T09:25:37.428942+00:00 [running]> on host c800f4dda314
[2022-03-26 09:33:53,811] {taskinstance.py:1426} INFO - Exporting the following env vars:
AIRFLOW_CTX_DAG_OWNER=***
AIRFLOW_CTX_DAG_ID=project_gcs_2_bq
AIRFLOW_CTX_TASK_ID=bigquery_external_table_project_task
AIRFLOW_CTX_EXECUTION_DATE=2022-03-26T09:25:37.428942+00:00
AIRFLOW_CTX_DAG_RUN_ID=manual__2022-03-26T09:25:37.428942+00:00
[2022-03-26 09:33:53,814] {crypto.py:82} WARNING - empty cryptography key - values will not be stored encrypted.
[2022-03-26 09:33:55,005] {taskinstance.py:1277} INFO - Marking task as SUCCESS. dag_id=project_gcs_2_bq, task_id=bigquery_external_table_project_task, execution_date=20220326T092537, start_date=20220326T093353, end_date=20220326T093355
[2022-03-26 09:33:55,047] {local_task_job.py:154} INFO - Task exited with return code 0
[2022-03-26 09:33:55,097] {local_task_job.py:264} INFO - 0 downstream tasks scheduled from follow-on schedule check
