[2022-03-23 09:27:25,737] {taskinstance.py:1032} INFO - Dependencies all met for <TaskInstance: dtc_project_ingest.format_to_parquet_task scheduled__2020-09-02T06:00:00+00:00 [queued]>
[2022-03-23 09:27:25,754] {taskinstance.py:1032} INFO - Dependencies all met for <TaskInstance: dtc_project_ingest.format_to_parquet_task scheduled__2020-09-02T06:00:00+00:00 [queued]>
[2022-03-23 09:27:25,754] {taskinstance.py:1238} INFO - 
--------------------------------------------------------------------------------
[2022-03-23 09:27:25,755] {taskinstance.py:1239} INFO - Starting attempt 1 of 2
[2022-03-23 09:27:25,756] {taskinstance.py:1240} INFO - 
--------------------------------------------------------------------------------
[2022-03-23 09:27:25,767] {taskinstance.py:1259} INFO - Executing <Task(PythonOperator): format_to_parquet_task> on 2020-09-02 06:00:00+00:00
[2022-03-23 09:27:25,773] {standard_task_runner.py:52} INFO - Started process 2571 to run task
[2022-03-23 09:27:25,781] {standard_task_runner.py:76} INFO - Running: ['***', 'tasks', 'run', 'dtc_project_ingest', 'format_to_parquet_task', 'scheduled__2020-09-02T06:00:00+00:00', '--job-id', '768', '--raw', '--subdir', 'DAGS_FOLDER/project_data_ingestion.py', '--cfg-path', '/tmp/tmpvyuc9kkg', '--error-file', '/tmp/tmp9n3ex6r2']
[2022-03-23 09:27:25,783] {standard_task_runner.py:77} INFO - Job 768: Subtask format_to_parquet_task
[2022-03-23 09:27:25,863] {logging_mixin.py:109} INFO - Running <TaskInstance: dtc_project_ingest.format_to_parquet_task scheduled__2020-09-02T06:00:00+00:00 [running]> on host 7127e26385ba
[2022-03-23 09:27:25,905] {warnings.py:110} WARNING - /home/***/.local/lib/python3.7/site-packages/***/utils/context.py:152: AirflowContextDeprecationWarning: Accessing 'execution_date' from the template is deprecated and will be removed in a future version. Please use 'data_interval_start' or 'logical_date' instead.
  warnings.warn(_create_deprecation_warning(key, self._deprecation_replacements[key]))

[2022-03-23 09:27:25,932] {taskinstance.py:1426} INFO - Exporting the following env vars:
AIRFLOW_CTX_DAG_OWNER=***
AIRFLOW_CTX_DAG_ID=dtc_project_ingest
AIRFLOW_CTX_TASK_ID=format_to_parquet_task
AIRFLOW_CTX_EXECUTION_DATE=2020-09-02T06:00:00+00:00
AIRFLOW_CTX_DAG_RUN_ID=scheduled__2020-09-02T06:00:00+00:00
[2022-03-23 09:27:31,516] {python.py:175} INFO - Done. Returned value was: None
[2022-03-23 09:27:31,530] {taskinstance.py:1277} INFO - Marking task as SUCCESS. dag_id=dtc_project_ingest, task_id=format_to_parquet_task, execution_date=20200902T060000, start_date=20220323T092725, end_date=20220323T092731
[2022-03-23 09:27:31,712] {local_task_job.py:154} INFO - Task exited with return code 0
[2022-03-23 09:27:31,758] {local_task_job.py:264} INFO - 0 downstream tasks scheduled from follow-on schedule check
[2022-03-23 16:37:22,733] {taskinstance.py:1032} INFO - Dependencies all met for <TaskInstance: dtc_project_ingest.format_to_parquet_task scheduled__2020-09-02T06:00:00+00:00 [queued]>
[2022-03-23 16:37:22,748] {taskinstance.py:1032} INFO - Dependencies all met for <TaskInstance: dtc_project_ingest.format_to_parquet_task scheduled__2020-09-02T06:00:00+00:00 [queued]>
[2022-03-23 16:37:22,749] {taskinstance.py:1238} INFO - 
--------------------------------------------------------------------------------
[2022-03-23 16:37:22,750] {taskinstance.py:1239} INFO - Starting attempt 1 of 2
[2022-03-23 16:37:22,751] {taskinstance.py:1240} INFO - 
--------------------------------------------------------------------------------
[2022-03-23 16:37:22,766] {taskinstance.py:1259} INFO - Executing <Task(PythonOperator): format_to_parquet_task> on 2020-09-02 06:00:00+00:00
[2022-03-23 16:37:22,772] {standard_task_runner.py:52} INFO - Started process 6024 to run task
[2022-03-23 16:37:22,777] {standard_task_runner.py:76} INFO - Running: ['***', 'tasks', 'run', 'dtc_project_ingest', 'format_to_parquet_task', 'scheduled__2020-09-02T06:00:00+00:00', '--job-id', '1090', '--raw', '--subdir', 'DAGS_FOLDER/project_data_ingestion.py', '--cfg-path', '/tmp/tmpjksnnr5u', '--error-file', '/tmp/tmpy27jfm_k']
[2022-03-23 16:37:22,779] {standard_task_runner.py:77} INFO - Job 1090: Subtask format_to_parquet_task
[2022-03-23 16:37:22,889] {logging_mixin.py:109} INFO - Running <TaskInstance: dtc_project_ingest.format_to_parquet_task scheduled__2020-09-02T06:00:00+00:00 [running]> on host 7127e26385ba
[2022-03-23 16:37:22,941] {warnings.py:110} WARNING - /home/***/.local/lib/python3.7/site-packages/***/utils/context.py:152: AirflowContextDeprecationWarning: Accessing 'execution_date' from the template is deprecated and will be removed in a future version. Please use 'data_interval_start' or 'logical_date' instead.
  warnings.warn(_create_deprecation_warning(key, self._deprecation_replacements[key]))

[2022-03-23 16:37:22,967] {taskinstance.py:1426} INFO - Exporting the following env vars:
AIRFLOW_CTX_DAG_OWNER=***
AIRFLOW_CTX_DAG_ID=dtc_project_ingest
AIRFLOW_CTX_TASK_ID=format_to_parquet_task
AIRFLOW_CTX_EXECUTION_DATE=2020-09-02T06:00:00+00:00
AIRFLOW_CTX_DAG_RUN_ID=scheduled__2020-09-02T06:00:00+00:00
[2022-03-23 16:37:30,045] {python.py:175} INFO - Done. Returned value was: None
[2022-03-23 16:37:30,063] {taskinstance.py:1277} INFO - Marking task as SUCCESS. dag_id=dtc_project_ingest, task_id=format_to_parquet_task, execution_date=20200902T060000, start_date=20220323T163722, end_date=20220323T163730
[2022-03-23 16:37:30,270] {local_task_job.py:154} INFO - Task exited with return code 0
[2022-03-23 16:37:30,319] {local_task_job.py:264} INFO - 1 downstream tasks scheduled from follow-on schedule check
[2022-03-26 11:28:47,381] {taskinstance.py:1032} INFO - Dependencies all met for <TaskInstance: dtc_project_ingest.format_to_parquet_task scheduled__2020-09-02T06:00:00+00:00 [queued]>
[2022-03-26 11:28:47,393] {taskinstance.py:1032} INFO - Dependencies all met for <TaskInstance: dtc_project_ingest.format_to_parquet_task scheduled__2020-09-02T06:00:00+00:00 [queued]>
[2022-03-26 11:28:47,395] {taskinstance.py:1238} INFO - 
--------------------------------------------------------------------------------
[2022-03-26 11:28:47,395] {taskinstance.py:1239} INFO - Starting attempt 1 of 2
[2022-03-26 11:28:47,396] {taskinstance.py:1240} INFO - 
--------------------------------------------------------------------------------
[2022-03-26 11:28:47,407] {taskinstance.py:1259} INFO - Executing <Task(PythonOperator): format_to_parquet_task> on 2020-09-02 06:00:00+00:00
[2022-03-26 11:28:47,414] {standard_task_runner.py:52} INFO - Started process 8283 to run task
[2022-03-26 11:28:47,418] {standard_task_runner.py:76} INFO - Running: ['***', 'tasks', 'run', 'dtc_project_ingest', 'format_to_parquet_task', 'scheduled__2020-09-02T06:00:00+00:00', '--job-id', '1448', '--raw', '--subdir', 'DAGS_FOLDER/project_data_ingestion.py', '--cfg-path', '/tmp/tmpo97rcnkn', '--error-file', '/tmp/tmp7kqz8znm']
[2022-03-26 11:28:47,419] {standard_task_runner.py:77} INFO - Job 1448: Subtask format_to_parquet_task
[2022-03-26 11:28:47,483] {logging_mixin.py:109} INFO - Running <TaskInstance: dtc_project_ingest.format_to_parquet_task scheduled__2020-09-02T06:00:00+00:00 [running]> on host c800f4dda314
[2022-03-26 11:28:47,525] {warnings.py:110} WARNING - /home/***/.local/lib/python3.7/site-packages/***/utils/context.py:152: AirflowContextDeprecationWarning: Accessing 'execution_date' from the template is deprecated and will be removed in a future version. Please use 'data_interval_start' or 'logical_date' instead.
  warnings.warn(_create_deprecation_warning(key, self._deprecation_replacements[key]))

[2022-03-26 11:28:47,549] {taskinstance.py:1426} INFO - Exporting the following env vars:
AIRFLOW_CTX_DAG_OWNER=***
AIRFLOW_CTX_DAG_ID=dtc_project_ingest
AIRFLOW_CTX_TASK_ID=format_to_parquet_task
AIRFLOW_CTX_EXECUTION_DATE=2020-09-02T06:00:00+00:00
AIRFLOW_CTX_DAG_RUN_ID=scheduled__2020-09-02T06:00:00+00:00
[2022-03-26 11:28:56,328] {python.py:175} INFO - Done. Returned value was: None
[2022-03-26 11:28:56,358] {taskinstance.py:1277} INFO - Marking task as SUCCESS. dag_id=dtc_project_ingest, task_id=format_to_parquet_task, execution_date=20200902T060000, start_date=20220326T112847, end_date=20220326T112856
[2022-03-26 11:28:56,585] {local_task_job.py:154} INFO - Task exited with return code 0
[2022-03-26 11:28:56,636] {local_task_job.py:264} INFO - 1 downstream tasks scheduled from follow-on schedule check
[2022-03-26 15:47:37,475] {taskinstance.py:1032} INFO - Dependencies all met for <TaskInstance: dtc_project_ingest.format_to_parquet_task scheduled__2020-09-02T06:00:00+00:00 [queued]>
[2022-03-26 15:47:37,490] {taskinstance.py:1032} INFO - Dependencies all met for <TaskInstance: dtc_project_ingest.format_to_parquet_task scheduled__2020-09-02T06:00:00+00:00 [queued]>
[2022-03-26 15:47:37,491] {taskinstance.py:1238} INFO - 
--------------------------------------------------------------------------------
[2022-03-26 15:47:37,492] {taskinstance.py:1239} INFO - Starting attempt 1 of 2
[2022-03-26 15:47:37,493] {taskinstance.py:1240} INFO - 
--------------------------------------------------------------------------------
[2022-03-26 15:47:37,505] {taskinstance.py:1259} INFO - Executing <Task(PythonOperator): format_to_parquet_task> on 2020-09-02 06:00:00+00:00
[2022-03-26 15:47:37,511] {standard_task_runner.py:52} INFO - Started process 21320 to run task
[2022-03-26 15:47:37,516] {standard_task_runner.py:76} INFO - Running: ['***', 'tasks', 'run', 'dtc_project_ingest', 'format_to_parquet_task', 'scheduled__2020-09-02T06:00:00+00:00', '--job-id', '1672', '--raw', '--subdir', 'DAGS_FOLDER/project_data_ingestion.py', '--cfg-path', '/tmp/tmplio8ptmk', '--error-file', '/tmp/tmpbkkq21xd']
[2022-03-26 15:47:37,517] {standard_task_runner.py:77} INFO - Job 1672: Subtask format_to_parquet_task
[2022-03-26 15:47:37,581] {logging_mixin.py:109} INFO - Running <TaskInstance: dtc_project_ingest.format_to_parquet_task scheduled__2020-09-02T06:00:00+00:00 [running]> on host c800f4dda314
[2022-03-26 15:47:37,624] {warnings.py:110} WARNING - /home/***/.local/lib/python3.7/site-packages/***/utils/context.py:152: AirflowContextDeprecationWarning: Accessing 'execution_date' from the template is deprecated and will be removed in a future version. Please use 'data_interval_start' or 'logical_date' instead.
  warnings.warn(_create_deprecation_warning(key, self._deprecation_replacements[key]))

[2022-03-26 15:47:37,649] {taskinstance.py:1426} INFO - Exporting the following env vars:
AIRFLOW_CTX_DAG_OWNER=***
AIRFLOW_CTX_DAG_ID=dtc_project_ingest
AIRFLOW_CTX_TASK_ID=format_to_parquet_task
AIRFLOW_CTX_EXECUTION_DATE=2020-09-02T06:00:00+00:00
AIRFLOW_CTX_DAG_RUN_ID=scheduled__2020-09-02T06:00:00+00:00
[2022-03-26 15:47:44,901] {python.py:175} INFO - Done. Returned value was: None
[2022-03-26 15:47:44,923] {taskinstance.py:1277} INFO - Marking task as SUCCESS. dag_id=dtc_project_ingest, task_id=format_to_parquet_task, execution_date=20200902T060000, start_date=20220326T154737, end_date=20220326T154744
[2022-03-26 15:47:45,169] {local_task_job.py:154} INFO - Task exited with return code 0
[2022-03-26 15:47:45,254] {local_task_job.py:264} INFO - 1 downstream tasks scheduled from follow-on schedule check
