[2022-03-23 09:21:52,232] {taskinstance.py:1032} INFO - Dependencies all met for <TaskInstance: dtc_project_ingest.format_to_parquet_task scheduled__2020-07-02T06:00:00+00:00 [queued]>
[2022-03-23 09:21:52,244] {taskinstance.py:1032} INFO - Dependencies all met for <TaskInstance: dtc_project_ingest.format_to_parquet_task scheduled__2020-07-02T06:00:00+00:00 [queued]>
[2022-03-23 09:21:52,245] {taskinstance.py:1238} INFO - 
--------------------------------------------------------------------------------
[2022-03-23 09:21:52,245] {taskinstance.py:1239} INFO - Starting attempt 1 of 2
[2022-03-23 09:21:52,246] {taskinstance.py:1240} INFO - 
--------------------------------------------------------------------------------
[2022-03-23 09:21:52,257] {taskinstance.py:1259} INFO - Executing <Task(PythonOperator): format_to_parquet_task> on 2020-07-02 06:00:00+00:00
[2022-03-23 09:21:52,264] {standard_task_runner.py:52} INFO - Started process 2241 to run task
[2022-03-23 09:21:52,268] {standard_task_runner.py:76} INFO - Running: ['***', 'tasks', 'run', 'dtc_project_ingest', 'format_to_parquet_task', 'scheduled__2020-07-02T06:00:00+00:00', '--job-id', '756', '--raw', '--subdir', 'DAGS_FOLDER/project_data_ingestion.py', '--cfg-path', '/tmp/tmpv0d8ynbw', '--error-file', '/tmp/tmp2_v96qmr']
[2022-03-23 09:21:52,270] {standard_task_runner.py:77} INFO - Job 756: Subtask format_to_parquet_task
[2022-03-23 09:21:52,338] {logging_mixin.py:109} INFO - Running <TaskInstance: dtc_project_ingest.format_to_parquet_task scheduled__2020-07-02T06:00:00+00:00 [running]> on host 7127e26385ba
[2022-03-23 09:21:52,377] {warnings.py:110} WARNING - /home/***/.local/lib/python3.7/site-packages/***/utils/context.py:152: AirflowContextDeprecationWarning: Accessing 'execution_date' from the template is deprecated and will be removed in a future version. Please use 'data_interval_start' or 'logical_date' instead.
  warnings.warn(_create_deprecation_warning(key, self._deprecation_replacements[key]))

[2022-03-23 09:21:52,401] {taskinstance.py:1426} INFO - Exporting the following env vars:
AIRFLOW_CTX_DAG_OWNER=***
AIRFLOW_CTX_DAG_ID=dtc_project_ingest
AIRFLOW_CTX_TASK_ID=format_to_parquet_task
AIRFLOW_CTX_EXECUTION_DATE=2020-07-02T06:00:00+00:00
AIRFLOW_CTX_DAG_RUN_ID=scheduled__2020-07-02T06:00:00+00:00
[2022-03-23 09:21:57,476] {python.py:175} INFO - Done. Returned value was: None
[2022-03-23 09:21:57,488] {taskinstance.py:1277} INFO - Marking task as SUCCESS. dag_id=dtc_project_ingest, task_id=format_to_parquet_task, execution_date=20200702T060000, start_date=20220323T092152, end_date=20220323T092157
[2022-03-23 09:21:57,636] {local_task_job.py:154} INFO - Task exited with return code 0
[2022-03-23 09:21:57,677] {local_task_job.py:264} INFO - 1 downstream tasks scheduled from follow-on schedule check
[2022-03-23 16:31:48,511] {taskinstance.py:1032} INFO - Dependencies all met for <TaskInstance: dtc_project_ingest.format_to_parquet_task scheduled__2020-07-02T06:00:00+00:00 [queued]>
[2022-03-23 16:31:48,526] {taskinstance.py:1032} INFO - Dependencies all met for <TaskInstance: dtc_project_ingest.format_to_parquet_task scheduled__2020-07-02T06:00:00+00:00 [queued]>
[2022-03-23 16:31:48,527] {taskinstance.py:1238} INFO - 
--------------------------------------------------------------------------------
[2022-03-23 16:31:48,528] {taskinstance.py:1239} INFO - Starting attempt 1 of 2
[2022-03-23 16:31:48,528] {taskinstance.py:1240} INFO - 
--------------------------------------------------------------------------------
[2022-03-23 16:31:48,540] {taskinstance.py:1259} INFO - Executing <Task(PythonOperator): format_to_parquet_task> on 2020-07-02 06:00:00+00:00
[2022-03-23 16:31:48,552] {standard_task_runner.py:52} INFO - Started process 5711 to run task
[2022-03-23 16:31:48,569] {standard_task_runner.py:76} INFO - Running: ['***', 'tasks', 'run', 'dtc_project_ingest', 'format_to_parquet_task', 'scheduled__2020-07-02T06:00:00+00:00', '--job-id', '1078', '--raw', '--subdir', 'DAGS_FOLDER/project_data_ingestion.py', '--cfg-path', '/tmp/tmpm777zy73', '--error-file', '/tmp/tmpbhrwdx02']
[2022-03-23 16:31:48,572] {standard_task_runner.py:77} INFO - Job 1078: Subtask format_to_parquet_task
[2022-03-23 16:31:48,649] {logging_mixin.py:109} INFO - Running <TaskInstance: dtc_project_ingest.format_to_parquet_task scheduled__2020-07-02T06:00:00+00:00 [running]> on host 7127e26385ba
[2022-03-23 16:31:48,695] {warnings.py:110} WARNING - /home/***/.local/lib/python3.7/site-packages/***/utils/context.py:152: AirflowContextDeprecationWarning: Accessing 'execution_date' from the template is deprecated and will be removed in a future version. Please use 'data_interval_start' or 'logical_date' instead.
  warnings.warn(_create_deprecation_warning(key, self._deprecation_replacements[key]))

[2022-03-23 16:31:48,722] {taskinstance.py:1426} INFO - Exporting the following env vars:
AIRFLOW_CTX_DAG_OWNER=***
AIRFLOW_CTX_DAG_ID=dtc_project_ingest
AIRFLOW_CTX_TASK_ID=format_to_parquet_task
AIRFLOW_CTX_EXECUTION_DATE=2020-07-02T06:00:00+00:00
AIRFLOW_CTX_DAG_RUN_ID=scheduled__2020-07-02T06:00:00+00:00
[2022-03-23 16:31:54,462] {python.py:175} INFO - Done. Returned value was: None
[2022-03-23 16:31:54,550] {taskinstance.py:1277} INFO - Marking task as SUCCESS. dag_id=dtc_project_ingest, task_id=format_to_parquet_task, execution_date=20200702T060000, start_date=20220323T163148, end_date=20220323T163154
[2022-03-23 16:31:54,810] {local_task_job.py:154} INFO - Task exited with return code 0
[2022-03-23 16:31:54,870] {local_task_job.py:264} INFO - 1 downstream tasks scheduled from follow-on schedule check
[2022-03-26 11:26:11,181] {taskinstance.py:1032} INFO - Dependencies all met for <TaskInstance: dtc_project_ingest.format_to_parquet_task scheduled__2020-07-02T06:00:00+00:00 [queued]>
[2022-03-26 11:26:11,196] {taskinstance.py:1032} INFO - Dependencies all met for <TaskInstance: dtc_project_ingest.format_to_parquet_task scheduled__2020-07-02T06:00:00+00:00 [queued]>
[2022-03-26 11:26:11,197] {taskinstance.py:1238} INFO - 
--------------------------------------------------------------------------------
[2022-03-26 11:26:11,198] {taskinstance.py:1239} INFO - Starting attempt 1 of 2
[2022-03-26 11:26:11,199] {taskinstance.py:1240} INFO - 
--------------------------------------------------------------------------------
[2022-03-26 11:26:11,213] {taskinstance.py:1259} INFO - Executing <Task(PythonOperator): format_to_parquet_task> on 2020-07-02 06:00:00+00:00
[2022-03-26 11:26:11,221] {standard_task_runner.py:52} INFO - Started process 8126 to run task
[2022-03-26 11:26:11,226] {standard_task_runner.py:76} INFO - Running: ['***', 'tasks', 'run', 'dtc_project_ingest', 'format_to_parquet_task', 'scheduled__2020-07-02T06:00:00+00:00', '--job-id', '1441', '--raw', '--subdir', 'DAGS_FOLDER/project_data_ingestion.py', '--cfg-path', '/tmp/tmp75jh6lt4', '--error-file', '/tmp/tmpfyqjtmv8']
[2022-03-26 11:26:11,228] {standard_task_runner.py:77} INFO - Job 1441: Subtask format_to_parquet_task
[2022-03-26 11:26:11,319] {logging_mixin.py:109} INFO - Running <TaskInstance: dtc_project_ingest.format_to_parquet_task scheduled__2020-07-02T06:00:00+00:00 [running]> on host c800f4dda314
[2022-03-26 11:26:11,366] {warnings.py:110} WARNING - /home/***/.local/lib/python3.7/site-packages/***/utils/context.py:152: AirflowContextDeprecationWarning: Accessing 'execution_date' from the template is deprecated and will be removed in a future version. Please use 'data_interval_start' or 'logical_date' instead.
  warnings.warn(_create_deprecation_warning(key, self._deprecation_replacements[key]))

[2022-03-26 11:26:11,394] {taskinstance.py:1426} INFO - Exporting the following env vars:
AIRFLOW_CTX_DAG_OWNER=***
AIRFLOW_CTX_DAG_ID=dtc_project_ingest
AIRFLOW_CTX_TASK_ID=format_to_parquet_task
AIRFLOW_CTX_EXECUTION_DATE=2020-07-02T06:00:00+00:00
AIRFLOW_CTX_DAG_RUN_ID=scheduled__2020-07-02T06:00:00+00:00
[2022-03-26 11:26:18,465] {python.py:175} INFO - Done. Returned value was: None
[2022-03-26 11:26:18,500] {taskinstance.py:1277} INFO - Marking task as SUCCESS. dag_id=dtc_project_ingest, task_id=format_to_parquet_task, execution_date=20200702T060000, start_date=20220326T112611, end_date=20220326T112618
[2022-03-26 11:26:18,765] {local_task_job.py:154} INFO - Task exited with return code 0
[2022-03-26 11:26:18,878] {local_task_job.py:264} INFO - 1 downstream tasks scheduled from follow-on schedule check
[2022-03-26 15:46:10,110] {taskinstance.py:1032} INFO - Dependencies all met for <TaskInstance: dtc_project_ingest.format_to_parquet_task scheduled__2020-07-02T06:00:00+00:00 [queued]>
[2022-03-26 15:46:10,124] {taskinstance.py:1032} INFO - Dependencies all met for <TaskInstance: dtc_project_ingest.format_to_parquet_task scheduled__2020-07-02T06:00:00+00:00 [queued]>
[2022-03-26 15:46:10,125] {taskinstance.py:1238} INFO - 
--------------------------------------------------------------------------------
[2022-03-26 15:46:10,127] {taskinstance.py:1239} INFO - Starting attempt 1 of 2
[2022-03-26 15:46:10,128] {taskinstance.py:1240} INFO - 
--------------------------------------------------------------------------------
[2022-03-26 15:46:10,141] {taskinstance.py:1259} INFO - Executing <Task(PythonOperator): format_to_parquet_task> on 2020-07-02 06:00:00+00:00
[2022-03-26 15:46:10,149] {standard_task_runner.py:52} INFO - Started process 21219 to run task
[2022-03-26 15:46:10,153] {standard_task_runner.py:76} INFO - Running: ['***', 'tasks', 'run', 'dtc_project_ingest', 'format_to_parquet_task', 'scheduled__2020-07-02T06:00:00+00:00', '--job-id', '1664', '--raw', '--subdir', 'DAGS_FOLDER/project_data_ingestion.py', '--cfg-path', '/tmp/tmp90lyoxdp', '--error-file', '/tmp/tmp_2v8wewr']
[2022-03-26 15:46:10,155] {standard_task_runner.py:77} INFO - Job 1664: Subtask format_to_parquet_task
[2022-03-26 15:46:10,232] {logging_mixin.py:109} INFO - Running <TaskInstance: dtc_project_ingest.format_to_parquet_task scheduled__2020-07-02T06:00:00+00:00 [running]> on host c800f4dda314
[2022-03-26 15:46:10,279] {warnings.py:110} WARNING - /home/***/.local/lib/python3.7/site-packages/***/utils/context.py:152: AirflowContextDeprecationWarning: Accessing 'execution_date' from the template is deprecated and will be removed in a future version. Please use 'data_interval_start' or 'logical_date' instead.
  warnings.warn(_create_deprecation_warning(key, self._deprecation_replacements[key]))

[2022-03-26 15:46:10,308] {taskinstance.py:1426} INFO - Exporting the following env vars:
AIRFLOW_CTX_DAG_OWNER=***
AIRFLOW_CTX_DAG_ID=dtc_project_ingest
AIRFLOW_CTX_TASK_ID=format_to_parquet_task
AIRFLOW_CTX_EXECUTION_DATE=2020-07-02T06:00:00+00:00
AIRFLOW_CTX_DAG_RUN_ID=scheduled__2020-07-02T06:00:00+00:00
[2022-03-26 15:46:17,835] {python.py:175} INFO - Done. Returned value was: None
[2022-03-26 15:46:17,860] {taskinstance.py:1277} INFO - Marking task as SUCCESS. dag_id=dtc_project_ingest, task_id=format_to_parquet_task, execution_date=20200702T060000, start_date=20220326T154610, end_date=20220326T154617
[2022-03-26 15:46:18,104] {local_task_job.py:154} INFO - Task exited with return code 0
[2022-03-26 15:46:18,206] {local_task_job.py:264} INFO - 0 downstream tasks scheduled from follow-on schedule check
