[2022-03-23 09:26:51,024] {taskinstance.py:1032} INFO - Dependencies all met for <TaskInstance: dtc_project_ingest.format_to_parquet_task scheduled__2020-10-02T06:00:00+00:00 [queued]>
[2022-03-23 09:26:51,037] {taskinstance.py:1032} INFO - Dependencies all met for <TaskInstance: dtc_project_ingest.format_to_parquet_task scheduled__2020-10-02T06:00:00+00:00 [queued]>
[2022-03-23 09:26:51,038] {taskinstance.py:1238} INFO - 
--------------------------------------------------------------------------------
[2022-03-23 09:26:51,038] {taskinstance.py:1239} INFO - Starting attempt 1 of 2
[2022-03-23 09:26:51,039] {taskinstance.py:1240} INFO - 
--------------------------------------------------------------------------------
[2022-03-23 09:26:51,052] {taskinstance.py:1259} INFO - Executing <Task(PythonOperator): format_to_parquet_task> on 2020-10-02 06:00:00+00:00
[2022-03-23 09:26:51,059] {standard_task_runner.py:52} INFO - Started process 2529 to run task
[2022-03-23 09:26:51,063] {standard_task_runner.py:76} INFO - Running: ['***', 'tasks', 'run', 'dtc_project_ingest', 'format_to_parquet_task', 'scheduled__2020-10-02T06:00:00+00:00', '--job-id', '766', '--raw', '--subdir', 'DAGS_FOLDER/project_data_ingestion.py', '--cfg-path', '/tmp/tmpqn_3kfug', '--error-file', '/tmp/tmpr0dbytjm']
[2022-03-23 09:26:51,064] {standard_task_runner.py:77} INFO - Job 766: Subtask format_to_parquet_task
[2022-03-23 09:26:51,130] {logging_mixin.py:109} INFO - Running <TaskInstance: dtc_project_ingest.format_to_parquet_task scheduled__2020-10-02T06:00:00+00:00 [running]> on host 7127e26385ba
[2022-03-23 09:26:51,171] {warnings.py:110} WARNING - /home/***/.local/lib/python3.7/site-packages/***/utils/context.py:152: AirflowContextDeprecationWarning: Accessing 'execution_date' from the template is deprecated and will be removed in a future version. Please use 'data_interval_start' or 'logical_date' instead.
  warnings.warn(_create_deprecation_warning(key, self._deprecation_replacements[key]))

[2022-03-23 09:26:51,198] {taskinstance.py:1426} INFO - Exporting the following env vars:
AIRFLOW_CTX_DAG_OWNER=***
AIRFLOW_CTX_DAG_ID=dtc_project_ingest
AIRFLOW_CTX_TASK_ID=format_to_parquet_task
AIRFLOW_CTX_EXECUTION_DATE=2020-10-02T06:00:00+00:00
AIRFLOW_CTX_DAG_RUN_ID=scheduled__2020-10-02T06:00:00+00:00
[2022-03-23 09:26:56,753] {python.py:175} INFO - Done. Returned value was: None
[2022-03-23 09:26:56,771] {taskinstance.py:1277} INFO - Marking task as SUCCESS. dag_id=dtc_project_ingest, task_id=format_to_parquet_task, execution_date=20201002T060000, start_date=20220323T092651, end_date=20220323T092656
[2022-03-23 09:26:56,980] {local_task_job.py:154} INFO - Task exited with return code 0
[2022-03-23 09:26:57,023] {local_task_job.py:264} INFO - 1 downstream tasks scheduled from follow-on schedule check
[2022-03-23 16:41:38,985] {taskinstance.py:1032} INFO - Dependencies all met for <TaskInstance: dtc_project_ingest.format_to_parquet_task scheduled__2020-10-02T06:00:00+00:00 [queued]>
[2022-03-23 16:41:39,000] {taskinstance.py:1032} INFO - Dependencies all met for <TaskInstance: dtc_project_ingest.format_to_parquet_task scheduled__2020-10-02T06:00:00+00:00 [queued]>
[2022-03-23 16:41:39,001] {taskinstance.py:1238} INFO - 
--------------------------------------------------------------------------------
[2022-03-23 16:41:39,001] {taskinstance.py:1239} INFO - Starting attempt 1 of 2
[2022-03-23 16:41:39,002] {taskinstance.py:1240} INFO - 
--------------------------------------------------------------------------------
[2022-03-23 16:41:39,014] {taskinstance.py:1259} INFO - Executing <Task(PythonOperator): format_to_parquet_task> on 2020-10-02 06:00:00+00:00
[2022-03-23 16:41:39,021] {standard_task_runner.py:52} INFO - Started process 6212 to run task
[2022-03-23 16:41:39,025] {standard_task_runner.py:76} INFO - Running: ['***', 'tasks', 'run', 'dtc_project_ingest', 'format_to_parquet_task', 'scheduled__2020-10-02T06:00:00+00:00', '--job-id', '1094', '--raw', '--subdir', 'DAGS_FOLDER/project_data_ingestion.py', '--cfg-path', '/tmp/tmprsohpj0f', '--error-file', '/tmp/tmp51il28m0']
[2022-03-23 16:41:39,030] {standard_task_runner.py:77} INFO - Job 1094: Subtask format_to_parquet_task
[2022-03-23 16:41:39,104] {logging_mixin.py:109} INFO - Running <TaskInstance: dtc_project_ingest.format_to_parquet_task scheduled__2020-10-02T06:00:00+00:00 [running]> on host 7127e26385ba
[2022-03-23 16:41:39,150] {warnings.py:110} WARNING - /home/***/.local/lib/python3.7/site-packages/***/utils/context.py:152: AirflowContextDeprecationWarning: Accessing 'execution_date' from the template is deprecated and will be removed in a future version. Please use 'data_interval_start' or 'logical_date' instead.
  warnings.warn(_create_deprecation_warning(key, self._deprecation_replacements[key]))

[2022-03-23 16:41:39,182] {taskinstance.py:1426} INFO - Exporting the following env vars:
AIRFLOW_CTX_DAG_OWNER=***
AIRFLOW_CTX_DAG_ID=dtc_project_ingest
AIRFLOW_CTX_TASK_ID=format_to_parquet_task
AIRFLOW_CTX_EXECUTION_DATE=2020-10-02T06:00:00+00:00
AIRFLOW_CTX_DAG_RUN_ID=scheduled__2020-10-02T06:00:00+00:00
[2022-03-23 16:41:45,422] {python.py:175} INFO - Done. Returned value was: None
[2022-03-23 16:41:45,439] {taskinstance.py:1277} INFO - Marking task as SUCCESS. dag_id=dtc_project_ingest, task_id=format_to_parquet_task, execution_date=20201002T060000, start_date=20220323T164138, end_date=20220323T164145
[2022-03-23 16:41:45,692] {local_task_job.py:154} INFO - Task exited with return code 0
[2022-03-23 16:41:45,744] {local_task_job.py:264} INFO - 1 downstream tasks scheduled from follow-on schedule check
[2022-03-26 11:34:43,150] {taskinstance.py:1032} INFO - Dependencies all met for <TaskInstance: dtc_project_ingest.format_to_parquet_task scheduled__2020-10-02T06:00:00+00:00 [queued]>
[2022-03-26 11:34:43,183] {taskinstance.py:1032} INFO - Dependencies all met for <TaskInstance: dtc_project_ingest.format_to_parquet_task scheduled__2020-10-02T06:00:00+00:00 [queued]>
[2022-03-26 11:34:43,183] {taskinstance.py:1238} INFO - 
--------------------------------------------------------------------------------
[2022-03-26 11:34:43,184] {taskinstance.py:1239} INFO - Starting attempt 1 of 2
[2022-03-26 11:34:43,190] {taskinstance.py:1240} INFO - 
--------------------------------------------------------------------------------
[2022-03-26 11:34:43,207] {taskinstance.py:1259} INFO - Executing <Task(PythonOperator): format_to_parquet_task> on 2020-10-02 06:00:00+00:00
[2022-03-26 11:34:43,222] {standard_task_runner.py:52} INFO - Started process 8651 to run task
[2022-03-26 11:34:43,234] {standard_task_runner.py:76} INFO - Running: ['***', 'tasks', 'run', 'dtc_project_ingest', 'format_to_parquet_task', 'scheduled__2020-10-02T06:00:00+00:00', '--job-id', '1466', '--raw', '--subdir', 'DAGS_FOLDER/project_data_ingestion.py', '--cfg-path', '/tmp/tmp70yv2r_j', '--error-file', '/tmp/tmp5ju21a8y']
[2022-03-26 11:34:43,236] {standard_task_runner.py:77} INFO - Job 1466: Subtask format_to_parquet_task
[2022-03-26 11:34:43,356] {logging_mixin.py:109} INFO - Running <TaskInstance: dtc_project_ingest.format_to_parquet_task scheduled__2020-10-02T06:00:00+00:00 [running]> on host c800f4dda314
[2022-03-26 11:34:43,530] {warnings.py:110} WARNING - /home/***/.local/lib/python3.7/site-packages/***/utils/context.py:152: AirflowContextDeprecationWarning: Accessing 'execution_date' from the template is deprecated and will be removed in a future version. Please use 'data_interval_start' or 'logical_date' instead.
  warnings.warn(_create_deprecation_warning(key, self._deprecation_replacements[key]))

[2022-03-26 11:34:43,629] {taskinstance.py:1426} INFO - Exporting the following env vars:
AIRFLOW_CTX_DAG_OWNER=***
AIRFLOW_CTX_DAG_ID=dtc_project_ingest
AIRFLOW_CTX_TASK_ID=format_to_parquet_task
AIRFLOW_CTX_EXECUTION_DATE=2020-10-02T06:00:00+00:00
AIRFLOW_CTX_DAG_RUN_ID=scheduled__2020-10-02T06:00:00+00:00
[2022-03-26 11:34:52,399] {python.py:175} INFO - Done. Returned value was: None
[2022-03-26 11:34:52,418] {taskinstance.py:1277} INFO - Marking task as SUCCESS. dag_id=dtc_project_ingest, task_id=format_to_parquet_task, execution_date=20201002T060000, start_date=20220326T113443, end_date=20220326T113452
[2022-03-26 11:34:52,633] {local_task_job.py:154} INFO - Task exited with return code 0
[2022-03-26 11:34:52,707] {local_task_job.py:264} INFO - 0 downstream tasks scheduled from follow-on schedule check
[2022-03-26 15:48:49,435] {taskinstance.py:1032} INFO - Dependencies all met for <TaskInstance: dtc_project_ingest.format_to_parquet_task scheduled__2020-10-02T06:00:00+00:00 [queued]>
[2022-03-26 15:48:49,447] {taskinstance.py:1032} INFO - Dependencies all met for <TaskInstance: dtc_project_ingest.format_to_parquet_task scheduled__2020-10-02T06:00:00+00:00 [queued]>
[2022-03-26 15:48:49,448] {taskinstance.py:1238} INFO - 
--------------------------------------------------------------------------------
[2022-03-26 15:48:49,449] {taskinstance.py:1239} INFO - Starting attempt 1 of 2
[2022-03-26 15:48:49,449] {taskinstance.py:1240} INFO - 
--------------------------------------------------------------------------------
[2022-03-26 15:48:49,465] {taskinstance.py:1259} INFO - Executing <Task(PythonOperator): format_to_parquet_task> on 2020-10-02 06:00:00+00:00
[2022-03-26 15:48:49,472] {standard_task_runner.py:52} INFO - Started process 21403 to run task
[2022-03-26 15:48:49,477] {standard_task_runner.py:76} INFO - Running: ['***', 'tasks', 'run', 'dtc_project_ingest', 'format_to_parquet_task', 'scheduled__2020-10-02T06:00:00+00:00', '--job-id', '1676', '--raw', '--subdir', 'DAGS_FOLDER/project_data_ingestion.py', '--cfg-path', '/tmp/tmpidnwckec', '--error-file', '/tmp/tmp64wd82xp']
[2022-03-26 15:48:49,479] {standard_task_runner.py:77} INFO - Job 1676: Subtask format_to_parquet_task
[2022-03-26 15:48:49,554] {logging_mixin.py:109} INFO - Running <TaskInstance: dtc_project_ingest.format_to_parquet_task scheduled__2020-10-02T06:00:00+00:00 [running]> on host c800f4dda314
[2022-03-26 15:48:49,598] {warnings.py:110} WARNING - /home/***/.local/lib/python3.7/site-packages/***/utils/context.py:152: AirflowContextDeprecationWarning: Accessing 'execution_date' from the template is deprecated and will be removed in a future version. Please use 'data_interval_start' or 'logical_date' instead.
  warnings.warn(_create_deprecation_warning(key, self._deprecation_replacements[key]))

[2022-03-26 15:48:49,624] {taskinstance.py:1426} INFO - Exporting the following env vars:
AIRFLOW_CTX_DAG_OWNER=***
AIRFLOW_CTX_DAG_ID=dtc_project_ingest
AIRFLOW_CTX_TASK_ID=format_to_parquet_task
AIRFLOW_CTX_EXECUTION_DATE=2020-10-02T06:00:00+00:00
AIRFLOW_CTX_DAG_RUN_ID=scheduled__2020-10-02T06:00:00+00:00
[2022-03-26 15:48:56,808] {python.py:175} INFO - Done. Returned value was: None
[2022-03-26 15:48:56,832] {taskinstance.py:1277} INFO - Marking task as SUCCESS. dag_id=dtc_project_ingest, task_id=format_to_parquet_task, execution_date=20201002T060000, start_date=20220326T154849, end_date=20220326T154856
[2022-03-26 15:48:57,110] {local_task_job.py:154} INFO - Task exited with return code 0
[2022-03-26 15:48:57,173] {local_task_job.py:264} INFO - 1 downstream tasks scheduled from follow-on schedule check
