[2022-03-23 09:31:51,849] {taskinstance.py:1032} INFO - Dependencies all met for <TaskInstance: dtc_project_ingest.rm_task scheduled__2021-02-02T06:00:00+00:00 [queued]>
[2022-03-23 09:31:51,861] {taskinstance.py:1032} INFO - Dependencies all met for <TaskInstance: dtc_project_ingest.rm_task scheduled__2021-02-02T06:00:00+00:00 [queued]>
[2022-03-23 09:31:51,862] {taskinstance.py:1238} INFO - 
--------------------------------------------------------------------------------
[2022-03-23 09:31:51,862] {taskinstance.py:1239} INFO - Starting attempt 1 of 2
[2022-03-23 09:31:51,863] {taskinstance.py:1240} INFO - 
--------------------------------------------------------------------------------
[2022-03-23 09:31:51,875] {taskinstance.py:1259} INFO - Executing <Task(BashOperator): rm_task> on 2021-02-02 06:00:00+00:00
[2022-03-23 09:31:51,887] {standard_task_runner.py:52} INFO - Started process 2899 to run task
[2022-03-23 09:31:51,892] {standard_task_runner.py:76} INFO - Running: ['***', 'tasks', 'run', 'dtc_project_ingest', 'rm_task', 'scheduled__2021-02-02T06:00:00+00:00', '--job-id', '790', '--raw', '--subdir', 'DAGS_FOLDER/project_data_ingestion.py', '--cfg-path', '/tmp/tmpy9hzulu2', '--error-file', '/tmp/tmpb8xwwju7']
[2022-03-23 09:31:51,894] {standard_task_runner.py:77} INFO - Job 790: Subtask rm_task
[2022-03-23 09:31:51,959] {logging_mixin.py:109} INFO - Running <TaskInstance: dtc_project_ingest.rm_task scheduled__2021-02-02T06:00:00+00:00 [running]> on host 7127e26385ba
[2022-03-23 09:31:52,002] {warnings.py:110} WARNING - /home/***/.local/lib/python3.7/site-packages/***/utils/context.py:152: AirflowContextDeprecationWarning: Accessing 'execution_date' from the template is deprecated and will be removed in a future version. Please use 'data_interval_start' or 'logical_date' instead.
  warnings.warn(_create_deprecation_warning(key, self._deprecation_replacements[key]))

[2022-03-23 09:31:52,026] {taskinstance.py:1426} INFO - Exporting the following env vars:
AIRFLOW_CTX_DAG_OWNER=***
AIRFLOW_CTX_DAG_ID=dtc_project_ingest
AIRFLOW_CTX_TASK_ID=rm_task
AIRFLOW_CTX_EXECUTION_DATE=2021-02-02T06:00:00+00:00
AIRFLOW_CTX_DAG_RUN_ID=scheduled__2021-02-02T06:00:00+00:00
[2022-03-23 09:31:52,028] {subprocess.py:62} INFO - Tmp dir root location: 
 /tmp
[2022-03-23 09:31:52,030] {subprocess.py:74} INFO - Running command: ['bash', '-c', 'rm /opt/***/202102-citibike-tripdata.csv /opt/***/202102-citibike-tripdata.parquet']
[2022-03-23 09:31:52,049] {subprocess.py:85} INFO - Output:
[2022-03-23 09:31:52,086] {subprocess.py:93} INFO - Command exited with return code 0
[2022-03-23 09:31:52,112] {taskinstance.py:1277} INFO - Marking task as SUCCESS. dag_id=dtc_project_ingest, task_id=rm_task, execution_date=20210202T060000, start_date=20220323T093151, end_date=20220323T093152
[2022-03-23 09:31:52,148] {local_task_job.py:154} INFO - Task exited with return code 0
[2022-03-23 09:31:52,180] {local_task_job.py:264} INFO - 0 downstream tasks scheduled from follow-on schedule check
[2022-03-23 16:48:16,974] {taskinstance.py:1032} INFO - Dependencies all met for <TaskInstance: dtc_project_ingest.rm_task scheduled__2021-02-02T06:00:00+00:00 [queued]>
[2022-03-23 16:48:16,994] {taskinstance.py:1032} INFO - Dependencies all met for <TaskInstance: dtc_project_ingest.rm_task scheduled__2021-02-02T06:00:00+00:00 [queued]>
[2022-03-23 16:48:16,995] {taskinstance.py:1238} INFO - 
--------------------------------------------------------------------------------
[2022-03-23 16:48:16,996] {taskinstance.py:1239} INFO - Starting attempt 1 of 2
[2022-03-23 16:48:16,997] {taskinstance.py:1240} INFO - 
--------------------------------------------------------------------------------
[2022-03-23 16:48:17,017] {taskinstance.py:1259} INFO - Executing <Task(BashOperator): rm_task> on 2021-02-02 06:00:00+00:00
[2022-03-23 16:48:17,030] {standard_task_runner.py:52} INFO - Started process 6613 to run task
[2022-03-23 16:48:17,037] {standard_task_runner.py:76} INFO - Running: ['***', 'tasks', 'run', 'dtc_project_ingest', 'rm_task', 'scheduled__2021-02-02T06:00:00+00:00', '--job-id', '1114', '--raw', '--subdir', 'DAGS_FOLDER/project_data_ingestion.py', '--cfg-path', '/tmp/tmpyb7fe_w5', '--error-file', '/tmp/tmpcxgih39r']
[2022-03-23 16:48:17,047] {standard_task_runner.py:77} INFO - Job 1114: Subtask rm_task
[2022-03-23 16:48:17,135] {logging_mixin.py:109} INFO - Running <TaskInstance: dtc_project_ingest.rm_task scheduled__2021-02-02T06:00:00+00:00 [running]> on host 7127e26385ba
[2022-03-23 16:48:17,220] {warnings.py:110} WARNING - /home/***/.local/lib/python3.7/site-packages/***/utils/context.py:152: AirflowContextDeprecationWarning: Accessing 'execution_date' from the template is deprecated and will be removed in a future version. Please use 'data_interval_start' or 'logical_date' instead.
  warnings.warn(_create_deprecation_warning(key, self._deprecation_replacements[key]))

[2022-03-23 16:48:17,280] {taskinstance.py:1426} INFO - Exporting the following env vars:
AIRFLOW_CTX_DAG_OWNER=***
AIRFLOW_CTX_DAG_ID=dtc_project_ingest
AIRFLOW_CTX_TASK_ID=rm_task
AIRFLOW_CTX_EXECUTION_DATE=2021-02-02T06:00:00+00:00
AIRFLOW_CTX_DAG_RUN_ID=scheduled__2021-02-02T06:00:00+00:00
[2022-03-23 16:48:17,283] {subprocess.py:62} INFO - Tmp dir root location: 
 /tmp
[2022-03-23 16:48:17,287] {subprocess.py:74} INFO - Running command: ['bash', '-c', 'rm /opt/***/202102-citibike-tripdata.csv /opt/***/202102-citibike-tripdata.parquet']
[2022-03-23 16:48:17,319] {subprocess.py:85} INFO - Output:
[2022-03-23 16:48:17,383] {subprocess.py:93} INFO - Command exited with return code 0
[2022-03-23 16:48:17,508] {taskinstance.py:1277} INFO - Marking task as SUCCESS. dag_id=dtc_project_ingest, task_id=rm_task, execution_date=20210202T060000, start_date=20220323T164816, end_date=20220323T164817
[2022-03-23 16:48:17,589] {local_task_job.py:154} INFO - Task exited with return code 0
[2022-03-23 16:48:17,634] {local_task_job.py:264} INFO - 0 downstream tasks scheduled from follow-on schedule check
[2022-03-26 11:37:29,700] {taskinstance.py:1032} INFO - Dependencies all met for <TaskInstance: dtc_project_ingest.rm_task scheduled__2021-02-02T06:00:00+00:00 [queued]>
[2022-03-26 11:37:29,716] {taskinstance.py:1032} INFO - Dependencies all met for <TaskInstance: dtc_project_ingest.rm_task scheduled__2021-02-02T06:00:00+00:00 [queued]>
[2022-03-26 11:37:29,717] {taskinstance.py:1238} INFO - 
--------------------------------------------------------------------------------
[2022-03-26 11:37:29,717] {taskinstance.py:1239} INFO - Starting attempt 1 of 2
[2022-03-26 11:37:29,718] {taskinstance.py:1240} INFO - 
--------------------------------------------------------------------------------
[2022-03-26 11:37:29,734] {taskinstance.py:1259} INFO - Executing <Task(BashOperator): rm_task> on 2021-02-02 06:00:00+00:00
[2022-03-26 11:37:29,741] {standard_task_runner.py:52} INFO - Started process 8842 to run task
[2022-03-26 11:37:29,747] {standard_task_runner.py:76} INFO - Running: ['***', 'tasks', 'run', 'dtc_project_ingest', 'rm_task', 'scheduled__2021-02-02T06:00:00+00:00', '--job-id', '1481', '--raw', '--subdir', 'DAGS_FOLDER/project_data_ingestion.py', '--cfg-path', '/tmp/tmpkm6vzwpw', '--error-file', '/tmp/tmpshawjz7q']
[2022-03-26 11:37:29,749] {standard_task_runner.py:77} INFO - Job 1481: Subtask rm_task
[2022-03-26 11:37:29,844] {logging_mixin.py:109} INFO - Running <TaskInstance: dtc_project_ingest.rm_task scheduled__2021-02-02T06:00:00+00:00 [running]> on host c800f4dda314
[2022-03-26 11:37:29,908] {warnings.py:110} WARNING - /home/***/.local/lib/python3.7/site-packages/***/utils/context.py:152: AirflowContextDeprecationWarning: Accessing 'execution_date' from the template is deprecated and will be removed in a future version. Please use 'data_interval_start' or 'logical_date' instead.
  warnings.warn(_create_deprecation_warning(key, self._deprecation_replacements[key]))

[2022-03-26 11:37:29,944] {taskinstance.py:1426} INFO - Exporting the following env vars:
AIRFLOW_CTX_DAG_OWNER=***
AIRFLOW_CTX_DAG_ID=dtc_project_ingest
AIRFLOW_CTX_TASK_ID=rm_task
AIRFLOW_CTX_EXECUTION_DATE=2021-02-02T06:00:00+00:00
AIRFLOW_CTX_DAG_RUN_ID=scheduled__2021-02-02T06:00:00+00:00
[2022-03-26 11:37:29,949] {subprocess.py:62} INFO - Tmp dir root location: 
 /tmp
[2022-03-26 11:37:29,951] {subprocess.py:74} INFO - Running command: ['bash', '-c', 'rm /opt/***/202102-citibike-tripdata.csv /opt/***/202102-citibike-tripdata.parquet']
[2022-03-26 11:37:29,972] {subprocess.py:85} INFO - Output:
[2022-03-26 11:37:30,016] {subprocess.py:93} INFO - Command exited with return code 0
[2022-03-26 11:37:30,054] {taskinstance.py:1277} INFO - Marking task as SUCCESS. dag_id=dtc_project_ingest, task_id=rm_task, execution_date=20210202T060000, start_date=20220326T113729, end_date=20220326T113730
[2022-03-26 11:37:30,122] {local_task_job.py:154} INFO - Task exited with return code 0
[2022-03-26 11:37:30,167] {local_task_job.py:264} INFO - 0 downstream tasks scheduled from follow-on schedule check
