[2022-03-23 16:06:31,830] {taskinstance.py:1032} INFO - Dependencies all met for <TaskInstance: dtc_project_ingest.bigquery_external_table_task scheduled__2019-01-02T06:00:00+00:00 [queued]>
[2022-03-23 16:06:31,854] {taskinstance.py:1032} INFO - Dependencies all met for <TaskInstance: dtc_project_ingest.bigquery_external_table_task scheduled__2019-01-02T06:00:00+00:00 [queued]>
[2022-03-23 16:06:31,856] {taskinstance.py:1238} INFO - 
--------------------------------------------------------------------------------
[2022-03-23 16:06:31,857] {taskinstance.py:1239} INFO - Starting attempt 1 of 2
[2022-03-23 16:06:31,858] {taskinstance.py:1240} INFO - 
--------------------------------------------------------------------------------
[2022-03-23 16:06:31,876] {taskinstance.py:1259} INFO - Executing <Task(BigQueryCreateExternalTableOperator): bigquery_external_table_task> on 2019-01-02 06:00:00+00:00
[2022-03-23 16:06:31,886] {standard_task_runner.py:52} INFO - Started process 4151 to run task
[2022-03-23 16:06:31,892] {standard_task_runner.py:76} INFO - Running: ['***', 'tasks', 'run', 'dtc_project_ingest', 'bigquery_external_table_task', 'scheduled__2019-01-02T06:00:00+00:00', '--job-id', '1000', '--raw', '--subdir', 'DAGS_FOLDER/project_data_ingestion.py', '--cfg-path', '/tmp/tmpvdai86il', '--error-file', '/tmp/tmpxq6la4fe']
[2022-03-23 16:06:31,895] {standard_task_runner.py:77} INFO - Job 1000: Subtask bigquery_external_table_task
[2022-03-23 16:06:32,013] {logging_mixin.py:109} INFO - Running <TaskInstance: dtc_project_ingest.bigquery_external_table_task scheduled__2019-01-02T06:00:00+00:00 [running]> on host 7127e26385ba
[2022-03-23 16:06:32,090] {warnings.py:110} WARNING - /home/***/.local/lib/python3.7/site-packages/***/utils/context.py:152: AirflowContextDeprecationWarning: Accessing 'execution_date' from the template is deprecated and will be removed in a future version. Please use 'data_interval_start' or 'logical_date' instead.
  warnings.warn(_create_deprecation_warning(key, self._deprecation_replacements[key]))

[2022-03-23 16:06:32,118] {taskinstance.py:1426} INFO - Exporting the following env vars:
AIRFLOW_CTX_DAG_OWNER=***
AIRFLOW_CTX_DAG_ID=dtc_project_ingest
AIRFLOW_CTX_TASK_ID=bigquery_external_table_task
AIRFLOW_CTX_EXECUTION_DATE=2019-01-02T06:00:00+00:00
AIRFLOW_CTX_DAG_RUN_ID=scheduled__2019-01-02T06:00:00+00:00
[2022-03-23 16:06:32,120] {crypto.py:82} WARNING - empty cryptography key - values will not be stored encrypted.
[2022-03-23 16:06:33,836] {taskinstance.py:1277} INFO - Marking task as SUCCESS. dag_id=dtc_project_ingest, task_id=bigquery_external_table_task, execution_date=20190102T060000, start_date=20220323T160631, end_date=20220323T160633
[2022-03-23 16:06:33,887] {local_task_job.py:154} INFO - Task exited with return code 0
[2022-03-23 16:06:33,922] {local_task_job.py:264} INFO - 1 downstream tasks scheduled from follow-on schedule check
[2022-03-26 10:54:38,885] {taskinstance.py:1032} INFO - Dependencies all met for <TaskInstance: dtc_project_ingest.bigquery_external_table_task scheduled__2019-01-02T06:00:00+00:00 [queued]>
[2022-03-26 10:54:38,902] {taskinstance.py:1032} INFO - Dependencies all met for <TaskInstance: dtc_project_ingest.bigquery_external_table_task scheduled__2019-01-02T06:00:00+00:00 [queued]>
[2022-03-26 10:54:38,903] {taskinstance.py:1238} INFO - 
--------------------------------------------------------------------------------
[2022-03-26 10:54:38,904] {taskinstance.py:1239} INFO - Starting attempt 1 of 2
[2022-03-26 10:54:38,905] {taskinstance.py:1240} INFO - 
--------------------------------------------------------------------------------
[2022-03-26 10:54:38,920] {taskinstance.py:1259} INFO - Executing <Task(BigQueryCreateExternalTableOperator): bigquery_external_table_task> on 2019-01-02 06:00:00+00:00
[2022-03-26 10:54:38,929] {standard_task_runner.py:52} INFO - Started process 6274 to run task
[2022-03-26 10:54:38,935] {standard_task_runner.py:76} INFO - Running: ['***', 'tasks', 'run', 'dtc_project_ingest', 'bigquery_external_table_task', 'scheduled__2019-01-02T06:00:00+00:00', '--job-id', '1348', '--raw', '--subdir', 'DAGS_FOLDER/project_data_ingestion.py', '--cfg-path', '/tmp/tmp_5bk884i', '--error-file', '/tmp/tmpv2jn8f11']
[2022-03-26 10:54:38,937] {standard_task_runner.py:77} INFO - Job 1348: Subtask bigquery_external_table_task
[2022-03-26 10:54:39,021] {logging_mixin.py:109} INFO - Running <TaskInstance: dtc_project_ingest.bigquery_external_table_task scheduled__2019-01-02T06:00:00+00:00 [running]> on host c800f4dda314
[2022-03-26 10:54:39,102] {taskinstance.py:1426} INFO - Exporting the following env vars:
AIRFLOW_CTX_DAG_OWNER=***
AIRFLOW_CTX_DAG_ID=dtc_project_ingest
AIRFLOW_CTX_TASK_ID=bigquery_external_table_task
AIRFLOW_CTX_EXECUTION_DATE=2019-01-02T06:00:00+00:00
AIRFLOW_CTX_DAG_RUN_ID=scheduled__2019-01-02T06:00:00+00:00
[2022-03-26 10:54:39,105] {crypto.py:82} WARNING - empty cryptography key - values will not be stored encrypted.
[2022-03-26 10:54:41,117] {taskinstance.py:1277} INFO - Marking task as SUCCESS. dag_id=dtc_project_ingest, task_id=bigquery_external_table_task, execution_date=20190102T060000, start_date=20220326T105438, end_date=20220326T105441
[2022-03-26 10:54:41,182] {local_task_job.py:154} INFO - Task exited with return code 0
[2022-03-26 10:54:41,236] {local_task_job.py:264} INFO - 1 downstream tasks scheduled from follow-on schedule check
