[2022-03-23 08:56:54,562] {taskinstance.py:1032} INFO - Dependencies all met for <TaskInstance: dtc_project_ingest.local_to_gcs_task scheduled__2018-05-02T06:00:00+00:00 [queued]>
[2022-03-23 08:56:54,574] {taskinstance.py:1032} INFO - Dependencies all met for <TaskInstance: dtc_project_ingest.local_to_gcs_task scheduled__2018-05-02T06:00:00+00:00 [queued]>
[2022-03-23 08:56:54,575] {taskinstance.py:1238} INFO - 
--------------------------------------------------------------------------------
[2022-03-23 08:56:54,576] {taskinstance.py:1239} INFO - Starting attempt 1 of 2
[2022-03-23 08:56:54,576] {taskinstance.py:1240} INFO - 
--------------------------------------------------------------------------------
[2022-03-23 08:56:54,588] {taskinstance.py:1259} INFO - Executing <Task(PythonOperator): local_to_gcs_task> on 2018-05-02 06:00:00+00:00
[2022-03-23 08:56:54,594] {standard_task_runner.py:52} INFO - Started process 533 to run task
[2022-03-23 08:56:54,598] {standard_task_runner.py:76} INFO - Running: ['***', 'tasks', 'run', 'dtc_project_ingest', 'local_to_gcs_task', 'scheduled__2018-05-02T06:00:00+00:00', '--job-id', '657', '--raw', '--subdir', 'DAGS_FOLDER/project_data_ingestion.py', '--cfg-path', '/tmp/tmpyb8n_paz', '--error-file', '/tmp/tmpevwr1oqe']
[2022-03-23 08:56:54,600] {standard_task_runner.py:77} INFO - Job 657: Subtask local_to_gcs_task
[2022-03-23 08:56:54,665] {logging_mixin.py:109} INFO - Running <TaskInstance: dtc_project_ingest.local_to_gcs_task scheduled__2018-05-02T06:00:00+00:00 [running]> on host 7127e26385ba
[2022-03-23 08:56:54,706] {warnings.py:110} WARNING - /home/***/.local/lib/python3.7/site-packages/***/utils/context.py:152: AirflowContextDeprecationWarning: Accessing 'execution_date' from the template is deprecated and will be removed in a future version. Please use 'data_interval_start' or 'logical_date' instead.
  warnings.warn(_create_deprecation_warning(key, self._deprecation_replacements[key]))

[2022-03-23 08:56:54,726] {taskinstance.py:1426} INFO - Exporting the following env vars:
AIRFLOW_CTX_DAG_OWNER=***
AIRFLOW_CTX_DAG_ID=dtc_project_ingest
AIRFLOW_CTX_TASK_ID=local_to_gcs_task
AIRFLOW_CTX_EXECUTION_DATE=2018-05-02T06:00:00+00:00
AIRFLOW_CTX_DAG_RUN_ID=scheduled__2018-05-02T06:00:00+00:00
[2022-03-23 08:57:20,053] {python.py:175} INFO - Done. Returned value was: None
[2022-03-23 08:57:20,067] {taskinstance.py:1277} INFO - Marking task as SUCCESS. dag_id=dtc_project_ingest, task_id=local_to_gcs_task, execution_date=20180502T060000, start_date=20220323T085654, end_date=20220323T085720
[2022-03-23 08:57:20,109] {local_task_job.py:154} INFO - Task exited with return code 0
[2022-03-23 08:57:20,143] {local_task_job.py:264} INFO - 1 downstream tasks scheduled from follow-on schedule check
[2022-03-23 15:20:34,216] {taskinstance.py:1032} INFO - Dependencies all met for <TaskInstance: dtc_project_ingest.local_to_gcs_task scheduled__2018-05-02T06:00:00+00:00 [queued]>
[2022-03-23 15:20:34,235] {taskinstance.py:1032} INFO - Dependencies all met for <TaskInstance: dtc_project_ingest.local_to_gcs_task scheduled__2018-05-02T06:00:00+00:00 [queued]>
[2022-03-23 15:20:34,237] {taskinstance.py:1238} INFO - 
--------------------------------------------------------------------------------
[2022-03-23 15:20:34,238] {taskinstance.py:1239} INFO - Starting attempt 1 of 2
[2022-03-23 15:20:34,238] {taskinstance.py:1240} INFO - 
--------------------------------------------------------------------------------
[2022-03-23 15:20:34,258] {taskinstance.py:1259} INFO - Executing <Task(PythonOperator): local_to_gcs_task> on 2018-05-02 06:00:00+00:00
[2022-03-23 15:20:34,269] {standard_task_runner.py:52} INFO - Started process 1603 to run task
[2022-03-23 15:20:34,275] {standard_task_runner.py:76} INFO - Running: ['***', 'tasks', 'run', 'dtc_project_ingest', 'local_to_gcs_task', 'scheduled__2018-05-02T06:00:00+00:00', '--job-id', '883', '--raw', '--subdir', 'DAGS_FOLDER/project_data_ingestion.py', '--cfg-path', '/tmp/tmpw6fjj412', '--error-file', '/tmp/tmprhznkbe1']
[2022-03-23 15:20:34,277] {standard_task_runner.py:77} INFO - Job 883: Subtask local_to_gcs_task
[2022-03-23 15:20:34,362] {logging_mixin.py:109} INFO - Running <TaskInstance: dtc_project_ingest.local_to_gcs_task scheduled__2018-05-02T06:00:00+00:00 [running]> on host 7127e26385ba
[2022-03-23 15:20:34,414] {warnings.py:110} WARNING - /home/***/.local/lib/python3.7/site-packages/***/utils/context.py:152: AirflowContextDeprecationWarning: Accessing 'execution_date' from the template is deprecated and will be removed in a future version. Please use 'data_interval_start' or 'logical_date' instead.
  warnings.warn(_create_deprecation_warning(key, self._deprecation_replacements[key]))

[2022-03-23 15:20:34,452] {taskinstance.py:1426} INFO - Exporting the following env vars:
AIRFLOW_CTX_DAG_OWNER=***
AIRFLOW_CTX_DAG_ID=dtc_project_ingest
AIRFLOW_CTX_TASK_ID=local_to_gcs_task
AIRFLOW_CTX_EXECUTION_DATE=2018-05-02T06:00:00+00:00
AIRFLOW_CTX_DAG_RUN_ID=scheduled__2018-05-02T06:00:00+00:00
[2022-03-23 15:21:01,864] {python.py:175} INFO - Done. Returned value was: None
[2022-03-23 15:21:02,008] {taskinstance.py:1277} INFO - Marking task as SUCCESS. dag_id=dtc_project_ingest, task_id=local_to_gcs_task, execution_date=20180502T060000, start_date=20220323T152034, end_date=20220323T152102
[2022-03-23 15:21:02,054] {local_task_job.py:154} INFO - Task exited with return code 0
[2022-03-23 15:21:02,097] {local_task_job.py:264} INFO - 1 downstream tasks scheduled from follow-on schedule check
[2022-03-23 15:57:56,454] {taskinstance.py:1032} INFO - Dependencies all met for <TaskInstance: dtc_project_ingest.local_to_gcs_task scheduled__2018-05-02T06:00:00+00:00 [queued]>
[2022-03-23 15:57:56,476] {taskinstance.py:1032} INFO - Dependencies all met for <TaskInstance: dtc_project_ingest.local_to_gcs_task scheduled__2018-05-02T06:00:00+00:00 [queued]>
[2022-03-23 15:57:56,478] {taskinstance.py:1238} INFO - 
--------------------------------------------------------------------------------
[2022-03-23 15:57:56,480] {taskinstance.py:1239} INFO - Starting attempt 1 of 2
[2022-03-23 15:57:56,481] {taskinstance.py:1240} INFO - 
--------------------------------------------------------------------------------
[2022-03-23 15:57:56,502] {taskinstance.py:1259} INFO - Executing <Task(PythonOperator): local_to_gcs_task> on 2018-05-02 06:00:00+00:00
[2022-03-23 15:57:56,516] {standard_task_runner.py:52} INFO - Started process 3540 to run task
[2022-03-23 15:57:56,525] {standard_task_runner.py:76} INFO - Running: ['***', 'tasks', 'run', 'dtc_project_ingest', 'local_to_gcs_task', 'scheduled__2018-05-02T06:00:00+00:00', '--job-id', '956', '--raw', '--subdir', 'DAGS_FOLDER/project_data_ingestion.py', '--cfg-path', '/tmp/tmpixj6_4co', '--error-file', '/tmp/tmp2ycefd9k']
[2022-03-23 15:57:56,528] {standard_task_runner.py:77} INFO - Job 956: Subtask local_to_gcs_task
[2022-03-23 15:57:56,629] {logging_mixin.py:109} INFO - Running <TaskInstance: dtc_project_ingest.local_to_gcs_task scheduled__2018-05-02T06:00:00+00:00 [running]> on host 7127e26385ba
[2022-03-23 15:57:56,691] {warnings.py:110} WARNING - /home/***/.local/lib/python3.7/site-packages/***/utils/context.py:152: AirflowContextDeprecationWarning: Accessing 'execution_date' from the template is deprecated and will be removed in a future version. Please use 'data_interval_start' or 'logical_date' instead.
  warnings.warn(_create_deprecation_warning(key, self._deprecation_replacements[key]))

[2022-03-23 15:57:56,724] {taskinstance.py:1426} INFO - Exporting the following env vars:
AIRFLOW_CTX_DAG_OWNER=***
AIRFLOW_CTX_DAG_ID=dtc_project_ingest
AIRFLOW_CTX_TASK_ID=local_to_gcs_task
AIRFLOW_CTX_EXECUTION_DATE=2018-05-02T06:00:00+00:00
AIRFLOW_CTX_DAG_RUN_ID=scheduled__2018-05-02T06:00:00+00:00
[2022-03-23 15:58:26,987] {python.py:175} INFO - Done. Returned value was: None
[2022-03-23 15:58:27,000] {taskinstance.py:1277} INFO - Marking task as SUCCESS. dag_id=dtc_project_ingest, task_id=local_to_gcs_task, execution_date=20180502T060000, start_date=20220323T155756, end_date=20220323T155827
[2022-03-23 15:58:27,031] {local_task_job.py:154} INFO - Task exited with return code 0
[2022-03-23 15:58:27,088] {local_task_job.py:264} INFO - 1 downstream tasks scheduled from follow-on schedule check
[2022-03-26 10:36:16,000] {taskinstance.py:1032} INFO - Dependencies all met for <TaskInstance: dtc_project_ingest.local_to_gcs_task scheduled__2018-05-02T06:00:00+00:00 [queued]>
[2022-03-26 10:36:16,019] {taskinstance.py:1032} INFO - Dependencies all met for <TaskInstance: dtc_project_ingest.local_to_gcs_task scheduled__2018-05-02T06:00:00+00:00 [queued]>
[2022-03-26 10:36:16,020] {taskinstance.py:1238} INFO - 
--------------------------------------------------------------------------------
[2022-03-26 10:36:16,022] {taskinstance.py:1239} INFO - Starting attempt 1 of 2
[2022-03-26 10:36:16,023] {taskinstance.py:1240} INFO - 
--------------------------------------------------------------------------------
[2022-03-26 10:36:16,042] {taskinstance.py:1259} INFO - Executing <Task(PythonOperator): local_to_gcs_task> on 2018-05-02 06:00:00+00:00
[2022-03-26 10:36:16,054] {standard_task_runner.py:52} INFO - Started process 5271 to run task
[2022-03-26 10:36:16,059] {standard_task_runner.py:76} INFO - Running: ['***', 'tasks', 'run', 'dtc_project_ingest', 'local_to_gcs_task', 'scheduled__2018-05-02T06:00:00+00:00', '--job-id', '1310', '--raw', '--subdir', 'DAGS_FOLDER/project_data_ingestion.py', '--cfg-path', '/tmp/tmpqfc8tdy5', '--error-file', '/tmp/tmpva115r6g']
[2022-03-26 10:36:16,061] {standard_task_runner.py:77} INFO - Job 1310: Subtask local_to_gcs_task
[2022-03-26 10:36:16,176] {logging_mixin.py:109} INFO - Running <TaskInstance: dtc_project_ingest.local_to_gcs_task scheduled__2018-05-02T06:00:00+00:00 [running]> on host c800f4dda314
[2022-03-26 10:36:16,260] {warnings.py:110} WARNING - /home/***/.local/lib/python3.7/site-packages/***/utils/context.py:152: AirflowContextDeprecationWarning: Accessing 'execution_date' from the template is deprecated and will be removed in a future version. Please use 'data_interval_start' or 'logical_date' instead.
  warnings.warn(_create_deprecation_warning(key, self._deprecation_replacements[key]))

[2022-03-26 10:36:16,295] {taskinstance.py:1426} INFO - Exporting the following env vars:
AIRFLOW_CTX_DAG_OWNER=***
AIRFLOW_CTX_DAG_ID=dtc_project_ingest
AIRFLOW_CTX_TASK_ID=local_to_gcs_task
AIRFLOW_CTX_EXECUTION_DATE=2018-05-02T06:00:00+00:00
AIRFLOW_CTX_DAG_RUN_ID=scheduled__2018-05-02T06:00:00+00:00
[2022-03-26 10:38:37,639] {python.py:175} INFO - Done. Returned value was: None
[2022-03-26 10:38:37,658] {taskinstance.py:1277} INFO - Marking task as SUCCESS. dag_id=dtc_project_ingest, task_id=local_to_gcs_task, execution_date=20180502T060000, start_date=20220326T103616, end_date=20220326T103837
[2022-03-26 10:38:37,700] {local_task_job.py:154} INFO - Task exited with return code 0
[2022-03-26 10:38:37,750] {local_task_job.py:264} INFO - 1 downstream tasks scheduled from follow-on schedule check
[2022-03-26 15:27:19,043] {taskinstance.py:1032} INFO - Dependencies all met for <TaskInstance: dtc_project_ingest.local_to_gcs_task scheduled__2018-05-02T06:00:00+00:00 [queued]>
[2022-03-26 15:27:19,075] {taskinstance.py:1032} INFO - Dependencies all met for <TaskInstance: dtc_project_ingest.local_to_gcs_task scheduled__2018-05-02T06:00:00+00:00 [queued]>
[2022-03-26 15:27:19,077] {taskinstance.py:1238} INFO - 
--------------------------------------------------------------------------------
[2022-03-26 15:27:19,078] {taskinstance.py:1239} INFO - Starting attempt 1 of 2
[2022-03-26 15:27:19,080] {taskinstance.py:1240} INFO - 
--------------------------------------------------------------------------------
[2022-03-26 15:27:19,351] {taskinstance.py:1259} INFO - Executing <Task(PythonOperator): local_to_gcs_task> on 2018-05-02 06:00:00+00:00
[2022-03-26 15:27:19,369] {standard_task_runner.py:52} INFO - Started process 19866 to run task
[2022-03-26 15:27:19,383] {standard_task_runner.py:76} INFO - Running: ['***', 'tasks', 'run', 'dtc_project_ingest', 'local_to_gcs_task', 'scheduled__2018-05-02T06:00:00+00:00', '--job-id', '1559', '--raw', '--subdir', 'DAGS_FOLDER/project_data_ingestion.py', '--cfg-path', '/tmp/tmp01_gc0qu', '--error-file', '/tmp/tmpp2rr890y']
[2022-03-26 15:27:19,391] {standard_task_runner.py:77} INFO - Job 1559: Subtask local_to_gcs_task
[2022-03-26 15:27:19,557] {logging_mixin.py:109} INFO - Running <TaskInstance: dtc_project_ingest.local_to_gcs_task scheduled__2018-05-02T06:00:00+00:00 [running]> on host c800f4dda314
[2022-03-26 15:27:19,694] {warnings.py:110} WARNING - /home/***/.local/lib/python3.7/site-packages/***/utils/context.py:152: AirflowContextDeprecationWarning: Accessing 'execution_date' from the template is deprecated and will be removed in a future version. Please use 'data_interval_start' or 'logical_date' instead.
  warnings.warn(_create_deprecation_warning(key, self._deprecation_replacements[key]))

[2022-03-26 15:27:19,750] {taskinstance.py:1426} INFO - Exporting the following env vars:
AIRFLOW_CTX_DAG_OWNER=***
AIRFLOW_CTX_DAG_ID=dtc_project_ingest
AIRFLOW_CTX_TASK_ID=local_to_gcs_task
AIRFLOW_CTX_EXECUTION_DATE=2018-05-02T06:00:00+00:00
AIRFLOW_CTX_DAG_RUN_ID=scheduled__2018-05-02T06:00:00+00:00
[2022-03-26 15:28:09,506] {python.py:175} INFO - Done. Returned value was: None
[2022-03-26 15:28:09,542] {taskinstance.py:1277} INFO - Marking task as SUCCESS. dag_id=dtc_project_ingest, task_id=local_to_gcs_task, execution_date=20180502T060000, start_date=20220326T152719, end_date=20220326T152809
[2022-03-26 15:28:09,784] {local_task_job.py:154} INFO - Task exited with return code 0
[2022-03-26 15:28:09,859] {local_task_job.py:264} INFO - 1 downstream tasks scheduled from follow-on schedule check
