[2022-03-23 09:31:22,816] {taskinstance.py:1032} INFO - Dependencies all met for <TaskInstance: dtc_project_ingest.format_to_parquet_task scheduled__2021-02-02T06:00:00+00:00 [queued]>
[2022-03-23 09:31:22,829] {taskinstance.py:1032} INFO - Dependencies all met for <TaskInstance: dtc_project_ingest.format_to_parquet_task scheduled__2021-02-02T06:00:00+00:00 [queued]>
[2022-03-23 09:31:22,830] {taskinstance.py:1238} INFO - 
--------------------------------------------------------------------------------
[2022-03-23 09:31:22,831] {taskinstance.py:1239} INFO - Starting attempt 1 of 2
[2022-03-23 09:31:22,832] {taskinstance.py:1240} INFO - 
--------------------------------------------------------------------------------
[2022-03-23 09:31:22,844] {taskinstance.py:1259} INFO - Executing <Task(PythonOperator): format_to_parquet_task> on 2021-02-02 06:00:00+00:00
[2022-03-23 09:31:22,850] {standard_task_runner.py:52} INFO - Started process 2843 to run task
[2022-03-23 09:31:22,855] {standard_task_runner.py:76} INFO - Running: ['***', 'tasks', 'run', 'dtc_project_ingest', 'format_to_parquet_task', 'scheduled__2021-02-02T06:00:00+00:00', '--job-id', '785', '--raw', '--subdir', 'DAGS_FOLDER/project_data_ingestion.py', '--cfg-path', '/tmp/tmprcrlid_a', '--error-file', '/tmp/tmpbpwpyy20']
[2022-03-23 09:31:22,856] {standard_task_runner.py:77} INFO - Job 785: Subtask format_to_parquet_task
[2022-03-23 09:31:22,919] {logging_mixin.py:109} INFO - Running <TaskInstance: dtc_project_ingest.format_to_parquet_task scheduled__2021-02-02T06:00:00+00:00 [running]> on host 7127e26385ba
[2022-03-23 09:31:22,959] {warnings.py:110} WARNING - /home/***/.local/lib/python3.7/site-packages/***/utils/context.py:152: AirflowContextDeprecationWarning: Accessing 'execution_date' from the template is deprecated and will be removed in a future version. Please use 'data_interval_start' or 'logical_date' instead.
  warnings.warn(_create_deprecation_warning(key, self._deprecation_replacements[key]))

[2022-03-23 09:31:22,983] {taskinstance.py:1426} INFO - Exporting the following env vars:
AIRFLOW_CTX_DAG_OWNER=***
AIRFLOW_CTX_DAG_ID=dtc_project_ingest
AIRFLOW_CTX_TASK_ID=format_to_parquet_task
AIRFLOW_CTX_EXECUTION_DATE=2021-02-02T06:00:00+00:00
AIRFLOW_CTX_DAG_RUN_ID=scheduled__2021-02-02T06:00:00+00:00
[2022-03-23 09:31:24,392] {python.py:175} INFO - Done. Returned value was: None
[2022-03-23 09:31:24,407] {taskinstance.py:1277} INFO - Marking task as SUCCESS. dag_id=dtc_project_ingest, task_id=format_to_parquet_task, execution_date=20210202T060000, start_date=20220323T093122, end_date=20220323T093124
[2022-03-23 09:31:24,487] {local_task_job.py:154} INFO - Task exited with return code 0
[2022-03-23 09:31:24,535] {local_task_job.py:264} INFO - 1 downstream tasks scheduled from follow-on schedule check
[2022-03-23 16:47:33,438] {taskinstance.py:1032} INFO - Dependencies all met for <TaskInstance: dtc_project_ingest.format_to_parquet_task scheduled__2021-02-02T06:00:00+00:00 [queued]>
[2022-03-23 16:47:33,452] {taskinstance.py:1032} INFO - Dependencies all met for <TaskInstance: dtc_project_ingest.format_to_parquet_task scheduled__2021-02-02T06:00:00+00:00 [queued]>
[2022-03-23 16:47:33,453] {taskinstance.py:1238} INFO - 
--------------------------------------------------------------------------------
[2022-03-23 16:47:33,455] {taskinstance.py:1239} INFO - Starting attempt 1 of 2
[2022-03-23 16:47:33,457] {taskinstance.py:1240} INFO - 
--------------------------------------------------------------------------------
[2022-03-23 16:47:33,472] {taskinstance.py:1259} INFO - Executing <Task(PythonOperator): format_to_parquet_task> on 2021-02-02 06:00:00+00:00
[2022-03-23 16:47:33,479] {standard_task_runner.py:52} INFO - Started process 6565 to run task
[2022-03-23 16:47:33,483] {standard_task_runner.py:76} INFO - Running: ['***', 'tasks', 'run', 'dtc_project_ingest', 'format_to_parquet_task', 'scheduled__2021-02-02T06:00:00+00:00', '--job-id', '1110', '--raw', '--subdir', 'DAGS_FOLDER/project_data_ingestion.py', '--cfg-path', '/tmp/tmp6hsfu7y5', '--error-file', '/tmp/tmpjjgmspkm']
[2022-03-23 16:47:33,485] {standard_task_runner.py:77} INFO - Job 1110: Subtask format_to_parquet_task
[2022-03-23 16:47:33,552] {logging_mixin.py:109} INFO - Running <TaskInstance: dtc_project_ingest.format_to_parquet_task scheduled__2021-02-02T06:00:00+00:00 [running]> on host 7127e26385ba
[2022-03-23 16:47:33,595] {warnings.py:110} WARNING - /home/***/.local/lib/python3.7/site-packages/***/utils/context.py:152: AirflowContextDeprecationWarning: Accessing 'execution_date' from the template is deprecated and will be removed in a future version. Please use 'data_interval_start' or 'logical_date' instead.
  warnings.warn(_create_deprecation_warning(key, self._deprecation_replacements[key]))

[2022-03-23 16:47:33,617] {taskinstance.py:1426} INFO - Exporting the following env vars:
AIRFLOW_CTX_DAG_OWNER=***
AIRFLOW_CTX_DAG_ID=dtc_project_ingest
AIRFLOW_CTX_TASK_ID=format_to_parquet_task
AIRFLOW_CTX_EXECUTION_DATE=2021-02-02T06:00:00+00:00
AIRFLOW_CTX_DAG_RUN_ID=scheduled__2021-02-02T06:00:00+00:00
[2022-03-23 16:47:35,328] {python.py:175} INFO - Done. Returned value was: None
[2022-03-23 16:47:35,345] {taskinstance.py:1277} INFO - Marking task as SUCCESS. dag_id=dtc_project_ingest, task_id=format_to_parquet_task, execution_date=20210202T060000, start_date=20220323T164733, end_date=20220323T164735
[2022-03-23 16:47:35,443] {local_task_job.py:154} INFO - Task exited with return code 0
[2022-03-23 16:47:35,497] {local_task_job.py:264} INFO - 1 downstream tasks scheduled from follow-on schedule check
[2022-03-26 11:36:34,792] {taskinstance.py:1032} INFO - Dependencies all met for <TaskInstance: dtc_project_ingest.format_to_parquet_task scheduled__2021-02-02T06:00:00+00:00 [queued]>
[2022-03-26 11:36:34,805] {taskinstance.py:1032} INFO - Dependencies all met for <TaskInstance: dtc_project_ingest.format_to_parquet_task scheduled__2021-02-02T06:00:00+00:00 [queued]>
[2022-03-26 11:36:34,806] {taskinstance.py:1238} INFO - 
--------------------------------------------------------------------------------
[2022-03-26 11:36:34,807] {taskinstance.py:1239} INFO - Starting attempt 1 of 2
[2022-03-26 11:36:34,807] {taskinstance.py:1240} INFO - 
--------------------------------------------------------------------------------
[2022-03-26 11:36:34,826] {taskinstance.py:1259} INFO - Executing <Task(PythonOperator): format_to_parquet_task> on 2021-02-02 06:00:00+00:00
[2022-03-26 11:36:34,834] {standard_task_runner.py:52} INFO - Started process 8766 to run task
[2022-03-26 11:36:34,841] {standard_task_runner.py:76} INFO - Running: ['***', 'tasks', 'run', 'dtc_project_ingest', 'format_to_parquet_task', 'scheduled__2021-02-02T06:00:00+00:00', '--job-id', '1473', '--raw', '--subdir', 'DAGS_FOLDER/project_data_ingestion.py', '--cfg-path', '/tmp/tmpfce36e_k', '--error-file', '/tmp/tmposl_329v']
[2022-03-26 11:36:34,843] {standard_task_runner.py:77} INFO - Job 1473: Subtask format_to_parquet_task
[2022-03-26 11:36:34,967] {logging_mixin.py:109} INFO - Running <TaskInstance: dtc_project_ingest.format_to_parquet_task scheduled__2021-02-02T06:00:00+00:00 [running]> on host c800f4dda314
[2022-03-26 11:36:35,031] {warnings.py:110} WARNING - /home/***/.local/lib/python3.7/site-packages/***/utils/context.py:152: AirflowContextDeprecationWarning: Accessing 'execution_date' from the template is deprecated and will be removed in a future version. Please use 'data_interval_start' or 'logical_date' instead.
  warnings.warn(_create_deprecation_warning(key, self._deprecation_replacements[key]))

[2022-03-26 11:36:35,063] {taskinstance.py:1426} INFO - Exporting the following env vars:
AIRFLOW_CTX_DAG_OWNER=***
AIRFLOW_CTX_DAG_ID=dtc_project_ingest
AIRFLOW_CTX_TASK_ID=format_to_parquet_task
AIRFLOW_CTX_EXECUTION_DATE=2021-02-02T06:00:00+00:00
AIRFLOW_CTX_DAG_RUN_ID=scheduled__2021-02-02T06:00:00+00:00
[2022-03-26 11:36:36,641] {python.py:175} INFO - Done. Returned value was: None
[2022-03-26 11:36:36,656] {taskinstance.py:1277} INFO - Marking task as SUCCESS. dag_id=dtc_project_ingest, task_id=format_to_parquet_task, execution_date=20210202T060000, start_date=20220326T113634, end_date=20220326T113636
[2022-03-26 11:36:36,753] {local_task_job.py:154} INFO - Task exited with return code 0
[2022-03-26 11:36:36,817] {local_task_job.py:264} INFO - 1 downstream tasks scheduled from follow-on schedule check
