[2022-03-23 09:21:44,853] {taskinstance.py:1032} INFO - Dependencies all met for <TaskInstance: dtc_project_ingest.local_to_gcs_task scheduled__2020-06-02T06:00:00+00:00 [queued]>
[2022-03-23 09:21:44,865] {taskinstance.py:1032} INFO - Dependencies all met for <TaskInstance: dtc_project_ingest.local_to_gcs_task scheduled__2020-06-02T06:00:00+00:00 [queued]>
[2022-03-23 09:21:44,866] {taskinstance.py:1238} INFO - 
--------------------------------------------------------------------------------
[2022-03-23 09:21:44,867] {taskinstance.py:1239} INFO - Starting attempt 1 of 2
[2022-03-23 09:21:44,868] {taskinstance.py:1240} INFO - 
--------------------------------------------------------------------------------
[2022-03-23 09:21:44,879] {taskinstance.py:1259} INFO - Executing <Task(PythonOperator): local_to_gcs_task> on 2020-06-02 06:00:00+00:00
[2022-03-23 09:21:44,886] {standard_task_runner.py:52} INFO - Started process 2238 to run task
[2022-03-23 09:21:44,890] {standard_task_runner.py:76} INFO - Running: ['***', 'tasks', 'run', 'dtc_project_ingest', 'local_to_gcs_task', 'scheduled__2020-06-02T06:00:00+00:00', '--job-id', '755', '--raw', '--subdir', 'DAGS_FOLDER/project_data_ingestion.py', '--cfg-path', '/tmp/tmpj2hkd08n', '--error-file', '/tmp/tmpf4ja3gsk']
[2022-03-23 09:21:44,891] {standard_task_runner.py:77} INFO - Job 755: Subtask local_to_gcs_task
[2022-03-23 09:21:44,956] {logging_mixin.py:109} INFO - Running <TaskInstance: dtc_project_ingest.local_to_gcs_task scheduled__2020-06-02T06:00:00+00:00 [running]> on host 7127e26385ba
[2022-03-23 09:21:45,007] {warnings.py:110} WARNING - /home/***/.local/lib/python3.7/site-packages/***/utils/context.py:152: AirflowContextDeprecationWarning: Accessing 'execution_date' from the template is deprecated and will be removed in a future version. Please use 'data_interval_start' or 'logical_date' instead.
  warnings.warn(_create_deprecation_warning(key, self._deprecation_replacements[key]))

[2022-03-23 09:21:45,042] {taskinstance.py:1426} INFO - Exporting the following env vars:
AIRFLOW_CTX_DAG_OWNER=***
AIRFLOW_CTX_DAG_ID=dtc_project_ingest
AIRFLOW_CTX_TASK_ID=local_to_gcs_task
AIRFLOW_CTX_EXECUTION_DATE=2020-06-02T06:00:00+00:00
AIRFLOW_CTX_DAG_RUN_ID=scheduled__2020-06-02T06:00:00+00:00
[2022-03-23 09:22:07,123] {python.py:175} INFO - Done. Returned value was: None
[2022-03-23 09:22:07,137] {taskinstance.py:1277} INFO - Marking task as SUCCESS. dag_id=dtc_project_ingest, task_id=local_to_gcs_task, execution_date=20200602T060000, start_date=20220323T092144, end_date=20220323T092207
[2022-03-23 09:22:07,177] {local_task_job.py:154} INFO - Task exited with return code 0
[2022-03-23 09:22:07,208] {local_task_job.py:264} INFO - 1 downstream tasks scheduled from follow-on schedule check
[2022-03-23 16:32:29,844] {taskinstance.py:1032} INFO - Dependencies all met for <TaskInstance: dtc_project_ingest.local_to_gcs_task scheduled__2020-06-02T06:00:00+00:00 [queued]>
[2022-03-23 16:32:29,869] {taskinstance.py:1032} INFO - Dependencies all met for <TaskInstance: dtc_project_ingest.local_to_gcs_task scheduled__2020-06-02T06:00:00+00:00 [queued]>
[2022-03-23 16:32:29,872] {taskinstance.py:1238} INFO - 
--------------------------------------------------------------------------------
[2022-03-23 16:32:29,873] {taskinstance.py:1239} INFO - Starting attempt 1 of 2
[2022-03-23 16:32:29,875] {taskinstance.py:1240} INFO - 
--------------------------------------------------------------------------------
[2022-03-23 16:32:29,896] {taskinstance.py:1259} INFO - Executing <Task(PythonOperator): local_to_gcs_task> on 2020-06-02 06:00:00+00:00
[2022-03-23 16:32:29,910] {standard_task_runner.py:52} INFO - Started process 5766 to run task
[2022-03-23 16:32:29,924] {standard_task_runner.py:76} INFO - Running: ['***', 'tasks', 'run', 'dtc_project_ingest', 'local_to_gcs_task', 'scheduled__2020-06-02T06:00:00+00:00', '--job-id', '1083', '--raw', '--subdir', 'DAGS_FOLDER/project_data_ingestion.py', '--cfg-path', '/tmp/tmp5c6i2f4w', '--error-file', '/tmp/tmph4i42y9k']
[2022-03-23 16:32:29,928] {standard_task_runner.py:77} INFO - Job 1083: Subtask local_to_gcs_task
[2022-03-23 16:32:30,039] {logging_mixin.py:109} INFO - Running <TaskInstance: dtc_project_ingest.local_to_gcs_task scheduled__2020-06-02T06:00:00+00:00 [running]> on host 7127e26385ba
[2022-03-23 16:32:30,102] {warnings.py:110} WARNING - /home/***/.local/lib/python3.7/site-packages/***/utils/context.py:152: AirflowContextDeprecationWarning: Accessing 'execution_date' from the template is deprecated and will be removed in a future version. Please use 'data_interval_start' or 'logical_date' instead.
  warnings.warn(_create_deprecation_warning(key, self._deprecation_replacements[key]))

[2022-03-23 16:32:30,138] {taskinstance.py:1426} INFO - Exporting the following env vars:
AIRFLOW_CTX_DAG_OWNER=***
AIRFLOW_CTX_DAG_ID=dtc_project_ingest
AIRFLOW_CTX_TASK_ID=local_to_gcs_task
AIRFLOW_CTX_EXECUTION_DATE=2020-06-02T06:00:00+00:00
AIRFLOW_CTX_DAG_RUN_ID=scheduled__2020-06-02T06:00:00+00:00
[2022-03-23 16:33:18,838] {python.py:175} INFO - Done. Returned value was: None
[2022-03-23 16:33:18,872] {taskinstance.py:1277} INFO - Marking task as SUCCESS. dag_id=dtc_project_ingest, task_id=local_to_gcs_task, execution_date=20200602T060000, start_date=20220323T163229, end_date=20220323T163318
[2022-03-23 16:33:18,965] {local_task_job.py:154} INFO - Task exited with return code 0
[2022-03-23 16:33:19,007] {local_task_job.py:264} INFO - 1 downstream tasks scheduled from follow-on schedule check
[2022-03-26 11:24:16,833] {taskinstance.py:1032} INFO - Dependencies all met for <TaskInstance: dtc_project_ingest.local_to_gcs_task scheduled__2020-06-02T06:00:00+00:00 [queued]>
[2022-03-26 11:24:16,852] {taskinstance.py:1032} INFO - Dependencies all met for <TaskInstance: dtc_project_ingest.local_to_gcs_task scheduled__2020-06-02T06:00:00+00:00 [queued]>
[2022-03-26 11:24:16,853] {taskinstance.py:1238} INFO - 
--------------------------------------------------------------------------------
[2022-03-26 11:24:16,854] {taskinstance.py:1239} INFO - Starting attempt 1 of 2
[2022-03-26 11:24:16,855] {taskinstance.py:1240} INFO - 
--------------------------------------------------------------------------------
[2022-03-26 11:24:16,870] {taskinstance.py:1259} INFO - Executing <Task(PythonOperator): local_to_gcs_task> on 2020-06-02 06:00:00+00:00
[2022-03-26 11:24:16,878] {standard_task_runner.py:52} INFO - Started process 8003 to run task
[2022-03-26 11:24:16,883] {standard_task_runner.py:76} INFO - Running: ['***', 'tasks', 'run', 'dtc_project_ingest', 'local_to_gcs_task', 'scheduled__2020-06-02T06:00:00+00:00', '--job-id', '1434', '--raw', '--subdir', 'DAGS_FOLDER/project_data_ingestion.py', '--cfg-path', '/tmp/tmpedwzy86q', '--error-file', '/tmp/tmpfaq874d8']
[2022-03-26 11:24:16,886] {standard_task_runner.py:77} INFO - Job 1434: Subtask local_to_gcs_task
[2022-03-26 11:24:16,969] {logging_mixin.py:109} INFO - Running <TaskInstance: dtc_project_ingest.local_to_gcs_task scheduled__2020-06-02T06:00:00+00:00 [running]> on host c800f4dda314
[2022-03-26 11:24:17,021] {warnings.py:110} WARNING - /home/***/.local/lib/python3.7/site-packages/***/utils/context.py:152: AirflowContextDeprecationWarning: Accessing 'execution_date' from the template is deprecated and will be removed in a future version. Please use 'data_interval_start' or 'logical_date' instead.
  warnings.warn(_create_deprecation_warning(key, self._deprecation_replacements[key]))

[2022-03-26 11:24:17,048] {taskinstance.py:1426} INFO - Exporting the following env vars:
AIRFLOW_CTX_DAG_OWNER=***
AIRFLOW_CTX_DAG_ID=dtc_project_ingest
AIRFLOW_CTX_TASK_ID=local_to_gcs_task
AIRFLOW_CTX_EXECUTION_DATE=2020-06-02T06:00:00+00:00
AIRFLOW_CTX_DAG_RUN_ID=scheduled__2020-06-02T06:00:00+00:00
[2022-03-26 11:26:22,413] {python.py:175} INFO - Done. Returned value was: None
[2022-03-26 11:26:22,433] {taskinstance.py:1277} INFO - Marking task as SUCCESS. dag_id=dtc_project_ingest, task_id=local_to_gcs_task, execution_date=20200602T060000, start_date=20220326T112416, end_date=20220326T112622
[2022-03-26 11:26:22,498] {local_task_job.py:154} INFO - Task exited with return code 0
[2022-03-26 11:26:22,549] {local_task_job.py:264} INFO - 1 downstream tasks scheduled from follow-on schedule check
[2022-03-26 15:45:22,113] {taskinstance.py:1032} INFO - Dependencies all met for <TaskInstance: dtc_project_ingest.local_to_gcs_task scheduled__2020-06-02T06:00:00+00:00 [queued]>
[2022-03-26 15:45:22,153] {taskinstance.py:1032} INFO - Dependencies all met for <TaskInstance: dtc_project_ingest.local_to_gcs_task scheduled__2020-06-02T06:00:00+00:00 [queued]>
[2022-03-26 15:45:22,156] {taskinstance.py:1238} INFO - 
--------------------------------------------------------------------------------
[2022-03-26 15:45:22,159] {taskinstance.py:1239} INFO - Starting attempt 1 of 2
[2022-03-26 15:45:22,161] {taskinstance.py:1240} INFO - 
--------------------------------------------------------------------------------
[2022-03-26 15:45:22,192] {taskinstance.py:1259} INFO - Executing <Task(PythonOperator): local_to_gcs_task> on 2020-06-02 06:00:00+00:00
[2022-03-26 15:45:22,211] {standard_task_runner.py:52} INFO - Started process 21162 to run task
[2022-03-26 15:45:22,221] {standard_task_runner.py:76} INFO - Running: ['***', 'tasks', 'run', 'dtc_project_ingest', 'local_to_gcs_task', 'scheduled__2020-06-02T06:00:00+00:00', '--job-id', '1659', '--raw', '--subdir', 'DAGS_FOLDER/project_data_ingestion.py', '--cfg-path', '/tmp/tmpxvzab6kc', '--error-file', '/tmp/tmpomoqa25t']
[2022-03-26 15:45:22,223] {standard_task_runner.py:77} INFO - Job 1659: Subtask local_to_gcs_task
[2022-03-26 15:45:22,352] {logging_mixin.py:109} INFO - Running <TaskInstance: dtc_project_ingest.local_to_gcs_task scheduled__2020-06-02T06:00:00+00:00 [running]> on host c800f4dda314
[2022-03-26 15:45:22,445] {warnings.py:110} WARNING - /home/***/.local/lib/python3.7/site-packages/***/utils/context.py:152: AirflowContextDeprecationWarning: Accessing 'execution_date' from the template is deprecated and will be removed in a future version. Please use 'data_interval_start' or 'logical_date' instead.
  warnings.warn(_create_deprecation_warning(key, self._deprecation_replacements[key]))

[2022-03-26 15:45:22,495] {taskinstance.py:1426} INFO - Exporting the following env vars:
AIRFLOW_CTX_DAG_OWNER=***
AIRFLOW_CTX_DAG_ID=dtc_project_ingest
AIRFLOW_CTX_TASK_ID=local_to_gcs_task
AIRFLOW_CTX_EXECUTION_DATE=2020-06-02T06:00:00+00:00
AIRFLOW_CTX_DAG_RUN_ID=scheduled__2020-06-02T06:00:00+00:00
[2022-03-26 15:46:32,678] {python.py:175} INFO - Done. Returned value was: None
[2022-03-26 15:46:32,728] {taskinstance.py:1277} INFO - Marking task as SUCCESS. dag_id=dtc_project_ingest, task_id=local_to_gcs_task, execution_date=20200602T060000, start_date=20220326T154522, end_date=20220326T154632
[2022-03-26 15:46:32,789] {local_task_job.py:154} INFO - Task exited with return code 0
[2022-03-26 15:46:32,868] {local_task_job.py:264} INFO - 1 downstream tasks scheduled from follow-on schedule check
