[2022-03-23 09:00:10,480] {taskinstance.py:1032} INFO - Dependencies all met for <TaskInstance: dtc_project_ingest.format_to_parquet_task scheduled__2018-09-02T06:00:00+00:00 [queued]>
[2022-03-23 09:00:10,491] {taskinstance.py:1032} INFO - Dependencies all met for <TaskInstance: dtc_project_ingest.format_to_parquet_task scheduled__2018-09-02T06:00:00+00:00 [queued]>
[2022-03-23 09:00:10,492] {taskinstance.py:1238} INFO - 
--------------------------------------------------------------------------------
[2022-03-23 09:00:10,492] {taskinstance.py:1239} INFO - Starting attempt 1 of 2
[2022-03-23 09:00:10,493] {taskinstance.py:1240} INFO - 
--------------------------------------------------------------------------------
[2022-03-23 09:00:10,504] {taskinstance.py:1259} INFO - Executing <Task(PythonOperator): format_to_parquet_task> on 2018-09-02 06:00:00+00:00
[2022-03-23 09:00:10,511] {standard_task_runner.py:52} INFO - Started process 761 to run task
[2022-03-23 09:00:10,515] {standard_task_runner.py:76} INFO - Running: ['***', 'tasks', 'run', 'dtc_project_ingest', 'format_to_parquet_task', 'scheduled__2018-09-02T06:00:00+00:00', '--job-id', '670', '--raw', '--subdir', 'DAGS_FOLDER/project_data_ingestion.py', '--cfg-path', '/tmp/tmpa_w8zjkt', '--error-file', '/tmp/tmpo_09d7bh']
[2022-03-23 09:00:10,516] {standard_task_runner.py:77} INFO - Job 670: Subtask format_to_parquet_task
[2022-03-23 09:00:10,579] {logging_mixin.py:109} INFO - Running <TaskInstance: dtc_project_ingest.format_to_parquet_task scheduled__2018-09-02T06:00:00+00:00 [running]> on host 7127e26385ba
[2022-03-23 09:00:10,625] {warnings.py:110} WARNING - /home/***/.local/lib/python3.7/site-packages/***/utils/context.py:152: AirflowContextDeprecationWarning: Accessing 'execution_date' from the template is deprecated and will be removed in a future version. Please use 'data_interval_start' or 'logical_date' instead.
  warnings.warn(_create_deprecation_warning(key, self._deprecation_replacements[key]))

[2022-03-23 09:00:10,655] {taskinstance.py:1426} INFO - Exporting the following env vars:
AIRFLOW_CTX_DAG_OWNER=***
AIRFLOW_CTX_DAG_ID=dtc_project_ingest
AIRFLOW_CTX_TASK_ID=format_to_parquet_task
AIRFLOW_CTX_EXECUTION_DATE=2018-09-02T06:00:00+00:00
AIRFLOW_CTX_DAG_RUN_ID=scheduled__2018-09-02T06:00:00+00:00
[2022-03-23 09:00:14,917] {python.py:175} INFO - Done. Returned value was: None
[2022-03-23 09:00:15,107] {taskinstance.py:1277} INFO - Marking task as SUCCESS. dag_id=dtc_project_ingest, task_id=format_to_parquet_task, execution_date=20180902T060000, start_date=20220323T090010, end_date=20220323T090015
[2022-03-23 09:00:15,258] {local_task_job.py:154} INFO - Task exited with return code 0
[2022-03-23 09:00:15,302] {local_task_job.py:264} INFO - 1 downstream tasks scheduled from follow-on schedule check
[2022-03-23 16:02:12,947] {taskinstance.py:1032} INFO - Dependencies all met for <TaskInstance: dtc_project_ingest.format_to_parquet_task scheduled__2018-09-02T06:00:00+00:00 [queued]>
[2022-03-23 16:02:12,959] {taskinstance.py:1032} INFO - Dependencies all met for <TaskInstance: dtc_project_ingest.format_to_parquet_task scheduled__2018-09-02T06:00:00+00:00 [queued]>
[2022-03-23 16:02:12,960] {taskinstance.py:1238} INFO - 
--------------------------------------------------------------------------------
[2022-03-23 16:02:12,961] {taskinstance.py:1239} INFO - Starting attempt 1 of 2
[2022-03-23 16:02:12,961] {taskinstance.py:1240} INFO - 
--------------------------------------------------------------------------------
[2022-03-23 16:02:12,974] {taskinstance.py:1259} INFO - Executing <Task(PythonOperator): format_to_parquet_task> on 2018-09-02 06:00:00+00:00
[2022-03-23 16:02:12,980] {standard_task_runner.py:52} INFO - Started process 3827 to run task
[2022-03-23 16:02:12,985] {standard_task_runner.py:76} INFO - Running: ['***', 'tasks', 'run', 'dtc_project_ingest', 'format_to_parquet_task', 'scheduled__2018-09-02T06:00:00+00:00', '--job-id', '976', '--raw', '--subdir', 'DAGS_FOLDER/project_data_ingestion.py', '--cfg-path', '/tmp/tmpncqz3mo6', '--error-file', '/tmp/tmp_3uuu2rk']
[2022-03-23 16:02:12,986] {standard_task_runner.py:77} INFO - Job 976: Subtask format_to_parquet_task
[2022-03-23 16:02:13,084] {logging_mixin.py:109} INFO - Running <TaskInstance: dtc_project_ingest.format_to_parquet_task scheduled__2018-09-02T06:00:00+00:00 [running]> on host 7127e26385ba
[2022-03-23 16:02:13,127] {warnings.py:110} WARNING - /home/***/.local/lib/python3.7/site-packages/***/utils/context.py:152: AirflowContextDeprecationWarning: Accessing 'execution_date' from the template is deprecated and will be removed in a future version. Please use 'data_interval_start' or 'logical_date' instead.
  warnings.warn(_create_deprecation_warning(key, self._deprecation_replacements[key]))

[2022-03-23 16:02:13,153] {taskinstance.py:1426} INFO - Exporting the following env vars:
AIRFLOW_CTX_DAG_OWNER=***
AIRFLOW_CTX_DAG_ID=dtc_project_ingest
AIRFLOW_CTX_TASK_ID=format_to_parquet_task
AIRFLOW_CTX_EXECUTION_DATE=2018-09-02T06:00:00+00:00
AIRFLOW_CTX_DAG_RUN_ID=scheduled__2018-09-02T06:00:00+00:00
[2022-03-23 16:02:17,282] {python.py:175} INFO - Done. Returned value was: None
[2022-03-23 16:02:17,534] {taskinstance.py:1277} INFO - Marking task as SUCCESS. dag_id=dtc_project_ingest, task_id=format_to_parquet_task, execution_date=20180902T060000, start_date=20220323T160212, end_date=20220323T160217
[2022-03-23 16:02:17,718] {local_task_job.py:154} INFO - Task exited with return code 0
[2022-03-23 16:02:17,763] {local_task_job.py:264} INFO - 1 downstream tasks scheduled from follow-on schedule check
[2022-03-26 10:42:37,829] {taskinstance.py:1032} INFO - Dependencies all met for <TaskInstance: dtc_project_ingest.format_to_parquet_task scheduled__2018-09-02T06:00:00+00:00 [queued]>
[2022-03-26 10:42:37,864] {taskinstance.py:1032} INFO - Dependencies all met for <TaskInstance: dtc_project_ingest.format_to_parquet_task scheduled__2018-09-02T06:00:00+00:00 [queued]>
[2022-03-26 10:42:37,865] {taskinstance.py:1238} INFO - 
--------------------------------------------------------------------------------
[2022-03-26 10:42:37,867] {taskinstance.py:1239} INFO - Starting attempt 1 of 2
[2022-03-26 10:42:37,869] {taskinstance.py:1240} INFO - 
--------------------------------------------------------------------------------
[2022-03-26 10:42:37,915] {taskinstance.py:1259} INFO - Executing <Task(PythonOperator): format_to_parquet_task> on 2018-09-02 06:00:00+00:00
[2022-03-26 10:42:37,932] {standard_task_runner.py:52} INFO - Started process 5630 to run task
[2022-03-26 10:42:37,944] {standard_task_runner.py:76} INFO - Running: ['***', 'tasks', 'run', 'dtc_project_ingest', 'format_to_parquet_task', 'scheduled__2018-09-02T06:00:00+00:00', '--job-id', '1327', '--raw', '--subdir', 'DAGS_FOLDER/project_data_ingestion.py', '--cfg-path', '/tmp/tmp0lwwpm7p', '--error-file', '/tmp/tmpn5rrxtvi']
[2022-03-26 10:42:37,947] {standard_task_runner.py:77} INFO - Job 1327: Subtask format_to_parquet_task
[2022-03-26 10:42:38,102] {logging_mixin.py:109} INFO - Running <TaskInstance: dtc_project_ingest.format_to_parquet_task scheduled__2018-09-02T06:00:00+00:00 [running]> on host c800f4dda314
[2022-03-26 10:42:38,199] {warnings.py:110} WARNING - /home/***/.local/lib/python3.7/site-packages/***/utils/context.py:152: AirflowContextDeprecationWarning: Accessing 'execution_date' from the template is deprecated and will be removed in a future version. Please use 'data_interval_start' or 'logical_date' instead.
  warnings.warn(_create_deprecation_warning(key, self._deprecation_replacements[key]))

[2022-03-26 10:42:38,259] {taskinstance.py:1426} INFO - Exporting the following env vars:
AIRFLOW_CTX_DAG_OWNER=***
AIRFLOW_CTX_DAG_ID=dtc_project_ingest
AIRFLOW_CTX_TASK_ID=format_to_parquet_task
AIRFLOW_CTX_EXECUTION_DATE=2018-09-02T06:00:00+00:00
AIRFLOW_CTX_DAG_RUN_ID=scheduled__2018-09-02T06:00:00+00:00
[2022-03-26 10:42:48,584] {python.py:175} INFO - Done. Returned value was: None
[2022-03-26 10:42:48,622] {taskinstance.py:1277} INFO - Marking task as SUCCESS. dag_id=dtc_project_ingest, task_id=format_to_parquet_task, execution_date=20180902T060000, start_date=20220326T104237, end_date=20220326T104248
[2022-03-26 10:42:48,888] {local_task_job.py:154} INFO - Task exited with return code 0
[2022-03-26 10:42:48,956] {local_task_job.py:264} INFO - 1 downstream tasks scheduled from follow-on schedule check
[2022-03-26 15:29:58,340] {taskinstance.py:1032} INFO - Dependencies all met for <TaskInstance: dtc_project_ingest.format_to_parquet_task scheduled__2018-09-02T06:00:00+00:00 [queued]>
[2022-03-26 15:29:58,362] {taskinstance.py:1032} INFO - Dependencies all met for <TaskInstance: dtc_project_ingest.format_to_parquet_task scheduled__2018-09-02T06:00:00+00:00 [queued]>
[2022-03-26 15:29:58,363] {taskinstance.py:1238} INFO - 
--------------------------------------------------------------------------------
[2022-03-26 15:29:58,364] {taskinstance.py:1239} INFO - Starting attempt 1 of 2
[2022-03-26 15:29:58,366] {taskinstance.py:1240} INFO - 
--------------------------------------------------------------------------------
[2022-03-26 15:29:58,389] {taskinstance.py:1259} INFO - Executing <Task(PythonOperator): format_to_parquet_task> on 2018-09-02 06:00:00+00:00
[2022-03-26 15:29:58,399] {standard_task_runner.py:52} INFO - Started process 20041 to run task
[2022-03-26 15:29:58,413] {standard_task_runner.py:76} INFO - Running: ['***', 'tasks', 'run', 'dtc_project_ingest', 'format_to_parquet_task', 'scheduled__2018-09-02T06:00:00+00:00', '--job-id', '1576', '--raw', '--subdir', 'DAGS_FOLDER/project_data_ingestion.py', '--cfg-path', '/tmp/tmp_usevlns', '--error-file', '/tmp/tmp8dbab4g1']
[2022-03-26 15:29:58,416] {standard_task_runner.py:77} INFO - Job 1576: Subtask format_to_parquet_task
[2022-03-26 15:29:58,520] {logging_mixin.py:109} INFO - Running <TaskInstance: dtc_project_ingest.format_to_parquet_task scheduled__2018-09-02T06:00:00+00:00 [running]> on host c800f4dda314
[2022-03-26 15:29:58,602] {warnings.py:110} WARNING - /home/***/.local/lib/python3.7/site-packages/***/utils/context.py:152: AirflowContextDeprecationWarning: Accessing 'execution_date' from the template is deprecated and will be removed in a future version. Please use 'data_interval_start' or 'logical_date' instead.
  warnings.warn(_create_deprecation_warning(key, self._deprecation_replacements[key]))

[2022-03-26 15:29:58,647] {taskinstance.py:1426} INFO - Exporting the following env vars:
AIRFLOW_CTX_DAG_OWNER=***
AIRFLOW_CTX_DAG_ID=dtc_project_ingest
AIRFLOW_CTX_TASK_ID=format_to_parquet_task
AIRFLOW_CTX_EXECUTION_DATE=2018-09-02T06:00:00+00:00
AIRFLOW_CTX_DAG_RUN_ID=scheduled__2018-09-02T06:00:00+00:00
[2022-03-26 15:30:09,525] {python.py:175} INFO - Done. Returned value was: None
[2022-03-26 15:30:09,547] {taskinstance.py:1277} INFO - Marking task as SUCCESS. dag_id=dtc_project_ingest, task_id=format_to_parquet_task, execution_date=20180902T060000, start_date=20220326T152958, end_date=20220326T153009
[2022-03-26 15:30:09,762] {local_task_job.py:154} INFO - Task exited with return code 0
[2022-03-26 15:30:09,827] {local_task_job.py:264} INFO - 1 downstream tasks scheduled from follow-on schedule check
