[2022-03-23 22:37:07,606] {taskinstance.py:1032} INFO - Dependencies all met for <TaskInstance: dtc_project_ingest.local_to_gcs_task scheduled__2021-10-02T06:00:00+00:00 [queued]>
[2022-03-23 22:37:07,622] {taskinstance.py:1032} INFO - Dependencies all met for <TaskInstance: dtc_project_ingest.local_to_gcs_task scheduled__2021-10-02T06:00:00+00:00 [queued]>
[2022-03-23 22:37:07,624] {taskinstance.py:1238} INFO - 
--------------------------------------------------------------------------------
[2022-03-23 22:37:07,625] {taskinstance.py:1239} INFO - Starting attempt 3 of 4
[2022-03-23 22:37:07,626] {taskinstance.py:1240} INFO - 
--------------------------------------------------------------------------------
[2022-03-23 22:37:07,640] {taskinstance.py:1259} INFO - Executing <Task(PythonOperator): local_to_gcs_task> on 2021-10-02 06:00:00+00:00
[2022-03-23 22:37:07,647] {standard_task_runner.py:52} INFO - Started process 814 to run task
[2022-03-23 22:37:07,651] {standard_task_runner.py:76} INFO - Running: ['***', 'tasks', 'run', 'dtc_project_ingest', 'local_to_gcs_task', 'scheduled__2021-10-02T06:00:00+00:00', '--job-id', '1206', '--raw', '--subdir', 'DAGS_FOLDER/project_data_ingestion.py', '--cfg-path', '/tmp/tmp05v6fk3a', '--error-file', '/tmp/tmp0nwg9gwg']
[2022-03-23 22:37:07,655] {standard_task_runner.py:77} INFO - Job 1206: Subtask local_to_gcs_task
[2022-03-23 22:37:07,733] {logging_mixin.py:109} INFO - Running <TaskInstance: dtc_project_ingest.local_to_gcs_task scheduled__2021-10-02T06:00:00+00:00 [running]> on host 7127e26385ba
[2022-03-23 22:37:07,784] {warnings.py:110} WARNING - /home/***/.local/lib/python3.7/site-packages/***/utils/context.py:152: AirflowContextDeprecationWarning: Accessing 'execution_date' from the template is deprecated and will be removed in a future version. Please use 'data_interval_start' or 'logical_date' instead.
  warnings.warn(_create_deprecation_warning(key, self._deprecation_replacements[key]))

[2022-03-23 22:37:07,809] {taskinstance.py:1426} INFO - Exporting the following env vars:
AIRFLOW_CTX_DAG_OWNER=***
AIRFLOW_CTX_DAG_ID=dtc_project_ingest
AIRFLOW_CTX_TASK_ID=local_to_gcs_task
AIRFLOW_CTX_EXECUTION_DATE=2021-10-02T06:00:00+00:00
AIRFLOW_CTX_DAG_RUN_ID=scheduled__2021-10-02T06:00:00+00:00
[2022-03-23 22:40:01,057] {python.py:175} INFO - Done. Returned value was: None
[2022-03-23 22:40:01,072] {taskinstance.py:1277} INFO - Marking task as SUCCESS. dag_id=dtc_project_ingest, task_id=local_to_gcs_task, execution_date=20211002T060000, start_date=20220323T223707, end_date=20220323T224001
[2022-03-23 22:40:01,130] {local_task_job.py:154} INFO - Task exited with return code 0
[2022-03-23 22:40:01,185] {local_task_job.py:264} INFO - 1 downstream tasks scheduled from follow-on schedule check
