[2022-03-23 08:59:40,811] {taskinstance.py:1032} INFO - Dependencies all met for <TaskInstance: dtc_project_ingest.local_to_gcs_task scheduled__2018-08-02T06:00:00+00:00 [queued]>
[2022-03-23 08:59:40,826] {taskinstance.py:1032} INFO - Dependencies all met for <TaskInstance: dtc_project_ingest.local_to_gcs_task scheduled__2018-08-02T06:00:00+00:00 [queued]>
[2022-03-23 08:59:40,827] {taskinstance.py:1238} INFO - 
--------------------------------------------------------------------------------
[2022-03-23 08:59:40,828] {taskinstance.py:1239} INFO - Starting attempt 1 of 2
[2022-03-23 08:59:40,830] {taskinstance.py:1240} INFO - 
--------------------------------------------------------------------------------
[2022-03-23 08:59:40,847] {taskinstance.py:1259} INFO - Executing <Task(PythonOperator): local_to_gcs_task> on 2018-08-02 06:00:00+00:00
[2022-03-23 08:59:40,853] {standard_task_runner.py:52} INFO - Started process 720 to run task
[2022-03-23 08:59:40,858] {standard_task_runner.py:76} INFO - Running: ['***', 'tasks', 'run', 'dtc_project_ingest', 'local_to_gcs_task', 'scheduled__2018-08-02T06:00:00+00:00', '--job-id', '667', '--raw', '--subdir', 'DAGS_FOLDER/project_data_ingestion.py', '--cfg-path', '/tmp/tmpe51xhe3a', '--error-file', '/tmp/tmp8i5box44']
[2022-03-23 08:59:40,860] {standard_task_runner.py:77} INFO - Job 667: Subtask local_to_gcs_task
[2022-03-23 08:59:40,930] {logging_mixin.py:109} INFO - Running <TaskInstance: dtc_project_ingest.local_to_gcs_task scheduled__2018-08-02T06:00:00+00:00 [running]> on host 7127e26385ba
[2022-03-23 08:59:40,981] {warnings.py:110} WARNING - /home/***/.local/lib/python3.7/site-packages/***/utils/context.py:152: AirflowContextDeprecationWarning: Accessing 'execution_date' from the template is deprecated and will be removed in a future version. Please use 'data_interval_start' or 'logical_date' instead.
  warnings.warn(_create_deprecation_warning(key, self._deprecation_replacements[key]))

[2022-03-23 08:59:41,006] {taskinstance.py:1426} INFO - Exporting the following env vars:
AIRFLOW_CTX_DAG_OWNER=***
AIRFLOW_CTX_DAG_ID=dtc_project_ingest
AIRFLOW_CTX_TASK_ID=local_to_gcs_task
AIRFLOW_CTX_EXECUTION_DATE=2018-08-02T06:00:00+00:00
AIRFLOW_CTX_DAG_RUN_ID=scheduled__2018-08-02T06:00:00+00:00
[2022-03-23 09:00:26,552] {python.py:175} INFO - Done. Returned value was: None
[2022-03-23 09:00:26,566] {taskinstance.py:1277} INFO - Marking task as SUCCESS. dag_id=dtc_project_ingest, task_id=local_to_gcs_task, execution_date=20180802T060000, start_date=20220323T085940, end_date=20220323T090026
[2022-03-23 09:00:26,599] {local_task_job.py:154} INFO - Task exited with return code 0
[2022-03-23 09:00:26,633] {local_task_job.py:264} INFO - 1 downstream tasks scheduled from follow-on schedule check
[2022-03-23 15:29:42,520] {taskinstance.py:1032} INFO - Dependencies all met for <TaskInstance: dtc_project_ingest.local_to_gcs_task scheduled__2018-08-02T06:00:00+00:00 [queued]>
[2022-03-23 15:29:42,539] {taskinstance.py:1032} INFO - Dependencies all met for <TaskInstance: dtc_project_ingest.local_to_gcs_task scheduled__2018-08-02T06:00:00+00:00 [queued]>
[2022-03-23 15:29:42,540] {taskinstance.py:1238} INFO - 
--------------------------------------------------------------------------------
[2022-03-23 15:29:42,542] {taskinstance.py:1239} INFO - Starting attempt 1 of 2
[2022-03-23 15:29:42,543] {taskinstance.py:1240} INFO - 
--------------------------------------------------------------------------------
[2022-03-23 15:29:42,563] {taskinstance.py:1259} INFO - Executing <Task(PythonOperator): local_to_gcs_task> on 2018-08-02 06:00:00+00:00
[2022-03-23 15:29:42,572] {standard_task_runner.py:52} INFO - Started process 2060 to run task
[2022-03-23 15:29:42,581] {standard_task_runner.py:76} INFO - Running: ['***', 'tasks', 'run', 'dtc_project_ingest', 'local_to_gcs_task', 'scheduled__2018-08-02T06:00:00+00:00', '--job-id', '898', '--raw', '--subdir', 'DAGS_FOLDER/project_data_ingestion.py', '--cfg-path', '/tmp/tmpg3x39xog', '--error-file', '/tmp/tmplq6h_sm6']
[2022-03-23 15:29:42,584] {standard_task_runner.py:77} INFO - Job 898: Subtask local_to_gcs_task
[2022-03-23 15:29:42,702] {logging_mixin.py:109} INFO - Running <TaskInstance: dtc_project_ingest.local_to_gcs_task scheduled__2018-08-02T06:00:00+00:00 [running]> on host 7127e26385ba
[2022-03-23 15:29:42,780] {warnings.py:110} WARNING - /home/***/.local/lib/python3.7/site-packages/***/utils/context.py:152: AirflowContextDeprecationWarning: Accessing 'execution_date' from the template is deprecated and will be removed in a future version. Please use 'data_interval_start' or 'logical_date' instead.
  warnings.warn(_create_deprecation_warning(key, self._deprecation_replacements[key]))

[2022-03-23 15:29:42,823] {taskinstance.py:1426} INFO - Exporting the following env vars:
AIRFLOW_CTX_DAG_OWNER=***
AIRFLOW_CTX_DAG_ID=dtc_project_ingest
AIRFLOW_CTX_TASK_ID=local_to_gcs_task
AIRFLOW_CTX_EXECUTION_DATE=2018-08-02T06:00:00+00:00
AIRFLOW_CTX_DAG_RUN_ID=scheduled__2018-08-02T06:00:00+00:00
[2022-03-23 15:30:14,080] {python.py:175} INFO - Done. Returned value was: None
[2022-03-23 15:30:14,097] {taskinstance.py:1277} INFO - Marking task as SUCCESS. dag_id=dtc_project_ingest, task_id=local_to_gcs_task, execution_date=20180802T060000, start_date=20220323T152942, end_date=20220323T153014
[2022-03-23 15:30:14,129] {local_task_job.py:154} INFO - Task exited with return code 0
[2022-03-23 15:30:14,196] {local_task_job.py:264} INFO - 1 downstream tasks scheduled from follow-on schedule check
[2022-03-23 16:00:55,072] {taskinstance.py:1032} INFO - Dependencies all met for <TaskInstance: dtc_project_ingest.local_to_gcs_task scheduled__2018-08-02T06:00:00+00:00 [queued]>
[2022-03-23 16:00:55,100] {taskinstance.py:1032} INFO - Dependencies all met for <TaskInstance: dtc_project_ingest.local_to_gcs_task scheduled__2018-08-02T06:00:00+00:00 [queued]>
[2022-03-23 16:00:55,102] {taskinstance.py:1238} INFO - 
--------------------------------------------------------------------------------
[2022-03-23 16:00:55,103] {taskinstance.py:1239} INFO - Starting attempt 1 of 2
[2022-03-23 16:00:55,104] {taskinstance.py:1240} INFO - 
--------------------------------------------------------------------------------
[2022-03-23 16:00:55,140] {taskinstance.py:1259} INFO - Executing <Task(PythonOperator): local_to_gcs_task> on 2018-08-02 06:00:00+00:00
[2022-03-23 16:00:55,150] {standard_task_runner.py:52} INFO - Started process 3741 to run task
[2022-03-23 16:00:55,162] {standard_task_runner.py:76} INFO - Running: ['***', 'tasks', 'run', 'dtc_project_ingest', 'local_to_gcs_task', 'scheduled__2018-08-02T06:00:00+00:00', '--job-id', '970', '--raw', '--subdir', 'DAGS_FOLDER/project_data_ingestion.py', '--cfg-path', '/tmp/tmpz5ck6bc_', '--error-file', '/tmp/tmphpkkdk1q']
[2022-03-23 16:00:55,165] {standard_task_runner.py:77} INFO - Job 970: Subtask local_to_gcs_task
[2022-03-23 16:00:55,339] {logging_mixin.py:109} INFO - Running <TaskInstance: dtc_project_ingest.local_to_gcs_task scheduled__2018-08-02T06:00:00+00:00 [running]> on host 7127e26385ba
[2022-03-23 16:00:55,446] {warnings.py:110} WARNING - /home/***/.local/lib/python3.7/site-packages/***/utils/context.py:152: AirflowContextDeprecationWarning: Accessing 'execution_date' from the template is deprecated and will be removed in a future version. Please use 'data_interval_start' or 'logical_date' instead.
  warnings.warn(_create_deprecation_warning(key, self._deprecation_replacements[key]))

[2022-03-23 16:00:55,496] {taskinstance.py:1426} INFO - Exporting the following env vars:
AIRFLOW_CTX_DAG_OWNER=***
AIRFLOW_CTX_DAG_ID=dtc_project_ingest
AIRFLOW_CTX_TASK_ID=local_to_gcs_task
AIRFLOW_CTX_EXECUTION_DATE=2018-08-02T06:00:00+00:00
AIRFLOW_CTX_DAG_RUN_ID=scheduled__2018-08-02T06:00:00+00:00
[2022-03-23 16:01:51,776] {python.py:175} INFO - Done. Returned value was: None
[2022-03-23 16:01:51,790] {taskinstance.py:1277} INFO - Marking task as SUCCESS. dag_id=dtc_project_ingest, task_id=local_to_gcs_task, execution_date=20180802T060000, start_date=20220323T160055, end_date=20220323T160151
[2022-03-23 16:01:51,821] {local_task_job.py:154} INFO - Task exited with return code 0
[2022-03-23 16:01:51,865] {local_task_job.py:264} INFO - 1 downstream tasks scheduled from follow-on schedule check
[2022-03-26 10:42:03,052] {taskinstance.py:1032} INFO - Dependencies all met for <TaskInstance: dtc_project_ingest.local_to_gcs_task scheduled__2018-08-02T06:00:00+00:00 [queued]>
[2022-03-26 10:42:03,103] {taskinstance.py:1032} INFO - Dependencies all met for <TaskInstance: dtc_project_ingest.local_to_gcs_task scheduled__2018-08-02T06:00:00+00:00 [queued]>
[2022-03-26 10:42:03,105] {taskinstance.py:1238} INFO - 
--------------------------------------------------------------------------------
[2022-03-26 10:42:03,109] {taskinstance.py:1239} INFO - Starting attempt 1 of 2
[2022-03-26 10:42:03,111] {taskinstance.py:1240} INFO - 
--------------------------------------------------------------------------------
[2022-03-26 10:42:03,151] {taskinstance.py:1259} INFO - Executing <Task(PythonOperator): local_to_gcs_task> on 2018-08-02 06:00:00+00:00
[2022-03-26 10:42:03,167] {standard_task_runner.py:52} INFO - Started process 5597 to run task
[2022-03-26 10:42:03,189] {standard_task_runner.py:76} INFO - Running: ['***', 'tasks', 'run', 'dtc_project_ingest', 'local_to_gcs_task', 'scheduled__2018-08-02T06:00:00+00:00', '--job-id', '1325', '--raw', '--subdir', 'DAGS_FOLDER/project_data_ingestion.py', '--cfg-path', '/tmp/tmpcgvba10a', '--error-file', '/tmp/tmpg7u2eke2']
[2022-03-26 10:42:03,192] {standard_task_runner.py:77} INFO - Job 1325: Subtask local_to_gcs_task
[2022-03-26 10:42:03,361] {logging_mixin.py:109} INFO - Running <TaskInstance: dtc_project_ingest.local_to_gcs_task scheduled__2018-08-02T06:00:00+00:00 [running]> on host c800f4dda314
[2022-03-26 10:42:03,471] {warnings.py:110} WARNING - /home/***/.local/lib/python3.7/site-packages/***/utils/context.py:152: AirflowContextDeprecationWarning: Accessing 'execution_date' from the template is deprecated and will be removed in a future version. Please use 'data_interval_start' or 'logical_date' instead.
  warnings.warn(_create_deprecation_warning(key, self._deprecation_replacements[key]))

[2022-03-26 10:42:03,536] {taskinstance.py:1426} INFO - Exporting the following env vars:
AIRFLOW_CTX_DAG_OWNER=***
AIRFLOW_CTX_DAG_ID=dtc_project_ingest
AIRFLOW_CTX_TASK_ID=local_to_gcs_task
AIRFLOW_CTX_EXECUTION_DATE=2018-08-02T06:00:00+00:00
AIRFLOW_CTX_DAG_RUN_ID=scheduled__2018-08-02T06:00:00+00:00
[2022-03-26 10:43:35,570] {python.py:175} INFO - Done. Returned value was: None
[2022-03-26 10:43:35,591] {taskinstance.py:1277} INFO - Marking task as SUCCESS. dag_id=dtc_project_ingest, task_id=local_to_gcs_task, execution_date=20180802T060000, start_date=20220326T104203, end_date=20220326T104335
[2022-03-26 10:43:35,662] {local_task_job.py:154} INFO - Task exited with return code 0
[2022-03-26 10:43:35,750] {local_task_job.py:264} INFO - 1 downstream tasks scheduled from follow-on schedule check
[2022-03-26 15:29:45,097] {taskinstance.py:1032} INFO - Dependencies all met for <TaskInstance: dtc_project_ingest.local_to_gcs_task scheduled__2018-08-02T06:00:00+00:00 [queued]>
[2022-03-26 15:29:45,126] {taskinstance.py:1032} INFO - Dependencies all met for <TaskInstance: dtc_project_ingest.local_to_gcs_task scheduled__2018-08-02T06:00:00+00:00 [queued]>
[2022-03-26 15:29:45,129] {taskinstance.py:1238} INFO - 
--------------------------------------------------------------------------------
[2022-03-26 15:29:45,130] {taskinstance.py:1239} INFO - Starting attempt 1 of 2
[2022-03-26 15:29:45,131] {taskinstance.py:1240} INFO - 
--------------------------------------------------------------------------------
[2022-03-26 15:29:45,190] {taskinstance.py:1259} INFO - Executing <Task(PythonOperator): local_to_gcs_task> on 2018-08-02 06:00:00+00:00
[2022-03-26 15:29:45,208] {standard_task_runner.py:52} INFO - Started process 20028 to run task
[2022-03-26 15:29:45,223] {standard_task_runner.py:76} INFO - Running: ['***', 'tasks', 'run', 'dtc_project_ingest', 'local_to_gcs_task', 'scheduled__2018-08-02T06:00:00+00:00', '--job-id', '1575', '--raw', '--subdir', 'DAGS_FOLDER/project_data_ingestion.py', '--cfg-path', '/tmp/tmpz3a4gheg', '--error-file', '/tmp/tmpjagox1jb']
[2022-03-26 15:29:45,227] {standard_task_runner.py:77} INFO - Job 1575: Subtask local_to_gcs_task
[2022-03-26 15:29:45,390] {logging_mixin.py:109} INFO - Running <TaskInstance: dtc_project_ingest.local_to_gcs_task scheduled__2018-08-02T06:00:00+00:00 [running]> on host c800f4dda314
[2022-03-26 15:29:45,626] {warnings.py:110} WARNING - /home/***/.local/lib/python3.7/site-packages/***/utils/context.py:152: AirflowContextDeprecationWarning: Accessing 'execution_date' from the template is deprecated and will be removed in a future version. Please use 'data_interval_start' or 'logical_date' instead.
  warnings.warn(_create_deprecation_warning(key, self._deprecation_replacements[key]))

[2022-03-26 15:29:45,773] {taskinstance.py:1426} INFO - Exporting the following env vars:
AIRFLOW_CTX_DAG_OWNER=***
AIRFLOW_CTX_DAG_ID=dtc_project_ingest
AIRFLOW_CTX_TASK_ID=local_to_gcs_task
AIRFLOW_CTX_EXECUTION_DATE=2018-08-02T06:00:00+00:00
AIRFLOW_CTX_DAG_RUN_ID=scheduled__2018-08-02T06:00:00+00:00
[2022-03-26 15:31:06,089] {python.py:175} INFO - Done. Returned value was: None
[2022-03-26 15:31:06,110] {taskinstance.py:1277} INFO - Marking task as SUCCESS. dag_id=dtc_project_ingest, task_id=local_to_gcs_task, execution_date=20180802T060000, start_date=20220326T152945, end_date=20220326T153106
[2022-03-26 15:31:06,185] {local_task_job.py:154} INFO - Task exited with return code 0
[2022-03-26 15:31:06,247] {local_task_job.py:264} INFO - 1 downstream tasks scheduled from follow-on schedule check
