[2022-03-23 09:41:20,427] {taskinstance.py:1032} INFO - Dependencies all met for <TaskInstance: dtc_project_ingest.rm_task scheduled__2021-08-02T06:00:00+00:00 [queued]>
[2022-03-23 09:41:20,438] {taskinstance.py:1032} INFO - Dependencies all met for <TaskInstance: dtc_project_ingest.rm_task scheduled__2021-08-02T06:00:00+00:00 [queued]>
[2022-03-23 09:41:20,439] {taskinstance.py:1238} INFO - 
--------------------------------------------------------------------------------
[2022-03-23 09:41:20,439] {taskinstance.py:1239} INFO - Starting attempt 1 of 2
[2022-03-23 09:41:20,440] {taskinstance.py:1240} INFO - 
--------------------------------------------------------------------------------
[2022-03-23 09:41:20,451] {taskinstance.py:1259} INFO - Executing <Task(BashOperator): rm_task> on 2021-08-02 06:00:00+00:00
[2022-03-23 09:41:20,457] {standard_task_runner.py:52} INFO - Started process 3461 to run task
[2022-03-23 09:41:20,461] {standard_task_runner.py:76} INFO - Running: ['***', 'tasks', 'run', 'dtc_project_ingest', 'rm_task', 'scheduled__2021-08-02T06:00:00+00:00', '--job-id', '812', '--raw', '--subdir', 'DAGS_FOLDER/project_data_ingestion.py', '--cfg-path', '/tmp/tmpgrfy11_b', '--error-file', '/tmp/tmpgx72_r4g']
[2022-03-23 09:41:20,463] {standard_task_runner.py:77} INFO - Job 812: Subtask rm_task
[2022-03-23 09:41:20,527] {logging_mixin.py:109} INFO - Running <TaskInstance: dtc_project_ingest.rm_task scheduled__2021-08-02T06:00:00+00:00 [running]> on host 7127e26385ba
[2022-03-23 09:41:20,571] {warnings.py:110} WARNING - /home/***/.local/lib/python3.7/site-packages/***/utils/context.py:152: AirflowContextDeprecationWarning: Accessing 'execution_date' from the template is deprecated and will be removed in a future version. Please use 'data_interval_start' or 'logical_date' instead.
  warnings.warn(_create_deprecation_warning(key, self._deprecation_replacements[key]))

[2022-03-23 09:41:20,594] {taskinstance.py:1426} INFO - Exporting the following env vars:
AIRFLOW_CTX_DAG_OWNER=***
AIRFLOW_CTX_DAG_ID=dtc_project_ingest
AIRFLOW_CTX_TASK_ID=rm_task
AIRFLOW_CTX_EXECUTION_DATE=2021-08-02T06:00:00+00:00
AIRFLOW_CTX_DAG_RUN_ID=scheduled__2021-08-02T06:00:00+00:00
[2022-03-23 09:41:20,596] {subprocess.py:62} INFO - Tmp dir root location: 
 /tmp
[2022-03-23 09:41:20,597] {subprocess.py:74} INFO - Running command: ['bash', '-c', 'rm /opt/***/202108-citibike-tripdata.csv /opt/***/202108-citibike-tripdata.parquet']
[2022-03-23 09:41:20,612] {subprocess.py:85} INFO - Output:
[2022-03-23 09:41:20,778] {subprocess.py:93} INFO - Command exited with return code 0
[2022-03-23 09:41:20,805] {taskinstance.py:1277} INFO - Marking task as SUCCESS. dag_id=dtc_project_ingest, task_id=rm_task, execution_date=20210802T060000, start_date=20220323T094120, end_date=20220323T094120
[2022-03-23 09:41:20,836] {local_task_job.py:154} INFO - Task exited with return code 0
[2022-03-23 09:41:20,870] {local_task_job.py:264} INFO - 0 downstream tasks scheduled from follow-on schedule check
[2022-03-23 22:39:20,202] {taskinstance.py:1032} INFO - Dependencies all met for <TaskInstance: dtc_project_ingest.rm_task scheduled__2021-08-02T06:00:00+00:00 [queued]>
[2022-03-23 22:39:20,214] {taskinstance.py:1032} INFO - Dependencies all met for <TaskInstance: dtc_project_ingest.rm_task scheduled__2021-08-02T06:00:00+00:00 [queued]>
[2022-03-23 22:39:20,215] {taskinstance.py:1238} INFO - 
--------------------------------------------------------------------------------
[2022-03-23 22:39:20,217] {taskinstance.py:1239} INFO - Starting attempt 1 of 2
[2022-03-23 22:39:20,217] {taskinstance.py:1240} INFO - 
--------------------------------------------------------------------------------
[2022-03-23 22:39:20,230] {taskinstance.py:1259} INFO - Executing <Task(BashOperator): rm_task> on 2021-08-02 06:00:00+00:00
[2022-03-23 22:39:20,237] {standard_task_runner.py:52} INFO - Started process 919 to run task
[2022-03-23 22:39:20,242] {standard_task_runner.py:76} INFO - Running: ['***', 'tasks', 'run', 'dtc_project_ingest', 'rm_task', 'scheduled__2021-08-02T06:00:00+00:00', '--job-id', '1208', '--raw', '--subdir', 'DAGS_FOLDER/project_data_ingestion.py', '--cfg-path', '/tmp/tmpcwmpvdb3', '--error-file', '/tmp/tmpg_utv0xm']
[2022-03-23 22:39:20,244] {standard_task_runner.py:77} INFO - Job 1208: Subtask rm_task
[2022-03-23 22:39:20,321] {logging_mixin.py:109} INFO - Running <TaskInstance: dtc_project_ingest.rm_task scheduled__2021-08-02T06:00:00+00:00 [running]> on host 7127e26385ba
[2022-03-23 22:39:20,369] {warnings.py:110} WARNING - /home/***/.local/lib/python3.7/site-packages/***/utils/context.py:152: AirflowContextDeprecationWarning: Accessing 'execution_date' from the template is deprecated and will be removed in a future version. Please use 'data_interval_start' or 'logical_date' instead.
  warnings.warn(_create_deprecation_warning(key, self._deprecation_replacements[key]))

[2022-03-23 22:39:20,400] {taskinstance.py:1426} INFO - Exporting the following env vars:
AIRFLOW_CTX_DAG_OWNER=***
AIRFLOW_CTX_DAG_ID=dtc_project_ingest
AIRFLOW_CTX_TASK_ID=rm_task
AIRFLOW_CTX_EXECUTION_DATE=2021-08-02T06:00:00+00:00
AIRFLOW_CTX_DAG_RUN_ID=scheduled__2021-08-02T06:00:00+00:00
[2022-03-23 22:39:20,403] {subprocess.py:62} INFO - Tmp dir root location: 
 /tmp
[2022-03-23 22:39:20,404] {subprocess.py:74} INFO - Running command: ['bash', '-c', 'rm /opt/***/202108-citibike-tripdata.csv /opt/***/202108-citibike-tripdata.parquet']
[2022-03-23 22:39:20,419] {subprocess.py:85} INFO - Output:
[2022-03-23 22:39:20,443] {subprocess.py:93} INFO - Command exited with return code 0
[2022-03-23 22:39:20,475] {taskinstance.py:1277} INFO - Marking task as SUCCESS. dag_id=dtc_project_ingest, task_id=rm_task, execution_date=20210802T060000, start_date=20220323T223920, end_date=20220323T223920
[2022-03-23 22:39:20,537] {local_task_job.py:154} INFO - Task exited with return code 0
[2022-03-23 22:39:20,586] {local_task_job.py:264} INFO - 0 downstream tasks scheduled from follow-on schedule check
[2022-03-26 11:55:14,808] {taskinstance.py:1032} INFO - Dependencies all met for <TaskInstance: dtc_project_ingest.rm_task scheduled__2021-08-02T06:00:00+00:00 [queued]>
[2022-03-26 11:55:14,834] {taskinstance.py:1032} INFO - Dependencies all met for <TaskInstance: dtc_project_ingest.rm_task scheduled__2021-08-02T06:00:00+00:00 [queued]>
[2022-03-26 11:55:14,835] {taskinstance.py:1238} INFO - 
--------------------------------------------------------------------------------
[2022-03-26 11:55:14,836] {taskinstance.py:1239} INFO - Starting attempt 1 of 2
[2022-03-26 11:55:14,837] {taskinstance.py:1240} INFO - 
--------------------------------------------------------------------------------
[2022-03-26 11:55:14,854] {taskinstance.py:1259} INFO - Executing <Task(BashOperator): rm_task> on 2021-08-02 06:00:00+00:00
[2022-03-26 11:55:14,865] {standard_task_runner.py:52} INFO - Started process 9788 to run task
[2022-03-26 11:55:14,871] {standard_task_runner.py:76} INFO - Running: ['***', 'tasks', 'run', 'dtc_project_ingest', 'rm_task', 'scheduled__2021-08-02T06:00:00+00:00', '--job-id', '1509', '--raw', '--subdir', 'DAGS_FOLDER/project_data_ingestion.py', '--cfg-path', '/tmp/tmpxtdqt6gc', '--error-file', '/tmp/tmpshy8gleo']
[2022-03-26 11:55:14,874] {standard_task_runner.py:77} INFO - Job 1509: Subtask rm_task
[2022-03-26 11:55:14,966] {logging_mixin.py:109} INFO - Running <TaskInstance: dtc_project_ingest.rm_task scheduled__2021-08-02T06:00:00+00:00 [running]> on host c800f4dda314
[2022-03-26 11:55:15,027] {warnings.py:110} WARNING - /home/***/.local/lib/python3.7/site-packages/***/utils/context.py:152: AirflowContextDeprecationWarning: Accessing 'execution_date' from the template is deprecated and will be removed in a future version. Please use 'data_interval_start' or 'logical_date' instead.
  warnings.warn(_create_deprecation_warning(key, self._deprecation_replacements[key]))

[2022-03-26 11:55:15,058] {taskinstance.py:1426} INFO - Exporting the following env vars:
AIRFLOW_CTX_DAG_OWNER=***
AIRFLOW_CTX_DAG_ID=dtc_project_ingest
AIRFLOW_CTX_TASK_ID=rm_task
AIRFLOW_CTX_EXECUTION_DATE=2021-08-02T06:00:00+00:00
AIRFLOW_CTX_DAG_RUN_ID=scheduled__2021-08-02T06:00:00+00:00
[2022-03-26 11:55:15,063] {subprocess.py:62} INFO - Tmp dir root location: 
 /tmp
[2022-03-26 11:55:15,065] {subprocess.py:74} INFO - Running command: ['bash', '-c', 'rm /opt/***/202108-citibike-tripdata.csv /opt/***/202108-citibike-tripdata.parquet']
[2022-03-26 11:55:15,091] {subprocess.py:85} INFO - Output:
[2022-03-26 11:55:15,335] {subprocess.py:93} INFO - Command exited with return code 0
[2022-03-26 11:55:15,383] {taskinstance.py:1277} INFO - Marking task as SUCCESS. dag_id=dtc_project_ingest, task_id=rm_task, execution_date=20210802T060000, start_date=20220326T115514, end_date=20220326T115515
[2022-03-26 11:55:15,460] {local_task_job.py:154} INFO - Task exited with return code 0
[2022-03-26 11:55:15,503] {local_task_job.py:264} INFO - 0 downstream tasks scheduled from follow-on schedule check
