[2022-03-23 09:18:51,334] {taskinstance.py:1032} INFO - Dependencies all met for <TaskInstance: dtc_project_ingest.local_to_gcs_task scheduled__2020-03-02T06:00:00+00:00 [queued]>
[2022-03-23 09:18:51,345] {taskinstance.py:1032} INFO - Dependencies all met for <TaskInstance: dtc_project_ingest.local_to_gcs_task scheduled__2020-03-02T06:00:00+00:00 [queued]>
[2022-03-23 09:18:51,346] {taskinstance.py:1238} INFO - 
--------------------------------------------------------------------------------
[2022-03-23 09:18:51,347] {taskinstance.py:1239} INFO - Starting attempt 1 of 2
[2022-03-23 09:18:51,348] {taskinstance.py:1240} INFO - 
--------------------------------------------------------------------------------
[2022-03-23 09:18:51,360] {taskinstance.py:1259} INFO - Executing <Task(PythonOperator): local_to_gcs_task> on 2020-03-02 06:00:00+00:00
[2022-03-23 09:18:51,367] {standard_task_runner.py:52} INFO - Started process 2032 to run task
[2022-03-23 09:18:51,372] {standard_task_runner.py:76} INFO - Running: ['***', 'tasks', 'run', 'dtc_project_ingest', 'local_to_gcs_task', 'scheduled__2020-03-02T06:00:00+00:00', '--job-id', '743', '--raw', '--subdir', 'DAGS_FOLDER/project_data_ingestion.py', '--cfg-path', '/tmp/tmp0qtmo8bi', '--error-file', '/tmp/tmpzvex9a6p']
[2022-03-23 09:18:51,373] {standard_task_runner.py:77} INFO - Job 743: Subtask local_to_gcs_task
[2022-03-23 09:18:51,442] {logging_mixin.py:109} INFO - Running <TaskInstance: dtc_project_ingest.local_to_gcs_task scheduled__2020-03-02T06:00:00+00:00 [running]> on host 7127e26385ba
[2022-03-23 09:18:51,484] {warnings.py:110} WARNING - /home/***/.local/lib/python3.7/site-packages/***/utils/context.py:152: AirflowContextDeprecationWarning: Accessing 'execution_date' from the template is deprecated and will be removed in a future version. Please use 'data_interval_start' or 'logical_date' instead.
  warnings.warn(_create_deprecation_warning(key, self._deprecation_replacements[key]))

[2022-03-23 09:18:51,504] {taskinstance.py:1426} INFO - Exporting the following env vars:
AIRFLOW_CTX_DAG_OWNER=***
AIRFLOW_CTX_DAG_ID=dtc_project_ingest
AIRFLOW_CTX_TASK_ID=local_to_gcs_task
AIRFLOW_CTX_EXECUTION_DATE=2020-03-02T06:00:00+00:00
AIRFLOW_CTX_DAG_RUN_ID=scheduled__2020-03-02T06:00:00+00:00
[2022-03-23 09:19:19,077] {python.py:175} INFO - Done. Returned value was: None
[2022-03-23 09:19:19,120] {taskinstance.py:1277} INFO - Marking task as SUCCESS. dag_id=dtc_project_ingest, task_id=local_to_gcs_task, execution_date=20200302T060000, start_date=20220323T091851, end_date=20220323T091919
[2022-03-23 09:19:19,166] {local_task_job.py:154} INFO - Task exited with return code 0
[2022-03-23 09:19:19,198] {local_task_job.py:264} INFO - 1 downstream tasks scheduled from follow-on schedule check
[2022-03-23 16:28:48,343] {taskinstance.py:1032} INFO - Dependencies all met for <TaskInstance: dtc_project_ingest.local_to_gcs_task scheduled__2020-03-02T06:00:00+00:00 [queued]>
[2022-03-23 16:28:48,361] {taskinstance.py:1032} INFO - Dependencies all met for <TaskInstance: dtc_project_ingest.local_to_gcs_task scheduled__2020-03-02T06:00:00+00:00 [queued]>
[2022-03-23 16:28:48,362] {taskinstance.py:1238} INFO - 
--------------------------------------------------------------------------------
[2022-03-23 16:28:48,364] {taskinstance.py:1239} INFO - Starting attempt 1 of 2
[2022-03-23 16:28:48,365] {taskinstance.py:1240} INFO - 
--------------------------------------------------------------------------------
[2022-03-23 16:28:48,383] {taskinstance.py:1259} INFO - Executing <Task(PythonOperator): local_to_gcs_task> on 2020-03-02 06:00:00+00:00
[2022-03-23 16:28:48,391] {standard_task_runner.py:52} INFO - Started process 5513 to run task
[2022-03-23 16:28:48,397] {standard_task_runner.py:76} INFO - Running: ['***', 'tasks', 'run', 'dtc_project_ingest', 'local_to_gcs_task', 'scheduled__2020-03-02T06:00:00+00:00', '--job-id', '1067', '--raw', '--subdir', 'DAGS_FOLDER/project_data_ingestion.py', '--cfg-path', '/tmp/tmp0vwixitu', '--error-file', '/tmp/tmpyrqtru9i']
[2022-03-23 16:28:48,399] {standard_task_runner.py:77} INFO - Job 1067: Subtask local_to_gcs_task
[2022-03-23 16:28:48,499] {logging_mixin.py:109} INFO - Running <TaskInstance: dtc_project_ingest.local_to_gcs_task scheduled__2020-03-02T06:00:00+00:00 [running]> on host 7127e26385ba
[2022-03-23 16:28:48,567] {warnings.py:110} WARNING - /home/***/.local/lib/python3.7/site-packages/***/utils/context.py:152: AirflowContextDeprecationWarning: Accessing 'execution_date' from the template is deprecated and will be removed in a future version. Please use 'data_interval_start' or 'logical_date' instead.
  warnings.warn(_create_deprecation_warning(key, self._deprecation_replacements[key]))

[2022-03-23 16:28:48,602] {taskinstance.py:1426} INFO - Exporting the following env vars:
AIRFLOW_CTX_DAG_OWNER=***
AIRFLOW_CTX_DAG_ID=dtc_project_ingest
AIRFLOW_CTX_TASK_ID=local_to_gcs_task
AIRFLOW_CTX_EXECUTION_DATE=2020-03-02T06:00:00+00:00
AIRFLOW_CTX_DAG_RUN_ID=scheduled__2020-03-02T06:00:00+00:00
[2022-03-23 16:29:32,803] {python.py:175} INFO - Done. Returned value was: None
[2022-03-23 16:29:32,818] {taskinstance.py:1277} INFO - Marking task as SUCCESS. dag_id=dtc_project_ingest, task_id=local_to_gcs_task, execution_date=20200302T060000, start_date=20220323T162848, end_date=20220323T162932
[2022-03-23 16:29:32,855] {local_task_job.py:154} INFO - Task exited with return code 0
[2022-03-23 16:29:32,929] {local_task_job.py:264} INFO - 1 downstream tasks scheduled from follow-on schedule check
[2022-03-26 11:20:59,651] {taskinstance.py:1032} INFO - Dependencies all met for <TaskInstance: dtc_project_ingest.local_to_gcs_task scheduled__2020-03-02T06:00:00+00:00 [queued]>
[2022-03-26 11:20:59,674] {taskinstance.py:1032} INFO - Dependencies all met for <TaskInstance: dtc_project_ingest.local_to_gcs_task scheduled__2020-03-02T06:00:00+00:00 [queued]>
[2022-03-26 11:20:59,676] {taskinstance.py:1238} INFO - 
--------------------------------------------------------------------------------
[2022-03-26 11:20:59,677] {taskinstance.py:1239} INFO - Starting attempt 1 of 2
[2022-03-26 11:20:59,678] {taskinstance.py:1240} INFO - 
--------------------------------------------------------------------------------
[2022-03-26 11:20:59,698] {taskinstance.py:1259} INFO - Executing <Task(PythonOperator): local_to_gcs_task> on 2020-03-02 06:00:00+00:00
[2022-03-26 11:20:59,712] {standard_task_runner.py:52} INFO - Started process 7794 to run task
[2022-03-26 11:20:59,719] {standard_task_runner.py:76} INFO - Running: ['***', 'tasks', 'run', 'dtc_project_ingest', 'local_to_gcs_task', 'scheduled__2020-03-02T06:00:00+00:00', '--job-id', '1419', '--raw', '--subdir', 'DAGS_FOLDER/project_data_ingestion.py', '--cfg-path', '/tmp/tmpzzbqh_bl', '--error-file', '/tmp/tmpea208w7z']
[2022-03-26 11:20:59,721] {standard_task_runner.py:77} INFO - Job 1419: Subtask local_to_gcs_task
[2022-03-26 11:20:59,832] {logging_mixin.py:109} INFO - Running <TaskInstance: dtc_project_ingest.local_to_gcs_task scheduled__2020-03-02T06:00:00+00:00 [running]> on host c800f4dda314
[2022-03-26 11:20:59,903] {warnings.py:110} WARNING - /home/***/.local/lib/python3.7/site-packages/***/utils/context.py:152: AirflowContextDeprecationWarning: Accessing 'execution_date' from the template is deprecated and will be removed in a future version. Please use 'data_interval_start' or 'logical_date' instead.
  warnings.warn(_create_deprecation_warning(key, self._deprecation_replacements[key]))

[2022-03-26 11:20:59,943] {taskinstance.py:1426} INFO - Exporting the following env vars:
AIRFLOW_CTX_DAG_OWNER=***
AIRFLOW_CTX_DAG_ID=dtc_project_ingest
AIRFLOW_CTX_TASK_ID=local_to_gcs_task
AIRFLOW_CTX_EXECUTION_DATE=2020-03-02T06:00:00+00:00
AIRFLOW_CTX_DAG_RUN_ID=scheduled__2020-03-02T06:00:00+00:00
[2022-03-26 11:21:46,421] {python.py:175} INFO - Done. Returned value was: None
[2022-03-26 11:21:46,437] {taskinstance.py:1277} INFO - Marking task as SUCCESS. dag_id=dtc_project_ingest, task_id=local_to_gcs_task, execution_date=20200302T060000, start_date=20220326T112059, end_date=20220326T112146
[2022-03-26 11:21:46,500] {local_task_job.py:154} INFO - Task exited with return code 0
[2022-03-26 11:21:46,547] {local_task_job.py:264} INFO - 1 downstream tasks scheduled from follow-on schedule check
[2022-03-26 15:43:56,234] {taskinstance.py:1032} INFO - Dependencies all met for <TaskInstance: dtc_project_ingest.local_to_gcs_task scheduled__2020-03-02T06:00:00+00:00 [queued]>
[2022-03-26 15:43:56,247] {taskinstance.py:1032} INFO - Dependencies all met for <TaskInstance: dtc_project_ingest.local_to_gcs_task scheduled__2020-03-02T06:00:00+00:00 [queued]>
[2022-03-26 15:43:56,248] {taskinstance.py:1238} INFO - 
--------------------------------------------------------------------------------
[2022-03-26 15:43:56,249] {taskinstance.py:1239} INFO - Starting attempt 1 of 2
[2022-03-26 15:43:56,251] {taskinstance.py:1240} INFO - 
--------------------------------------------------------------------------------
[2022-03-26 15:43:56,267] {taskinstance.py:1259} INFO - Executing <Task(PythonOperator): local_to_gcs_task> on 2020-03-02 06:00:00+00:00
[2022-03-26 15:43:56,275] {standard_task_runner.py:52} INFO - Started process 21049 to run task
[2022-03-26 15:43:56,281] {standard_task_runner.py:76} INFO - Running: ['***', 'tasks', 'run', 'dtc_project_ingest', 'local_to_gcs_task', 'scheduled__2020-03-02T06:00:00+00:00', '--job-id', '1649', '--raw', '--subdir', 'DAGS_FOLDER/project_data_ingestion.py', '--cfg-path', '/tmp/tmpsgv4tt3b', '--error-file', '/tmp/tmp0y708ttu']
[2022-03-26 15:43:56,283] {standard_task_runner.py:77} INFO - Job 1649: Subtask local_to_gcs_task
[2022-03-26 15:43:56,400] {logging_mixin.py:109} INFO - Running <TaskInstance: dtc_project_ingest.local_to_gcs_task scheduled__2020-03-02T06:00:00+00:00 [running]> on host c800f4dda314
[2022-03-26 15:43:56,518] {warnings.py:110} WARNING - /home/***/.local/lib/python3.7/site-packages/***/utils/context.py:152: AirflowContextDeprecationWarning: Accessing 'execution_date' from the template is deprecated and will be removed in a future version. Please use 'data_interval_start' or 'logical_date' instead.
  warnings.warn(_create_deprecation_warning(key, self._deprecation_replacements[key]))

[2022-03-26 15:43:56,564] {taskinstance.py:1426} INFO - Exporting the following env vars:
AIRFLOW_CTX_DAG_OWNER=***
AIRFLOW_CTX_DAG_ID=dtc_project_ingest
AIRFLOW_CTX_TASK_ID=local_to_gcs_task
AIRFLOW_CTX_EXECUTION_DATE=2020-03-02T06:00:00+00:00
AIRFLOW_CTX_DAG_RUN_ID=scheduled__2020-03-02T06:00:00+00:00
[2022-03-26 15:44:23,333] {python.py:175} INFO - Done. Returned value was: None
[2022-03-26 15:44:23,350] {taskinstance.py:1277} INFO - Marking task as SUCCESS. dag_id=dtc_project_ingest, task_id=local_to_gcs_task, execution_date=20200302T060000, start_date=20220326T154356, end_date=20220326T154423
[2022-03-26 15:44:23,388] {local_task_job.py:154} INFO - Task exited with return code 0
[2022-03-26 15:44:23,430] {local_task_job.py:264} INFO - 1 downstream tasks scheduled from follow-on schedule check
