[2022-03-23 16:09:43,513] {taskinstance.py:1032} INFO - Dependencies all met for <TaskInstance: dtc_project_ingest.bigquery_external_table_task scheduled__2019-04-02T06:00:00+00:00 [queued]>
[2022-03-23 16:09:43,526] {taskinstance.py:1032} INFO - Dependencies all met for <TaskInstance: dtc_project_ingest.bigquery_external_table_task scheduled__2019-04-02T06:00:00+00:00 [queued]>
[2022-03-23 16:09:43,527] {taskinstance.py:1238} INFO - 
--------------------------------------------------------------------------------
[2022-03-23 16:09:43,528] {taskinstance.py:1239} INFO - Starting attempt 1 of 2
[2022-03-23 16:09:43,529] {taskinstance.py:1240} INFO - 
--------------------------------------------------------------------------------
[2022-03-23 16:09:43,542] {taskinstance.py:1259} INFO - Executing <Task(BigQueryCreateExternalTableOperator): bigquery_external_table_task> on 2019-04-02 06:00:00+00:00
[2022-03-23 16:09:43,549] {standard_task_runner.py:52} INFO - Started process 4375 to run task
[2022-03-23 16:09:43,553] {standard_task_runner.py:76} INFO - Running: ['***', 'tasks', 'run', 'dtc_project_ingest', 'bigquery_external_table_task', 'scheduled__2019-04-02T06:00:00+00:00', '--job-id', '1014', '--raw', '--subdir', 'DAGS_FOLDER/project_data_ingestion.py', '--cfg-path', '/tmp/tmpds0y1hw0', '--error-file', '/tmp/tmpr59r4uzv']
[2022-03-23 16:09:43,555] {standard_task_runner.py:77} INFO - Job 1014: Subtask bigquery_external_table_task
[2022-03-23 16:09:43,627] {logging_mixin.py:109} INFO - Running <TaskInstance: dtc_project_ingest.bigquery_external_table_task scheduled__2019-04-02T06:00:00+00:00 [running]> on host 7127e26385ba
[2022-03-23 16:09:43,674] {warnings.py:110} WARNING - /home/***/.local/lib/python3.7/site-packages/***/utils/context.py:152: AirflowContextDeprecationWarning: Accessing 'execution_date' from the template is deprecated and will be removed in a future version. Please use 'data_interval_start' or 'logical_date' instead.
  warnings.warn(_create_deprecation_warning(key, self._deprecation_replacements[key]))

[2022-03-23 16:09:43,705] {taskinstance.py:1426} INFO - Exporting the following env vars:
AIRFLOW_CTX_DAG_OWNER=***
AIRFLOW_CTX_DAG_ID=dtc_project_ingest
AIRFLOW_CTX_TASK_ID=bigquery_external_table_task
AIRFLOW_CTX_EXECUTION_DATE=2019-04-02T06:00:00+00:00
AIRFLOW_CTX_DAG_RUN_ID=scheduled__2019-04-02T06:00:00+00:00
[2022-03-23 16:09:43,707] {crypto.py:82} WARNING - empty cryptography key - values will not be stored encrypted.
[2022-03-23 16:09:45,737] {taskinstance.py:1277} INFO - Marking task as SUCCESS. dag_id=dtc_project_ingest, task_id=bigquery_external_table_task, execution_date=20190402T060000, start_date=20220323T160943, end_date=20220323T160945
[2022-03-23 16:09:45,765] {local_task_job.py:154} INFO - Task exited with return code 0
[2022-03-23 16:09:45,833] {local_task_job.py:264} INFO - 1 downstream tasks scheduled from follow-on schedule check
[2022-03-26 10:59:26,697] {taskinstance.py:1032} INFO - Dependencies all met for <TaskInstance: dtc_project_ingest.bigquery_external_table_task scheduled__2019-04-02T06:00:00+00:00 [queued]>
[2022-03-26 10:59:26,712] {taskinstance.py:1032} INFO - Dependencies all met for <TaskInstance: dtc_project_ingest.bigquery_external_table_task scheduled__2019-04-02T06:00:00+00:00 [queued]>
[2022-03-26 10:59:26,713] {taskinstance.py:1238} INFO - 
--------------------------------------------------------------------------------
[2022-03-26 10:59:26,713] {taskinstance.py:1239} INFO - Starting attempt 1 of 2
[2022-03-26 10:59:26,714] {taskinstance.py:1240} INFO - 
--------------------------------------------------------------------------------
[2022-03-26 10:59:26,728] {taskinstance.py:1259} INFO - Executing <Task(BigQueryCreateExternalTableOperator): bigquery_external_table_task> on 2019-04-02 06:00:00+00:00
[2022-03-26 10:59:26,736] {standard_task_runner.py:52} INFO - Started process 6573 to run task
[2022-03-26 10:59:26,742] {standard_task_runner.py:76} INFO - Running: ['***', 'tasks', 'run', 'dtc_project_ingest', 'bigquery_external_table_task', 'scheduled__2019-04-02T06:00:00+00:00', '--job-id', '1366', '--raw', '--subdir', 'DAGS_FOLDER/project_data_ingestion.py', '--cfg-path', '/tmp/tmp_1y7l1v2', '--error-file', '/tmp/tmppuhntels']
[2022-03-26 10:59:26,744] {standard_task_runner.py:77} INFO - Job 1366: Subtask bigquery_external_table_task
[2022-03-26 10:59:26,820] {logging_mixin.py:109} INFO - Running <TaskInstance: dtc_project_ingest.bigquery_external_table_task scheduled__2019-04-02T06:00:00+00:00 [running]> on host c800f4dda314
[2022-03-26 10:59:26,895] {taskinstance.py:1426} INFO - Exporting the following env vars:
AIRFLOW_CTX_DAG_OWNER=***
AIRFLOW_CTX_DAG_ID=dtc_project_ingest
AIRFLOW_CTX_TASK_ID=bigquery_external_table_task
AIRFLOW_CTX_EXECUTION_DATE=2019-04-02T06:00:00+00:00
AIRFLOW_CTX_DAG_RUN_ID=scheduled__2019-04-02T06:00:00+00:00
[2022-03-26 10:59:26,898] {crypto.py:82} WARNING - empty cryptography key - values will not be stored encrypted.
[2022-03-26 10:59:30,631] {taskinstance.py:1277} INFO - Marking task as SUCCESS. dag_id=dtc_project_ingest, task_id=bigquery_external_table_task, execution_date=20190402T060000, start_date=20220326T105926, end_date=20220326T105930
[2022-03-26 10:59:30,681] {local_task_job.py:154} INFO - Task exited with return code 0
[2022-03-26 10:59:30,727] {local_task_job.py:264} INFO - 1 downstream tasks scheduled from follow-on schedule check
