[2022-03-26 08:56:46,239] {taskinstance.py:1032} INFO - Dependencies all met for <TaskInstance: dtc_project_ingest.bigquery_external_table_task scheduled__2020-04-02T06:00:00+00:00 [queued]>
[2022-03-26 08:56:46,348] {taskinstance.py:1032} INFO - Dependencies all met for <TaskInstance: dtc_project_ingest.bigquery_external_table_task scheduled__2020-04-02T06:00:00+00:00 [queued]>
[2022-03-26 08:56:46,352] {taskinstance.py:1238} INFO - 
--------------------------------------------------------------------------------
[2022-03-26 08:56:46,358] {taskinstance.py:1239} INFO - Starting attempt 2 of 3
[2022-03-26 08:56:46,361] {taskinstance.py:1240} INFO - 
--------------------------------------------------------------------------------
[2022-03-26 08:56:46,550] {taskinstance.py:1259} INFO - Executing <Task(BigQueryCreateExternalTableOperator): bigquery_external_table_task> on 2020-04-02 06:00:00+00:00
[2022-03-26 08:56:46,665] {standard_task_runner.py:52} INFO - Started process 431 to run task
[2022-03-26 08:56:46,807] {standard_task_runner.py:76} INFO - Running: ['***', 'tasks', 'run', 'dtc_project_ingest', 'bigquery_external_table_task', 'scheduled__2020-04-02T06:00:00+00:00', '--job-id', '1229', '--raw', '--subdir', 'DAGS_FOLDER/project_data_ingestion.py', '--cfg-path', '/tmp/tmp4h0x5qts', '--error-file', '/tmp/tmpswhtwh1b']
[2022-03-26 08:56:46,825] {standard_task_runner.py:77} INFO - Job 1229: Subtask bigquery_external_table_task
[2022-03-26 08:56:47,695] {logging_mixin.py:109} INFO - Running <TaskInstance: dtc_project_ingest.bigquery_external_table_task scheduled__2020-04-02T06:00:00+00:00 [running]> on host c800f4dda314
[2022-03-26 08:56:48,381] {warnings.py:110} WARNING - /home/***/.local/lib/python3.7/site-packages/***/utils/context.py:152: AirflowContextDeprecationWarning: Accessing 'execution_date' from the template is deprecated and will be removed in a future version. Please use 'data_interval_start' or 'logical_date' instead.
  warnings.warn(_create_deprecation_warning(key, self._deprecation_replacements[key]))

[2022-03-26 08:56:48,547] {taskinstance.py:1426} INFO - Exporting the following env vars:
AIRFLOW_CTX_DAG_OWNER=***
AIRFLOW_CTX_DAG_ID=dtc_project_ingest
AIRFLOW_CTX_TASK_ID=bigquery_external_table_task
AIRFLOW_CTX_EXECUTION_DATE=2020-04-02T06:00:00+00:00
AIRFLOW_CTX_DAG_RUN_ID=scheduled__2020-04-02T06:00:00+00:00
[2022-03-26 08:56:48,571] {crypto.py:82} WARNING - empty cryptography key - values will not be stored encrypted.
[2022-03-26 08:56:50,776] {taskinstance.py:1277} INFO - Marking task as SUCCESS. dag_id=dtc_project_ingest, task_id=bigquery_external_table_task, execution_date=20200402T060000, start_date=20220326T085646, end_date=20220326T085650
[2022-03-26 08:56:51,116] {local_task_job.py:154} INFO - Task exited with return code 0
[2022-03-26 08:56:51,719] {local_task_job.py:264} INFO - 0 downstream tasks scheduled from follow-on schedule check
