[2022-03-26 10:14:42,061] {taskinstance.py:1032} INFO - Dependencies all met for <TaskInstance: dtc_project_ingest.bigquery_external_table_task scheduled__2020-04-02T06:00:00+00:00 [queued]>
[2022-03-26 10:14:42,083] {taskinstance.py:1032} INFO - Dependencies all met for <TaskInstance: dtc_project_ingest.bigquery_external_table_task scheduled__2020-04-02T06:00:00+00:00 [queued]>
[2022-03-26 10:14:42,085] {taskinstance.py:1238} INFO - 
--------------------------------------------------------------------------------
[2022-03-26 10:14:42,086] {taskinstance.py:1239} INFO - Starting attempt 3 of 4
[2022-03-26 10:14:42,088] {taskinstance.py:1240} INFO - 
--------------------------------------------------------------------------------
[2022-03-26 10:14:42,107] {taskinstance.py:1259} INFO - Executing <Task(BigQueryCreateExternalTableOperator): bigquery_external_table_task> on 2020-04-02 06:00:00+00:00
[2022-03-26 10:14:42,118] {standard_task_runner.py:52} INFO - Started process 4128 to run task
[2022-03-26 10:14:42,128] {standard_task_runner.py:76} INFO - Running: ['***', 'tasks', 'run', 'dtc_project_ingest', 'bigquery_external_table_task', 'scheduled__2020-04-02T06:00:00+00:00', '--job-id', '1271', '--raw', '--subdir', 'DAGS_FOLDER/project_data_ingestion.py', '--cfg-path', '/tmp/tmpxuvd1rxt', '--error-file', '/tmp/tmp3ng03ada']
[2022-03-26 10:14:42,131] {standard_task_runner.py:77} INFO - Job 1271: Subtask bigquery_external_table_task
[2022-03-26 10:14:42,251] {logging_mixin.py:109} INFO - Running <TaskInstance: dtc_project_ingest.bigquery_external_table_task scheduled__2020-04-02T06:00:00+00:00 [running]> on host c800f4dda314
[2022-03-26 10:14:42,377] {taskinstance.py:1426} INFO - Exporting the following env vars:
AIRFLOW_CTX_DAG_OWNER=***
AIRFLOW_CTX_DAG_ID=dtc_project_ingest
AIRFLOW_CTX_TASK_ID=bigquery_external_table_task
AIRFLOW_CTX_EXECUTION_DATE=2020-04-02T06:00:00+00:00
AIRFLOW_CTX_DAG_RUN_ID=scheduled__2020-04-02T06:00:00+00:00
[2022-03-26 10:14:42,381] {crypto.py:82} WARNING - empty cryptography key - values will not be stored encrypted.
[2022-03-26 10:14:44,742] {taskinstance.py:1277} INFO - Marking task as SUCCESS. dag_id=dtc_project_ingest, task_id=bigquery_external_table_task, execution_date=20200402T060000, start_date=20220326T101442, end_date=20220326T101444
[2022-03-26 10:14:44,813] {local_task_job.py:154} INFO - Task exited with return code 0
[2022-03-26 10:14:44,886] {local_task_job.py:264} INFO - 1 downstream tasks scheduled from follow-on schedule check
