[2022-03-23 09:28:14,564] {taskinstance.py:1032} INFO - Dependencies all met for <TaskInstance: dtc_project_ingest.rm_task scheduled__2020-09-02T06:00:00+00:00 [queued]>
[2022-03-23 09:28:14,576] {taskinstance.py:1032} INFO - Dependencies all met for <TaskInstance: dtc_project_ingest.rm_task scheduled__2020-09-02T06:00:00+00:00 [queued]>
[2022-03-23 09:28:14,577] {taskinstance.py:1238} INFO - 
--------------------------------------------------------------------------------
[2022-03-23 09:28:14,578] {taskinstance.py:1239} INFO - Starting attempt 1 of 2
[2022-03-23 09:28:14,578] {taskinstance.py:1240} INFO - 
--------------------------------------------------------------------------------
[2022-03-23 09:28:14,590] {taskinstance.py:1259} INFO - Executing <Task(BashOperator): rm_task> on 2020-09-02 06:00:00+00:00
[2022-03-23 09:28:14,597] {standard_task_runner.py:52} INFO - Started process 2631 to run task
[2022-03-23 09:28:14,601] {standard_task_runner.py:76} INFO - Running: ['***', 'tasks', 'run', 'dtc_project_ingest', 'rm_task', 'scheduled__2020-09-02T06:00:00+00:00', '--job-id', '774', '--raw', '--subdir', 'DAGS_FOLDER/project_data_ingestion.py', '--cfg-path', '/tmp/tmpwud_c6f_', '--error-file', '/tmp/tmp2zc3loce']
[2022-03-23 09:28:14,603] {standard_task_runner.py:77} INFO - Job 774: Subtask rm_task
[2022-03-23 09:28:14,673] {logging_mixin.py:109} INFO - Running <TaskInstance: dtc_project_ingest.rm_task scheduled__2020-09-02T06:00:00+00:00 [running]> on host 7127e26385ba
[2022-03-23 09:28:14,713] {warnings.py:110} WARNING - /home/***/.local/lib/python3.7/site-packages/***/utils/context.py:152: AirflowContextDeprecationWarning: Accessing 'execution_date' from the template is deprecated and will be removed in a future version. Please use 'data_interval_start' or 'logical_date' instead.
  warnings.warn(_create_deprecation_warning(key, self._deprecation_replacements[key]))

[2022-03-23 09:28:14,737] {taskinstance.py:1426} INFO - Exporting the following env vars:
AIRFLOW_CTX_DAG_OWNER=***
AIRFLOW_CTX_DAG_ID=dtc_project_ingest
AIRFLOW_CTX_TASK_ID=rm_task
AIRFLOW_CTX_EXECUTION_DATE=2020-09-02T06:00:00+00:00
AIRFLOW_CTX_DAG_RUN_ID=scheduled__2020-09-02T06:00:00+00:00
[2022-03-23 09:28:14,739] {subprocess.py:62} INFO - Tmp dir root location: 
 /tmp
[2022-03-23 09:28:14,740] {subprocess.py:74} INFO - Running command: ['bash', '-c', 'rm /opt/***/202009-citibike-tripdata.csv /opt/***/202009-citibike-tripdata.parquet']
[2022-03-23 09:28:14,757] {subprocess.py:85} INFO - Output:
[2022-03-23 09:28:14,885] {subprocess.py:93} INFO - Command exited with return code 0
[2022-03-23 09:28:14,911] {taskinstance.py:1277} INFO - Marking task as SUCCESS. dag_id=dtc_project_ingest, task_id=rm_task, execution_date=20200902T060000, start_date=20220323T092814, end_date=20220323T092814
[2022-03-23 09:28:14,936] {local_task_job.py:154} INFO - Task exited with return code 0
[2022-03-23 09:28:14,999] {local_task_job.py:264} INFO - 0 downstream tasks scheduled from follow-on schedule check
[2022-03-23 22:33:18,148] {taskinstance.py:1032} INFO - Dependencies all met for <TaskInstance: dtc_project_ingest.rm_task scheduled__2020-09-02T06:00:00+00:00 [queued]>
[2022-03-23 22:33:18,169] {taskinstance.py:1032} INFO - Dependencies all met for <TaskInstance: dtc_project_ingest.rm_task scheduled__2020-09-02T06:00:00+00:00 [queued]>
[2022-03-23 22:33:18,170] {taskinstance.py:1238} INFO - 
--------------------------------------------------------------------------------
[2022-03-23 22:33:18,171] {taskinstance.py:1239} INFO - Starting attempt 1 of 2
[2022-03-23 22:33:18,172] {taskinstance.py:1240} INFO - 
--------------------------------------------------------------------------------
[2022-03-23 22:33:18,187] {taskinstance.py:1259} INFO - Executing <Task(BashOperator): rm_task> on 2020-09-02 06:00:00+00:00
[2022-03-23 22:33:18,196] {standard_task_runner.py:52} INFO - Started process 584 to run task
[2022-03-23 22:33:18,203] {standard_task_runner.py:76} INFO - Running: ['***', 'tasks', 'run', 'dtc_project_ingest', 'rm_task', 'scheduled__2020-09-02T06:00:00+00:00', '--job-id', '1192', '--raw', '--subdir', 'DAGS_FOLDER/project_data_ingestion.py', '--cfg-path', '/tmp/tmp3i0zu4td', '--error-file', '/tmp/tmpkqka56yg']
[2022-03-23 22:33:18,206] {standard_task_runner.py:77} INFO - Job 1192: Subtask rm_task
[2022-03-23 22:33:18,303] {logging_mixin.py:109} INFO - Running <TaskInstance: dtc_project_ingest.rm_task scheduled__2020-09-02T06:00:00+00:00 [running]> on host 7127e26385ba
[2022-03-23 22:33:18,353] {warnings.py:110} WARNING - /home/***/.local/lib/python3.7/site-packages/***/utils/context.py:152: AirflowContextDeprecationWarning: Accessing 'execution_date' from the template is deprecated and will be removed in a future version. Please use 'data_interval_start' or 'logical_date' instead.
  warnings.warn(_create_deprecation_warning(key, self._deprecation_replacements[key]))

[2022-03-23 22:33:18,378] {taskinstance.py:1426} INFO - Exporting the following env vars:
AIRFLOW_CTX_DAG_OWNER=***
AIRFLOW_CTX_DAG_ID=dtc_project_ingest
AIRFLOW_CTX_TASK_ID=rm_task
AIRFLOW_CTX_EXECUTION_DATE=2020-09-02T06:00:00+00:00
AIRFLOW_CTX_DAG_RUN_ID=scheduled__2020-09-02T06:00:00+00:00
[2022-03-23 22:33:18,380] {subprocess.py:62} INFO - Tmp dir root location: 
 /tmp
[2022-03-23 22:33:18,382] {subprocess.py:74} INFO - Running command: ['bash', '-c', 'rm /opt/***/202009-citibike-tripdata.csv /opt/***/202009-citibike-tripdata.parquet']
[2022-03-23 22:33:18,397] {subprocess.py:85} INFO - Output:
[2022-03-23 22:33:18,413] {subprocess.py:93} INFO - Command exited with return code 0
[2022-03-23 22:33:18,443] {taskinstance.py:1277} INFO - Marking task as SUCCESS. dag_id=dtc_project_ingest, task_id=rm_task, execution_date=20200902T060000, start_date=20220323T223318, end_date=20220323T223318
[2022-03-23 22:33:18,497] {local_task_job.py:154} INFO - Task exited with return code 0
[2022-03-23 22:33:18,548] {local_task_job.py:264} INFO - 0 downstream tasks scheduled from follow-on schedule check
[2022-03-26 11:31:22,512] {taskinstance.py:1032} INFO - Dependencies all met for <TaskInstance: dtc_project_ingest.rm_task scheduled__2020-09-02T06:00:00+00:00 [queued]>
[2022-03-26 11:31:22,525] {taskinstance.py:1032} INFO - Dependencies all met for <TaskInstance: dtc_project_ingest.rm_task scheduled__2020-09-02T06:00:00+00:00 [queued]>
[2022-03-26 11:31:22,526] {taskinstance.py:1238} INFO - 
--------------------------------------------------------------------------------
[2022-03-26 11:31:22,527] {taskinstance.py:1239} INFO - Starting attempt 1 of 2
[2022-03-26 11:31:22,528] {taskinstance.py:1240} INFO - 
--------------------------------------------------------------------------------
[2022-03-26 11:31:22,540] {taskinstance.py:1259} INFO - Executing <Task(BashOperator): rm_task> on 2020-09-02 06:00:00+00:00
[2022-03-26 11:31:22,547] {standard_task_runner.py:52} INFO - Started process 8443 to run task
[2022-03-26 11:31:22,551] {standard_task_runner.py:76} INFO - Running: ['***', 'tasks', 'run', 'dtc_project_ingest', 'rm_task', 'scheduled__2020-09-02T06:00:00+00:00', '--job-id', '1457', '--raw', '--subdir', 'DAGS_FOLDER/project_data_ingestion.py', '--cfg-path', '/tmp/tmp97f4uh_l', '--error-file', '/tmp/tmp1ol39qyj']
[2022-03-26 11:31:22,553] {standard_task_runner.py:77} INFO - Job 1457: Subtask rm_task
[2022-03-26 11:31:22,615] {logging_mixin.py:109} INFO - Running <TaskInstance: dtc_project_ingest.rm_task scheduled__2020-09-02T06:00:00+00:00 [running]> on host c800f4dda314
[2022-03-26 11:31:22,657] {warnings.py:110} WARNING - /home/***/.local/lib/python3.7/site-packages/***/utils/context.py:152: AirflowContextDeprecationWarning: Accessing 'execution_date' from the template is deprecated and will be removed in a future version. Please use 'data_interval_start' or 'logical_date' instead.
  warnings.warn(_create_deprecation_warning(key, self._deprecation_replacements[key]))

[2022-03-26 11:31:22,680] {taskinstance.py:1426} INFO - Exporting the following env vars:
AIRFLOW_CTX_DAG_OWNER=***
AIRFLOW_CTX_DAG_ID=dtc_project_ingest
AIRFLOW_CTX_TASK_ID=rm_task
AIRFLOW_CTX_EXECUTION_DATE=2020-09-02T06:00:00+00:00
AIRFLOW_CTX_DAG_RUN_ID=scheduled__2020-09-02T06:00:00+00:00
[2022-03-26 11:31:22,682] {subprocess.py:62} INFO - Tmp dir root location: 
 /tmp
[2022-03-26 11:31:22,683] {subprocess.py:74} INFO - Running command: ['bash', '-c', 'rm /opt/***/202009-citibike-tripdata.csv /opt/***/202009-citibike-tripdata.parquet']
[2022-03-26 11:31:22,698] {subprocess.py:85} INFO - Output:
[2022-03-26 11:31:22,822] {subprocess.py:93} INFO - Command exited with return code 0
[2022-03-26 11:31:22,850] {taskinstance.py:1277} INFO - Marking task as SUCCESS. dag_id=dtc_project_ingest, task_id=rm_task, execution_date=20200902T060000, start_date=20220326T113122, end_date=20220326T113122
[2022-03-26 11:31:22,886] {local_task_job.py:154} INFO - Task exited with return code 0
[2022-03-26 11:31:22,919] {local_task_job.py:264} INFO - 0 downstream tasks scheduled from follow-on schedule check
[2022-03-26 15:49:27,993] {taskinstance.py:1032} INFO - Dependencies all met for <TaskInstance: dtc_project_ingest.rm_task scheduled__2020-09-02T06:00:00+00:00 [queued]>
[2022-03-26 15:49:28,018] {taskinstance.py:1032} INFO - Dependencies all met for <TaskInstance: dtc_project_ingest.rm_task scheduled__2020-09-02T06:00:00+00:00 [queued]>
[2022-03-26 15:49:28,020] {taskinstance.py:1238} INFO - 
--------------------------------------------------------------------------------
[2022-03-26 15:49:28,021] {taskinstance.py:1239} INFO - Starting attempt 1 of 2
[2022-03-26 15:49:28,022] {taskinstance.py:1240} INFO - 
--------------------------------------------------------------------------------
[2022-03-26 15:49:28,044] {taskinstance.py:1259} INFO - Executing <Task(BashOperator): rm_task> on 2020-09-02 06:00:00+00:00
[2022-03-26 15:49:28,078] {standard_task_runner.py:52} INFO - Started process 21455 to run task
[2022-03-26 15:49:28,091] {standard_task_runner.py:76} INFO - Running: ['***', 'tasks', 'run', 'dtc_project_ingest', 'rm_task', 'scheduled__2020-09-02T06:00:00+00:00', '--job-id', '1680', '--raw', '--subdir', 'DAGS_FOLDER/project_data_ingestion.py', '--cfg-path', '/tmp/tmp_kfnjj7t', '--error-file', '/tmp/tmpiuty1kzv']
[2022-03-26 15:49:28,099] {standard_task_runner.py:77} INFO - Job 1680: Subtask rm_task
[2022-03-26 15:49:28,316] {logging_mixin.py:109} INFO - Running <TaskInstance: dtc_project_ingest.rm_task scheduled__2020-09-02T06:00:00+00:00 [running]> on host c800f4dda314
[2022-03-26 15:49:28,459] {warnings.py:110} WARNING - /home/***/.local/lib/python3.7/site-packages/***/utils/context.py:152: AirflowContextDeprecationWarning: Accessing 'execution_date' from the template is deprecated and will be removed in a future version. Please use 'data_interval_start' or 'logical_date' instead.
  warnings.warn(_create_deprecation_warning(key, self._deprecation_replacements[key]))

[2022-03-26 15:49:28,580] {taskinstance.py:1426} INFO - Exporting the following env vars:
AIRFLOW_CTX_DAG_OWNER=***
AIRFLOW_CTX_DAG_ID=dtc_project_ingest
AIRFLOW_CTX_TASK_ID=rm_task
AIRFLOW_CTX_EXECUTION_DATE=2020-09-02T06:00:00+00:00
AIRFLOW_CTX_DAG_RUN_ID=scheduled__2020-09-02T06:00:00+00:00
[2022-03-26 15:49:28,585] {subprocess.py:62} INFO - Tmp dir root location: 
 /tmp
[2022-03-26 15:49:28,589] {subprocess.py:74} INFO - Running command: ['bash', '-c', 'rm /opt/***/202009-citibike-tripdata.csv /opt/***/202009-citibike-tripdata.parquet']
[2022-03-26 15:49:28,622] {subprocess.py:85} INFO - Output:
[2022-03-26 15:49:29,127] {subprocess.py:93} INFO - Command exited with return code 0
[2022-03-26 15:49:29,312] {taskinstance.py:1277} INFO - Marking task as SUCCESS. dag_id=dtc_project_ingest, task_id=rm_task, execution_date=20200902T060000, start_date=20220326T154927, end_date=20220326T154929
[2022-03-26 15:49:29,407] {local_task_job.py:154} INFO - Task exited with return code 0
[2022-03-26 15:49:29,482] {local_task_job.py:264} INFO - 0 downstream tasks scheduled from follow-on schedule check
