[2022-03-26 08:54:52,069] {taskinstance.py:1032} INFO - Dependencies all met for <TaskInstance: dtc_project_ingest.download_dataset_task scheduled__2020-04-02T06:00:00+00:00 [queued]>
[2022-03-26 08:54:52,091] {taskinstance.py:1032} INFO - Dependencies all met for <TaskInstance: dtc_project_ingest.download_dataset_task scheduled__2020-04-02T06:00:00+00:00 [queued]>
[2022-03-26 08:54:52,093] {taskinstance.py:1238} INFO - 
--------------------------------------------------------------------------------
[2022-03-26 08:54:52,094] {taskinstance.py:1239} INFO - Starting attempt 2 of 3
[2022-03-26 08:54:52,095] {taskinstance.py:1240} INFO - 
--------------------------------------------------------------------------------
[2022-03-26 08:54:52,120] {taskinstance.py:1259} INFO - Executing <Task(BashOperator): download_dataset_task> on 2020-04-02 06:00:00+00:00
[2022-03-26 08:54:52,130] {standard_task_runner.py:52} INFO - Started process 326 to run task
[2022-03-26 08:54:52,139] {standard_task_runner.py:76} INFO - Running: ['***', 'tasks', 'run', 'dtc_project_ingest', 'download_dataset_task', 'scheduled__2020-04-02T06:00:00+00:00', '--job-id', '1221', '--raw', '--subdir', 'DAGS_FOLDER/project_data_ingestion.py', '--cfg-path', '/tmp/tmpnu435dba', '--error-file', '/tmp/tmpv_63k3g1']
[2022-03-26 08:54:52,142] {standard_task_runner.py:77} INFO - Job 1221: Subtask download_dataset_task
[2022-03-26 08:54:52,293] {logging_mixin.py:109} INFO - Running <TaskInstance: dtc_project_ingest.download_dataset_task scheduled__2020-04-02T06:00:00+00:00 [running]> on host c800f4dda314
[2022-03-26 08:54:52,384] {warnings.py:110} WARNING - /home/***/.local/lib/python3.7/site-packages/***/utils/context.py:152: AirflowContextDeprecationWarning: Accessing 'execution_date' from the template is deprecated and will be removed in a future version. Please use 'data_interval_start' or 'logical_date' instead.
  warnings.warn(_create_deprecation_warning(key, self._deprecation_replacements[key]))

[2022-03-26 08:54:52,436] {taskinstance.py:1426} INFO - Exporting the following env vars:
AIRFLOW_CTX_DAG_OWNER=***
AIRFLOW_CTX_DAG_ID=dtc_project_ingest
AIRFLOW_CTX_TASK_ID=download_dataset_task
AIRFLOW_CTX_EXECUTION_DATE=2020-04-02T06:00:00+00:00
AIRFLOW_CTX_DAG_RUN_ID=scheduled__2020-04-02T06:00:00+00:00
[2022-03-26 08:54:52,442] {subprocess.py:62} INFO - Tmp dir root location: 
 /tmp
[2022-03-26 08:54:52,447] {subprocess.py:74} INFO - Running command: ['bash', '-c', 'curl -sSL https://s3.amazonaws.com/tripdata/202004-citibike-tripdata.csv.zip > /opt/***/202004-citibike-tripdata.csv.zip']
[2022-03-26 08:54:52,506] {subprocess.py:85} INFO - Output:
[2022-03-26 08:55:12,050] {subprocess.py:93} INFO - Command exited with return code 0
[2022-03-26 08:55:12,488] {taskinstance.py:1277} INFO - Marking task as SUCCESS. dag_id=dtc_project_ingest, task_id=download_dataset_task, execution_date=20200402T060000, start_date=20220326T085452, end_date=20220326T085512
[2022-03-26 08:55:13,135] {local_task_job.py:154} INFO - Task exited with return code 0
[2022-03-26 08:55:13,696] {local_task_job.py:264} INFO - 1 downstream tasks scheduled from follow-on schedule check
