[2022-03-23 09:34:30,494] {taskinstance.py:1032} INFO - Dependencies all met for <TaskInstance: dtc_project_ingest.rm_task scheduled__2021-04-02T06:00:00+00:00 [queued]>
[2022-03-23 09:34:30,506] {taskinstance.py:1032} INFO - Dependencies all met for <TaskInstance: dtc_project_ingest.rm_task scheduled__2021-04-02T06:00:00+00:00 [queued]>
[2022-03-23 09:34:30,506] {taskinstance.py:1238} INFO - 
--------------------------------------------------------------------------------
[2022-03-23 09:34:30,507] {taskinstance.py:1239} INFO - Starting attempt 1 of 2
[2022-03-23 09:34:30,508] {taskinstance.py:1240} INFO - 
--------------------------------------------------------------------------------
[2022-03-23 09:34:30,521] {taskinstance.py:1259} INFO - Executing <Task(BashOperator): rm_task> on 2021-04-02 06:00:00+00:00
[2022-03-23 09:34:30,528] {standard_task_runner.py:52} INFO - Started process 3073 to run task
[2022-03-23 09:34:30,532] {standard_task_runner.py:76} INFO - Running: ['***', 'tasks', 'run', 'dtc_project_ingest', 'rm_task', 'scheduled__2021-04-02T06:00:00+00:00', '--job-id', '800', '--raw', '--subdir', 'DAGS_FOLDER/project_data_ingestion.py', '--cfg-path', '/tmp/tmp6ayde0yn', '--error-file', '/tmp/tmpq55n40zh']
[2022-03-23 09:34:30,534] {standard_task_runner.py:77} INFO - Job 800: Subtask rm_task
[2022-03-23 09:34:30,603] {logging_mixin.py:109} INFO - Running <TaskInstance: dtc_project_ingest.rm_task scheduled__2021-04-02T06:00:00+00:00 [running]> on host 7127e26385ba
[2022-03-23 09:34:30,647] {warnings.py:110} WARNING - /home/***/.local/lib/python3.7/site-packages/***/utils/context.py:152: AirflowContextDeprecationWarning: Accessing 'execution_date' from the template is deprecated and will be removed in a future version. Please use 'data_interval_start' or 'logical_date' instead.
  warnings.warn(_create_deprecation_warning(key, self._deprecation_replacements[key]))

[2022-03-23 09:34:30,677] {taskinstance.py:1426} INFO - Exporting the following env vars:
AIRFLOW_CTX_DAG_OWNER=***
AIRFLOW_CTX_DAG_ID=dtc_project_ingest
AIRFLOW_CTX_TASK_ID=rm_task
AIRFLOW_CTX_EXECUTION_DATE=2021-04-02T06:00:00+00:00
AIRFLOW_CTX_DAG_RUN_ID=scheduled__2021-04-02T06:00:00+00:00
[2022-03-23 09:34:30,678] {subprocess.py:62} INFO - Tmp dir root location: 
 /tmp
[2022-03-23 09:34:30,680] {subprocess.py:74} INFO - Running command: ['bash', '-c', 'rm /opt/***/202104-citibike-tripdata.csv /opt/***/202104-citibike-tripdata.parquet']
[2022-03-23 09:34:30,693] {subprocess.py:85} INFO - Output:
[2022-03-23 09:34:30,798] {subprocess.py:93} INFO - Command exited with return code 0
[2022-03-23 09:34:30,827] {taskinstance.py:1277} INFO - Marking task as SUCCESS. dag_id=dtc_project_ingest, task_id=rm_task, execution_date=20210402T060000, start_date=20220323T093430, end_date=20220323T093430
[2022-03-23 09:34:30,867] {local_task_job.py:154} INFO - Task exited with return code 0
[2022-03-23 09:34:30,898] {local_task_job.py:264} INFO - 0 downstream tasks scheduled from follow-on schedule check
[2022-03-23 17:28:37,179] {taskinstance.py:1032} INFO - Dependencies all met for <TaskInstance: dtc_project_ingest.rm_task scheduled__2021-04-02T06:00:00+00:00 [queued]>
[2022-03-23 17:28:37,231] {taskinstance.py:1032} INFO - Dependencies all met for <TaskInstance: dtc_project_ingest.rm_task scheduled__2021-04-02T06:00:00+00:00 [queued]>
[2022-03-23 17:28:37,240] {taskinstance.py:1238} INFO - 
--------------------------------------------------------------------------------
[2022-03-23 17:28:37,245] {taskinstance.py:1239} INFO - Starting attempt 1 of 2
[2022-03-23 17:28:37,256] {taskinstance.py:1240} INFO - 
--------------------------------------------------------------------------------
[2022-03-23 17:28:37,277] {taskinstance.py:1259} INFO - Executing <Task(BashOperator): rm_task> on 2021-04-02 06:00:00+00:00
[2022-03-23 17:28:37,288] {standard_task_runner.py:52} INFO - Started process 8796 to run task
[2022-03-23 17:28:37,293] {standard_task_runner.py:76} INFO - Running: ['***', 'tasks', 'run', 'dtc_project_ingest', 'rm_task', 'scheduled__2021-04-02T06:00:00+00:00', '--job-id', '1174', '--raw', '--subdir', 'DAGS_FOLDER/project_data_ingestion.py', '--cfg-path', '/tmp/tmprs65e8sr', '--error-file', '/tmp/tmpsy42ctop']
[2022-03-23 17:28:37,298] {standard_task_runner.py:77} INFO - Job 1174: Subtask rm_task
[2022-03-23 17:28:37,386] {logging_mixin.py:109} INFO - Running <TaskInstance: dtc_project_ingest.rm_task scheduled__2021-04-02T06:00:00+00:00 [running]> on host 7127e26385ba
[2022-03-23 17:28:37,437] {warnings.py:110} WARNING - /home/***/.local/lib/python3.7/site-packages/***/utils/context.py:152: AirflowContextDeprecationWarning: Accessing 'execution_date' from the template is deprecated and will be removed in a future version. Please use 'data_interval_start' or 'logical_date' instead.
  warnings.warn(_create_deprecation_warning(key, self._deprecation_replacements[key]))

[2022-03-23 17:28:37,461] {taskinstance.py:1426} INFO - Exporting the following env vars:
AIRFLOW_CTX_DAG_OWNER=***
AIRFLOW_CTX_DAG_ID=dtc_project_ingest
AIRFLOW_CTX_TASK_ID=rm_task
AIRFLOW_CTX_EXECUTION_DATE=2021-04-02T06:00:00+00:00
AIRFLOW_CTX_DAG_RUN_ID=scheduled__2021-04-02T06:00:00+00:00
[2022-03-23 17:28:37,465] {subprocess.py:62} INFO - Tmp dir root location: 
 /tmp
[2022-03-23 17:28:37,467] {subprocess.py:74} INFO - Running command: ['bash', '-c', 'rm /opt/***/202104-citibike-tripdata.csv /opt/***/202104-citibike-tripdata.parquet']
[2022-03-23 17:28:37,489] {subprocess.py:85} INFO - Output:
[2022-03-23 17:28:37,512] {subprocess.py:93} INFO - Command exited with return code 0
[2022-03-23 17:28:37,541] {taskinstance.py:1277} INFO - Marking task as SUCCESS. dag_id=dtc_project_ingest, task_id=rm_task, execution_date=20210402T060000, start_date=20220323T172837, end_date=20220323T172837
[2022-03-23 17:28:37,596] {local_task_job.py:154} INFO - Task exited with return code 0
[2022-03-23 17:28:37,634] {local_task_job.py:264} INFO - 0 downstream tasks scheduled from follow-on schedule check
[2022-03-26 11:42:20,113] {taskinstance.py:1032} INFO - Dependencies all met for <TaskInstance: dtc_project_ingest.rm_task scheduled__2021-04-02T06:00:00+00:00 [queued]>
[2022-03-26 11:42:20,128] {taskinstance.py:1032} INFO - Dependencies all met for <TaskInstance: dtc_project_ingest.rm_task scheduled__2021-04-02T06:00:00+00:00 [queued]>
[2022-03-26 11:42:20,129] {taskinstance.py:1238} INFO - 
--------------------------------------------------------------------------------
[2022-03-26 11:42:20,130] {taskinstance.py:1239} INFO - Starting attempt 1 of 2
[2022-03-26 11:42:20,131] {taskinstance.py:1240} INFO - 
--------------------------------------------------------------------------------
[2022-03-26 11:42:20,146] {taskinstance.py:1259} INFO - Executing <Task(BashOperator): rm_task> on 2021-04-02 06:00:00+00:00
[2022-03-26 11:42:20,154] {standard_task_runner.py:52} INFO - Started process 9118 to run task
[2022-03-26 11:42:20,160] {standard_task_runner.py:76} INFO - Running: ['***', 'tasks', 'run', 'dtc_project_ingest', 'rm_task', 'scheduled__2021-04-02T06:00:00+00:00', '--job-id', '1491', '--raw', '--subdir', 'DAGS_FOLDER/project_data_ingestion.py', '--cfg-path', '/tmp/tmp7ma69da6', '--error-file', '/tmp/tmpzvtopimq']
[2022-03-26 11:42:20,161] {standard_task_runner.py:77} INFO - Job 1491: Subtask rm_task
[2022-03-26 11:42:20,247] {logging_mixin.py:109} INFO - Running <TaskInstance: dtc_project_ingest.rm_task scheduled__2021-04-02T06:00:00+00:00 [running]> on host c800f4dda314
[2022-03-26 11:42:20,304] {warnings.py:110} WARNING - /home/***/.local/lib/python3.7/site-packages/***/utils/context.py:152: AirflowContextDeprecationWarning: Accessing 'execution_date' from the template is deprecated and will be removed in a future version. Please use 'data_interval_start' or 'logical_date' instead.
  warnings.warn(_create_deprecation_warning(key, self._deprecation_replacements[key]))

[2022-03-26 11:42:20,338] {taskinstance.py:1426} INFO - Exporting the following env vars:
AIRFLOW_CTX_DAG_OWNER=***
AIRFLOW_CTX_DAG_ID=dtc_project_ingest
AIRFLOW_CTX_TASK_ID=rm_task
AIRFLOW_CTX_EXECUTION_DATE=2021-04-02T06:00:00+00:00
AIRFLOW_CTX_DAG_RUN_ID=scheduled__2021-04-02T06:00:00+00:00
[2022-03-26 11:42:20,341] {subprocess.py:62} INFO - Tmp dir root location: 
 /tmp
[2022-03-26 11:42:20,342] {subprocess.py:74} INFO - Running command: ['bash', '-c', 'rm /opt/***/202104-citibike-tripdata.csv /opt/***/202104-citibike-tripdata.parquet']
[2022-03-26 11:42:20,361] {subprocess.py:85} INFO - Output:
[2022-03-26 11:42:20,548] {subprocess.py:93} INFO - Command exited with return code 0
[2022-03-26 11:42:20,592] {taskinstance.py:1277} INFO - Marking task as SUCCESS. dag_id=dtc_project_ingest, task_id=rm_task, execution_date=20210402T060000, start_date=20220326T114220, end_date=20220326T114220
[2022-03-26 11:42:20,655] {local_task_job.py:154} INFO - Task exited with return code 0
[2022-03-26 11:42:20,699] {local_task_job.py:264} INFO - 0 downstream tasks scheduled from follow-on schedule check
