[2022-03-23 09:31:57,304] {taskinstance.py:1032} INFO - Dependencies all met for <TaskInstance: dtc_project_ingest.download_dataset_task scheduled__2021-04-02T06:00:00+00:00 [queued]>
[2022-03-23 09:31:57,315] {taskinstance.py:1032} INFO - Dependencies all met for <TaskInstance: dtc_project_ingest.download_dataset_task scheduled__2021-04-02T06:00:00+00:00 [queued]>
[2022-03-23 09:31:57,316] {taskinstance.py:1238} INFO - 
--------------------------------------------------------------------------------
[2022-03-23 09:31:57,317] {taskinstance.py:1239} INFO - Starting attempt 1 of 2
[2022-03-23 09:31:57,317] {taskinstance.py:1240} INFO - 
--------------------------------------------------------------------------------
[2022-03-23 09:31:57,328] {taskinstance.py:1259} INFO - Executing <Task(BashOperator): download_dataset_task> on 2021-04-02 06:00:00+00:00
[2022-03-23 09:31:57,335] {standard_task_runner.py:52} INFO - Started process 2907 to run task
[2022-03-23 09:31:57,339] {standard_task_runner.py:76} INFO - Running: ['***', 'tasks', 'run', 'dtc_project_ingest', 'download_dataset_task', 'scheduled__2021-04-02T06:00:00+00:00', '--job-id', '792', '--raw', '--subdir', 'DAGS_FOLDER/project_data_ingestion.py', '--cfg-path', '/tmp/tmptlzbm3ub', '--error-file', '/tmp/tmpa_qidxrb']
[2022-03-23 09:31:57,340] {standard_task_runner.py:77} INFO - Job 792: Subtask download_dataset_task
[2022-03-23 09:31:57,406] {logging_mixin.py:109} INFO - Running <TaskInstance: dtc_project_ingest.download_dataset_task scheduled__2021-04-02T06:00:00+00:00 [running]> on host 7127e26385ba
[2022-03-23 09:31:57,448] {warnings.py:110} WARNING - /home/***/.local/lib/python3.7/site-packages/***/utils/context.py:152: AirflowContextDeprecationWarning: Accessing 'execution_date' from the template is deprecated and will be removed in a future version. Please use 'data_interval_start' or 'logical_date' instead.
  warnings.warn(_create_deprecation_warning(key, self._deprecation_replacements[key]))

[2022-03-23 09:31:57,471] {taskinstance.py:1426} INFO - Exporting the following env vars:
AIRFLOW_CTX_DAG_OWNER=***
AIRFLOW_CTX_DAG_ID=dtc_project_ingest
AIRFLOW_CTX_TASK_ID=download_dataset_task
AIRFLOW_CTX_EXECUTION_DATE=2021-04-02T06:00:00+00:00
AIRFLOW_CTX_DAG_RUN_ID=scheduled__2021-04-02T06:00:00+00:00
[2022-03-23 09:31:57,473] {subprocess.py:62} INFO - Tmp dir root location: 
 /tmp
[2022-03-23 09:31:57,474] {subprocess.py:74} INFO - Running command: ['bash', '-c', 'curl -sSL https://s3.amazonaws.com/tripdata/202104-citibike-tripdata.csv.zip > /opt/***/202104-citibike-tripdata.csv.zip']
[2022-03-23 09:31:57,487] {subprocess.py:85} INFO - Output:
[2022-03-23 09:33:41,794] {subprocess.py:93} INFO - Command exited with return code 0
[2022-03-23 09:33:41,823] {taskinstance.py:1277} INFO - Marking task as SUCCESS. dag_id=dtc_project_ingest, task_id=download_dataset_task, execution_date=20210402T060000, start_date=20220323T093157, end_date=20220323T093341
[2022-03-23 09:33:41,879] {local_task_job.py:154} INFO - Task exited with return code 0
[2022-03-23 09:33:41,922] {local_task_job.py:264} INFO - 1 downstream tasks scheduled from follow-on schedule check
[2022-03-23 16:49:20,843] {taskinstance.py:1032} INFO - Dependencies all met for <TaskInstance: dtc_project_ingest.download_dataset_task scheduled__2021-04-02T06:00:00+00:00 [queued]>
[2022-03-23 16:49:20,859] {taskinstance.py:1032} INFO - Dependencies all met for <TaskInstance: dtc_project_ingest.download_dataset_task scheduled__2021-04-02T06:00:00+00:00 [queued]>
[2022-03-23 16:49:20,860] {taskinstance.py:1238} INFO - 
--------------------------------------------------------------------------------
[2022-03-23 16:49:20,861] {taskinstance.py:1239} INFO - Starting attempt 1 of 2
[2022-03-23 16:49:20,862] {taskinstance.py:1240} INFO - 
--------------------------------------------------------------------------------
[2022-03-23 16:49:20,879] {taskinstance.py:1259} INFO - Executing <Task(BashOperator): download_dataset_task> on 2021-04-02 06:00:00+00:00
[2022-03-23 16:49:20,887] {standard_task_runner.py:52} INFO - Started process 6693 to run task
[2022-03-23 16:49:20,896] {standard_task_runner.py:76} INFO - Running: ['***', 'tasks', 'run', 'dtc_project_ingest', 'download_dataset_task', 'scheduled__2021-04-02T06:00:00+00:00', '--job-id', '1120', '--raw', '--subdir', 'DAGS_FOLDER/project_data_ingestion.py', '--cfg-path', '/tmp/tmpf7iwwazv', '--error-file', '/tmp/tmpmem2trgo']
[2022-03-23 16:49:20,898] {standard_task_runner.py:77} INFO - Job 1120: Subtask download_dataset_task
[2022-03-23 16:49:21,012] {logging_mixin.py:109} INFO - Running <TaskInstance: dtc_project_ingest.download_dataset_task scheduled__2021-04-02T06:00:00+00:00 [running]> on host 7127e26385ba
[2022-03-23 16:49:21,073] {warnings.py:110} WARNING - /home/***/.local/lib/python3.7/site-packages/***/utils/context.py:152: AirflowContextDeprecationWarning: Accessing 'execution_date' from the template is deprecated and will be removed in a future version. Please use 'data_interval_start' or 'logical_date' instead.
  warnings.warn(_create_deprecation_warning(key, self._deprecation_replacements[key]))

[2022-03-23 16:49:21,109] {taskinstance.py:1426} INFO - Exporting the following env vars:
AIRFLOW_CTX_DAG_OWNER=***
AIRFLOW_CTX_DAG_ID=dtc_project_ingest
AIRFLOW_CTX_TASK_ID=download_dataset_task
AIRFLOW_CTX_EXECUTION_DATE=2021-04-02T06:00:00+00:00
AIRFLOW_CTX_DAG_RUN_ID=scheduled__2021-04-02T06:00:00+00:00
[2022-03-23 16:49:21,119] {subprocess.py:62} INFO - Tmp dir root location: 
 /tmp
[2022-03-23 16:49:21,132] {subprocess.py:74} INFO - Running command: ['bash', '-c', 'curl -sSL https://s3.amazonaws.com/tripdata/202104-citibike-tripdata.csv.zip > /opt/***/202104-citibike-tripdata.csv.zip']
[2022-03-23 16:49:21,182] {subprocess.py:85} INFO - Output:
[2022-03-23 16:50:45,883] {subprocess.py:93} INFO - Command exited with return code 0
[2022-03-23 16:50:45,928] {taskinstance.py:1277} INFO - Marking task as SUCCESS. dag_id=dtc_project_ingest, task_id=download_dataset_task, execution_date=20210402T060000, start_date=20220323T164920, end_date=20220323T165045
[2022-03-23 16:50:45,965] {local_task_job.py:154} INFO - Task exited with return code 0
[2022-03-23 16:50:46,011] {local_task_job.py:264} INFO - 1 downstream tasks scheduled from follow-on schedule check
[2022-03-26 11:37:34,311] {taskinstance.py:1032} INFO - Dependencies all met for <TaskInstance: dtc_project_ingest.download_dataset_task scheduled__2021-04-02T06:00:00+00:00 [queued]>
[2022-03-26 11:37:34,327] {taskinstance.py:1032} INFO - Dependencies all met for <TaskInstance: dtc_project_ingest.download_dataset_task scheduled__2021-04-02T06:00:00+00:00 [queued]>
[2022-03-26 11:37:34,328] {taskinstance.py:1238} INFO - 
--------------------------------------------------------------------------------
[2022-03-26 11:37:34,329] {taskinstance.py:1239} INFO - Starting attempt 1 of 2
[2022-03-26 11:37:34,329] {taskinstance.py:1240} INFO - 
--------------------------------------------------------------------------------
[2022-03-26 11:37:34,345] {taskinstance.py:1259} INFO - Executing <Task(BashOperator): download_dataset_task> on 2021-04-02 06:00:00+00:00
[2022-03-26 11:37:34,353] {standard_task_runner.py:52} INFO - Started process 8858 to run task
[2022-03-26 11:37:34,365] {standard_task_runner.py:76} INFO - Running: ['***', 'tasks', 'run', 'dtc_project_ingest', 'download_dataset_task', 'scheduled__2021-04-02T06:00:00+00:00', '--job-id', '1482', '--raw', '--subdir', 'DAGS_FOLDER/project_data_ingestion.py', '--cfg-path', '/tmp/tmpr8kh53da', '--error-file', '/tmp/tmp9ov73y2z']
[2022-03-26 11:37:34,367] {standard_task_runner.py:77} INFO - Job 1482: Subtask download_dataset_task
[2022-03-26 11:37:34,467] {logging_mixin.py:109} INFO - Running <TaskInstance: dtc_project_ingest.download_dataset_task scheduled__2021-04-02T06:00:00+00:00 [running]> on host c800f4dda314
[2022-03-26 11:37:34,530] {warnings.py:110} WARNING - /home/***/.local/lib/python3.7/site-packages/***/utils/context.py:152: AirflowContextDeprecationWarning: Accessing 'execution_date' from the template is deprecated and will be removed in a future version. Please use 'data_interval_start' or 'logical_date' instead.
  warnings.warn(_create_deprecation_warning(key, self._deprecation_replacements[key]))

[2022-03-26 11:37:34,573] {taskinstance.py:1426} INFO - Exporting the following env vars:
AIRFLOW_CTX_DAG_OWNER=***
AIRFLOW_CTX_DAG_ID=dtc_project_ingest
AIRFLOW_CTX_TASK_ID=download_dataset_task
AIRFLOW_CTX_EXECUTION_DATE=2021-04-02T06:00:00+00:00
AIRFLOW_CTX_DAG_RUN_ID=scheduled__2021-04-02T06:00:00+00:00
[2022-03-26 11:37:34,576] {subprocess.py:62} INFO - Tmp dir root location: 
 /tmp
[2022-03-26 11:37:34,577] {subprocess.py:74} INFO - Running command: ['bash', '-c', 'curl -sSL https://s3.amazonaws.com/tripdata/202104-citibike-tripdata.csv.zip > /opt/***/202104-citibike-tripdata.csv.zip']
[2022-03-26 11:37:34,598] {subprocess.py:85} INFO - Output:
[2022-03-26 11:39:39,069] {subprocess.py:93} INFO - Command exited with return code 0
[2022-03-26 11:39:39,099] {taskinstance.py:1277} INFO - Marking task as SUCCESS. dag_id=dtc_project_ingest, task_id=download_dataset_task, execution_date=20210402T060000, start_date=20220326T113734, end_date=20220326T113939
[2022-03-26 11:39:39,125] {local_task_job.py:154} INFO - Task exited with return code 0
[2022-03-26 11:39:39,165] {local_task_job.py:264} INFO - 1 downstream tasks scheduled from follow-on schedule check
