[2022-03-23 09:44:48,251] {taskinstance.py:1032} INFO - Dependencies all met for <TaskInstance: dtc_project_ingest.download_dataset_task scheduled__2021-10-02T06:00:00+00:00 [queued]>
[2022-03-23 09:44:48,263] {taskinstance.py:1032} INFO - Dependencies all met for <TaskInstance: dtc_project_ingest.download_dataset_task scheduled__2021-10-02T06:00:00+00:00 [queued]>
[2022-03-23 09:44:48,265] {taskinstance.py:1238} INFO - 
--------------------------------------------------------------------------------
[2022-03-23 09:44:48,266] {taskinstance.py:1239} INFO - Starting attempt 1 of 2
[2022-03-23 09:44:48,266] {taskinstance.py:1240} INFO - 
--------------------------------------------------------------------------------
[2022-03-23 09:44:48,278] {taskinstance.py:1259} INFO - Executing <Task(BashOperator): download_dataset_task> on 2021-10-02 06:00:00+00:00
[2022-03-23 09:44:48,286] {standard_task_runner.py:52} INFO - Started process 3660 to run task
[2022-03-23 09:44:48,292] {standard_task_runner.py:76} INFO - Running: ['***', 'tasks', 'run', 'dtc_project_ingest', 'download_dataset_task', 'scheduled__2021-10-02T06:00:00+00:00', '--job-id', '818', '--raw', '--subdir', 'DAGS_FOLDER/project_data_ingestion.py', '--cfg-path', '/tmp/tmp0q_8p3bh', '--error-file', '/tmp/tmp1n32qfqk']
[2022-03-23 09:44:48,296] {standard_task_runner.py:77} INFO - Job 818: Subtask download_dataset_task
[2022-03-23 09:44:48,402] {logging_mixin.py:109} INFO - Running <TaskInstance: dtc_project_ingest.download_dataset_task scheduled__2021-10-02T06:00:00+00:00 [running]> on host 7127e26385ba
[2022-03-23 09:44:48,457] {warnings.py:110} WARNING - /home/***/.local/lib/python3.7/site-packages/***/utils/context.py:152: AirflowContextDeprecationWarning: Accessing 'execution_date' from the template is deprecated and will be removed in a future version. Please use 'data_interval_start' or 'logical_date' instead.
  warnings.warn(_create_deprecation_warning(key, self._deprecation_replacements[key]))

[2022-03-23 09:44:48,479] {taskinstance.py:1426} INFO - Exporting the following env vars:
AIRFLOW_CTX_DAG_OWNER=***
AIRFLOW_CTX_DAG_ID=dtc_project_ingest
AIRFLOW_CTX_TASK_ID=download_dataset_task
AIRFLOW_CTX_EXECUTION_DATE=2021-10-02T06:00:00+00:00
AIRFLOW_CTX_DAG_RUN_ID=scheduled__2021-10-02T06:00:00+00:00
[2022-03-23 09:44:48,480] {subprocess.py:62} INFO - Tmp dir root location: 
 /tmp
[2022-03-23 09:44:48,483] {subprocess.py:74} INFO - Running command: ['bash', '-c', 'curl -sSL https://s3.amazonaws.com/tripdata/202110-citibike-tripdata.csv.zip > /opt/***/202110-citibike-tripdata.csv.zip']
[2022-03-23 09:44:48,499] {subprocess.py:85} INFO - Output:
[2022-03-23 09:48:10,863] {subprocess.py:93} INFO - Command exited with return code 0
[2022-03-23 09:48:10,890] {taskinstance.py:1277} INFO - Marking task as SUCCESS. dag_id=dtc_project_ingest, task_id=download_dataset_task, execution_date=20211002T060000, start_date=20220323T094448, end_date=20220323T094810
[2022-03-23 09:48:10,916] {local_task_job.py:154} INFO - Task exited with return code 0
[2022-03-23 09:48:10,953] {local_task_job.py:264} INFO - 1 downstream tasks scheduled from follow-on schedule check
[2022-03-23 17:10:27,517] {taskinstance.py:1032} INFO - Dependencies all met for <TaskInstance: dtc_project_ingest.download_dataset_task scheduled__2021-10-02T06:00:00+00:00 [queued]>
[2022-03-23 17:10:27,530] {taskinstance.py:1032} INFO - Dependencies all met for <TaskInstance: dtc_project_ingest.download_dataset_task scheduled__2021-10-02T06:00:00+00:00 [queued]>
[2022-03-23 17:10:27,531] {taskinstance.py:1238} INFO - 
--------------------------------------------------------------------------------
[2022-03-23 17:10:27,532] {taskinstance.py:1239} INFO - Starting attempt 1 of 2
[2022-03-23 17:10:27,533] {taskinstance.py:1240} INFO - 
--------------------------------------------------------------------------------
[2022-03-23 17:10:27,547] {taskinstance.py:1259} INFO - Executing <Task(BashOperator): download_dataset_task> on 2021-10-02 06:00:00+00:00
[2022-03-23 17:10:27,555] {standard_task_runner.py:52} INFO - Started process 7819 to run task
[2022-03-23 17:10:27,560] {standard_task_runner.py:76} INFO - Running: ['***', 'tasks', 'run', 'dtc_project_ingest', 'download_dataset_task', 'scheduled__2021-10-02T06:00:00+00:00', '--job-id', '1148', '--raw', '--subdir', 'DAGS_FOLDER/project_data_ingestion.py', '--cfg-path', '/tmp/tmpskomlrbf', '--error-file', '/tmp/tmptc6vhq0q']
[2022-03-23 17:10:27,562] {standard_task_runner.py:77} INFO - Job 1148: Subtask download_dataset_task
[2022-03-23 17:10:27,631] {logging_mixin.py:109} INFO - Running <TaskInstance: dtc_project_ingest.download_dataset_task scheduled__2021-10-02T06:00:00+00:00 [running]> on host 7127e26385ba
[2022-03-23 17:10:27,672] {warnings.py:110} WARNING - /home/***/.local/lib/python3.7/site-packages/***/utils/context.py:152: AirflowContextDeprecationWarning: Accessing 'execution_date' from the template is deprecated and will be removed in a future version. Please use 'data_interval_start' or 'logical_date' instead.
  warnings.warn(_create_deprecation_warning(key, self._deprecation_replacements[key]))

[2022-03-23 17:10:27,701] {taskinstance.py:1426} INFO - Exporting the following env vars:
AIRFLOW_CTX_DAG_OWNER=***
AIRFLOW_CTX_DAG_ID=dtc_project_ingest
AIRFLOW_CTX_TASK_ID=download_dataset_task
AIRFLOW_CTX_EXECUTION_DATE=2021-10-02T06:00:00+00:00
AIRFLOW_CTX_DAG_RUN_ID=scheduled__2021-10-02T06:00:00+00:00
[2022-03-23 17:10:27,703] {subprocess.py:62} INFO - Tmp dir root location: 
 /tmp
[2022-03-23 17:10:27,705] {subprocess.py:74} INFO - Running command: ['bash', '-c', 'curl -sSL https://s3.amazonaws.com/tripdata/202110-citibike-tripdata.csv.zip > /opt/***/202110-citibike-tripdata.csv.zip']
[2022-03-23 17:10:27,721] {subprocess.py:85} INFO - Output:
[2022-03-23 17:13:13,655] {subprocess.py:93} INFO - Command exited with return code 0
[2022-03-23 17:13:13,697] {taskinstance.py:1277} INFO - Marking task as SUCCESS. dag_id=dtc_project_ingest, task_id=download_dataset_task, execution_date=20211002T060000, start_date=20220323T171027, end_date=20220323T171313
[2022-03-23 17:13:13,755] {local_task_job.py:154} INFO - Task exited with return code 0
[2022-03-23 17:13:13,796] {local_task_job.py:264} INFO - 1 downstream tasks scheduled from follow-on schedule check
[2022-03-26 11:55:23,609] {taskinstance.py:1032} INFO - Dependencies all met for <TaskInstance: dtc_project_ingest.download_dataset_task scheduled__2021-10-02T06:00:00+00:00 [queued]>
[2022-03-26 11:55:23,626] {taskinstance.py:1032} INFO - Dependencies all met for <TaskInstance: dtc_project_ingest.download_dataset_task scheduled__2021-10-02T06:00:00+00:00 [queued]>
[2022-03-26 11:55:23,626] {taskinstance.py:1238} INFO - 
--------------------------------------------------------------------------------
[2022-03-26 11:55:23,627] {taskinstance.py:1239} INFO - Starting attempt 1 of 2
[2022-03-26 11:55:23,630] {taskinstance.py:1240} INFO - 
--------------------------------------------------------------------------------
[2022-03-26 11:55:23,648] {taskinstance.py:1259} INFO - Executing <Task(BashOperator): download_dataset_task> on 2021-10-02 06:00:00+00:00
[2022-03-26 11:55:23,658] {standard_task_runner.py:52} INFO - Started process 9794 to run task
[2022-03-26 11:55:23,672] {standard_task_runner.py:76} INFO - Running: ['***', 'tasks', 'run', 'dtc_project_ingest', 'download_dataset_task', 'scheduled__2021-10-02T06:00:00+00:00', '--job-id', '1510', '--raw', '--subdir', 'DAGS_FOLDER/project_data_ingestion.py', '--cfg-path', '/tmp/tmpd10a6e7d', '--error-file', '/tmp/tmprl1et8j8']
[2022-03-26 11:55:23,676] {standard_task_runner.py:77} INFO - Job 1510: Subtask download_dataset_task
[2022-03-26 11:55:23,749] {logging_mixin.py:109} INFO - Running <TaskInstance: dtc_project_ingest.download_dataset_task scheduled__2021-10-02T06:00:00+00:00 [running]> on host c800f4dda314
[2022-03-26 11:55:23,796] {warnings.py:110} WARNING - /home/***/.local/lib/python3.7/site-packages/***/utils/context.py:152: AirflowContextDeprecationWarning: Accessing 'execution_date' from the template is deprecated and will be removed in a future version. Please use 'data_interval_start' or 'logical_date' instead.
  warnings.warn(_create_deprecation_warning(key, self._deprecation_replacements[key]))

[2022-03-26 11:55:23,823] {taskinstance.py:1426} INFO - Exporting the following env vars:
AIRFLOW_CTX_DAG_OWNER=***
AIRFLOW_CTX_DAG_ID=dtc_project_ingest
AIRFLOW_CTX_TASK_ID=download_dataset_task
AIRFLOW_CTX_EXECUTION_DATE=2021-10-02T06:00:00+00:00
AIRFLOW_CTX_DAG_RUN_ID=scheduled__2021-10-02T06:00:00+00:00
[2022-03-26 11:55:23,825] {subprocess.py:62} INFO - Tmp dir root location: 
 /tmp
[2022-03-26 11:55:23,827] {subprocess.py:74} INFO - Running command: ['bash', '-c', 'curl -sSL https://s3.amazonaws.com/tripdata/202110-citibike-tripdata.csv.zip > /opt/***/202110-citibike-tripdata.csv.zip']
[2022-03-26 11:55:23,845] {subprocess.py:85} INFO - Output:
[2022-03-26 12:01:31,153] {subprocess.py:93} INFO - Command exited with return code 0
[2022-03-26 12:01:31,196] {taskinstance.py:1277} INFO - Marking task as SUCCESS. dag_id=dtc_project_ingest, task_id=download_dataset_task, execution_date=20211002T060000, start_date=20220326T115523, end_date=20220326T120131
[2022-03-26 12:01:31,229] {local_task_job.py:154} INFO - Task exited with return code 0
[2022-03-26 12:01:31,283] {local_task_job.py:264} INFO - 1 downstream tasks scheduled from follow-on schedule check
