[2022-03-23 09:27:25,748] {taskinstance.py:1032} INFO - Dependencies all met for <TaskInstance: dtc_project_ingest.rm_task scheduled__2020-10-02T06:00:00+00:00 [queued]>
[2022-03-23 09:27:25,760] {taskinstance.py:1032} INFO - Dependencies all met for <TaskInstance: dtc_project_ingest.rm_task scheduled__2020-10-02T06:00:00+00:00 [queued]>
[2022-03-23 09:27:25,761] {taskinstance.py:1238} INFO - 
--------------------------------------------------------------------------------
[2022-03-23 09:27:25,762] {taskinstance.py:1239} INFO - Starting attempt 1 of 2
[2022-03-23 09:27:25,762] {taskinstance.py:1240} INFO - 
--------------------------------------------------------------------------------
[2022-03-23 09:27:25,776] {taskinstance.py:1259} INFO - Executing <Task(BashOperator): rm_task> on 2020-10-02 06:00:00+00:00
[2022-03-23 09:27:25,783] {standard_task_runner.py:52} INFO - Started process 2572 to run task
[2022-03-23 09:27:25,788] {standard_task_runner.py:76} INFO - Running: ['***', 'tasks', 'run', 'dtc_project_ingest', 'rm_task', 'scheduled__2020-10-02T06:00:00+00:00', '--job-id', '769', '--raw', '--subdir', 'DAGS_FOLDER/project_data_ingestion.py', '--cfg-path', '/tmp/tmpyikva43z', '--error-file', '/tmp/tmp8c020zpo']
[2022-03-23 09:27:25,790] {standard_task_runner.py:77} INFO - Job 769: Subtask rm_task
[2022-03-23 09:27:25,864] {logging_mixin.py:109} INFO - Running <TaskInstance: dtc_project_ingest.rm_task scheduled__2020-10-02T06:00:00+00:00 [running]> on host 7127e26385ba
[2022-03-23 09:27:25,907] {warnings.py:110} WARNING - /home/***/.local/lib/python3.7/site-packages/***/utils/context.py:152: AirflowContextDeprecationWarning: Accessing 'execution_date' from the template is deprecated and will be removed in a future version. Please use 'data_interval_start' or 'logical_date' instead.
  warnings.warn(_create_deprecation_warning(key, self._deprecation_replacements[key]))

[2022-03-23 09:27:25,930] {taskinstance.py:1426} INFO - Exporting the following env vars:
AIRFLOW_CTX_DAG_OWNER=***
AIRFLOW_CTX_DAG_ID=dtc_project_ingest
AIRFLOW_CTX_TASK_ID=rm_task
AIRFLOW_CTX_EXECUTION_DATE=2020-10-02T06:00:00+00:00
AIRFLOW_CTX_DAG_RUN_ID=scheduled__2020-10-02T06:00:00+00:00
[2022-03-23 09:27:25,931] {subprocess.py:62} INFO - Tmp dir root location: 
 /tmp
[2022-03-23 09:27:25,932] {subprocess.py:74} INFO - Running command: ['bash', '-c', 'rm /opt/***/202010-citibike-tripdata.csv /opt/***/202010-citibike-tripdata.parquet']
[2022-03-23 09:27:25,945] {subprocess.py:85} INFO - Output:
[2022-03-23 09:27:26,073] {subprocess.py:93} INFO - Command exited with return code 0
[2022-03-23 09:27:26,101] {taskinstance.py:1277} INFO - Marking task as SUCCESS. dag_id=dtc_project_ingest, task_id=rm_task, execution_date=20201002T060000, start_date=20220323T092725, end_date=20220323T092726
[2022-03-23 09:27:26,124] {local_task_job.py:154} INFO - Task exited with return code 0
[2022-03-23 09:27:26,167] {local_task_job.py:264} INFO - 0 downstream tasks scheduled from follow-on schedule check
[2022-03-23 22:33:25,214] {taskinstance.py:1032} INFO - Dependencies all met for <TaskInstance: dtc_project_ingest.rm_task scheduled__2020-10-02T06:00:00+00:00 [queued]>
[2022-03-23 22:33:25,229] {taskinstance.py:1032} INFO - Dependencies all met for <TaskInstance: dtc_project_ingest.rm_task scheduled__2020-10-02T06:00:00+00:00 [queued]>
[2022-03-23 22:33:25,231] {taskinstance.py:1238} INFO - 
--------------------------------------------------------------------------------
[2022-03-23 22:33:25,232] {taskinstance.py:1239} INFO - Starting attempt 1 of 2
[2022-03-23 22:33:25,233] {taskinstance.py:1240} INFO - 
--------------------------------------------------------------------------------
[2022-03-23 22:33:25,246] {taskinstance.py:1259} INFO - Executing <Task(BashOperator): rm_task> on 2020-10-02 06:00:00+00:00
[2022-03-23 22:33:25,253] {standard_task_runner.py:52} INFO - Started process 591 to run task
[2022-03-23 22:33:25,258] {standard_task_runner.py:76} INFO - Running: ['***', 'tasks', 'run', 'dtc_project_ingest', 'rm_task', 'scheduled__2020-10-02T06:00:00+00:00', '--job-id', '1194', '--raw', '--subdir', 'DAGS_FOLDER/project_data_ingestion.py', '--cfg-path', '/tmp/tmp7mwq5qt8', '--error-file', '/tmp/tmp776qw8v4']
[2022-03-23 22:33:25,261] {standard_task_runner.py:77} INFO - Job 1194: Subtask rm_task
[2022-03-23 22:33:25,338] {logging_mixin.py:109} INFO - Running <TaskInstance: dtc_project_ingest.rm_task scheduled__2020-10-02T06:00:00+00:00 [running]> on host 7127e26385ba
[2022-03-23 22:33:25,383] {warnings.py:110} WARNING - /home/***/.local/lib/python3.7/site-packages/***/utils/context.py:152: AirflowContextDeprecationWarning: Accessing 'execution_date' from the template is deprecated and will be removed in a future version. Please use 'data_interval_start' or 'logical_date' instead.
  warnings.warn(_create_deprecation_warning(key, self._deprecation_replacements[key]))

[2022-03-23 22:33:25,409] {taskinstance.py:1426} INFO - Exporting the following env vars:
AIRFLOW_CTX_DAG_OWNER=***
AIRFLOW_CTX_DAG_ID=dtc_project_ingest
AIRFLOW_CTX_TASK_ID=rm_task
AIRFLOW_CTX_EXECUTION_DATE=2020-10-02T06:00:00+00:00
AIRFLOW_CTX_DAG_RUN_ID=scheduled__2020-10-02T06:00:00+00:00
[2022-03-23 22:33:25,412] {subprocess.py:62} INFO - Tmp dir root location: 
 /tmp
[2022-03-23 22:33:25,415] {subprocess.py:74} INFO - Running command: ['bash', '-c', 'rm /opt/***/202010-citibike-tripdata.csv /opt/***/202010-citibike-tripdata.parquet']
[2022-03-23 22:33:25,430] {subprocess.py:85} INFO - Output:
[2022-03-23 22:33:25,446] {subprocess.py:93} INFO - Command exited with return code 0
[2022-03-23 22:33:25,480] {taskinstance.py:1277} INFO - Marking task as SUCCESS. dag_id=dtc_project_ingest, task_id=rm_task, execution_date=20201002T060000, start_date=20220323T223325, end_date=20220323T223325
[2022-03-23 22:33:25,514] {local_task_job.py:154} INFO - Task exited with return code 0
[2022-03-23 22:33:25,550] {local_task_job.py:264} INFO - 0 downstream tasks scheduled from follow-on schedule check
[2022-03-26 11:37:25,891] {taskinstance.py:1032} INFO - Dependencies all met for <TaskInstance: dtc_project_ingest.rm_task scheduled__2020-10-02T06:00:00+00:00 [queued]>
[2022-03-26 11:37:25,906] {taskinstance.py:1032} INFO - Dependencies all met for <TaskInstance: dtc_project_ingest.rm_task scheduled__2020-10-02T06:00:00+00:00 [queued]>
[2022-03-26 11:37:25,907] {taskinstance.py:1238} INFO - 
--------------------------------------------------------------------------------
[2022-03-26 11:37:25,908] {taskinstance.py:1239} INFO - Starting attempt 1 of 2
[2022-03-26 11:37:25,909] {taskinstance.py:1240} INFO - 
--------------------------------------------------------------------------------
[2022-03-26 11:37:25,927] {taskinstance.py:1259} INFO - Executing <Task(BashOperator): rm_task> on 2020-10-02 06:00:00+00:00
[2022-03-26 11:37:25,935] {standard_task_runner.py:52} INFO - Started process 8838 to run task
[2022-03-26 11:37:25,941] {standard_task_runner.py:76} INFO - Running: ['***', 'tasks', 'run', 'dtc_project_ingest', 'rm_task', 'scheduled__2020-10-02T06:00:00+00:00', '--job-id', '1480', '--raw', '--subdir', 'DAGS_FOLDER/project_data_ingestion.py', '--cfg-path', '/tmp/tmputf9j4gp', '--error-file', '/tmp/tmprjrzl_3y']
[2022-03-26 11:37:25,943] {standard_task_runner.py:77} INFO - Job 1480: Subtask rm_task
[2022-03-26 11:37:26,044] {logging_mixin.py:109} INFO - Running <TaskInstance: dtc_project_ingest.rm_task scheduled__2020-10-02T06:00:00+00:00 [running]> on host c800f4dda314
[2022-03-26 11:37:26,104] {warnings.py:110} WARNING - /home/***/.local/lib/python3.7/site-packages/***/utils/context.py:152: AirflowContextDeprecationWarning: Accessing 'execution_date' from the template is deprecated and will be removed in a future version. Please use 'data_interval_start' or 'logical_date' instead.
  warnings.warn(_create_deprecation_warning(key, self._deprecation_replacements[key]))

[2022-03-26 11:37:26,131] {taskinstance.py:1426} INFO - Exporting the following env vars:
AIRFLOW_CTX_DAG_OWNER=***
AIRFLOW_CTX_DAG_ID=dtc_project_ingest
AIRFLOW_CTX_TASK_ID=rm_task
AIRFLOW_CTX_EXECUTION_DATE=2020-10-02T06:00:00+00:00
AIRFLOW_CTX_DAG_RUN_ID=scheduled__2020-10-02T06:00:00+00:00
[2022-03-26 11:37:26,134] {subprocess.py:62} INFO - Tmp dir root location: 
 /tmp
[2022-03-26 11:37:26,136] {subprocess.py:74} INFO - Running command: ['bash', '-c', 'rm /opt/***/202010-citibike-tripdata.csv /opt/***/202010-citibike-tripdata.parquet']
[2022-03-26 11:37:26,156] {subprocess.py:85} INFO - Output:
[2022-03-26 11:37:26,306] {subprocess.py:93} INFO - Command exited with return code 0
[2022-03-26 11:37:26,345] {taskinstance.py:1277} INFO - Marking task as SUCCESS. dag_id=dtc_project_ingest, task_id=rm_task, execution_date=20201002T060000, start_date=20220326T113725, end_date=20220326T113726
[2022-03-26 11:37:26,396] {local_task_job.py:154} INFO - Task exited with return code 0
[2022-03-26 11:37:26,443] {local_task_job.py:264} INFO - 0 downstream tasks scheduled from follow-on schedule check
[2022-03-26 15:50:19,246] {taskinstance.py:1032} INFO - Dependencies all met for <TaskInstance: dtc_project_ingest.rm_task scheduled__2020-10-02T06:00:00+00:00 [queued]>
[2022-03-26 15:50:19,261] {taskinstance.py:1032} INFO - Dependencies all met for <TaskInstance: dtc_project_ingest.rm_task scheduled__2020-10-02T06:00:00+00:00 [queued]>
[2022-03-26 15:50:19,263] {taskinstance.py:1238} INFO - 
--------------------------------------------------------------------------------
[2022-03-26 15:50:19,264] {taskinstance.py:1239} INFO - Starting attempt 1 of 2
[2022-03-26 15:50:19,265] {taskinstance.py:1240} INFO - 
--------------------------------------------------------------------------------
[2022-03-26 15:50:19,284] {taskinstance.py:1259} INFO - Executing <Task(BashOperator): rm_task> on 2020-10-02 06:00:00+00:00
[2022-03-26 15:50:19,296] {standard_task_runner.py:52} INFO - Started process 21532 to run task
[2022-03-26 15:50:19,317] {standard_task_runner.py:76} INFO - Running: ['***', 'tasks', 'run', 'dtc_project_ingest', 'rm_task', 'scheduled__2020-10-02T06:00:00+00:00', '--job-id', '1689', '--raw', '--subdir', 'DAGS_FOLDER/project_data_ingestion.py', '--cfg-path', '/tmp/tmpxaonqiic', '--error-file', '/tmp/tmpy504b2jd']
[2022-03-26 15:50:19,321] {standard_task_runner.py:77} INFO - Job 1689: Subtask rm_task
[2022-03-26 15:50:19,422] {logging_mixin.py:109} INFO - Running <TaskInstance: dtc_project_ingest.rm_task scheduled__2020-10-02T06:00:00+00:00 [running]> on host c800f4dda314
[2022-03-26 15:50:19,487] {warnings.py:110} WARNING - /home/***/.local/lib/python3.7/site-packages/***/utils/context.py:152: AirflowContextDeprecationWarning: Accessing 'execution_date' from the template is deprecated and will be removed in a future version. Please use 'data_interval_start' or 'logical_date' instead.
  warnings.warn(_create_deprecation_warning(key, self._deprecation_replacements[key]))

[2022-03-26 15:50:19,533] {taskinstance.py:1426} INFO - Exporting the following env vars:
AIRFLOW_CTX_DAG_OWNER=***
AIRFLOW_CTX_DAG_ID=dtc_project_ingest
AIRFLOW_CTX_TASK_ID=rm_task
AIRFLOW_CTX_EXECUTION_DATE=2020-10-02T06:00:00+00:00
AIRFLOW_CTX_DAG_RUN_ID=scheduled__2020-10-02T06:00:00+00:00
[2022-03-26 15:50:19,535] {subprocess.py:62} INFO - Tmp dir root location: 
 /tmp
[2022-03-26 15:50:19,537] {subprocess.py:74} INFO - Running command: ['bash', '-c', 'rm /opt/***/202010-citibike-tripdata.csv /opt/***/202010-citibike-tripdata.parquet']
[2022-03-26 15:50:19,558] {subprocess.py:85} INFO - Output:
[2022-03-26 15:50:19,822] {subprocess.py:93} INFO - Command exited with return code 0
[2022-03-26 15:50:19,893] {taskinstance.py:1277} INFO - Marking task as SUCCESS. dag_id=dtc_project_ingest, task_id=rm_task, execution_date=20201002T060000, start_date=20220326T155019, end_date=20220326T155019
[2022-03-26 15:50:19,968] {local_task_job.py:154} INFO - Task exited with return code 0
[2022-03-26 15:50:20,018] {local_task_job.py:264} INFO - 0 downstream tasks scheduled from follow-on schedule check
