[2022-03-23 09:16:54,770] {taskinstance.py:1032} INFO - Dependencies all met for <TaskInstance: dtc_project_ingest.rm_task scheduled__2019-11-02T06:00:00+00:00 [queued]>
[2022-03-23 09:16:54,783] {taskinstance.py:1032} INFO - Dependencies all met for <TaskInstance: dtc_project_ingest.rm_task scheduled__2019-11-02T06:00:00+00:00 [queued]>
[2022-03-23 09:16:54,783] {taskinstance.py:1238} INFO - 
--------------------------------------------------------------------------------
[2022-03-23 09:16:54,784] {taskinstance.py:1239} INFO - Starting attempt 1 of 2
[2022-03-23 09:16:54,785] {taskinstance.py:1240} INFO - 
--------------------------------------------------------------------------------
[2022-03-23 09:16:54,796] {taskinstance.py:1259} INFO - Executing <Task(BashOperator): rm_task> on 2019-11-02 06:00:00+00:00
[2022-03-23 09:16:54,803] {standard_task_runner.py:52} INFO - Started process 1898 to run task
[2022-03-23 09:16:54,807] {standard_task_runner.py:76} INFO - Running: ['***', 'tasks', 'run', 'dtc_project_ingest', 'rm_task', 'scheduled__2019-11-02T06:00:00+00:00', '--job-id', '734', '--raw', '--subdir', 'DAGS_FOLDER/project_data_ingestion.py', '--cfg-path', '/tmp/tmpvbi4ax4b', '--error-file', '/tmp/tmpmhct0p2x']
[2022-03-23 09:16:54,809] {standard_task_runner.py:77} INFO - Job 734: Subtask rm_task
[2022-03-23 09:16:54,885] {logging_mixin.py:109} INFO - Running <TaskInstance: dtc_project_ingest.rm_task scheduled__2019-11-02T06:00:00+00:00 [running]> on host 7127e26385ba
[2022-03-23 09:16:54,950] {warnings.py:110} WARNING - /home/***/.local/lib/python3.7/site-packages/***/utils/context.py:152: AirflowContextDeprecationWarning: Accessing 'execution_date' from the template is deprecated and will be removed in a future version. Please use 'data_interval_start' or 'logical_date' instead.
  warnings.warn(_create_deprecation_warning(key, self._deprecation_replacements[key]))

[2022-03-23 09:16:54,989] {taskinstance.py:1426} INFO - Exporting the following env vars:
AIRFLOW_CTX_DAG_OWNER=***
AIRFLOW_CTX_DAG_ID=dtc_project_ingest
AIRFLOW_CTX_TASK_ID=rm_task
AIRFLOW_CTX_EXECUTION_DATE=2019-11-02T06:00:00+00:00
AIRFLOW_CTX_DAG_RUN_ID=scheduled__2019-11-02T06:00:00+00:00
[2022-03-23 09:16:54,993] {subprocess.py:62} INFO - Tmp dir root location: 
 /tmp
[2022-03-23 09:16:54,994] {subprocess.py:74} INFO - Running command: ['bash', '-c', 'rm /opt/***/201911-citibike-tripdata.csv /opt/***/201911-citibike-tripdata.parquet']
[2022-03-23 09:16:55,019] {subprocess.py:85} INFO - Output:
[2022-03-23 09:16:55,117] {subprocess.py:93} INFO - Command exited with return code 0
[2022-03-23 09:16:55,149] {taskinstance.py:1277} INFO - Marking task as SUCCESS. dag_id=dtc_project_ingest, task_id=rm_task, execution_date=20191102T060000, start_date=20220323T091654, end_date=20220323T091655
[2022-03-23 09:16:55,222] {local_task_job.py:154} INFO - Task exited with return code 0
[2022-03-23 09:16:55,265] {local_task_job.py:264} INFO - 0 downstream tasks scheduled from follow-on schedule check
[2022-03-23 16:25:21,174] {taskinstance.py:1032} INFO - Dependencies all met for <TaskInstance: dtc_project_ingest.rm_task scheduled__2019-11-02T06:00:00+00:00 [queued]>
[2022-03-23 16:25:21,188] {taskinstance.py:1032} INFO - Dependencies all met for <TaskInstance: dtc_project_ingest.rm_task scheduled__2019-11-02T06:00:00+00:00 [queued]>
[2022-03-23 16:25:21,189] {taskinstance.py:1238} INFO - 
--------------------------------------------------------------------------------
[2022-03-23 16:25:21,190] {taskinstance.py:1239} INFO - Starting attempt 1 of 2
[2022-03-23 16:25:21,193] {taskinstance.py:1240} INFO - 
--------------------------------------------------------------------------------
[2022-03-23 16:25:21,209] {taskinstance.py:1259} INFO - Executing <Task(BashOperator): rm_task> on 2019-11-02 06:00:00+00:00
[2022-03-23 16:25:21,221] {standard_task_runner.py:52} INFO - Started process 5250 to run task
[2022-03-23 16:25:21,234] {standard_task_runner.py:76} INFO - Running: ['***', 'tasks', 'run', 'dtc_project_ingest', 'rm_task', 'scheduled__2019-11-02T06:00:00+00:00', '--job-id', '1046', '--raw', '--subdir', 'DAGS_FOLDER/project_data_ingestion.py', '--cfg-path', '/tmp/tmppb4johsp', '--error-file', '/tmp/tmp3vh_1b4t']
[2022-03-23 16:25:21,237] {standard_task_runner.py:77} INFO - Job 1046: Subtask rm_task
[2022-03-23 16:25:21,320] {logging_mixin.py:109} INFO - Running <TaskInstance: dtc_project_ingest.rm_task scheduled__2019-11-02T06:00:00+00:00 [running]> on host 7127e26385ba
[2022-03-23 16:25:21,371] {warnings.py:110} WARNING - /home/***/.local/lib/python3.7/site-packages/***/utils/context.py:152: AirflowContextDeprecationWarning: Accessing 'execution_date' from the template is deprecated and will be removed in a future version. Please use 'data_interval_start' or 'logical_date' instead.
  warnings.warn(_create_deprecation_warning(key, self._deprecation_replacements[key]))

[2022-03-23 16:25:21,397] {taskinstance.py:1426} INFO - Exporting the following env vars:
AIRFLOW_CTX_DAG_OWNER=***
AIRFLOW_CTX_DAG_ID=dtc_project_ingest
AIRFLOW_CTX_TASK_ID=rm_task
AIRFLOW_CTX_EXECUTION_DATE=2019-11-02T06:00:00+00:00
AIRFLOW_CTX_DAG_RUN_ID=scheduled__2019-11-02T06:00:00+00:00
[2022-03-23 16:25:21,398] {subprocess.py:62} INFO - Tmp dir root location: 
 /tmp
[2022-03-23 16:25:21,400] {subprocess.py:74} INFO - Running command: ['bash', '-c', 'rm /opt/***/201911-citibike-tripdata.csv /opt/***/201911-citibike-tripdata.parquet']
[2022-03-23 16:25:21,417] {subprocess.py:85} INFO - Output:
[2022-03-23 16:25:21,550] {subprocess.py:93} INFO - Command exited with return code 0
[2022-03-23 16:25:21,592] {taskinstance.py:1277} INFO - Marking task as SUCCESS. dag_id=dtc_project_ingest, task_id=rm_task, execution_date=20191102T060000, start_date=20220323T162521, end_date=20220323T162521
[2022-03-23 16:25:21,648] {local_task_job.py:154} INFO - Task exited with return code 0
[2022-03-23 16:25:21,683] {local_task_job.py:264} INFO - 0 downstream tasks scheduled from follow-on schedule check
[2022-03-26 11:17:55,253] {taskinstance.py:1032} INFO - Dependencies all met for <TaskInstance: dtc_project_ingest.rm_task scheduled__2019-11-02T06:00:00+00:00 [queued]>
[2022-03-26 11:17:55,278] {taskinstance.py:1032} INFO - Dependencies all met for <TaskInstance: dtc_project_ingest.rm_task scheduled__2019-11-02T06:00:00+00:00 [queued]>
[2022-03-26 11:17:55,279] {taskinstance.py:1238} INFO - 
--------------------------------------------------------------------------------
[2022-03-26 11:17:55,281] {taskinstance.py:1239} INFO - Starting attempt 1 of 2
[2022-03-26 11:17:55,281] {taskinstance.py:1240} INFO - 
--------------------------------------------------------------------------------
[2022-03-26 11:17:55,304] {taskinstance.py:1259} INFO - Executing <Task(BashOperator): rm_task> on 2019-11-02 06:00:00+00:00
[2022-03-26 11:17:55,316] {standard_task_runner.py:52} INFO - Started process 7579 to run task
[2022-03-26 11:17:55,326] {standard_task_runner.py:76} INFO - Running: ['***', 'tasks', 'run', 'dtc_project_ingest', 'rm_task', 'scheduled__2019-11-02T06:00:00+00:00', '--job-id', '1405', '--raw', '--subdir', 'DAGS_FOLDER/project_data_ingestion.py', '--cfg-path', '/tmp/tmpj2e89_jy', '--error-file', '/tmp/tmp_zs2yc1y']
[2022-03-26 11:17:55,329] {standard_task_runner.py:77} INFO - Job 1405: Subtask rm_task
[2022-03-26 11:17:55,433] {logging_mixin.py:109} INFO - Running <TaskInstance: dtc_project_ingest.rm_task scheduled__2019-11-02T06:00:00+00:00 [running]> on host c800f4dda314
[2022-03-26 11:17:55,495] {warnings.py:110} WARNING - /home/***/.local/lib/python3.7/site-packages/***/utils/context.py:152: AirflowContextDeprecationWarning: Accessing 'execution_date' from the template is deprecated and will be removed in a future version. Please use 'data_interval_start' or 'logical_date' instead.
  warnings.warn(_create_deprecation_warning(key, self._deprecation_replacements[key]))

[2022-03-26 11:17:55,567] {taskinstance.py:1426} INFO - Exporting the following env vars:
AIRFLOW_CTX_DAG_OWNER=***
AIRFLOW_CTX_DAG_ID=dtc_project_ingest
AIRFLOW_CTX_TASK_ID=rm_task
AIRFLOW_CTX_EXECUTION_DATE=2019-11-02T06:00:00+00:00
AIRFLOW_CTX_DAG_RUN_ID=scheduled__2019-11-02T06:00:00+00:00
[2022-03-26 11:17:55,573] {subprocess.py:62} INFO - Tmp dir root location: 
 /tmp
[2022-03-26 11:17:55,577] {subprocess.py:74} INFO - Running command: ['bash', '-c', 'rm /opt/***/201911-citibike-tripdata.csv /opt/***/201911-citibike-tripdata.parquet']
[2022-03-26 11:17:55,609] {subprocess.py:85} INFO - Output:
[2022-03-26 11:17:55,746] {subprocess.py:93} INFO - Command exited with return code 0
[2022-03-26 11:17:55,789] {taskinstance.py:1277} INFO - Marking task as SUCCESS. dag_id=dtc_project_ingest, task_id=rm_task, execution_date=20191102T060000, start_date=20220326T111755, end_date=20220326T111755
[2022-03-26 11:17:55,862] {local_task_job.py:154} INFO - Task exited with return code 0
[2022-03-26 11:17:55,981] {local_task_job.py:264} INFO - 0 downstream tasks scheduled from follow-on schedule check
[2022-03-26 15:41:48,333] {taskinstance.py:1032} INFO - Dependencies all met for <TaskInstance: dtc_project_ingest.rm_task scheduled__2019-11-02T06:00:00+00:00 [queued]>
[2022-03-26 15:41:48,353] {taskinstance.py:1032} INFO - Dependencies all met for <TaskInstance: dtc_project_ingest.rm_task scheduled__2019-11-02T06:00:00+00:00 [queued]>
[2022-03-26 15:41:48,355] {taskinstance.py:1238} INFO - 
--------------------------------------------------------------------------------
[2022-03-26 15:41:48,356] {taskinstance.py:1239} INFO - Starting attempt 1 of 2
[2022-03-26 15:41:48,357] {taskinstance.py:1240} INFO - 
--------------------------------------------------------------------------------
[2022-03-26 15:41:48,372] {taskinstance.py:1259} INFO - Executing <Task(BashOperator): rm_task> on 2019-11-02 06:00:00+00:00
[2022-03-26 15:41:48,380] {standard_task_runner.py:52} INFO - Started process 20868 to run task
[2022-03-26 15:41:48,384] {standard_task_runner.py:76} INFO - Running: ['***', 'tasks', 'run', 'dtc_project_ingest', 'rm_task', 'scheduled__2019-11-02T06:00:00+00:00', '--job-id', '1634', '--raw', '--subdir', 'DAGS_FOLDER/project_data_ingestion.py', '--cfg-path', '/tmp/tmpmpva8x_0', '--error-file', '/tmp/tmp_iwy6id6']
[2022-03-26 15:41:48,386] {standard_task_runner.py:77} INFO - Job 1634: Subtask rm_task
[2022-03-26 15:41:48,478] {logging_mixin.py:109} INFO - Running <TaskInstance: dtc_project_ingest.rm_task scheduled__2019-11-02T06:00:00+00:00 [running]> on host c800f4dda314
[2022-03-26 15:41:48,587] {warnings.py:110} WARNING - /home/***/.local/lib/python3.7/site-packages/***/utils/context.py:152: AirflowContextDeprecationWarning: Accessing 'execution_date' from the template is deprecated and will be removed in a future version. Please use 'data_interval_start' or 'logical_date' instead.
  warnings.warn(_create_deprecation_warning(key, self._deprecation_replacements[key]))

[2022-03-26 15:41:48,647] {taskinstance.py:1426} INFO - Exporting the following env vars:
AIRFLOW_CTX_DAG_OWNER=***
AIRFLOW_CTX_DAG_ID=dtc_project_ingest
AIRFLOW_CTX_TASK_ID=rm_task
AIRFLOW_CTX_EXECUTION_DATE=2019-11-02T06:00:00+00:00
AIRFLOW_CTX_DAG_RUN_ID=scheduled__2019-11-02T06:00:00+00:00
[2022-03-26 15:41:48,652] {subprocess.py:62} INFO - Tmp dir root location: 
 /tmp
[2022-03-26 15:41:48,655] {subprocess.py:74} INFO - Running command: ['bash', '-c', 'rm /opt/***/201911-citibike-tripdata.csv /opt/***/201911-citibike-tripdata.parquet']
[2022-03-26 15:41:48,689] {subprocess.py:85} INFO - Output:
[2022-03-26 15:41:48,853] {subprocess.py:93} INFO - Command exited with return code 0
[2022-03-26 15:41:48,909] {taskinstance.py:1277} INFO - Marking task as SUCCESS. dag_id=dtc_project_ingest, task_id=rm_task, execution_date=20191102T060000, start_date=20220326T154148, end_date=20220326T154148
[2022-03-26 15:41:49,006] {local_task_job.py:154} INFO - Task exited with return code 0
[2022-03-26 15:41:49,081] {local_task_job.py:264} INFO - 0 downstream tasks scheduled from follow-on schedule check
