[2022-03-23 09:22:47,941] {taskinstance.py:1032} INFO - Dependencies all met for <TaskInstance: dtc_project_ingest.local_to_gcs_task scheduled__2020-05-02T06:00:00+00:00 [queued]>
[2022-03-23 09:22:47,963] {taskinstance.py:1032} INFO - Dependencies all met for <TaskInstance: dtc_project_ingest.local_to_gcs_task scheduled__2020-05-02T06:00:00+00:00 [queued]>
[2022-03-23 09:22:47,980] {taskinstance.py:1238} INFO - 
--------------------------------------------------------------------------------
[2022-03-23 09:22:47,983] {taskinstance.py:1239} INFO - Starting attempt 1 of 2
[2022-03-23 09:22:47,986] {taskinstance.py:1240} INFO - 
--------------------------------------------------------------------------------
[2022-03-23 09:22:48,006] {taskinstance.py:1259} INFO - Executing <Task(PythonOperator): local_to_gcs_task> on 2020-05-02 06:00:00+00:00
[2022-03-23 09:22:48,023] {standard_task_runner.py:52} INFO - Started process 2330 to run task
[2022-03-23 09:22:48,035] {standard_task_runner.py:76} INFO - Running: ['***', 'tasks', 'run', 'dtc_project_ingest', 'local_to_gcs_task', 'scheduled__2020-05-02T06:00:00+00:00', '--job-id', '763', '--raw', '--subdir', 'DAGS_FOLDER/project_data_ingestion.py', '--cfg-path', '/tmp/tmpstyj48mg', '--error-file', '/tmp/tmpjp8k3wr0']
[2022-03-23 09:22:48,039] {standard_task_runner.py:77} INFO - Job 763: Subtask local_to_gcs_task
[2022-03-23 09:22:48,131] {logging_mixin.py:109} INFO - Running <TaskInstance: dtc_project_ingest.local_to_gcs_task scheduled__2020-05-02T06:00:00+00:00 [running]> on host 7127e26385ba
[2022-03-23 09:22:48,184] {warnings.py:110} WARNING - /home/***/.local/lib/python3.7/site-packages/***/utils/context.py:152: AirflowContextDeprecationWarning: Accessing 'execution_date' from the template is deprecated and will be removed in a future version. Please use 'data_interval_start' or 'logical_date' instead.
  warnings.warn(_create_deprecation_warning(key, self._deprecation_replacements[key]))

[2022-03-23 09:22:48,207] {taskinstance.py:1426} INFO - Exporting the following env vars:
AIRFLOW_CTX_DAG_OWNER=***
AIRFLOW_CTX_DAG_ID=dtc_project_ingest
AIRFLOW_CTX_TASK_ID=local_to_gcs_task
AIRFLOW_CTX_EXECUTION_DATE=2020-05-02T06:00:00+00:00
AIRFLOW_CTX_DAG_RUN_ID=scheduled__2020-05-02T06:00:00+00:00
[2022-03-23 09:23:07,627] {python.py:175} INFO - Done. Returned value was: None
[2022-03-23 09:23:07,642] {taskinstance.py:1277} INFO - Marking task as SUCCESS. dag_id=dtc_project_ingest, task_id=local_to_gcs_task, execution_date=20200502T060000, start_date=20220323T092247, end_date=20220323T092307
[2022-03-23 09:23:07,679] {local_task_job.py:154} INFO - Task exited with return code 0
[2022-03-23 09:23:07,716] {local_task_job.py:264} INFO - 1 downstream tasks scheduled from follow-on schedule check
[2022-03-23 16:31:33,304] {taskinstance.py:1032} INFO - Dependencies all met for <TaskInstance: dtc_project_ingest.local_to_gcs_task scheduled__2020-05-02T06:00:00+00:00 [queued]>
[2022-03-23 16:31:33,325] {taskinstance.py:1032} INFO - Dependencies all met for <TaskInstance: dtc_project_ingest.local_to_gcs_task scheduled__2020-05-02T06:00:00+00:00 [queued]>
[2022-03-23 16:31:33,326] {taskinstance.py:1238} INFO - 
--------------------------------------------------------------------------------
[2022-03-23 16:31:33,326] {taskinstance.py:1239} INFO - Starting attempt 1 of 2
[2022-03-23 16:31:33,327] {taskinstance.py:1240} INFO - 
--------------------------------------------------------------------------------
[2022-03-23 16:31:33,342] {taskinstance.py:1259} INFO - Executing <Task(PythonOperator): local_to_gcs_task> on 2020-05-02 06:00:00+00:00
[2022-03-23 16:31:33,351] {standard_task_runner.py:52} INFO - Started process 5686 to run task
[2022-03-23 16:31:33,359] {standard_task_runner.py:76} INFO - Running: ['***', 'tasks', 'run', 'dtc_project_ingest', 'local_to_gcs_task', 'scheduled__2020-05-02T06:00:00+00:00', '--job-id', '1077', '--raw', '--subdir', 'DAGS_FOLDER/project_data_ingestion.py', '--cfg-path', '/tmp/tmpbx5v5xr3', '--error-file', '/tmp/tmpxrxqmasu']
[2022-03-23 16:31:33,361] {standard_task_runner.py:77} INFO - Job 1077: Subtask local_to_gcs_task
[2022-03-23 16:31:33,468] {logging_mixin.py:109} INFO - Running <TaskInstance: dtc_project_ingest.local_to_gcs_task scheduled__2020-05-02T06:00:00+00:00 [running]> on host 7127e26385ba
[2022-03-23 16:31:33,522] {warnings.py:110} WARNING - /home/***/.local/lib/python3.7/site-packages/***/utils/context.py:152: AirflowContextDeprecationWarning: Accessing 'execution_date' from the template is deprecated and will be removed in a future version. Please use 'data_interval_start' or 'logical_date' instead.
  warnings.warn(_create_deprecation_warning(key, self._deprecation_replacements[key]))

[2022-03-23 16:31:33,552] {taskinstance.py:1426} INFO - Exporting the following env vars:
AIRFLOW_CTX_DAG_OWNER=***
AIRFLOW_CTX_DAG_ID=dtc_project_ingest
AIRFLOW_CTX_TASK_ID=local_to_gcs_task
AIRFLOW_CTX_EXECUTION_DATE=2020-05-02T06:00:00+00:00
AIRFLOW_CTX_DAG_RUN_ID=scheduled__2020-05-02T06:00:00+00:00
[2022-03-23 16:32:15,250] {python.py:175} INFO - Done. Returned value was: None
[2022-03-23 16:32:15,265] {taskinstance.py:1277} INFO - Marking task as SUCCESS. dag_id=dtc_project_ingest, task_id=local_to_gcs_task, execution_date=20200502T060000, start_date=20220323T163133, end_date=20220323T163215
[2022-03-23 16:32:15,323] {local_task_job.py:154} INFO - Task exited with return code 0
[2022-03-23 16:32:15,362] {local_task_job.py:264} INFO - 1 downstream tasks scheduled from follow-on schedule check
[2022-03-26 11:24:03,824] {taskinstance.py:1032} INFO - Dependencies all met for <TaskInstance: dtc_project_ingest.local_to_gcs_task scheduled__2020-05-02T06:00:00+00:00 [queued]>
[2022-03-26 11:24:03,839] {taskinstance.py:1032} INFO - Dependencies all met for <TaskInstance: dtc_project_ingest.local_to_gcs_task scheduled__2020-05-02T06:00:00+00:00 [queued]>
[2022-03-26 11:24:03,840] {taskinstance.py:1238} INFO - 
--------------------------------------------------------------------------------
[2022-03-26 11:24:03,841] {taskinstance.py:1239} INFO - Starting attempt 1 of 2
[2022-03-26 11:24:03,842] {taskinstance.py:1240} INFO - 
--------------------------------------------------------------------------------
[2022-03-26 11:24:03,859] {taskinstance.py:1259} INFO - Executing <Task(PythonOperator): local_to_gcs_task> on 2020-05-02 06:00:00+00:00
[2022-03-26 11:24:03,868] {standard_task_runner.py:52} INFO - Started process 7990 to run task
[2022-03-26 11:24:03,874] {standard_task_runner.py:76} INFO - Running: ['***', 'tasks', 'run', 'dtc_project_ingest', 'local_to_gcs_task', 'scheduled__2020-05-02T06:00:00+00:00', '--job-id', '1432', '--raw', '--subdir', 'DAGS_FOLDER/project_data_ingestion.py', '--cfg-path', '/tmp/tmps_qgs7ad', '--error-file', '/tmp/tmpk34g0ijy']
[2022-03-26 11:24:03,876] {standard_task_runner.py:77} INFO - Job 1432: Subtask local_to_gcs_task
[2022-03-26 11:24:03,965] {logging_mixin.py:109} INFO - Running <TaskInstance: dtc_project_ingest.local_to_gcs_task scheduled__2020-05-02T06:00:00+00:00 [running]> on host c800f4dda314
[2022-03-26 11:24:04,019] {warnings.py:110} WARNING - /home/***/.local/lib/python3.7/site-packages/***/utils/context.py:152: AirflowContextDeprecationWarning: Accessing 'execution_date' from the template is deprecated and will be removed in a future version. Please use 'data_interval_start' or 'logical_date' instead.
  warnings.warn(_create_deprecation_warning(key, self._deprecation_replacements[key]))

[2022-03-26 11:24:04,057] {taskinstance.py:1426} INFO - Exporting the following env vars:
AIRFLOW_CTX_DAG_OWNER=***
AIRFLOW_CTX_DAG_ID=dtc_project_ingest
AIRFLOW_CTX_TASK_ID=local_to_gcs_task
AIRFLOW_CTX_EXECUTION_DATE=2020-05-02T06:00:00+00:00
AIRFLOW_CTX_DAG_RUN_ID=scheduled__2020-05-02T06:00:00+00:00
[2022-03-26 11:25:03,938] {python.py:175} INFO - Done. Returned value was: None
[2022-03-26 11:25:03,952] {taskinstance.py:1277} INFO - Marking task as SUCCESS. dag_id=dtc_project_ingest, task_id=local_to_gcs_task, execution_date=20200502T060000, start_date=20220326T112403, end_date=20220326T112503
[2022-03-26 11:25:03,995] {local_task_job.py:154} INFO - Task exited with return code 0
[2022-03-26 11:25:04,040] {local_task_job.py:264} INFO - 1 downstream tasks scheduled from follow-on schedule check
[2022-03-26 15:45:33,660] {taskinstance.py:1032} INFO - Dependencies all met for <TaskInstance: dtc_project_ingest.local_to_gcs_task scheduled__2020-05-02T06:00:00+00:00 [queued]>
[2022-03-26 15:45:33,714] {taskinstance.py:1032} INFO - Dependencies all met for <TaskInstance: dtc_project_ingest.local_to_gcs_task scheduled__2020-05-02T06:00:00+00:00 [queued]>
[2022-03-26 15:45:33,716] {taskinstance.py:1238} INFO - 
--------------------------------------------------------------------------------
[2022-03-26 15:45:33,719] {taskinstance.py:1239} INFO - Starting attempt 1 of 2
[2022-03-26 15:45:33,720] {taskinstance.py:1240} INFO - 
--------------------------------------------------------------------------------
[2022-03-26 15:45:33,768] {taskinstance.py:1259} INFO - Executing <Task(PythonOperator): local_to_gcs_task> on 2020-05-02 06:00:00+00:00
[2022-03-26 15:45:33,785] {standard_task_runner.py:52} INFO - Started process 21187 to run task
[2022-03-26 15:45:33,819] {standard_task_runner.py:76} INFO - Running: ['***', 'tasks', 'run', 'dtc_project_ingest', 'local_to_gcs_task', 'scheduled__2020-05-02T06:00:00+00:00', '--job-id', '1662', '--raw', '--subdir', 'DAGS_FOLDER/project_data_ingestion.py', '--cfg-path', '/tmp/tmpu91oaf9h', '--error-file', '/tmp/tmpa3cxllga']
[2022-03-26 15:45:33,824] {standard_task_runner.py:77} INFO - Job 1662: Subtask local_to_gcs_task
[2022-03-26 15:45:34,073] {logging_mixin.py:109} INFO - Running <TaskInstance: dtc_project_ingest.local_to_gcs_task scheduled__2020-05-02T06:00:00+00:00 [running]> on host c800f4dda314
[2022-03-26 15:45:34,187] {warnings.py:110} WARNING - /home/***/.local/lib/python3.7/site-packages/***/utils/context.py:152: AirflowContextDeprecationWarning: Accessing 'execution_date' from the template is deprecated and will be removed in a future version. Please use 'data_interval_start' or 'logical_date' instead.
  warnings.warn(_create_deprecation_warning(key, self._deprecation_replacements[key]))

[2022-03-26 15:45:34,258] {taskinstance.py:1426} INFO - Exporting the following env vars:
AIRFLOW_CTX_DAG_OWNER=***
AIRFLOW_CTX_DAG_ID=dtc_project_ingest
AIRFLOW_CTX_TASK_ID=local_to_gcs_task
AIRFLOW_CTX_EXECUTION_DATE=2020-05-02T06:00:00+00:00
AIRFLOW_CTX_DAG_RUN_ID=scheduled__2020-05-02T06:00:00+00:00
[2022-03-26 15:46:33,083] {python.py:175} INFO - Done. Returned value was: None
[2022-03-26 15:46:33,117] {taskinstance.py:1277} INFO - Marking task as SUCCESS. dag_id=dtc_project_ingest, task_id=local_to_gcs_task, execution_date=20200502T060000, start_date=20220326T154533, end_date=20220326T154633
[2022-03-26 15:46:33,220] {local_task_job.py:154} INFO - Task exited with return code 0
[2022-03-26 15:46:33,374] {local_task_job.py:264} INFO - 0 downstream tasks scheduled from follow-on schedule check
