[2022-03-26 08:56:34,472] {taskinstance.py:1032} INFO - Dependencies all met for <TaskInstance: dtc_project_ingest.local_to_gcs_task scheduled__2020-05-02T06:00:00+00:00 [queued]>
[2022-03-26 08:56:34,591] {taskinstance.py:1032} INFO - Dependencies all met for <TaskInstance: dtc_project_ingest.local_to_gcs_task scheduled__2020-05-02T06:00:00+00:00 [queued]>
[2022-03-26 08:56:34,603] {taskinstance.py:1238} INFO - 
--------------------------------------------------------------------------------
[2022-03-26 08:56:34,614] {taskinstance.py:1239} INFO - Starting attempt 2 of 3
[2022-03-26 08:56:34,618] {taskinstance.py:1240} INFO - 
--------------------------------------------------------------------------------
[2022-03-26 08:56:34,757] {taskinstance.py:1259} INFO - Executing <Task(PythonOperator): local_to_gcs_task> on 2020-05-02 06:00:00+00:00
[2022-03-26 08:56:34,789] {standard_task_runner.py:52} INFO - Started process 417 to run task
[2022-03-26 08:56:34,845] {standard_task_runner.py:76} INFO - Running: ['***', 'tasks', 'run', 'dtc_project_ingest', 'local_to_gcs_task', 'scheduled__2020-05-02T06:00:00+00:00', '--job-id', '1228', '--raw', '--subdir', 'DAGS_FOLDER/project_data_ingestion.py', '--cfg-path', '/tmp/tmpee7mhwxl', '--error-file', '/tmp/tmpq58c39w5']
[2022-03-26 08:56:34,853] {standard_task_runner.py:77} INFO - Job 1228: Subtask local_to_gcs_task
[2022-03-26 08:56:35,831] {logging_mixin.py:109} INFO - Running <TaskInstance: dtc_project_ingest.local_to_gcs_task scheduled__2020-05-02T06:00:00+00:00 [running]> on host c800f4dda314
[2022-03-26 08:56:36,914] {warnings.py:110} WARNING - /home/***/.local/lib/python3.7/site-packages/***/utils/context.py:152: AirflowContextDeprecationWarning: Accessing 'execution_date' from the template is deprecated and will be removed in a future version. Please use 'data_interval_start' or 'logical_date' instead.
  warnings.warn(_create_deprecation_warning(key, self._deprecation_replacements[key]))

[2022-03-26 08:56:37,328] {taskinstance.py:1426} INFO - Exporting the following env vars:
AIRFLOW_CTX_DAG_OWNER=***
AIRFLOW_CTX_DAG_ID=dtc_project_ingest
AIRFLOW_CTX_TASK_ID=local_to_gcs_task
AIRFLOW_CTX_EXECUTION_DATE=2020-05-02T06:00:00+00:00
AIRFLOW_CTX_DAG_RUN_ID=scheduled__2020-05-02T06:00:00+00:00
[2022-03-26 08:57:03,897] {python.py:175} INFO - Done. Returned value was: None
[2022-03-26 08:57:03,943] {taskinstance.py:1277} INFO - Marking task as SUCCESS. dag_id=dtc_project_ingest, task_id=local_to_gcs_task, execution_date=20200502T060000, start_date=20220326T085634, end_date=20220326T085703
[2022-03-26 08:57:04,142] {local_task_job.py:154} INFO - Task exited with return code 0
[2022-03-26 08:57:04,338] {local_task_job.py:264} INFO - 1 downstream tasks scheduled from follow-on schedule check
