[2022-03-23 09:22:42,397] {taskinstance.py:1032} INFO - Dependencies all met for <TaskInstance: dtc_project_ingest.format_to_parquet_task scheduled__2020-05-02T06:00:00+00:00 [queued]>
[2022-03-23 09:22:42,422] {taskinstance.py:1032} INFO - Dependencies all met for <TaskInstance: dtc_project_ingest.format_to_parquet_task scheduled__2020-05-02T06:00:00+00:00 [queued]>
[2022-03-23 09:22:42,423] {taskinstance.py:1238} INFO - 
--------------------------------------------------------------------------------
[2022-03-23 09:22:42,425] {taskinstance.py:1239} INFO - Starting attempt 1 of 2
[2022-03-23 09:22:42,426] {taskinstance.py:1240} INFO - 
--------------------------------------------------------------------------------
[2022-03-23 09:22:42,439] {taskinstance.py:1259} INFO - Executing <Task(PythonOperator): format_to_parquet_task> on 2020-05-02 06:00:00+00:00
[2022-03-23 09:22:42,450] {standard_task_runner.py:52} INFO - Started process 2308 to run task
[2022-03-23 09:22:42,460] {standard_task_runner.py:76} INFO - Running: ['***', 'tasks', 'run', 'dtc_project_ingest', 'format_to_parquet_task', 'scheduled__2020-05-02T06:00:00+00:00', '--job-id', '761', '--raw', '--subdir', 'DAGS_FOLDER/project_data_ingestion.py', '--cfg-path', '/tmp/tmptruw56fb', '--error-file', '/tmp/tmp5dmsnl5l']
[2022-03-23 09:22:42,465] {standard_task_runner.py:77} INFO - Job 761: Subtask format_to_parquet_task
[2022-03-23 09:22:42,575] {logging_mixin.py:109} INFO - Running <TaskInstance: dtc_project_ingest.format_to_parquet_task scheduled__2020-05-02T06:00:00+00:00 [running]> on host 7127e26385ba
[2022-03-23 09:22:42,620] {warnings.py:110} WARNING - /home/***/.local/lib/python3.7/site-packages/***/utils/context.py:152: AirflowContextDeprecationWarning: Accessing 'execution_date' from the template is deprecated and will be removed in a future version. Please use 'data_interval_start' or 'logical_date' instead.
  warnings.warn(_create_deprecation_warning(key, self._deprecation_replacements[key]))

[2022-03-23 09:22:42,647] {taskinstance.py:1426} INFO - Exporting the following env vars:
AIRFLOW_CTX_DAG_OWNER=***
AIRFLOW_CTX_DAG_ID=dtc_project_ingest
AIRFLOW_CTX_TASK_ID=format_to_parquet_task
AIRFLOW_CTX_EXECUTION_DATE=2020-05-02T06:00:00+00:00
AIRFLOW_CTX_DAG_RUN_ID=scheduled__2020-05-02T06:00:00+00:00
[2022-03-23 09:22:46,174] {python.py:175} INFO - Done. Returned value was: None
[2022-03-23 09:22:46,191] {taskinstance.py:1277} INFO - Marking task as SUCCESS. dag_id=dtc_project_ingest, task_id=format_to_parquet_task, execution_date=20200502T060000, start_date=20220323T092242, end_date=20220323T092246
[2022-03-23 09:22:46,355] {local_task_job.py:154} INFO - Task exited with return code 0
[2022-03-23 09:22:46,396] {local_task_job.py:264} INFO - 1 downstream tasks scheduled from follow-on schedule check
[2022-03-23 16:31:26,720] {taskinstance.py:1032} INFO - Dependencies all met for <TaskInstance: dtc_project_ingest.format_to_parquet_task scheduled__2020-05-02T06:00:00+00:00 [queued]>
[2022-03-23 16:31:26,733] {taskinstance.py:1032} INFO - Dependencies all met for <TaskInstance: dtc_project_ingest.format_to_parquet_task scheduled__2020-05-02T06:00:00+00:00 [queued]>
[2022-03-23 16:31:26,734] {taskinstance.py:1238} INFO - 
--------------------------------------------------------------------------------
[2022-03-23 16:31:26,735] {taskinstance.py:1239} INFO - Starting attempt 1 of 2
[2022-03-23 16:31:26,735] {taskinstance.py:1240} INFO - 
--------------------------------------------------------------------------------
[2022-03-23 16:31:26,749] {taskinstance.py:1259} INFO - Executing <Task(PythonOperator): format_to_parquet_task> on 2020-05-02 06:00:00+00:00
[2022-03-23 16:31:26,758] {standard_task_runner.py:52} INFO - Started process 5677 to run task
[2022-03-23 16:31:26,763] {standard_task_runner.py:76} INFO - Running: ['***', 'tasks', 'run', 'dtc_project_ingest', 'format_to_parquet_task', 'scheduled__2020-05-02T06:00:00+00:00', '--job-id', '1076', '--raw', '--subdir', 'DAGS_FOLDER/project_data_ingestion.py', '--cfg-path', '/tmp/tmp33o0p082', '--error-file', '/tmp/tmp5ic7t93w']
[2022-03-23 16:31:26,765] {standard_task_runner.py:77} INFO - Job 1076: Subtask format_to_parquet_task
[2022-03-23 16:31:26,835] {logging_mixin.py:109} INFO - Running <TaskInstance: dtc_project_ingest.format_to_parquet_task scheduled__2020-05-02T06:00:00+00:00 [running]> on host 7127e26385ba
[2022-03-23 16:31:26,888] {warnings.py:110} WARNING - /home/***/.local/lib/python3.7/site-packages/***/utils/context.py:152: AirflowContextDeprecationWarning: Accessing 'execution_date' from the template is deprecated and will be removed in a future version. Please use 'data_interval_start' or 'logical_date' instead.
  warnings.warn(_create_deprecation_warning(key, self._deprecation_replacements[key]))

[2022-03-23 16:31:26,916] {taskinstance.py:1426} INFO - Exporting the following env vars:
AIRFLOW_CTX_DAG_OWNER=***
AIRFLOW_CTX_DAG_ID=dtc_project_ingest
AIRFLOW_CTX_TASK_ID=format_to_parquet_task
AIRFLOW_CTX_EXECUTION_DATE=2020-05-02T06:00:00+00:00
AIRFLOW_CTX_DAG_RUN_ID=scheduled__2020-05-02T06:00:00+00:00
[2022-03-23 16:31:31,416] {python.py:175} INFO - Done. Returned value was: None
[2022-03-23 16:31:31,442] {taskinstance.py:1277} INFO - Marking task as SUCCESS. dag_id=dtc_project_ingest, task_id=format_to_parquet_task, execution_date=20200502T060000, start_date=20220323T163126, end_date=20220323T163131
[2022-03-23 16:31:31,643] {local_task_job.py:154} INFO - Task exited with return code 0
[2022-03-23 16:31:31,704] {local_task_job.py:264} INFO - 1 downstream tasks scheduled from follow-on schedule check
[2022-03-26 11:23:58,302] {taskinstance.py:1032} INFO - Dependencies all met for <TaskInstance: dtc_project_ingest.format_to_parquet_task scheduled__2020-05-02T06:00:00+00:00 [queued]>
[2022-03-26 11:23:58,318] {taskinstance.py:1032} INFO - Dependencies all met for <TaskInstance: dtc_project_ingest.format_to_parquet_task scheduled__2020-05-02T06:00:00+00:00 [queued]>
[2022-03-26 11:23:58,319] {taskinstance.py:1238} INFO - 
--------------------------------------------------------------------------------
[2022-03-26 11:23:58,320] {taskinstance.py:1239} INFO - Starting attempt 1 of 2
[2022-03-26 11:23:58,321] {taskinstance.py:1240} INFO - 
--------------------------------------------------------------------------------
[2022-03-26 11:23:58,335] {taskinstance.py:1259} INFO - Executing <Task(PythonOperator): format_to_parquet_task> on 2020-05-02 06:00:00+00:00
[2022-03-26 11:23:58,342] {standard_task_runner.py:52} INFO - Started process 7975 to run task
[2022-03-26 11:23:58,347] {standard_task_runner.py:76} INFO - Running: ['***', 'tasks', 'run', 'dtc_project_ingest', 'format_to_parquet_task', 'scheduled__2020-05-02T06:00:00+00:00', '--job-id', '1431', '--raw', '--subdir', 'DAGS_FOLDER/project_data_ingestion.py', '--cfg-path', '/tmp/tmpzogyq49k', '--error-file', '/tmp/tmpuxuvq1hj']
[2022-03-26 11:23:58,348] {standard_task_runner.py:77} INFO - Job 1431: Subtask format_to_parquet_task
[2022-03-26 11:23:58,418] {logging_mixin.py:109} INFO - Running <TaskInstance: dtc_project_ingest.format_to_parquet_task scheduled__2020-05-02T06:00:00+00:00 [running]> on host c800f4dda314
[2022-03-26 11:23:58,460] {warnings.py:110} WARNING - /home/***/.local/lib/python3.7/site-packages/***/utils/context.py:152: AirflowContextDeprecationWarning: Accessing 'execution_date' from the template is deprecated and will be removed in a future version. Please use 'data_interval_start' or 'logical_date' instead.
  warnings.warn(_create_deprecation_warning(key, self._deprecation_replacements[key]))

[2022-03-26 11:23:58,488] {taskinstance.py:1426} INFO - Exporting the following env vars:
AIRFLOW_CTX_DAG_OWNER=***
AIRFLOW_CTX_DAG_ID=dtc_project_ingest
AIRFLOW_CTX_TASK_ID=format_to_parquet_task
AIRFLOW_CTX_EXECUTION_DATE=2020-05-02T06:00:00+00:00
AIRFLOW_CTX_DAG_RUN_ID=scheduled__2020-05-02T06:00:00+00:00
[2022-03-26 11:24:02,109] {python.py:175} INFO - Done. Returned value was: None
[2022-03-26 11:24:02,126] {taskinstance.py:1277} INFO - Marking task as SUCCESS. dag_id=dtc_project_ingest, task_id=format_to_parquet_task, execution_date=20200502T060000, start_date=20220326T112358, end_date=20220326T112402
[2022-03-26 11:24:02,304] {local_task_job.py:154} INFO - Task exited with return code 0
[2022-03-26 11:24:02,368] {local_task_job.py:264} INFO - 1 downstream tasks scheduled from follow-on schedule check
[2022-03-26 15:45:25,449] {taskinstance.py:1032} INFO - Dependencies all met for <TaskInstance: dtc_project_ingest.format_to_parquet_task scheduled__2020-05-02T06:00:00+00:00 [queued]>
[2022-03-26 15:45:25,476] {taskinstance.py:1032} INFO - Dependencies all met for <TaskInstance: dtc_project_ingest.format_to_parquet_task scheduled__2020-05-02T06:00:00+00:00 [queued]>
[2022-03-26 15:45:25,478] {taskinstance.py:1238} INFO - 
--------------------------------------------------------------------------------
[2022-03-26 15:45:25,481] {taskinstance.py:1239} INFO - Starting attempt 1 of 2
[2022-03-26 15:45:25,483] {taskinstance.py:1240} INFO - 
--------------------------------------------------------------------------------
[2022-03-26 15:45:25,510] {taskinstance.py:1259} INFO - Executing <Task(PythonOperator): format_to_parquet_task> on 2020-05-02 06:00:00+00:00
[2022-03-26 15:45:25,528] {standard_task_runner.py:52} INFO - Started process 21165 to run task
[2022-03-26 15:45:25,539] {standard_task_runner.py:76} INFO - Running: ['***', 'tasks', 'run', 'dtc_project_ingest', 'format_to_parquet_task', 'scheduled__2020-05-02T06:00:00+00:00', '--job-id', '1660', '--raw', '--subdir', 'DAGS_FOLDER/project_data_ingestion.py', '--cfg-path', '/tmp/tmpom0qs2nx', '--error-file', '/tmp/tmpgz55nfrk']
[2022-03-26 15:45:25,542] {standard_task_runner.py:77} INFO - Job 1660: Subtask format_to_parquet_task
[2022-03-26 15:45:25,695] {logging_mixin.py:109} INFO - Running <TaskInstance: dtc_project_ingest.format_to_parquet_task scheduled__2020-05-02T06:00:00+00:00 [running]> on host c800f4dda314
[2022-03-26 15:45:25,775] {warnings.py:110} WARNING - /home/***/.local/lib/python3.7/site-packages/***/utils/context.py:152: AirflowContextDeprecationWarning: Accessing 'execution_date' from the template is deprecated and will be removed in a future version. Please use 'data_interval_start' or 'logical_date' instead.
  warnings.warn(_create_deprecation_warning(key, self._deprecation_replacements[key]))

[2022-03-26 15:45:25,821] {taskinstance.py:1426} INFO - Exporting the following env vars:
AIRFLOW_CTX_DAG_OWNER=***
AIRFLOW_CTX_DAG_ID=dtc_project_ingest
AIRFLOW_CTX_TASK_ID=format_to_parquet_task
AIRFLOW_CTX_EXECUTION_DATE=2020-05-02T06:00:00+00:00
AIRFLOW_CTX_DAG_RUN_ID=scheduled__2020-05-02T06:00:00+00:00
[2022-03-26 15:45:30,669] {python.py:175} INFO - Done. Returned value was: None
[2022-03-26 15:45:30,686] {taskinstance.py:1277} INFO - Marking task as SUCCESS. dag_id=dtc_project_ingest, task_id=format_to_parquet_task, execution_date=20200502T060000, start_date=20220326T154525, end_date=20220326T154530
[2022-03-26 15:45:30,848] {local_task_job.py:154} INFO - Task exited with return code 0
[2022-03-26 15:45:30,912] {local_task_job.py:264} INFO - 1 downstream tasks scheduled from follow-on schedule check
