[2022-03-26 10:16:13,257] {taskinstance.py:1032} INFO - Dependencies all met for <TaskInstance: dtc_project_ingest.format_to_parquet_task scheduled__2020-05-02T06:00:00+00:00 [queued]>
[2022-03-26 10:16:13,275] {taskinstance.py:1032} INFO - Dependencies all met for <TaskInstance: dtc_project_ingest.format_to_parquet_task scheduled__2020-05-02T06:00:00+00:00 [queued]>
[2022-03-26 10:16:13,276] {taskinstance.py:1238} INFO - 
--------------------------------------------------------------------------------
[2022-03-26 10:16:13,277] {taskinstance.py:1239} INFO - Starting attempt 3 of 4
[2022-03-26 10:16:13,278] {taskinstance.py:1240} INFO - 
--------------------------------------------------------------------------------
[2022-03-26 10:16:13,302] {taskinstance.py:1259} INFO - Executing <Task(PythonOperator): format_to_parquet_task> on 2020-05-02 06:00:00+00:00
[2022-03-26 10:16:13,314] {standard_task_runner.py:52} INFO - Started process 4214 to run task
[2022-03-26 10:16:13,323] {standard_task_runner.py:76} INFO - Running: ['***', 'tasks', 'run', 'dtc_project_ingest', 'format_to_parquet_task', 'scheduled__2020-05-02T06:00:00+00:00', '--job-id', '1278', '--raw', '--subdir', 'DAGS_FOLDER/project_data_ingestion.py', '--cfg-path', '/tmp/tmpl0f_gpv_', '--error-file', '/tmp/tmpuq4l_vfv']
[2022-03-26 10:16:13,326] {standard_task_runner.py:77} INFO - Job 1278: Subtask format_to_parquet_task
[2022-03-26 10:16:13,437] {logging_mixin.py:109} INFO - Running <TaskInstance: dtc_project_ingest.format_to_parquet_task scheduled__2020-05-02T06:00:00+00:00 [running]> on host c800f4dda314
[2022-03-26 10:16:13,502] {warnings.py:110} WARNING - /home/***/.local/lib/python3.7/site-packages/***/utils/context.py:152: AirflowContextDeprecationWarning: Accessing 'execution_date' from the template is deprecated and will be removed in a future version. Please use 'data_interval_start' or 'logical_date' instead.
  warnings.warn(_create_deprecation_warning(key, self._deprecation_replacements[key]))

[2022-03-26 10:16:13,531] {taskinstance.py:1426} INFO - Exporting the following env vars:
AIRFLOW_CTX_DAG_OWNER=***
AIRFLOW_CTX_DAG_ID=dtc_project_ingest
AIRFLOW_CTX_TASK_ID=format_to_parquet_task
AIRFLOW_CTX_EXECUTION_DATE=2020-05-02T06:00:00+00:00
AIRFLOW_CTX_DAG_RUN_ID=scheduled__2020-05-02T06:00:00+00:00
[2022-03-26 10:16:18,604] {python.py:175} INFO - Done. Returned value was: None
[2022-03-26 10:16:18,633] {taskinstance.py:1277} INFO - Marking task as SUCCESS. dag_id=dtc_project_ingest, task_id=format_to_parquet_task, execution_date=20200502T060000, start_date=20220326T101613, end_date=20220326T101618
[2022-03-26 10:16:18,883] {local_task_job.py:154} INFO - Task exited with return code 0
[2022-03-26 10:16:18,983] {local_task_job.py:264} INFO - 0 downstream tasks scheduled from follow-on schedule check
