[2022-03-26 09:26:10,687] {taskinstance.py:1032} INFO - Dependencies all met for <TaskInstance: project_gcs_2_bq.gcs_2_gcs_project_task manual__2022-03-26T09:25:37.428942+00:00 [queued]>
[2022-03-26 09:26:10,718] {taskinstance.py:1032} INFO - Dependencies all met for <TaskInstance: project_gcs_2_bq.gcs_2_gcs_project_task manual__2022-03-26T09:25:37.428942+00:00 [queued]>
[2022-03-26 09:26:10,720] {taskinstance.py:1238} INFO - 
--------------------------------------------------------------------------------
[2022-03-26 09:26:10,721] {taskinstance.py:1239} INFO - Starting attempt 1 of 2
[2022-03-26 09:26:10,722] {taskinstance.py:1240} INFO - 
--------------------------------------------------------------------------------
[2022-03-26 09:26:10,771] {taskinstance.py:1259} INFO - Executing <Task(GCSToGCSOperator): gcs_2_gcs_project_task> on 2022-03-26 09:25:37.428942+00:00
[2022-03-26 09:26:10,799] {standard_task_runner.py:52} INFO - Started process 1759 to run task
[2022-03-26 09:26:10,825] {standard_task_runner.py:76} INFO - Running: ['***', 'tasks', 'run', 'project_gcs_2_bq', 'gcs_2_gcs_project_task', 'manual__2022-03-26T09:25:37.428942+00:00', '--job-id', '1239', '--raw', '--subdir', 'DAGS_FOLDER/gcs_2_bq.py', '--cfg-path', '/tmp/tmp9bkdcuja', '--error-file', '/tmp/tmp2w8rfbri']
[2022-03-26 09:26:10,829] {standard_task_runner.py:77} INFO - Job 1239: Subtask gcs_2_gcs_project_task
[2022-03-26 09:26:10,998] {logging_mixin.py:109} INFO - Running <TaskInstance: project_gcs_2_bq.gcs_2_gcs_project_task manual__2022-03-26T09:25:37.428942+00:00 [running]> on host c800f4dda314
[2022-03-26 09:26:11,117] {taskinstance.py:1426} INFO - Exporting the following env vars:
AIRFLOW_CTX_DAG_OWNER=***
AIRFLOW_CTX_DAG_ID=project_gcs_2_bq
AIRFLOW_CTX_TASK_ID=gcs_2_gcs_project_task
AIRFLOW_CTX_EXECUTION_DATE=2022-03-26T09:25:37.428942+00:00
AIRFLOW_CTX_DAG_RUN_ID=manual__2022-03-26T09:25:37.428942+00:00
[2022-03-26 09:26:11,124] {crypto.py:82} WARNING - empty cryptography key - values will not be stored encrypted.
[2022-03-26 09:26:11,126] {gcs_to_gcs.py:346} INFO - Delimiter ignored because wildcard is in prefix
[2022-03-26 09:26:11,776] {taskinstance.py:1277} INFO - Marking task as SUCCESS. dag_id=project_gcs_2_bq, task_id=gcs_2_gcs_project_task, execution_date=20220326T092537, start_date=20220326T092610, end_date=20220326T092611
[2022-03-26 09:26:11,846] {local_task_job.py:154} INFO - Task exited with return code 0
[2022-03-26 09:26:11,926] {local_task_job.py:264} INFO - 1 downstream tasks scheduled from follow-on schedule check
