[2022-03-26 09:33:50,843] {taskinstance.py:1032} INFO - Dependencies all met for <TaskInstance: project_gcs_2_bq.gcs_2_gcs_project_task manual__2022-03-26T09:25:37.428942+00:00 [queued]>
[2022-03-26 09:33:50,857] {taskinstance.py:1032} INFO - Dependencies all met for <TaskInstance: project_gcs_2_bq.gcs_2_gcs_project_task manual__2022-03-26T09:25:37.428942+00:00 [queued]>
[2022-03-26 09:33:50,858] {taskinstance.py:1238} INFO - 
--------------------------------------------------------------------------------
[2022-03-26 09:33:50,859] {taskinstance.py:1239} INFO - Starting attempt 2 of 3
[2022-03-26 09:33:50,860] {taskinstance.py:1240} INFO - 
--------------------------------------------------------------------------------
[2022-03-26 09:33:50,875] {taskinstance.py:1259} INFO - Executing <Task(GCSToGCSOperator): gcs_2_gcs_project_task> on 2022-03-26 09:25:37.428942+00:00
[2022-03-26 09:33:50,882] {standard_task_runner.py:52} INFO - Started process 2123 to run task
[2022-03-26 09:33:50,887] {standard_task_runner.py:76} INFO - Running: ['***', 'tasks', 'run', 'project_gcs_2_bq', 'gcs_2_gcs_project_task', 'manual__2022-03-26T09:25:37.428942+00:00', '--job-id', '1245', '--raw', '--subdir', 'DAGS_FOLDER/gcs_2_bq.py', '--cfg-path', '/tmp/tmpifea88gu', '--error-file', '/tmp/tmphn5nk_ya']
[2022-03-26 09:33:50,888] {standard_task_runner.py:77} INFO - Job 1245: Subtask gcs_2_gcs_project_task
[2022-03-26 09:33:50,970] {logging_mixin.py:109} INFO - Running <TaskInstance: project_gcs_2_bq.gcs_2_gcs_project_task manual__2022-03-26T09:25:37.428942+00:00 [running]> on host c800f4dda314
[2022-03-26 09:33:51,039] {taskinstance.py:1426} INFO - Exporting the following env vars:
AIRFLOW_CTX_DAG_OWNER=***
AIRFLOW_CTX_DAG_ID=project_gcs_2_bq
AIRFLOW_CTX_TASK_ID=gcs_2_gcs_project_task
AIRFLOW_CTX_EXECUTION_DATE=2022-03-26T09:25:37.428942+00:00
AIRFLOW_CTX_DAG_RUN_ID=manual__2022-03-26T09:25:37.428942+00:00
[2022-03-26 09:33:51,041] {crypto.py:82} WARNING - empty cryptography key - values will not be stored encrypted.
[2022-03-26 09:33:51,042] {gcs_to_gcs.py:346} INFO - Delimiter ignored because wildcard is in prefix
[2022-03-26 09:33:52,316] {taskinstance.py:1277} INFO - Marking task as SUCCESS. dag_id=project_gcs_2_bq, task_id=gcs_2_gcs_project_task, execution_date=20220326T092537, start_date=20220326T093350, end_date=20220326T093352
[2022-03-26 09:33:52,376] {local_task_job.py:154} INFO - Task exited with return code 0
[2022-03-26 09:33:52,414] {dagrun.py:628} WARNING - Failed to get task '<TaskInstance: project_gcs_2_bq.bq_ext_2_part_task manual__2022-03-26T09:25:37.428942+00:00 [removed]>' for dag 'project_gcs_2_bq'. Marking it as removed.
[2022-03-26 09:33:52,419] {local_task_job.py:264} INFO - 1 downstream tasks scheduled from follow-on schedule check
