[2022-03-23 22:33:14,475] {taskinstance.py:1032} INFO - Dependencies all met for <TaskInstance: dtc_project_ingest.bigquery_external_table_task scheduled__2020-09-02T06:00:00+00:00 [queued]>
[2022-03-23 22:33:14,493] {taskinstance.py:1032} INFO - Dependencies all met for <TaskInstance: dtc_project_ingest.bigquery_external_table_task scheduled__2020-09-02T06:00:00+00:00 [queued]>
[2022-03-23 22:33:14,494] {taskinstance.py:1238} INFO - 
--------------------------------------------------------------------------------
[2022-03-23 22:33:14,496] {taskinstance.py:1239} INFO - Starting attempt 1 of 2
[2022-03-23 22:33:14,498] {taskinstance.py:1240} INFO - 
--------------------------------------------------------------------------------
[2022-03-23 22:33:14,517] {taskinstance.py:1259} INFO - Executing <Task(BigQueryCreateExternalTableOperator): bigquery_external_table_task> on 2020-09-02 06:00:00+00:00
[2022-03-23 22:33:14,525] {standard_task_runner.py:52} INFO - Started process 577 to run task
[2022-03-23 22:33:14,532] {standard_task_runner.py:76} INFO - Running: ['***', 'tasks', 'run', 'dtc_project_ingest', 'bigquery_external_table_task', 'scheduled__2020-09-02T06:00:00+00:00', '--job-id', '1190', '--raw', '--subdir', 'DAGS_FOLDER/project_data_ingestion.py', '--cfg-path', '/tmp/tmpli1y1gxe', '--error-file', '/tmp/tmp63xgflba']
[2022-03-23 22:33:14,535] {standard_task_runner.py:77} INFO - Job 1190: Subtask bigquery_external_table_task
[2022-03-23 22:33:14,662] {logging_mixin.py:109} INFO - Running <TaskInstance: dtc_project_ingest.bigquery_external_table_task scheduled__2020-09-02T06:00:00+00:00 [running]> on host 7127e26385ba
[2022-03-23 22:33:14,779] {warnings.py:110} WARNING - /home/***/.local/lib/python3.7/site-packages/***/utils/context.py:152: AirflowContextDeprecationWarning: Accessing 'execution_date' from the template is deprecated and will be removed in a future version. Please use 'data_interval_start' or 'logical_date' instead.
  warnings.warn(_create_deprecation_warning(key, self._deprecation_replacements[key]))

[2022-03-23 22:33:14,971] {taskinstance.py:1426} INFO - Exporting the following env vars:
AIRFLOW_CTX_DAG_OWNER=***
AIRFLOW_CTX_DAG_ID=dtc_project_ingest
AIRFLOW_CTX_TASK_ID=bigquery_external_table_task
AIRFLOW_CTX_EXECUTION_DATE=2020-09-02T06:00:00+00:00
AIRFLOW_CTX_DAG_RUN_ID=scheduled__2020-09-02T06:00:00+00:00
[2022-03-23 22:33:14,979] {crypto.py:82} WARNING - empty cryptography key - values will not be stored encrypted.
[2022-03-23 22:33:16,774] {taskinstance.py:1277} INFO - Marking task as SUCCESS. dag_id=dtc_project_ingest, task_id=bigquery_external_table_task, execution_date=20200902T060000, start_date=20220323T223314, end_date=20220323T223316
[2022-03-23 22:33:16,846] {local_task_job.py:154} INFO - Task exited with return code 0
[2022-03-23 22:33:16,942] {local_task_job.py:264} INFO - 1 downstream tasks scheduled from follow-on schedule check
[2022-03-26 11:31:15,250] {taskinstance.py:1032} INFO - Dependencies all met for <TaskInstance: dtc_project_ingest.bigquery_external_table_task scheduled__2020-09-02T06:00:00+00:00 [queued]>
[2022-03-26 11:31:15,261] {taskinstance.py:1032} INFO - Dependencies all met for <TaskInstance: dtc_project_ingest.bigquery_external_table_task scheduled__2020-09-02T06:00:00+00:00 [queued]>
[2022-03-26 11:31:15,261] {taskinstance.py:1238} INFO - 
--------------------------------------------------------------------------------
[2022-03-26 11:31:15,262] {taskinstance.py:1239} INFO - Starting attempt 1 of 2
[2022-03-26 11:31:15,263] {taskinstance.py:1240} INFO - 
--------------------------------------------------------------------------------
[2022-03-26 11:31:15,274] {taskinstance.py:1259} INFO - Executing <Task(BigQueryCreateExternalTableOperator): bigquery_external_table_task> on 2020-09-02 06:00:00+00:00
[2022-03-26 11:31:15,280] {standard_task_runner.py:52} INFO - Started process 8440 to run task
[2022-03-26 11:31:15,285] {standard_task_runner.py:76} INFO - Running: ['***', 'tasks', 'run', 'dtc_project_ingest', 'bigquery_external_table_task', 'scheduled__2020-09-02T06:00:00+00:00', '--job-id', '1456', '--raw', '--subdir', 'DAGS_FOLDER/project_data_ingestion.py', '--cfg-path', '/tmp/tmpd1l7f3fm', '--error-file', '/tmp/tmpnaeua4pu']
[2022-03-26 11:31:15,287] {standard_task_runner.py:77} INFO - Job 1456: Subtask bigquery_external_table_task
[2022-03-26 11:31:15,362] {logging_mixin.py:109} INFO - Running <TaskInstance: dtc_project_ingest.bigquery_external_table_task scheduled__2020-09-02T06:00:00+00:00 [running]> on host c800f4dda314
[2022-03-26 11:31:15,427] {taskinstance.py:1426} INFO - Exporting the following env vars:
AIRFLOW_CTX_DAG_OWNER=***
AIRFLOW_CTX_DAG_ID=dtc_project_ingest
AIRFLOW_CTX_TASK_ID=bigquery_external_table_task
AIRFLOW_CTX_EXECUTION_DATE=2020-09-02T06:00:00+00:00
AIRFLOW_CTX_DAG_RUN_ID=scheduled__2020-09-02T06:00:00+00:00
[2022-03-26 11:31:15,430] {crypto.py:82} WARNING - empty cryptography key - values will not be stored encrypted.
[2022-03-26 11:31:21,128] {taskinstance.py:1277} INFO - Marking task as SUCCESS. dag_id=dtc_project_ingest, task_id=bigquery_external_table_task, execution_date=20200902T060000, start_date=20220326T113115, end_date=20220326T113121
[2022-03-26 11:31:21,189] {local_task_job.py:154} INFO - Task exited with return code 0
[2022-03-26 11:31:21,225] {local_task_job.py:264} INFO - 1 downstream tasks scheduled from follow-on schedule check
