[2022-03-23 16:33:20,322] {taskinstance.py:1032} INFO - Dependencies all met for <TaskInstance: dtc_project_ingest.bigquery_external_table_task scheduled__2020-06-02T06:00:00+00:00 [queued]>
[2022-03-23 16:33:20,336] {taskinstance.py:1032} INFO - Dependencies all met for <TaskInstance: dtc_project_ingest.bigquery_external_table_task scheduled__2020-06-02T06:00:00+00:00 [queued]>
[2022-03-23 16:33:20,337] {taskinstance.py:1238} INFO - 
--------------------------------------------------------------------------------
[2022-03-23 16:33:20,338] {taskinstance.py:1239} INFO - Starting attempt 1 of 2
[2022-03-23 16:33:20,338] {taskinstance.py:1240} INFO - 
--------------------------------------------------------------------------------
[2022-03-23 16:33:20,351] {taskinstance.py:1259} INFO - Executing <Task(BigQueryCreateExternalTableOperator): bigquery_external_table_task> on 2020-06-02 06:00:00+00:00
[2022-03-23 16:33:20,360] {standard_task_runner.py:52} INFO - Started process 5815 to run task
[2022-03-23 16:33:20,365] {standard_task_runner.py:76} INFO - Running: ['***', 'tasks', 'run', 'dtc_project_ingest', 'bigquery_external_table_task', 'scheduled__2020-06-02T06:00:00+00:00', '--job-id', '1085', '--raw', '--subdir', 'DAGS_FOLDER/project_data_ingestion.py', '--cfg-path', '/tmp/tmp1ghmur73', '--error-file', '/tmp/tmpnxbidwpo']
[2022-03-23 16:33:20,366] {standard_task_runner.py:77} INFO - Job 1085: Subtask bigquery_external_table_task
[2022-03-23 16:33:20,436] {logging_mixin.py:109} INFO - Running <TaskInstance: dtc_project_ingest.bigquery_external_table_task scheduled__2020-06-02T06:00:00+00:00 [running]> on host 7127e26385ba
[2022-03-23 16:33:20,480] {warnings.py:110} WARNING - /home/***/.local/lib/python3.7/site-packages/***/utils/context.py:152: AirflowContextDeprecationWarning: Accessing 'execution_date' from the template is deprecated and will be removed in a future version. Please use 'data_interval_start' or 'logical_date' instead.
  warnings.warn(_create_deprecation_warning(key, self._deprecation_replacements[key]))

[2022-03-23 16:33:20,502] {taskinstance.py:1426} INFO - Exporting the following env vars:
AIRFLOW_CTX_DAG_OWNER=***
AIRFLOW_CTX_DAG_ID=dtc_project_ingest
AIRFLOW_CTX_TASK_ID=bigquery_external_table_task
AIRFLOW_CTX_EXECUTION_DATE=2020-06-02T06:00:00+00:00
AIRFLOW_CTX_DAG_RUN_ID=scheduled__2020-06-02T06:00:00+00:00
[2022-03-23 16:33:20,504] {crypto.py:82} WARNING - empty cryptography key - values will not be stored encrypted.
[2022-03-23 16:33:21,725] {taskinstance.py:1277} INFO - Marking task as SUCCESS. dag_id=dtc_project_ingest, task_id=bigquery_external_table_task, execution_date=20200602T060000, start_date=20220323T163320, end_date=20220323T163321
[2022-03-23 16:33:21,758] {local_task_job.py:154} INFO - Task exited with return code 0
[2022-03-23 16:33:21,797] {local_task_job.py:264} INFO - 1 downstream tasks scheduled from follow-on schedule check
[2022-03-26 11:26:24,047] {taskinstance.py:1032} INFO - Dependencies all met for <TaskInstance: dtc_project_ingest.bigquery_external_table_task scheduled__2020-06-02T06:00:00+00:00 [queued]>
[2022-03-26 11:26:24,065] {taskinstance.py:1032} INFO - Dependencies all met for <TaskInstance: dtc_project_ingest.bigquery_external_table_task scheduled__2020-06-02T06:00:00+00:00 [queued]>
[2022-03-26 11:26:24,066] {taskinstance.py:1238} INFO - 
--------------------------------------------------------------------------------
[2022-03-26 11:26:24,067] {taskinstance.py:1239} INFO - Starting attempt 1 of 2
[2022-03-26 11:26:24,068] {taskinstance.py:1240} INFO - 
--------------------------------------------------------------------------------
[2022-03-26 11:26:24,085] {taskinstance.py:1259} INFO - Executing <Task(BigQueryCreateExternalTableOperator): bigquery_external_table_task> on 2020-06-02 06:00:00+00:00
[2022-03-26 11:26:24,096] {standard_task_runner.py:52} INFO - Started process 8148 to run task
[2022-03-26 11:26:24,102] {standard_task_runner.py:76} INFO - Running: ['***', 'tasks', 'run', 'dtc_project_ingest', 'bigquery_external_table_task', 'scheduled__2020-06-02T06:00:00+00:00', '--job-id', '1443', '--raw', '--subdir', 'DAGS_FOLDER/project_data_ingestion.py', '--cfg-path', '/tmp/tmpm7kq6cbb', '--error-file', '/tmp/tmpav206yow']
[2022-03-26 11:26:24,106] {standard_task_runner.py:77} INFO - Job 1443: Subtask bigquery_external_table_task
[2022-03-26 11:26:24,257] {logging_mixin.py:109} INFO - Running <TaskInstance: dtc_project_ingest.bigquery_external_table_task scheduled__2020-06-02T06:00:00+00:00 [running]> on host c800f4dda314
[2022-03-26 11:26:24,354] {taskinstance.py:1426} INFO - Exporting the following env vars:
AIRFLOW_CTX_DAG_OWNER=***
AIRFLOW_CTX_DAG_ID=dtc_project_ingest
AIRFLOW_CTX_TASK_ID=bigquery_external_table_task
AIRFLOW_CTX_EXECUTION_DATE=2020-06-02T06:00:00+00:00
AIRFLOW_CTX_DAG_RUN_ID=scheduled__2020-06-02T06:00:00+00:00
[2022-03-26 11:26:24,357] {crypto.py:82} WARNING - empty cryptography key - values will not be stored encrypted.
[2022-03-26 11:26:39,159] {taskinstance.py:1277} INFO - Marking task as SUCCESS. dag_id=dtc_project_ingest, task_id=bigquery_external_table_task, execution_date=20200602T060000, start_date=20220326T112624, end_date=20220326T112639
[2022-03-26 11:26:39,205] {local_task_job.py:154} INFO - Task exited with return code 0
[2022-03-26 11:26:39,239] {local_task_job.py:264} INFO - 1 downstream tasks scheduled from follow-on schedule check
