[2022-03-23 22:40:02,509] {taskinstance.py:1032} INFO - Dependencies all met for <TaskInstance: dtc_project_ingest.bigquery_external_table_task scheduled__2021-10-02T06:00:00+00:00 [queued]>
[2022-03-23 22:40:02,528] {taskinstance.py:1032} INFO - Dependencies all met for <TaskInstance: dtc_project_ingest.bigquery_external_table_task scheduled__2021-10-02T06:00:00+00:00 [queued]>
[2022-03-23 22:40:02,529] {taskinstance.py:1238} INFO - 
--------------------------------------------------------------------------------
[2022-03-23 22:40:02,530] {taskinstance.py:1239} INFO - Starting attempt 1 of 2
[2022-03-23 22:40:02,531] {taskinstance.py:1240} INFO - 
--------------------------------------------------------------------------------
[2022-03-23 22:40:02,545] {taskinstance.py:1259} INFO - Executing <Task(BigQueryCreateExternalTableOperator): bigquery_external_table_task> on 2021-10-02 06:00:00+00:00
[2022-03-23 22:40:02,553] {standard_task_runner.py:52} INFO - Started process 958 to run task
[2022-03-23 22:40:02,557] {standard_task_runner.py:76} INFO - Running: ['***', 'tasks', 'run', 'dtc_project_ingest', 'bigquery_external_table_task', 'scheduled__2021-10-02T06:00:00+00:00', '--job-id', '1210', '--raw', '--subdir', 'DAGS_FOLDER/project_data_ingestion.py', '--cfg-path', '/tmp/tmp8amh8n6k', '--error-file', '/tmp/tmpzmiuvqi0']
[2022-03-23 22:40:02,559] {standard_task_runner.py:77} INFO - Job 1210: Subtask bigquery_external_table_task
[2022-03-23 22:40:02,647] {logging_mixin.py:109} INFO - Running <TaskInstance: dtc_project_ingest.bigquery_external_table_task scheduled__2021-10-02T06:00:00+00:00 [running]> on host 7127e26385ba
[2022-03-23 22:40:02,697] {warnings.py:110} WARNING - /home/***/.local/lib/python3.7/site-packages/***/utils/context.py:152: AirflowContextDeprecationWarning: Accessing 'execution_date' from the template is deprecated and will be removed in a future version. Please use 'data_interval_start' or 'logical_date' instead.
  warnings.warn(_create_deprecation_warning(key, self._deprecation_replacements[key]))

[2022-03-23 22:40:02,725] {taskinstance.py:1426} INFO - Exporting the following env vars:
AIRFLOW_CTX_DAG_OWNER=***
AIRFLOW_CTX_DAG_ID=dtc_project_ingest
AIRFLOW_CTX_TASK_ID=bigquery_external_table_task
AIRFLOW_CTX_EXECUTION_DATE=2021-10-02T06:00:00+00:00
AIRFLOW_CTX_DAG_RUN_ID=scheduled__2021-10-02T06:00:00+00:00
[2022-03-23 22:40:02,727] {crypto.py:82} WARNING - empty cryptography key - values will not be stored encrypted.
[2022-03-23 22:40:04,718] {taskinstance.py:1277} INFO - Marking task as SUCCESS. dag_id=dtc_project_ingest, task_id=bigquery_external_table_task, execution_date=20211002T060000, start_date=20220323T224002, end_date=20220323T224004
[2022-03-23 22:40:04,769] {local_task_job.py:154} INFO - Task exited with return code 0
[2022-03-23 22:40:04,812] {local_task_job.py:264} INFO - 1 downstream tasks scheduled from follow-on schedule check
[2022-03-26 12:03:58,298] {taskinstance.py:1032} INFO - Dependencies all met for <TaskInstance: dtc_project_ingest.bigquery_external_table_task scheduled__2021-10-02T06:00:00+00:00 [queued]>
[2022-03-26 12:03:58,317] {taskinstance.py:1032} INFO - Dependencies all met for <TaskInstance: dtc_project_ingest.bigquery_external_table_task scheduled__2021-10-02T06:00:00+00:00 [queued]>
[2022-03-26 12:03:58,318] {taskinstance.py:1238} INFO - 
--------------------------------------------------------------------------------
[2022-03-26 12:03:58,319] {taskinstance.py:1239} INFO - Starting attempt 1 of 2
[2022-03-26 12:03:58,320] {taskinstance.py:1240} INFO - 
--------------------------------------------------------------------------------
[2022-03-26 12:03:58,337] {taskinstance.py:1259} INFO - Executing <Task(BigQueryCreateExternalTableOperator): bigquery_external_table_task> on 2021-10-02 06:00:00+00:00
[2022-03-26 12:03:58,347] {standard_task_runner.py:52} INFO - Started process 10234 to run task
[2022-03-26 12:03:58,353] {standard_task_runner.py:76} INFO - Running: ['***', 'tasks', 'run', 'dtc_project_ingest', 'bigquery_external_table_task', 'scheduled__2021-10-02T06:00:00+00:00', '--job-id', '1522', '--raw', '--subdir', 'DAGS_FOLDER/project_data_ingestion.py', '--cfg-path', '/tmp/tmpxiox0zmj', '--error-file', '/tmp/tmpusbabcw3']
[2022-03-26 12:03:58,357] {standard_task_runner.py:77} INFO - Job 1522: Subtask bigquery_external_table_task
[2022-03-26 12:03:58,464] {logging_mixin.py:109} INFO - Running <TaskInstance: dtc_project_ingest.bigquery_external_table_task scheduled__2021-10-02T06:00:00+00:00 [running]> on host c800f4dda314
[2022-03-26 12:03:58,557] {taskinstance.py:1426} INFO - Exporting the following env vars:
AIRFLOW_CTX_DAG_OWNER=***
AIRFLOW_CTX_DAG_ID=dtc_project_ingest
AIRFLOW_CTX_TASK_ID=bigquery_external_table_task
AIRFLOW_CTX_EXECUTION_DATE=2021-10-02T06:00:00+00:00
AIRFLOW_CTX_DAG_RUN_ID=scheduled__2021-10-02T06:00:00+00:00
[2022-03-26 12:03:58,560] {crypto.py:82} WARNING - empty cryptography key - values will not be stored encrypted.
[2022-03-26 12:03:59,826] {taskinstance.py:1277} INFO - Marking task as SUCCESS. dag_id=dtc_project_ingest, task_id=bigquery_external_table_task, execution_date=20211002T060000, start_date=20220326T120358, end_date=20220326T120359
[2022-03-26 12:03:59,867] {local_task_job.py:154} INFO - Task exited with return code 0
[2022-03-26 12:03:59,943] {local_task_job.py:264} INFO - 0 downstream tasks scheduled from follow-on schedule check
