[2022-03-23 16:25:45,230] {taskinstance.py:1032} INFO - Dependencies all met for <TaskInstance: dtc_project_ingest.bigquery_external_table_task scheduled__2019-09-02T06:00:00+00:00 [queued]>
[2022-03-23 16:25:45,241] {taskinstance.py:1032} INFO - Dependencies all met for <TaskInstance: dtc_project_ingest.bigquery_external_table_task scheduled__2019-09-02T06:00:00+00:00 [queued]>
[2022-03-23 16:25:45,242] {taskinstance.py:1238} INFO - 
--------------------------------------------------------------------------------
[2022-03-23 16:25:45,243] {taskinstance.py:1239} INFO - Starting attempt 1 of 2
[2022-03-23 16:25:45,244] {taskinstance.py:1240} INFO - 
--------------------------------------------------------------------------------
[2022-03-23 16:25:45,257] {taskinstance.py:1259} INFO - Executing <Task(BigQueryCreateExternalTableOperator): bigquery_external_table_task> on 2019-09-02 06:00:00+00:00
[2022-03-23 16:25:45,265] {standard_task_runner.py:52} INFO - Started process 5281 to run task
[2022-03-23 16:25:45,273] {standard_task_runner.py:76} INFO - Running: ['***', 'tasks', 'run', 'dtc_project_ingest', 'bigquery_external_table_task', 'scheduled__2019-09-02T06:00:00+00:00', '--job-id', '1048', '--raw', '--subdir', 'DAGS_FOLDER/project_data_ingestion.py', '--cfg-path', '/tmp/tmpf33q23pc', '--error-file', '/tmp/tmp_08lyrrv']
[2022-03-23 16:25:45,274] {standard_task_runner.py:77} INFO - Job 1048: Subtask bigquery_external_table_task
[2022-03-23 16:25:45,348] {logging_mixin.py:109} INFO - Running <TaskInstance: dtc_project_ingest.bigquery_external_table_task scheduled__2019-09-02T06:00:00+00:00 [running]> on host 7127e26385ba
[2022-03-23 16:25:45,393] {warnings.py:110} WARNING - /home/***/.local/lib/python3.7/site-packages/***/utils/context.py:152: AirflowContextDeprecationWarning: Accessing 'execution_date' from the template is deprecated and will be removed in a future version. Please use 'data_interval_start' or 'logical_date' instead.
  warnings.warn(_create_deprecation_warning(key, self._deprecation_replacements[key]))

[2022-03-23 16:25:45,414] {taskinstance.py:1426} INFO - Exporting the following env vars:
AIRFLOW_CTX_DAG_OWNER=***
AIRFLOW_CTX_DAG_ID=dtc_project_ingest
AIRFLOW_CTX_TASK_ID=bigquery_external_table_task
AIRFLOW_CTX_EXECUTION_DATE=2019-09-02T06:00:00+00:00
AIRFLOW_CTX_DAG_RUN_ID=scheduled__2019-09-02T06:00:00+00:00
[2022-03-23 16:25:45,416] {crypto.py:82} WARNING - empty cryptography key - values will not be stored encrypted.
[2022-03-23 16:25:46,485] {taskinstance.py:1277} INFO - Marking task as SUCCESS. dag_id=dtc_project_ingest, task_id=bigquery_external_table_task, execution_date=20190902T060000, start_date=20220323T162545, end_date=20220323T162546
[2022-03-23 16:25:46,511] {local_task_job.py:154} INFO - Task exited with return code 0
[2022-03-23 16:25:46,546] {local_task_job.py:264} INFO - 1 downstream tasks scheduled from follow-on schedule check
[2022-03-26 11:18:46,530] {taskinstance.py:1032} INFO - Dependencies all met for <TaskInstance: dtc_project_ingest.bigquery_external_table_task scheduled__2019-09-02T06:00:00+00:00 [queued]>
[2022-03-26 11:18:46,557] {taskinstance.py:1032} INFO - Dependencies all met for <TaskInstance: dtc_project_ingest.bigquery_external_table_task scheduled__2019-09-02T06:00:00+00:00 [queued]>
[2022-03-26 11:18:46,558] {taskinstance.py:1238} INFO - 
--------------------------------------------------------------------------------
[2022-03-26 11:18:46,559] {taskinstance.py:1239} INFO - Starting attempt 1 of 2
[2022-03-26 11:18:46,561] {taskinstance.py:1240} INFO - 
--------------------------------------------------------------------------------
[2022-03-26 11:18:46,588] {taskinstance.py:1259} INFO - Executing <Task(BigQueryCreateExternalTableOperator): bigquery_external_table_task> on 2019-09-02 06:00:00+00:00
[2022-03-26 11:18:46,599] {standard_task_runner.py:52} INFO - Started process 7628 to run task
[2022-03-26 11:18:46,609] {standard_task_runner.py:76} INFO - Running: ['***', 'tasks', 'run', 'dtc_project_ingest', 'bigquery_external_table_task', 'scheduled__2019-09-02T06:00:00+00:00', '--job-id', '1408', '--raw', '--subdir', 'DAGS_FOLDER/project_data_ingestion.py', '--cfg-path', '/tmp/tmpq_2nn69s', '--error-file', '/tmp/tmpt4wwcqlb']
[2022-03-26 11:18:46,613] {standard_task_runner.py:77} INFO - Job 1408: Subtask bigquery_external_table_task
[2022-03-26 11:18:46,728] {logging_mixin.py:109} INFO - Running <TaskInstance: dtc_project_ingest.bigquery_external_table_task scheduled__2019-09-02T06:00:00+00:00 [running]> on host c800f4dda314
[2022-03-26 11:18:46,839] {taskinstance.py:1426} INFO - Exporting the following env vars:
AIRFLOW_CTX_DAG_OWNER=***
AIRFLOW_CTX_DAG_ID=dtc_project_ingest
AIRFLOW_CTX_TASK_ID=bigquery_external_table_task
AIRFLOW_CTX_EXECUTION_DATE=2019-09-02T06:00:00+00:00
AIRFLOW_CTX_DAG_RUN_ID=scheduled__2019-09-02T06:00:00+00:00
[2022-03-26 11:18:46,844] {crypto.py:82} WARNING - empty cryptography key - values will not be stored encrypted.
[2022-03-26 11:18:51,022] {taskinstance.py:1277} INFO - Marking task as SUCCESS. dag_id=dtc_project_ingest, task_id=bigquery_external_table_task, execution_date=20190902T060000, start_date=20220326T111846, end_date=20220326T111851
[2022-03-26 11:18:51,058] {local_task_job.py:154} INFO - Task exited with return code 0
[2022-03-26 11:18:51,098] {local_task_job.py:264} INFO - 1 downstream tasks scheduled from follow-on schedule check
