[2022-03-23 17:17:34,593] {taskinstance.py:1032} INFO - Dependencies all met for <TaskInstance: dtc_project_ingest.bigquery_external_table_task scheduled__2021-11-02T06:00:00+00:00 [queued]>
[2022-03-23 17:17:34,605] {taskinstance.py:1032} INFO - Dependencies all met for <TaskInstance: dtc_project_ingest.bigquery_external_table_task scheduled__2021-11-02T06:00:00+00:00 [queued]>
[2022-03-23 17:17:34,605] {taskinstance.py:1238} INFO - 
--------------------------------------------------------------------------------
[2022-03-23 17:17:34,606] {taskinstance.py:1239} INFO - Starting attempt 1 of 2
[2022-03-23 17:17:34,607] {taskinstance.py:1240} INFO - 
--------------------------------------------------------------------------------
[2022-03-23 17:17:34,617] {taskinstance.py:1259} INFO - Executing <Task(BigQueryCreateExternalTableOperator): bigquery_external_table_task> on 2021-11-02 06:00:00+00:00
[2022-03-23 17:17:34,623] {standard_task_runner.py:52} INFO - Started process 8206 to run task
[2022-03-23 17:17:34,628] {standard_task_runner.py:76} INFO - Running: ['***', 'tasks', 'run', 'dtc_project_ingest', 'bigquery_external_table_task', 'scheduled__2021-11-02T06:00:00+00:00', '--job-id', '1157', '--raw', '--subdir', 'DAGS_FOLDER/project_data_ingestion.py', '--cfg-path', '/tmp/tmpl02jztom', '--error-file', '/tmp/tmpg0mj0xya']
[2022-03-23 17:17:34,629] {standard_task_runner.py:77} INFO - Job 1157: Subtask bigquery_external_table_task
[2022-03-23 17:17:34,696] {logging_mixin.py:109} INFO - Running <TaskInstance: dtc_project_ingest.bigquery_external_table_task scheduled__2021-11-02T06:00:00+00:00 [running]> on host 7127e26385ba
[2022-03-23 17:17:34,738] {warnings.py:110} WARNING - /home/***/.local/lib/python3.7/site-packages/***/utils/context.py:152: AirflowContextDeprecationWarning: Accessing 'execution_date' from the template is deprecated and will be removed in a future version. Please use 'data_interval_start' or 'logical_date' instead.
  warnings.warn(_create_deprecation_warning(key, self._deprecation_replacements[key]))

[2022-03-23 17:17:34,761] {taskinstance.py:1426} INFO - Exporting the following env vars:
AIRFLOW_CTX_DAG_OWNER=***
AIRFLOW_CTX_DAG_ID=dtc_project_ingest
AIRFLOW_CTX_TASK_ID=bigquery_external_table_task
AIRFLOW_CTX_EXECUTION_DATE=2021-11-02T06:00:00+00:00
AIRFLOW_CTX_DAG_RUN_ID=scheduled__2021-11-02T06:00:00+00:00
[2022-03-23 17:17:34,763] {crypto.py:82} WARNING - empty cryptography key - values will not be stored encrypted.
[2022-03-23 17:17:36,311] {taskinstance.py:1277} INFO - Marking task as SUCCESS. dag_id=dtc_project_ingest, task_id=bigquery_external_table_task, execution_date=20211102T060000, start_date=20220323T171734, end_date=20220323T171736
[2022-03-23 17:17:36,378] {local_task_job.py:154} INFO - Task exited with return code 0
[2022-03-23 17:17:36,419] {local_task_job.py:264} INFO - 1 downstream tasks scheduled from follow-on schedule check
[2022-03-26 12:03:41,876] {taskinstance.py:1032} INFO - Dependencies all met for <TaskInstance: dtc_project_ingest.bigquery_external_table_task scheduled__2021-11-02T06:00:00+00:00 [queued]>
[2022-03-26 12:03:41,894] {taskinstance.py:1032} INFO - Dependencies all met for <TaskInstance: dtc_project_ingest.bigquery_external_table_task scheduled__2021-11-02T06:00:00+00:00 [queued]>
[2022-03-26 12:03:41,896] {taskinstance.py:1238} INFO - 
--------------------------------------------------------------------------------
[2022-03-26 12:03:41,897] {taskinstance.py:1239} INFO - Starting attempt 1 of 2
[2022-03-26 12:03:41,898] {taskinstance.py:1240} INFO - 
--------------------------------------------------------------------------------
[2022-03-26 12:03:41,915] {taskinstance.py:1259} INFO - Executing <Task(BigQueryCreateExternalTableOperator): bigquery_external_table_task> on 2021-11-02 06:00:00+00:00
[2022-03-26 12:03:41,926] {standard_task_runner.py:52} INFO - Started process 10217 to run task
[2022-03-26 12:03:41,933] {standard_task_runner.py:76} INFO - Running: ['***', 'tasks', 'run', 'dtc_project_ingest', 'bigquery_external_table_task', 'scheduled__2021-11-02T06:00:00+00:00', '--job-id', '1520', '--raw', '--subdir', 'DAGS_FOLDER/project_data_ingestion.py', '--cfg-path', '/tmp/tmpt8v5ordn', '--error-file', '/tmp/tmpeya0drx4']
[2022-03-26 12:03:41,936] {standard_task_runner.py:77} INFO - Job 1520: Subtask bigquery_external_table_task
[2022-03-26 12:03:42,042] {logging_mixin.py:109} INFO - Running <TaskInstance: dtc_project_ingest.bigquery_external_table_task scheduled__2021-11-02T06:00:00+00:00 [running]> on host c800f4dda314
[2022-03-26 12:03:42,150] {taskinstance.py:1426} INFO - Exporting the following env vars:
AIRFLOW_CTX_DAG_OWNER=***
AIRFLOW_CTX_DAG_ID=dtc_project_ingest
AIRFLOW_CTX_TASK_ID=bigquery_external_table_task
AIRFLOW_CTX_EXECUTION_DATE=2021-11-02T06:00:00+00:00
AIRFLOW_CTX_DAG_RUN_ID=scheduled__2021-11-02T06:00:00+00:00
[2022-03-26 12:03:42,155] {crypto.py:82} WARNING - empty cryptography key - values will not be stored encrypted.
[2022-03-26 12:03:43,944] {taskinstance.py:1277} INFO - Marking task as SUCCESS. dag_id=dtc_project_ingest, task_id=bigquery_external_table_task, execution_date=20211102T060000, start_date=20220326T120341, end_date=20220326T120343
[2022-03-26 12:03:44,001] {local_task_job.py:154} INFO - Task exited with return code 0
[2022-03-26 12:03:44,052] {local_task_job.py:264} INFO - 1 downstream tasks scheduled from follow-on schedule check
