[2022-03-23 09:18:09,526] {taskinstance.py:1032} INFO - Dependencies all met for <TaskInstance: dtc_project_ingest.local_to_gcs_task scheduled__2020-02-02T06:00:00+00:00 [queued]>
[2022-03-23 09:18:09,537] {taskinstance.py:1032} INFO - Dependencies all met for <TaskInstance: dtc_project_ingest.local_to_gcs_task scheduled__2020-02-02T06:00:00+00:00 [queued]>
[2022-03-23 09:18:09,538] {taskinstance.py:1238} INFO - 
--------------------------------------------------------------------------------
[2022-03-23 09:18:09,539] {taskinstance.py:1239} INFO - Starting attempt 1 of 2
[2022-03-23 09:18:09,539] {taskinstance.py:1240} INFO - 
--------------------------------------------------------------------------------
[2022-03-23 09:18:09,551] {taskinstance.py:1259} INFO - Executing <Task(PythonOperator): local_to_gcs_task> on 2020-02-02 06:00:00+00:00
[2022-03-23 09:18:09,557] {standard_task_runner.py:52} INFO - Started process 1982 to run task
[2022-03-23 09:18:09,561] {standard_task_runner.py:76} INFO - Running: ['***', 'tasks', 'run', 'dtc_project_ingest', 'local_to_gcs_task', 'scheduled__2020-02-02T06:00:00+00:00', '--job-id', '739', '--raw', '--subdir', 'DAGS_FOLDER/project_data_ingestion.py', '--cfg-path', '/tmp/tmpzsdwcdy3', '--error-file', '/tmp/tmpwukj90rq']
[2022-03-23 09:18:09,562] {standard_task_runner.py:77} INFO - Job 739: Subtask local_to_gcs_task
[2022-03-23 09:18:09,627] {logging_mixin.py:109} INFO - Running <TaskInstance: dtc_project_ingest.local_to_gcs_task scheduled__2020-02-02T06:00:00+00:00 [running]> on host 7127e26385ba
[2022-03-23 09:18:09,669] {warnings.py:110} WARNING - /home/***/.local/lib/python3.7/site-packages/***/utils/context.py:152: AirflowContextDeprecationWarning: Accessing 'execution_date' from the template is deprecated and will be removed in a future version. Please use 'data_interval_start' or 'logical_date' instead.
  warnings.warn(_create_deprecation_warning(key, self._deprecation_replacements[key]))

[2022-03-23 09:18:09,693] {taskinstance.py:1426} INFO - Exporting the following env vars:
AIRFLOW_CTX_DAG_OWNER=***
AIRFLOW_CTX_DAG_ID=dtc_project_ingest
AIRFLOW_CTX_TASK_ID=local_to_gcs_task
AIRFLOW_CTX_EXECUTION_DATE=2020-02-02T06:00:00+00:00
AIRFLOW_CTX_DAG_RUN_ID=scheduled__2020-02-02T06:00:00+00:00
[2022-03-23 09:18:23,778] {python.py:175} INFO - Done. Returned value was: None
[2022-03-23 09:18:23,844] {taskinstance.py:1277} INFO - Marking task as SUCCESS. dag_id=dtc_project_ingest, task_id=local_to_gcs_task, execution_date=20200202T060000, start_date=20220323T091809, end_date=20220323T091823
[2022-03-23 09:18:23,906] {local_task_job.py:154} INFO - Task exited with return code 0
[2022-03-23 09:18:23,944] {local_task_job.py:264} INFO - 1 downstream tasks scheduled from follow-on schedule check
[2022-03-23 16:27:27,538] {taskinstance.py:1032} INFO - Dependencies all met for <TaskInstance: dtc_project_ingest.local_to_gcs_task scheduled__2020-02-02T06:00:00+00:00 [queued]>
[2022-03-23 16:27:27,553] {taskinstance.py:1032} INFO - Dependencies all met for <TaskInstance: dtc_project_ingest.local_to_gcs_task scheduled__2020-02-02T06:00:00+00:00 [queued]>
[2022-03-23 16:27:27,555] {taskinstance.py:1238} INFO - 
--------------------------------------------------------------------------------
[2022-03-23 16:27:27,555] {taskinstance.py:1239} INFO - Starting attempt 1 of 2
[2022-03-23 16:27:27,556] {taskinstance.py:1240} INFO - 
--------------------------------------------------------------------------------
[2022-03-23 16:27:27,572] {taskinstance.py:1259} INFO - Executing <Task(PythonOperator): local_to_gcs_task> on 2020-02-02 06:00:00+00:00
[2022-03-23 16:27:27,581] {standard_task_runner.py:52} INFO - Started process 5404 to run task
[2022-03-23 16:27:27,591] {standard_task_runner.py:76} INFO - Running: ['***', 'tasks', 'run', 'dtc_project_ingest', 'local_to_gcs_task', 'scheduled__2020-02-02T06:00:00+00:00', '--job-id', '1057', '--raw', '--subdir', 'DAGS_FOLDER/project_data_ingestion.py', '--cfg-path', '/tmp/tmps1udufk0', '--error-file', '/tmp/tmp04_rnfi9']
[2022-03-23 16:27:27,593] {standard_task_runner.py:77} INFO - Job 1057: Subtask local_to_gcs_task
[2022-03-23 16:27:27,730] {logging_mixin.py:109} INFO - Running <TaskInstance: dtc_project_ingest.local_to_gcs_task scheduled__2020-02-02T06:00:00+00:00 [running]> on host 7127e26385ba
[2022-03-23 16:27:27,801] {warnings.py:110} WARNING - /home/***/.local/lib/python3.7/site-packages/***/utils/context.py:152: AirflowContextDeprecationWarning: Accessing 'execution_date' from the template is deprecated and will be removed in a future version. Please use 'data_interval_start' or 'logical_date' instead.
  warnings.warn(_create_deprecation_warning(key, self._deprecation_replacements[key]))

[2022-03-23 16:27:27,856] {taskinstance.py:1426} INFO - Exporting the following env vars:
AIRFLOW_CTX_DAG_OWNER=***
AIRFLOW_CTX_DAG_ID=dtc_project_ingest
AIRFLOW_CTX_TASK_ID=local_to_gcs_task
AIRFLOW_CTX_EXECUTION_DATE=2020-02-02T06:00:00+00:00
AIRFLOW_CTX_DAG_RUN_ID=scheduled__2020-02-02T06:00:00+00:00
[2022-03-23 16:27:58,370] {python.py:175} INFO - Done. Returned value was: None
[2022-03-23 16:27:58,386] {taskinstance.py:1277} INFO - Marking task as SUCCESS. dag_id=dtc_project_ingest, task_id=local_to_gcs_task, execution_date=20200202T060000, start_date=20220323T162727, end_date=20220323T162758
[2022-03-23 16:27:58,435] {local_task_job.py:154} INFO - Task exited with return code 0
[2022-03-23 16:27:58,477] {local_task_job.py:264} INFO - 1 downstream tasks scheduled from follow-on schedule check
[2022-03-26 11:20:29,084] {taskinstance.py:1032} INFO - Dependencies all met for <TaskInstance: dtc_project_ingest.local_to_gcs_task scheduled__2020-02-02T06:00:00+00:00 [queued]>
[2022-03-26 11:20:29,108] {taskinstance.py:1032} INFO - Dependencies all met for <TaskInstance: dtc_project_ingest.local_to_gcs_task scheduled__2020-02-02T06:00:00+00:00 [queued]>
[2022-03-26 11:20:29,109] {taskinstance.py:1238} INFO - 
--------------------------------------------------------------------------------
[2022-03-26 11:20:29,111] {taskinstance.py:1239} INFO - Starting attempt 1 of 2
[2022-03-26 11:20:29,112] {taskinstance.py:1240} INFO - 
--------------------------------------------------------------------------------
[2022-03-26 11:20:29,135] {taskinstance.py:1259} INFO - Executing <Task(PythonOperator): local_to_gcs_task> on 2020-02-02 06:00:00+00:00
[2022-03-26 11:20:29,146] {standard_task_runner.py:52} INFO - Started process 7763 to run task
[2022-03-26 11:20:29,161] {standard_task_runner.py:76} INFO - Running: ['***', 'tasks', 'run', 'dtc_project_ingest', 'local_to_gcs_task', 'scheduled__2020-02-02T06:00:00+00:00', '--job-id', '1417', '--raw', '--subdir', 'DAGS_FOLDER/project_data_ingestion.py', '--cfg-path', '/tmp/tmpmxtfaf6m', '--error-file', '/tmp/tmp0xgfjiu9']
[2022-03-26 11:20:29,164] {standard_task_runner.py:77} INFO - Job 1417: Subtask local_to_gcs_task
[2022-03-26 11:20:29,278] {logging_mixin.py:109} INFO - Running <TaskInstance: dtc_project_ingest.local_to_gcs_task scheduled__2020-02-02T06:00:00+00:00 [running]> on host c800f4dda314
[2022-03-26 11:20:29,350] {warnings.py:110} WARNING - /home/***/.local/lib/python3.7/site-packages/***/utils/context.py:152: AirflowContextDeprecationWarning: Accessing 'execution_date' from the template is deprecated and will be removed in a future version. Please use 'data_interval_start' or 'logical_date' instead.
  warnings.warn(_create_deprecation_warning(key, self._deprecation_replacements[key]))

[2022-03-26 11:20:29,396] {taskinstance.py:1426} INFO - Exporting the following env vars:
AIRFLOW_CTX_DAG_OWNER=***
AIRFLOW_CTX_DAG_ID=dtc_project_ingest
AIRFLOW_CTX_TASK_ID=local_to_gcs_task
AIRFLOW_CTX_EXECUTION_DATE=2020-02-02T06:00:00+00:00
AIRFLOW_CTX_DAG_RUN_ID=scheduled__2020-02-02T06:00:00+00:00
[2022-03-26 11:21:38,705] {python.py:175} INFO - Done. Returned value was: None
[2022-03-26 11:21:38,724] {taskinstance.py:1277} INFO - Marking task as SUCCESS. dag_id=dtc_project_ingest, task_id=local_to_gcs_task, execution_date=20200202T060000, start_date=20220326T112029, end_date=20220326T112138
[2022-03-26 11:21:38,771] {local_task_job.py:154} INFO - Task exited with return code 0
[2022-03-26 11:21:38,828] {local_task_job.py:264} INFO - 1 downstream tasks scheduled from follow-on schedule check
[2022-03-26 15:43:15,953] {taskinstance.py:1032} INFO - Dependencies all met for <TaskInstance: dtc_project_ingest.local_to_gcs_task scheduled__2020-02-02T06:00:00+00:00 [queued]>
[2022-03-26 15:43:15,982] {taskinstance.py:1032} INFO - Dependencies all met for <TaskInstance: dtc_project_ingest.local_to_gcs_task scheduled__2020-02-02T06:00:00+00:00 [queued]>
[2022-03-26 15:43:15,983] {taskinstance.py:1238} INFO - 
--------------------------------------------------------------------------------
[2022-03-26 15:43:15,984] {taskinstance.py:1239} INFO - Starting attempt 1 of 2
[2022-03-26 15:43:15,985] {taskinstance.py:1240} INFO - 
--------------------------------------------------------------------------------
[2022-03-26 15:43:16,005] {taskinstance.py:1259} INFO - Executing <Task(PythonOperator): local_to_gcs_task> on 2020-02-02 06:00:00+00:00
[2022-03-26 15:43:16,015] {standard_task_runner.py:52} INFO - Started process 20995 to run task
[2022-03-26 15:43:16,022] {standard_task_runner.py:76} INFO - Running: ['***', 'tasks', 'run', 'dtc_project_ingest', 'local_to_gcs_task', 'scheduled__2020-02-02T06:00:00+00:00', '--job-id', '1645', '--raw', '--subdir', 'DAGS_FOLDER/project_data_ingestion.py', '--cfg-path', '/tmp/tmpnmeq3qr6', '--error-file', '/tmp/tmpika6l3s5']
[2022-03-26 15:43:16,025] {standard_task_runner.py:77} INFO - Job 1645: Subtask local_to_gcs_task
[2022-03-26 15:43:16,132] {logging_mixin.py:109} INFO - Running <TaskInstance: dtc_project_ingest.local_to_gcs_task scheduled__2020-02-02T06:00:00+00:00 [running]> on host c800f4dda314
[2022-03-26 15:43:16,202] {warnings.py:110} WARNING - /home/***/.local/lib/python3.7/site-packages/***/utils/context.py:152: AirflowContextDeprecationWarning: Accessing 'execution_date' from the template is deprecated and will be removed in a future version. Please use 'data_interval_start' or 'logical_date' instead.
  warnings.warn(_create_deprecation_warning(key, self._deprecation_replacements[key]))

[2022-03-26 15:43:16,242] {taskinstance.py:1426} INFO - Exporting the following env vars:
AIRFLOW_CTX_DAG_OWNER=***
AIRFLOW_CTX_DAG_ID=dtc_project_ingest
AIRFLOW_CTX_TASK_ID=local_to_gcs_task
AIRFLOW_CTX_EXECUTION_DATE=2020-02-02T06:00:00+00:00
AIRFLOW_CTX_DAG_RUN_ID=scheduled__2020-02-02T06:00:00+00:00
[2022-03-26 15:44:11,706] {python.py:175} INFO - Done. Returned value was: None
[2022-03-26 15:44:11,728] {taskinstance.py:1277} INFO - Marking task as SUCCESS. dag_id=dtc_project_ingest, task_id=local_to_gcs_task, execution_date=20200202T060000, start_date=20220326T154315, end_date=20220326T154411
[2022-03-26 15:44:11,791] {local_task_job.py:154} INFO - Task exited with return code 0
[2022-03-26 15:44:11,872] {local_task_job.py:264} INFO - 0 downstream tasks scheduled from follow-on schedule check
