[2022-03-23 22:33:48,320] {taskinstance.py:1032} INFO - Dependencies all met for <TaskInstance: dtc_project_ingest.local_to_gcs_task scheduled__2021-07-02T06:00:00+00:00 [queued]>
[2022-03-23 22:33:48,334] {taskinstance.py:1032} INFO - Dependencies all met for <TaskInstance: dtc_project_ingest.local_to_gcs_task scheduled__2021-07-02T06:00:00+00:00 [queued]>
[2022-03-23 22:33:48,335] {taskinstance.py:1238} INFO - 
--------------------------------------------------------------------------------
[2022-03-23 22:33:48,336] {taskinstance.py:1239} INFO - Starting attempt 5 of 6
[2022-03-23 22:33:48,337] {taskinstance.py:1240} INFO - 
--------------------------------------------------------------------------------
[2022-03-23 22:33:48,352] {taskinstance.py:1259} INFO - Executing <Task(PythonOperator): local_to_gcs_task> on 2021-07-02 06:00:00+00:00
[2022-03-23 22:33:48,358] {standard_task_runner.py:52} INFO - Started process 620 to run task
[2022-03-23 22:33:48,363] {standard_task_runner.py:76} INFO - Running: ['***', 'tasks', 'run', 'dtc_project_ingest', 'local_to_gcs_task', 'scheduled__2021-07-02T06:00:00+00:00', '--job-id', '1197', '--raw', '--subdir', 'DAGS_FOLDER/project_data_ingestion.py', '--cfg-path', '/tmp/tmp795ci3wm', '--error-file', '/tmp/tmptojvmxug']
[2022-03-23 22:33:48,365] {standard_task_runner.py:77} INFO - Job 1197: Subtask local_to_gcs_task
[2022-03-23 22:33:48,447] {logging_mixin.py:109} INFO - Running <TaskInstance: dtc_project_ingest.local_to_gcs_task scheduled__2021-07-02T06:00:00+00:00 [running]> on host 7127e26385ba
[2022-03-23 22:33:48,496] {warnings.py:110} WARNING - /home/***/.local/lib/python3.7/site-packages/***/utils/context.py:152: AirflowContextDeprecationWarning: Accessing 'execution_date' from the template is deprecated and will be removed in a future version. Please use 'data_interval_start' or 'logical_date' instead.
  warnings.warn(_create_deprecation_warning(key, self._deprecation_replacements[key]))

[2022-03-23 22:33:48,529] {taskinstance.py:1426} INFO - Exporting the following env vars:
AIRFLOW_CTX_DAG_OWNER=***
AIRFLOW_CTX_DAG_ID=dtc_project_ingest
AIRFLOW_CTX_TASK_ID=local_to_gcs_task
AIRFLOW_CTX_EXECUTION_DATE=2021-07-02T06:00:00+00:00
AIRFLOW_CTX_DAG_RUN_ID=scheduled__2021-07-02T06:00:00+00:00
[2022-03-23 22:36:40,002] {python.py:175} INFO - Done. Returned value was: None
[2022-03-23 22:36:40,023] {taskinstance.py:1277} INFO - Marking task as SUCCESS. dag_id=dtc_project_ingest, task_id=local_to_gcs_task, execution_date=20210702T060000, start_date=20220323T223348, end_date=20220323T223640
[2022-03-23 22:36:40,057] {local_task_job.py:154} INFO - Task exited with return code 0
[2022-03-23 22:36:40,107] {local_task_job.py:264} INFO - 1 downstream tasks scheduled from follow-on schedule check
