[2022-03-26 15:50:19,248] {taskinstance.py:1032} INFO - Dependencies all met for <TaskInstance: project_gcs_2_bq.bigquery_external_table_task manual__2022-03-26T10:02:02.333493+00:00 [queued]>
[2022-03-26 15:50:19,266] {taskinstance.py:1032} INFO - Dependencies all met for <TaskInstance: project_gcs_2_bq.bigquery_external_table_task manual__2022-03-26T10:02:02.333493+00:00 [queued]>
[2022-03-26 15:50:19,267] {taskinstance.py:1238} INFO - 
--------------------------------------------------------------------------------
[2022-03-26 15:50:19,268] {taskinstance.py:1239} INFO - Starting attempt 2 of 3
[2022-03-26 15:50:19,269] {taskinstance.py:1240} INFO - 
--------------------------------------------------------------------------------
[2022-03-26 15:50:19,287] {taskinstance.py:1259} INFO - Executing <Task(BigQueryCreateExternalTableOperator): bigquery_external_table_task> on 2022-03-26 10:02:02.333493+00:00
[2022-03-26 15:50:19,294] {standard_task_runner.py:52} INFO - Started process 21531 to run task
[2022-03-26 15:50:19,299] {standard_task_runner.py:76} INFO - Running: ['***', 'tasks', 'run', 'project_gcs_2_bq', 'bigquery_external_table_task', 'manual__2022-03-26T10:02:02.333493+00:00', '--job-id', '1690', '--raw', '--subdir', 'DAGS_FOLDER/gcs_2_bq.py', '--cfg-path', '/tmp/tmp8s0i7mg8', '--error-file', '/tmp/tmp1aove8m9']
[2022-03-26 15:50:19,301] {standard_task_runner.py:77} INFO - Job 1690: Subtask bigquery_external_table_task
[2022-03-26 15:50:19,418] {logging_mixin.py:109} INFO - Running <TaskInstance: project_gcs_2_bq.bigquery_external_table_task manual__2022-03-26T10:02:02.333493+00:00 [running]> on host c800f4dda314
[2022-03-26 15:50:19,509] {taskinstance.py:1426} INFO - Exporting the following env vars:
AIRFLOW_CTX_DAG_OWNER=***
AIRFLOW_CTX_DAG_ID=project_gcs_2_bq
AIRFLOW_CTX_TASK_ID=bigquery_external_table_task
AIRFLOW_CTX_EXECUTION_DATE=2022-03-26T10:02:02.333493+00:00
AIRFLOW_CTX_DAG_RUN_ID=manual__2022-03-26T10:02:02.333493+00:00
[2022-03-26 15:50:19,512] {crypto.py:82} WARNING - empty cryptography key - values will not be stored encrypted.
[2022-03-26 15:50:20,972] {taskinstance.py:1277} INFO - Marking task as SUCCESS. dag_id=project_gcs_2_bq, task_id=bigquery_external_table_task, execution_date=20220326T100202, start_date=20220326T155019, end_date=20220326T155020
[2022-03-26 15:50:21,049] {local_task_job.py:154} INFO - Task exited with return code 0
[2022-03-26 15:50:21,117] {local_task_job.py:264} INFO - 0 downstream tasks scheduled from follow-on schedule check
