[2022-03-23 22:36:41,538] {taskinstance.py:1032} INFO - Dependencies all met for <TaskInstance: dtc_project_ingest.bigquery_external_table_task scheduled__2021-07-02T06:00:00+00:00 [queued]>
[2022-03-23 22:36:41,553] {taskinstance.py:1032} INFO - Dependencies all met for <TaskInstance: dtc_project_ingest.bigquery_external_table_task scheduled__2021-07-02T06:00:00+00:00 [queued]>
[2022-03-23 22:36:41,555] {taskinstance.py:1238} INFO - 
--------------------------------------------------------------------------------
[2022-03-23 22:36:41,556] {taskinstance.py:1239} INFO - Starting attempt 1 of 2
[2022-03-23 22:36:41,557] {taskinstance.py:1240} INFO - 
--------------------------------------------------------------------------------
[2022-03-23 22:36:41,574] {taskinstance.py:1259} INFO - Executing <Task(BigQueryCreateExternalTableOperator): bigquery_external_table_task> on 2021-07-02 06:00:00+00:00
[2022-03-23 22:36:41,580] {standard_task_runner.py:52} INFO - Started process 776 to run task
[2022-03-23 22:36:41,586] {standard_task_runner.py:76} INFO - Running: ['***', 'tasks', 'run', 'dtc_project_ingest', 'bigquery_external_table_task', 'scheduled__2021-07-02T06:00:00+00:00', '--job-id', '1201', '--raw', '--subdir', 'DAGS_FOLDER/project_data_ingestion.py', '--cfg-path', '/tmp/tmphlwwzmep', '--error-file', '/tmp/tmptg2s4thr']
[2022-03-23 22:36:41,589] {standard_task_runner.py:77} INFO - Job 1201: Subtask bigquery_external_table_task
[2022-03-23 22:36:41,669] {logging_mixin.py:109} INFO - Running <TaskInstance: dtc_project_ingest.bigquery_external_table_task scheduled__2021-07-02T06:00:00+00:00 [running]> on host 7127e26385ba
[2022-03-23 22:36:41,716] {warnings.py:110} WARNING - /home/***/.local/lib/python3.7/site-packages/***/utils/context.py:152: AirflowContextDeprecationWarning: Accessing 'execution_date' from the template is deprecated and will be removed in a future version. Please use 'data_interval_start' or 'logical_date' instead.
  warnings.warn(_create_deprecation_warning(key, self._deprecation_replacements[key]))

[2022-03-23 22:36:41,742] {taskinstance.py:1426} INFO - Exporting the following env vars:
AIRFLOW_CTX_DAG_OWNER=***
AIRFLOW_CTX_DAG_ID=dtc_project_ingest
AIRFLOW_CTX_TASK_ID=bigquery_external_table_task
AIRFLOW_CTX_EXECUTION_DATE=2021-07-02T06:00:00+00:00
AIRFLOW_CTX_DAG_RUN_ID=scheduled__2021-07-02T06:00:00+00:00
[2022-03-23 22:36:41,745] {crypto.py:82} WARNING - empty cryptography key - values will not be stored encrypted.
[2022-03-23 22:36:43,277] {taskinstance.py:1277} INFO - Marking task as SUCCESS. dag_id=dtc_project_ingest, task_id=bigquery_external_table_task, execution_date=20210702T060000, start_date=20220323T223641, end_date=20220323T223643
[2022-03-23 22:36:43,306] {local_task_job.py:154} INFO - Task exited with return code 0
[2022-03-23 22:36:43,344] {local_task_job.py:264} INFO - 1 downstream tasks scheduled from follow-on schedule check
[2022-03-26 11:53:59,516] {taskinstance.py:1032} INFO - Dependencies all met for <TaskInstance: dtc_project_ingest.bigquery_external_table_task scheduled__2021-07-02T06:00:00+00:00 [queued]>
[2022-03-26 11:53:59,535] {taskinstance.py:1032} INFO - Dependencies all met for <TaskInstance: dtc_project_ingest.bigquery_external_table_task scheduled__2021-07-02T06:00:00+00:00 [queued]>
[2022-03-26 11:53:59,536] {taskinstance.py:1238} INFO - 
--------------------------------------------------------------------------------
[2022-03-26 11:53:59,537] {taskinstance.py:1239} INFO - Starting attempt 1 of 2
[2022-03-26 11:53:59,538] {taskinstance.py:1240} INFO - 
--------------------------------------------------------------------------------
[2022-03-26 11:53:59,555] {taskinstance.py:1259} INFO - Executing <Task(BigQueryCreateExternalTableOperator): bigquery_external_table_task> on 2021-07-02 06:00:00+00:00
[2022-03-26 11:53:59,566] {standard_task_runner.py:52} INFO - Started process 9714 to run task
[2022-03-26 11:53:59,572] {standard_task_runner.py:76} INFO - Running: ['***', 'tasks', 'run', 'dtc_project_ingest', 'bigquery_external_table_task', 'scheduled__2021-07-02T06:00:00+00:00', '--job-id', '1505', '--raw', '--subdir', 'DAGS_FOLDER/project_data_ingestion.py', '--cfg-path', '/tmp/tmp42igsj_a', '--error-file', '/tmp/tmp6s51wo9e']
[2022-03-26 11:53:59,575] {standard_task_runner.py:77} INFO - Job 1505: Subtask bigquery_external_table_task
[2022-03-26 11:53:59,657] {logging_mixin.py:109} INFO - Running <TaskInstance: dtc_project_ingest.bigquery_external_table_task scheduled__2021-07-02T06:00:00+00:00 [running]> on host c800f4dda314
[2022-03-26 11:53:59,748] {taskinstance.py:1426} INFO - Exporting the following env vars:
AIRFLOW_CTX_DAG_OWNER=***
AIRFLOW_CTX_DAG_ID=dtc_project_ingest
AIRFLOW_CTX_TASK_ID=bigquery_external_table_task
AIRFLOW_CTX_EXECUTION_DATE=2021-07-02T06:00:00+00:00
AIRFLOW_CTX_DAG_RUN_ID=scheduled__2021-07-02T06:00:00+00:00
[2022-03-26 11:53:59,751] {crypto.py:82} WARNING - empty cryptography key - values will not be stored encrypted.
[2022-03-26 11:54:05,307] {taskinstance.py:1277} INFO - Marking task as SUCCESS. dag_id=dtc_project_ingest, task_id=bigquery_external_table_task, execution_date=20210702T060000, start_date=20220326T115359, end_date=20220326T115405
[2022-03-26 11:54:05,336] {local_task_job.py:154} INFO - Task exited with return code 0
[2022-03-26 11:54:05,375] {local_task_job.py:264} INFO - 1 downstream tasks scheduled from follow-on schedule check
