[2022-03-23 16:48:13,587] {taskinstance.py:1032} INFO - Dependencies all met for <TaskInstance: dtc_project_ingest.bigquery_external_table_task scheduled__2021-02-02T06:00:00+00:00 [queued]>
[2022-03-23 16:48:13,600] {taskinstance.py:1032} INFO - Dependencies all met for <TaskInstance: dtc_project_ingest.bigquery_external_table_task scheduled__2021-02-02T06:00:00+00:00 [queued]>
[2022-03-23 16:48:13,601] {taskinstance.py:1238} INFO - 
--------------------------------------------------------------------------------
[2022-03-23 16:48:13,601] {taskinstance.py:1239} INFO - Starting attempt 1 of 2
[2022-03-23 16:48:13,602] {taskinstance.py:1240} INFO - 
--------------------------------------------------------------------------------
[2022-03-23 16:48:13,615] {taskinstance.py:1259} INFO - Executing <Task(BigQueryCreateExternalTableOperator): bigquery_external_table_task> on 2021-02-02 06:00:00+00:00
[2022-03-23 16:48:13,622] {standard_task_runner.py:52} INFO - Started process 6608 to run task
[2022-03-23 16:48:13,626] {standard_task_runner.py:76} INFO - Running: ['***', 'tasks', 'run', 'dtc_project_ingest', 'bigquery_external_table_task', 'scheduled__2021-02-02T06:00:00+00:00', '--job-id', '1113', '--raw', '--subdir', 'DAGS_FOLDER/project_data_ingestion.py', '--cfg-path', '/tmp/tmpns70dar4', '--error-file', '/tmp/tmp1eobuie0']
[2022-03-23 16:48:13,628] {standard_task_runner.py:77} INFO - Job 1113: Subtask bigquery_external_table_task
[2022-03-23 16:48:13,710] {logging_mixin.py:109} INFO - Running <TaskInstance: dtc_project_ingest.bigquery_external_table_task scheduled__2021-02-02T06:00:00+00:00 [running]> on host 7127e26385ba
[2022-03-23 16:48:13,757] {warnings.py:110} WARNING - /home/***/.local/lib/python3.7/site-packages/***/utils/context.py:152: AirflowContextDeprecationWarning: Accessing 'execution_date' from the template is deprecated and will be removed in a future version. Please use 'data_interval_start' or 'logical_date' instead.
  warnings.warn(_create_deprecation_warning(key, self._deprecation_replacements[key]))

[2022-03-23 16:48:13,788] {taskinstance.py:1426} INFO - Exporting the following env vars:
AIRFLOW_CTX_DAG_OWNER=***
AIRFLOW_CTX_DAG_ID=dtc_project_ingest
AIRFLOW_CTX_TASK_ID=bigquery_external_table_task
AIRFLOW_CTX_EXECUTION_DATE=2021-02-02T06:00:00+00:00
AIRFLOW_CTX_DAG_RUN_ID=scheduled__2021-02-02T06:00:00+00:00
[2022-03-23 16:48:13,796] {crypto.py:82} WARNING - empty cryptography key - values will not be stored encrypted.
[2022-03-23 16:48:15,778] {taskinstance.py:1277} INFO - Marking task as SUCCESS. dag_id=dtc_project_ingest, task_id=bigquery_external_table_task, execution_date=20210202T060000, start_date=20220323T164813, end_date=20220323T164815
[2022-03-23 16:48:15,835] {local_task_job.py:154} INFO - Task exited with return code 0
[2022-03-23 16:48:15,878] {local_task_job.py:264} INFO - 1 downstream tasks scheduled from follow-on schedule check
[2022-03-26 11:37:24,527] {taskinstance.py:1032} INFO - Dependencies all met for <TaskInstance: dtc_project_ingest.bigquery_external_table_task scheduled__2021-02-02T06:00:00+00:00 [queued]>
[2022-03-26 11:37:24,548] {taskinstance.py:1032} INFO - Dependencies all met for <TaskInstance: dtc_project_ingest.bigquery_external_table_task scheduled__2021-02-02T06:00:00+00:00 [queued]>
[2022-03-26 11:37:24,549] {taskinstance.py:1238} INFO - 
--------------------------------------------------------------------------------
[2022-03-26 11:37:24,551] {taskinstance.py:1239} INFO - Starting attempt 1 of 2
[2022-03-26 11:37:24,552] {taskinstance.py:1240} INFO - 
--------------------------------------------------------------------------------
[2022-03-26 11:37:24,576] {taskinstance.py:1259} INFO - Executing <Task(BigQueryCreateExternalTableOperator): bigquery_external_table_task> on 2021-02-02 06:00:00+00:00
[2022-03-26 11:37:24,589] {standard_task_runner.py:52} INFO - Started process 8835 to run task
[2022-03-26 11:37:24,597] {standard_task_runner.py:76} INFO - Running: ['***', 'tasks', 'run', 'dtc_project_ingest', 'bigquery_external_table_task', 'scheduled__2021-02-02T06:00:00+00:00', '--job-id', '1479', '--raw', '--subdir', 'DAGS_FOLDER/project_data_ingestion.py', '--cfg-path', '/tmp/tmpcb1kkay_', '--error-file', '/tmp/tmpngc4pf4p']
[2022-03-26 11:37:24,607] {standard_task_runner.py:77} INFO - Job 1479: Subtask bigquery_external_table_task
[2022-03-26 11:37:24,740] {logging_mixin.py:109} INFO - Running <TaskInstance: dtc_project_ingest.bigquery_external_table_task scheduled__2021-02-02T06:00:00+00:00 [running]> on host c800f4dda314
[2022-03-26 11:37:24,865] {taskinstance.py:1426} INFO - Exporting the following env vars:
AIRFLOW_CTX_DAG_OWNER=***
AIRFLOW_CTX_DAG_ID=dtc_project_ingest
AIRFLOW_CTX_TASK_ID=bigquery_external_table_task
AIRFLOW_CTX_EXECUTION_DATE=2021-02-02T06:00:00+00:00
AIRFLOW_CTX_DAG_RUN_ID=scheduled__2021-02-02T06:00:00+00:00
[2022-03-26 11:37:24,870] {crypto.py:82} WARNING - empty cryptography key - values will not be stored encrypted.
[2022-03-26 11:37:28,459] {taskinstance.py:1277} INFO - Marking task as SUCCESS. dag_id=dtc_project_ingest, task_id=bigquery_external_table_task, execution_date=20210202T060000, start_date=20220326T113724, end_date=20220326T113728
[2022-03-26 11:37:28,505] {local_task_job.py:154} INFO - Task exited with return code 0
[2022-03-26 11:37:28,595] {local_task_job.py:264} INFO - 0 downstream tasks scheduled from follow-on schedule check
