[2022-03-23 16:08:53,679] {taskinstance.py:1032} INFO - Dependencies all met for <TaskInstance: dtc_project_ingest.bigquery_external_table_task scheduled__2019-03-02T06:00:00+00:00 [queued]>
[2022-03-23 16:08:53,692] {taskinstance.py:1032} INFO - Dependencies all met for <TaskInstance: dtc_project_ingest.bigquery_external_table_task scheduled__2019-03-02T06:00:00+00:00 [queued]>
[2022-03-23 16:08:53,693] {taskinstance.py:1238} INFO - 
--------------------------------------------------------------------------------
[2022-03-23 16:08:53,694] {taskinstance.py:1239} INFO - Starting attempt 1 of 2
[2022-03-23 16:08:53,694] {taskinstance.py:1240} INFO - 
--------------------------------------------------------------------------------
[2022-03-23 16:08:53,707] {taskinstance.py:1259} INFO - Executing <Task(BigQueryCreateExternalTableOperator): bigquery_external_table_task> on 2019-03-02 06:00:00+00:00
[2022-03-23 16:08:53,714] {standard_task_runner.py:52} INFO - Started process 4313 to run task
[2022-03-23 16:08:53,718] {standard_task_runner.py:76} INFO - Running: ['***', 'tasks', 'run', 'dtc_project_ingest', 'bigquery_external_table_task', 'scheduled__2019-03-02T06:00:00+00:00', '--job-id', '1010', '--raw', '--subdir', 'DAGS_FOLDER/project_data_ingestion.py', '--cfg-path', '/tmp/tmplu7zj4zy', '--error-file', '/tmp/tmpepcwrpay']
[2022-03-23 16:08:53,720] {standard_task_runner.py:77} INFO - Job 1010: Subtask bigquery_external_table_task
[2022-03-23 16:08:53,786] {logging_mixin.py:109} INFO - Running <TaskInstance: dtc_project_ingest.bigquery_external_table_task scheduled__2019-03-02T06:00:00+00:00 [running]> on host 7127e26385ba
[2022-03-23 16:08:53,831] {warnings.py:110} WARNING - /home/***/.local/lib/python3.7/site-packages/***/utils/context.py:152: AirflowContextDeprecationWarning: Accessing 'execution_date' from the template is deprecated and will be removed in a future version. Please use 'data_interval_start' or 'logical_date' instead.
  warnings.warn(_create_deprecation_warning(key, self._deprecation_replacements[key]))

[2022-03-23 16:08:53,856] {taskinstance.py:1426} INFO - Exporting the following env vars:
AIRFLOW_CTX_DAG_OWNER=***
AIRFLOW_CTX_DAG_ID=dtc_project_ingest
AIRFLOW_CTX_TASK_ID=bigquery_external_table_task
AIRFLOW_CTX_EXECUTION_DATE=2019-03-02T06:00:00+00:00
AIRFLOW_CTX_DAG_RUN_ID=scheduled__2019-03-02T06:00:00+00:00
[2022-03-23 16:08:53,859] {crypto.py:82} WARNING - empty cryptography key - values will not be stored encrypted.
[2022-03-23 16:08:55,054] {taskinstance.py:1277} INFO - Marking task as SUCCESS. dag_id=dtc_project_ingest, task_id=bigquery_external_table_task, execution_date=20190302T060000, start_date=20220323T160853, end_date=20220323T160855
[2022-03-23 16:08:55,189] {local_task_job.py:154} INFO - Task exited with return code 0
[2022-03-23 16:08:55,241] {local_task_job.py:264} INFO - 1 downstream tasks scheduled from follow-on schedule check
[2022-03-26 10:57:47,176] {taskinstance.py:1032} INFO - Dependencies all met for <TaskInstance: dtc_project_ingest.bigquery_external_table_task scheduled__2019-03-02T06:00:00+00:00 [queued]>
[2022-03-26 10:57:47,199] {taskinstance.py:1032} INFO - Dependencies all met for <TaskInstance: dtc_project_ingest.bigquery_external_table_task scheduled__2019-03-02T06:00:00+00:00 [queued]>
[2022-03-26 10:57:47,201] {taskinstance.py:1238} INFO - 
--------------------------------------------------------------------------------
[2022-03-26 10:57:47,203] {taskinstance.py:1239} INFO - Starting attempt 1 of 2
[2022-03-26 10:57:47,204] {taskinstance.py:1240} INFO - 
--------------------------------------------------------------------------------
[2022-03-26 10:57:47,227] {taskinstance.py:1259} INFO - Executing <Task(BigQueryCreateExternalTableOperator): bigquery_external_table_task> on 2019-03-02 06:00:00+00:00
[2022-03-26 10:57:47,241] {standard_task_runner.py:52} INFO - Started process 6478 to run task
[2022-03-26 10:57:47,248] {standard_task_runner.py:76} INFO - Running: ['***', 'tasks', 'run', 'dtc_project_ingest', 'bigquery_external_table_task', 'scheduled__2019-03-02T06:00:00+00:00', '--job-id', '1361', '--raw', '--subdir', 'DAGS_FOLDER/project_data_ingestion.py', '--cfg-path', '/tmp/tmpo9_49b9r', '--error-file', '/tmp/tmp52wrqaga']
[2022-03-26 10:57:47,253] {standard_task_runner.py:77} INFO - Job 1361: Subtask bigquery_external_table_task
[2022-03-26 10:57:47,371] {logging_mixin.py:109} INFO - Running <TaskInstance: dtc_project_ingest.bigquery_external_table_task scheduled__2019-03-02T06:00:00+00:00 [running]> on host c800f4dda314
[2022-03-26 10:57:47,473] {taskinstance.py:1426} INFO - Exporting the following env vars:
AIRFLOW_CTX_DAG_OWNER=***
AIRFLOW_CTX_DAG_ID=dtc_project_ingest
AIRFLOW_CTX_TASK_ID=bigquery_external_table_task
AIRFLOW_CTX_EXECUTION_DATE=2019-03-02T06:00:00+00:00
AIRFLOW_CTX_DAG_RUN_ID=scheduled__2019-03-02T06:00:00+00:00
[2022-03-26 10:57:47,476] {crypto.py:82} WARNING - empty cryptography key - values will not be stored encrypted.
[2022-03-26 10:58:15,461] {taskinstance.py:1277} INFO - Marking task as SUCCESS. dag_id=dtc_project_ingest, task_id=bigquery_external_table_task, execution_date=20190302T060000, start_date=20220326T105747, end_date=20220326T105815
[2022-03-26 10:58:15,559] {local_task_job.py:154} INFO - Task exited with return code 0
[2022-03-26 10:58:15,650] {local_task_job.py:264} INFO - 1 downstream tasks scheduled from follow-on schedule check
