[2022-03-23 22:40:01,221] {taskinstance.py:1032} INFO - Dependencies all met for <TaskInstance: dtc_project_ingest.bigquery_external_table_task scheduled__2021-09-02T06:00:00+00:00 [queued]>
[2022-03-23 22:40:01,241] {taskinstance.py:1032} INFO - Dependencies all met for <TaskInstance: dtc_project_ingest.bigquery_external_table_task scheduled__2021-09-02T06:00:00+00:00 [queued]>
[2022-03-23 22:40:01,242] {taskinstance.py:1238} INFO - 
--------------------------------------------------------------------------------
[2022-03-23 22:40:01,244] {taskinstance.py:1239} INFO - Starting attempt 1 of 2
[2022-03-23 22:40:01,246] {taskinstance.py:1240} INFO - 
--------------------------------------------------------------------------------
[2022-03-23 22:40:01,272] {taskinstance.py:1259} INFO - Executing <Task(BigQueryCreateExternalTableOperator): bigquery_external_table_task> on 2021-09-02 06:00:00+00:00
[2022-03-23 22:40:01,285] {standard_task_runner.py:52} INFO - Started process 955 to run task
[2022-03-23 22:40:01,291] {standard_task_runner.py:76} INFO - Running: ['***', 'tasks', 'run', 'dtc_project_ingest', 'bigquery_external_table_task', 'scheduled__2021-09-02T06:00:00+00:00', '--job-id', '1209', '--raw', '--subdir', 'DAGS_FOLDER/project_data_ingestion.py', '--cfg-path', '/tmp/tmp1_57fbv4', '--error-file', '/tmp/tmp80taz_fw']
[2022-03-23 22:40:01,294] {standard_task_runner.py:77} INFO - Job 1209: Subtask bigquery_external_table_task
[2022-03-23 22:40:01,456] {logging_mixin.py:109} INFO - Running <TaskInstance: dtc_project_ingest.bigquery_external_table_task scheduled__2021-09-02T06:00:00+00:00 [running]> on host 7127e26385ba
[2022-03-23 22:40:01,536] {warnings.py:110} WARNING - /home/***/.local/lib/python3.7/site-packages/***/utils/context.py:152: AirflowContextDeprecationWarning: Accessing 'execution_date' from the template is deprecated and will be removed in a future version. Please use 'data_interval_start' or 'logical_date' instead.
  warnings.warn(_create_deprecation_warning(key, self._deprecation_replacements[key]))

[2022-03-23 22:40:01,589] {taskinstance.py:1426} INFO - Exporting the following env vars:
AIRFLOW_CTX_DAG_OWNER=***
AIRFLOW_CTX_DAG_ID=dtc_project_ingest
AIRFLOW_CTX_TASK_ID=bigquery_external_table_task
AIRFLOW_CTX_EXECUTION_DATE=2021-09-02T06:00:00+00:00
AIRFLOW_CTX_DAG_RUN_ID=scheduled__2021-09-02T06:00:00+00:00
[2022-03-23 22:40:01,592] {crypto.py:82} WARNING - empty cryptography key - values will not be stored encrypted.
[2022-03-23 22:40:02,775] {taskinstance.py:1277} INFO - Marking task as SUCCESS. dag_id=dtc_project_ingest, task_id=bigquery_external_table_task, execution_date=20210902T060000, start_date=20220323T224001, end_date=20220323T224002
[2022-03-23 22:40:02,809] {local_task_job.py:154} INFO - Task exited with return code 0
[2022-03-23 22:40:02,854] {local_task_job.py:264} INFO - 1 downstream tasks scheduled from follow-on schedule check
[2022-03-26 12:04:23,254] {taskinstance.py:1032} INFO - Dependencies all met for <TaskInstance: dtc_project_ingest.bigquery_external_table_task scheduled__2021-09-02T06:00:00+00:00 [queued]>
[2022-03-26 12:04:23,271] {taskinstance.py:1032} INFO - Dependencies all met for <TaskInstance: dtc_project_ingest.bigquery_external_table_task scheduled__2021-09-02T06:00:00+00:00 [queued]>
[2022-03-26 12:04:23,272] {taskinstance.py:1238} INFO - 
--------------------------------------------------------------------------------
[2022-03-26 12:04:23,273] {taskinstance.py:1239} INFO - Starting attempt 1 of 2
[2022-03-26 12:04:23,274] {taskinstance.py:1240} INFO - 
--------------------------------------------------------------------------------
[2022-03-26 12:04:23,293] {taskinstance.py:1259} INFO - Executing <Task(BigQueryCreateExternalTableOperator): bigquery_external_table_task> on 2021-09-02 06:00:00+00:00
[2022-03-26 12:04:23,303] {standard_task_runner.py:52} INFO - Started process 10272 to run task
[2022-03-26 12:04:23,310] {standard_task_runner.py:76} INFO - Running: ['***', 'tasks', 'run', 'dtc_project_ingest', 'bigquery_external_table_task', 'scheduled__2021-09-02T06:00:00+00:00', '--job-id', '1526', '--raw', '--subdir', 'DAGS_FOLDER/project_data_ingestion.py', '--cfg-path', '/tmp/tmpasr846qv', '--error-file', '/tmp/tmp8n96og0f']
[2022-03-26 12:04:23,313] {standard_task_runner.py:77} INFO - Job 1526: Subtask bigquery_external_table_task
[2022-03-26 12:04:23,411] {logging_mixin.py:109} INFO - Running <TaskInstance: dtc_project_ingest.bigquery_external_table_task scheduled__2021-09-02T06:00:00+00:00 [running]> on host c800f4dda314
[2022-03-26 12:04:23,506] {taskinstance.py:1426} INFO - Exporting the following env vars:
AIRFLOW_CTX_DAG_OWNER=***
AIRFLOW_CTX_DAG_ID=dtc_project_ingest
AIRFLOW_CTX_TASK_ID=bigquery_external_table_task
AIRFLOW_CTX_EXECUTION_DATE=2021-09-02T06:00:00+00:00
AIRFLOW_CTX_DAG_RUN_ID=scheduled__2021-09-02T06:00:00+00:00
[2022-03-26 12:04:23,509] {crypto.py:82} WARNING - empty cryptography key - values will not be stored encrypted.
[2022-03-26 12:04:40,814] {taskinstance.py:1277} INFO - Marking task as SUCCESS. dag_id=dtc_project_ingest, task_id=bigquery_external_table_task, execution_date=20210902T060000, start_date=20220326T120423, end_date=20220326T120440
[2022-03-26 12:04:40,858] {local_task_job.py:154} INFO - Task exited with return code 0
[2022-03-26 12:04:40,923] {local_task_job.py:264} INFO - 1 downstream tasks scheduled from follow-on schedule check
