[2022-03-23 09:18:47,362] {taskinstance.py:1032} INFO - Dependencies all met for <TaskInstance: dtc_project_ingest.format_to_parquet_task scheduled__2020-03-02T06:00:00+00:00 [queued]>
[2022-03-23 09:18:47,375] {taskinstance.py:1032} INFO - Dependencies all met for <TaskInstance: dtc_project_ingest.format_to_parquet_task scheduled__2020-03-02T06:00:00+00:00 [queued]>
[2022-03-23 09:18:47,377] {taskinstance.py:1238} INFO - 
--------------------------------------------------------------------------------
[2022-03-23 09:18:47,378] {taskinstance.py:1239} INFO - Starting attempt 1 of 2
[2022-03-23 09:18:47,378] {taskinstance.py:1240} INFO - 
--------------------------------------------------------------------------------
[2022-03-23 09:18:47,389] {taskinstance.py:1259} INFO - Executing <Task(PythonOperator): format_to_parquet_task> on 2020-03-02 06:00:00+00:00
[2022-03-23 09:18:47,395] {standard_task_runner.py:52} INFO - Started process 2024 to run task
[2022-03-23 09:18:47,400] {standard_task_runner.py:76} INFO - Running: ['***', 'tasks', 'run', 'dtc_project_ingest', 'format_to_parquet_task', 'scheduled__2020-03-02T06:00:00+00:00', '--job-id', '742', '--raw', '--subdir', 'DAGS_FOLDER/project_data_ingestion.py', '--cfg-path', '/tmp/tmp1ta4zweo', '--error-file', '/tmp/tmpk03kx_sk']
[2022-03-23 09:18:47,401] {standard_task_runner.py:77} INFO - Job 742: Subtask format_to_parquet_task
[2022-03-23 09:18:47,467] {logging_mixin.py:109} INFO - Running <TaskInstance: dtc_project_ingest.format_to_parquet_task scheduled__2020-03-02T06:00:00+00:00 [running]> on host 7127e26385ba
[2022-03-23 09:18:47,509] {warnings.py:110} WARNING - /home/***/.local/lib/python3.7/site-packages/***/utils/context.py:152: AirflowContextDeprecationWarning: Accessing 'execution_date' from the template is deprecated and will be removed in a future version. Please use 'data_interval_start' or 'logical_date' instead.
  warnings.warn(_create_deprecation_warning(key, self._deprecation_replacements[key]))

[2022-03-23 09:18:47,533] {taskinstance.py:1426} INFO - Exporting the following env vars:
AIRFLOW_CTX_DAG_OWNER=***
AIRFLOW_CTX_DAG_ID=dtc_project_ingest
AIRFLOW_CTX_TASK_ID=format_to_parquet_task
AIRFLOW_CTX_EXECUTION_DATE=2020-03-02T06:00:00+00:00
AIRFLOW_CTX_DAG_RUN_ID=scheduled__2020-03-02T06:00:00+00:00
[2022-03-23 09:18:49,776] {python.py:175} INFO - Done. Returned value was: None
[2022-03-23 09:18:49,789] {taskinstance.py:1277} INFO - Marking task as SUCCESS. dag_id=dtc_project_ingest, task_id=format_to_parquet_task, execution_date=20200302T060000, start_date=20220323T091847, end_date=20220323T091849
[2022-03-23 09:18:49,918] {local_task_job.py:154} INFO - Task exited with return code 0
[2022-03-23 09:18:49,959] {local_task_job.py:264} INFO - 1 downstream tasks scheduled from follow-on schedule check
[2022-03-23 16:28:43,420] {taskinstance.py:1032} INFO - Dependencies all met for <TaskInstance: dtc_project_ingest.format_to_parquet_task scheduled__2020-03-02T06:00:00+00:00 [queued]>
[2022-03-23 16:28:43,435] {taskinstance.py:1032} INFO - Dependencies all met for <TaskInstance: dtc_project_ingest.format_to_parquet_task scheduled__2020-03-02T06:00:00+00:00 [queued]>
[2022-03-23 16:28:43,436] {taskinstance.py:1238} INFO - 
--------------------------------------------------------------------------------
[2022-03-23 16:28:43,436] {taskinstance.py:1239} INFO - Starting attempt 1 of 2
[2022-03-23 16:28:43,437] {taskinstance.py:1240} INFO - 
--------------------------------------------------------------------------------
[2022-03-23 16:28:43,452] {taskinstance.py:1259} INFO - Executing <Task(PythonOperator): format_to_parquet_task> on 2020-03-02 06:00:00+00:00
[2022-03-23 16:28:43,470] {standard_task_runner.py:52} INFO - Started process 5495 to run task
[2022-03-23 16:28:43,479] {standard_task_runner.py:76} INFO - Running: ['***', 'tasks', 'run', 'dtc_project_ingest', 'format_to_parquet_task', 'scheduled__2020-03-02T06:00:00+00:00', '--job-id', '1066', '--raw', '--subdir', 'DAGS_FOLDER/project_data_ingestion.py', '--cfg-path', '/tmp/tmpmqgzv22v', '--error-file', '/tmp/tmp55yxg9zr']
[2022-03-23 16:28:43,481] {standard_task_runner.py:77} INFO - Job 1066: Subtask format_to_parquet_task
[2022-03-23 16:28:43,566] {logging_mixin.py:109} INFO - Running <TaskInstance: dtc_project_ingest.format_to_parquet_task scheduled__2020-03-02T06:00:00+00:00 [running]> on host 7127e26385ba
[2022-03-23 16:28:43,615] {warnings.py:110} WARNING - /home/***/.local/lib/python3.7/site-packages/***/utils/context.py:152: AirflowContextDeprecationWarning: Accessing 'execution_date' from the template is deprecated and will be removed in a future version. Please use 'data_interval_start' or 'logical_date' instead.
  warnings.warn(_create_deprecation_warning(key, self._deprecation_replacements[key]))

[2022-03-23 16:28:43,644] {taskinstance.py:1426} INFO - Exporting the following env vars:
AIRFLOW_CTX_DAG_OWNER=***
AIRFLOW_CTX_DAG_ID=dtc_project_ingest
AIRFLOW_CTX_TASK_ID=format_to_parquet_task
AIRFLOW_CTX_EXECUTION_DATE=2020-03-02T06:00:00+00:00
AIRFLOW_CTX_DAG_RUN_ID=scheduled__2020-03-02T06:00:00+00:00
[2022-03-23 16:28:46,617] {python.py:175} INFO - Done. Returned value was: None
[2022-03-23 16:28:46,638] {taskinstance.py:1277} INFO - Marking task as SUCCESS. dag_id=dtc_project_ingest, task_id=format_to_parquet_task, execution_date=20200302T060000, start_date=20220323T162843, end_date=20220323T162846
[2022-03-23 16:28:46,792] {local_task_job.py:154} INFO - Task exited with return code 0
[2022-03-23 16:28:46,882] {local_task_job.py:264} INFO - 0 downstream tasks scheduled from follow-on schedule check
[2022-03-26 11:20:53,390] {taskinstance.py:1032} INFO - Dependencies all met for <TaskInstance: dtc_project_ingest.format_to_parquet_task scheduled__2020-03-02T06:00:00+00:00 [queued]>
[2022-03-26 11:20:53,415] {taskinstance.py:1032} INFO - Dependencies all met for <TaskInstance: dtc_project_ingest.format_to_parquet_task scheduled__2020-03-02T06:00:00+00:00 [queued]>
[2022-03-26 11:20:53,417] {taskinstance.py:1238} INFO - 
--------------------------------------------------------------------------------
[2022-03-26 11:20:53,419] {taskinstance.py:1239} INFO - Starting attempt 1 of 2
[2022-03-26 11:20:53,420] {taskinstance.py:1240} INFO - 
--------------------------------------------------------------------------------
[2022-03-26 11:20:53,440] {taskinstance.py:1259} INFO - Executing <Task(PythonOperator): format_to_parquet_task> on 2020-03-02 06:00:00+00:00
[2022-03-26 11:20:53,448] {standard_task_runner.py:52} INFO - Started process 7775 to run task
[2022-03-26 11:20:53,457] {standard_task_runner.py:76} INFO - Running: ['***', 'tasks', 'run', 'dtc_project_ingest', 'format_to_parquet_task', 'scheduled__2020-03-02T06:00:00+00:00', '--job-id', '1418', '--raw', '--subdir', 'DAGS_FOLDER/project_data_ingestion.py', '--cfg-path', '/tmp/tmpet1qzjny', '--error-file', '/tmp/tmpb62b04ao']
[2022-03-26 11:20:53,459] {standard_task_runner.py:77} INFO - Job 1418: Subtask format_to_parquet_task
[2022-03-26 11:20:53,573] {logging_mixin.py:109} INFO - Running <TaskInstance: dtc_project_ingest.format_to_parquet_task scheduled__2020-03-02T06:00:00+00:00 [running]> on host c800f4dda314
[2022-03-26 11:20:53,653] {warnings.py:110} WARNING - /home/***/.local/lib/python3.7/site-packages/***/utils/context.py:152: AirflowContextDeprecationWarning: Accessing 'execution_date' from the template is deprecated and will be removed in a future version. Please use 'data_interval_start' or 'logical_date' instead.
  warnings.warn(_create_deprecation_warning(key, self._deprecation_replacements[key]))

[2022-03-26 11:20:53,695] {taskinstance.py:1426} INFO - Exporting the following env vars:
AIRFLOW_CTX_DAG_OWNER=***
AIRFLOW_CTX_DAG_ID=dtc_project_ingest
AIRFLOW_CTX_TASK_ID=format_to_parquet_task
AIRFLOW_CTX_EXECUTION_DATE=2020-03-02T06:00:00+00:00
AIRFLOW_CTX_DAG_RUN_ID=scheduled__2020-03-02T06:00:00+00:00
[2022-03-26 11:20:57,809] {python.py:175} INFO - Done. Returned value was: None
[2022-03-26 11:20:57,829] {taskinstance.py:1277} INFO - Marking task as SUCCESS. dag_id=dtc_project_ingest, task_id=format_to_parquet_task, execution_date=20200302T060000, start_date=20220326T112053, end_date=20220326T112057
[2022-03-26 11:20:57,975] {local_task_job.py:154} INFO - Task exited with return code 0
[2022-03-26 11:20:58,056] {local_task_job.py:264} INFO - 1 downstream tasks scheduled from follow-on schedule check
[2022-03-26 15:43:50,919] {taskinstance.py:1032} INFO - Dependencies all met for <TaskInstance: dtc_project_ingest.format_to_parquet_task scheduled__2020-03-02T06:00:00+00:00 [queued]>
[2022-03-26 15:43:50,935] {taskinstance.py:1032} INFO - Dependencies all met for <TaskInstance: dtc_project_ingest.format_to_parquet_task scheduled__2020-03-02T06:00:00+00:00 [queued]>
[2022-03-26 15:43:50,936] {taskinstance.py:1238} INFO - 
--------------------------------------------------------------------------------
[2022-03-26 15:43:50,937] {taskinstance.py:1239} INFO - Starting attempt 1 of 2
[2022-03-26 15:43:50,938] {taskinstance.py:1240} INFO - 
--------------------------------------------------------------------------------
[2022-03-26 15:43:50,954] {taskinstance.py:1259} INFO - Executing <Task(PythonOperator): format_to_parquet_task> on 2020-03-02 06:00:00+00:00
[2022-03-26 15:43:50,962] {standard_task_runner.py:52} INFO - Started process 21041 to run task
[2022-03-26 15:43:50,970] {standard_task_runner.py:76} INFO - Running: ['***', 'tasks', 'run', 'dtc_project_ingest', 'format_to_parquet_task', 'scheduled__2020-03-02T06:00:00+00:00', '--job-id', '1648', '--raw', '--subdir', 'DAGS_FOLDER/project_data_ingestion.py', '--cfg-path', '/tmp/tmp1v9yerkn', '--error-file', '/tmp/tmp9e3lz22y']
[2022-03-26 15:43:50,972] {standard_task_runner.py:77} INFO - Job 1648: Subtask format_to_parquet_task
[2022-03-26 15:43:51,060] {logging_mixin.py:109} INFO - Running <TaskInstance: dtc_project_ingest.format_to_parquet_task scheduled__2020-03-02T06:00:00+00:00 [running]> on host c800f4dda314
[2022-03-26 15:43:51,115] {warnings.py:110} WARNING - /home/***/.local/lib/python3.7/site-packages/***/utils/context.py:152: AirflowContextDeprecationWarning: Accessing 'execution_date' from the template is deprecated and will be removed in a future version. Please use 'data_interval_start' or 'logical_date' instead.
  warnings.warn(_create_deprecation_warning(key, self._deprecation_replacements[key]))

[2022-03-26 15:43:51,145] {taskinstance.py:1426} INFO - Exporting the following env vars:
AIRFLOW_CTX_DAG_OWNER=***
AIRFLOW_CTX_DAG_ID=dtc_project_ingest
AIRFLOW_CTX_TASK_ID=format_to_parquet_task
AIRFLOW_CTX_EXECUTION_DATE=2020-03-02T06:00:00+00:00
AIRFLOW_CTX_DAG_RUN_ID=scheduled__2020-03-02T06:00:00+00:00
[2022-03-26 15:43:54,554] {python.py:175} INFO - Done. Returned value was: None
[2022-03-26 15:43:54,572] {taskinstance.py:1277} INFO - Marking task as SUCCESS. dag_id=dtc_project_ingest, task_id=format_to_parquet_task, execution_date=20200302T060000, start_date=20220326T154350, end_date=20220326T154354
[2022-03-26 15:43:54,705] {local_task_job.py:154} INFO - Task exited with return code 0
[2022-03-26 15:43:54,766] {local_task_job.py:264} INFO - 1 downstream tasks scheduled from follow-on schedule check
