[2022-03-26 10:13:57,612] {taskinstance.py:1032} INFO - Dependencies all met for <TaskInstance: dtc_project_ingest.format_to_parquet_task scheduled__2020-03-02T06:00:00+00:00 [queued]>
[2022-03-26 10:13:57,631] {taskinstance.py:1032} INFO - Dependencies all met for <TaskInstance: dtc_project_ingest.format_to_parquet_task scheduled__2020-03-02T06:00:00+00:00 [queued]>
[2022-03-26 10:13:57,633] {taskinstance.py:1238} INFO - 
--------------------------------------------------------------------------------
[2022-03-26 10:13:57,634] {taskinstance.py:1239} INFO - Starting attempt 3 of 4
[2022-03-26 10:13:57,635] {taskinstance.py:1240} INFO - 
--------------------------------------------------------------------------------
[2022-03-26 10:13:57,661] {taskinstance.py:1259} INFO - Executing <Task(PythonOperator): format_to_parquet_task> on 2020-03-02 06:00:00+00:00
[2022-03-26 10:13:57,673] {standard_task_runner.py:52} INFO - Started process 4085 to run task
[2022-03-26 10:13:57,690] {standard_task_runner.py:76} INFO - Running: ['***', 'tasks', 'run', 'dtc_project_ingest', 'format_to_parquet_task', 'scheduled__2020-03-02T06:00:00+00:00', '--job-id', '1268', '--raw', '--subdir', 'DAGS_FOLDER/project_data_ingestion.py', '--cfg-path', '/tmp/tmprqo1qywl', '--error-file', '/tmp/tmpinujv733']
[2022-03-26 10:13:57,693] {standard_task_runner.py:77} INFO - Job 1268: Subtask format_to_parquet_task
[2022-03-26 10:13:57,818] {logging_mixin.py:109} INFO - Running <TaskInstance: dtc_project_ingest.format_to_parquet_task scheduled__2020-03-02T06:00:00+00:00 [running]> on host c800f4dda314
[2022-03-26 10:13:57,930] {warnings.py:110} WARNING - /home/***/.local/lib/python3.7/site-packages/***/utils/context.py:152: AirflowContextDeprecationWarning: Accessing 'execution_date' from the template is deprecated and will be removed in a future version. Please use 'data_interval_start' or 'logical_date' instead.
  warnings.warn(_create_deprecation_warning(key, self._deprecation_replacements[key]))

[2022-03-26 10:13:57,960] {taskinstance.py:1426} INFO - Exporting the following env vars:
AIRFLOW_CTX_DAG_OWNER=***
AIRFLOW_CTX_DAG_ID=dtc_project_ingest
AIRFLOW_CTX_TASK_ID=format_to_parquet_task
AIRFLOW_CTX_EXECUTION_DATE=2020-03-02T06:00:00+00:00
AIRFLOW_CTX_DAG_RUN_ID=scheduled__2020-03-02T06:00:00+00:00
[2022-03-26 10:14:01,951] {python.py:175} INFO - Done. Returned value was: None
[2022-03-26 10:14:01,977] {taskinstance.py:1277} INFO - Marking task as SUCCESS. dag_id=dtc_project_ingest, task_id=format_to_parquet_task, execution_date=20200302T060000, start_date=20220326T101357, end_date=20220326T101401
[2022-03-26 10:14:02,119] {local_task_job.py:154} INFO - Task exited with return code 0
[2022-03-26 10:14:02,171] {local_task_job.py:264} INFO - 1 downstream tasks scheduled from follow-on schedule check
