[2022-03-23 09:30:38,975] {taskinstance.py:1032} INFO - Dependencies all met for <TaskInstance: dtc_project_ingest.local_to_gcs_task scheduled__2020-11-02T06:00:00+00:00 [queued]>
[2022-03-23 09:30:38,995] {taskinstance.py:1032} INFO - Dependencies all met for <TaskInstance: dtc_project_ingest.local_to_gcs_task scheduled__2020-11-02T06:00:00+00:00 [queued]>
[2022-03-23 09:30:38,998] {taskinstance.py:1238} INFO - 
--------------------------------------------------------------------------------
[2022-03-23 09:30:38,999] {taskinstance.py:1239} INFO - Starting attempt 1 of 2
[2022-03-23 09:30:39,000] {taskinstance.py:1240} INFO - 
--------------------------------------------------------------------------------
[2022-03-23 09:30:39,011] {taskinstance.py:1259} INFO - Executing <Task(PythonOperator): local_to_gcs_task> on 2020-11-02 06:00:00+00:00
[2022-03-23 09:30:39,017] {standard_task_runner.py:52} INFO - Started process 2800 to run task
[2022-03-23 09:30:39,021] {standard_task_runner.py:76} INFO - Running: ['***', 'tasks', 'run', 'dtc_project_ingest', 'local_to_gcs_task', 'scheduled__2020-11-02T06:00:00+00:00', '--job-id', '782', '--raw', '--subdir', 'DAGS_FOLDER/project_data_ingestion.py', '--cfg-path', '/tmp/tmpncnt11sr', '--error-file', '/tmp/tmppc1s9h4p']
[2022-03-23 09:30:39,023] {standard_task_runner.py:77} INFO - Job 782: Subtask local_to_gcs_task
[2022-03-23 09:30:39,090] {logging_mixin.py:109} INFO - Running <TaskInstance: dtc_project_ingest.local_to_gcs_task scheduled__2020-11-02T06:00:00+00:00 [running]> on host 7127e26385ba
[2022-03-23 09:30:39,133] {warnings.py:110} WARNING - /home/***/.local/lib/python3.7/site-packages/***/utils/context.py:152: AirflowContextDeprecationWarning: Accessing 'execution_date' from the template is deprecated and will be removed in a future version. Please use 'data_interval_start' or 'logical_date' instead.
  warnings.warn(_create_deprecation_warning(key, self._deprecation_replacements[key]))

[2022-03-23 09:30:39,158] {taskinstance.py:1426} INFO - Exporting the following env vars:
AIRFLOW_CTX_DAG_OWNER=***
AIRFLOW_CTX_DAG_ID=dtc_project_ingest
AIRFLOW_CTX_TASK_ID=local_to_gcs_task
AIRFLOW_CTX_EXECUTION_DATE=2020-11-02T06:00:00+00:00
AIRFLOW_CTX_DAG_RUN_ID=scheduled__2020-11-02T06:00:00+00:00
[2022-03-23 09:31:06,753] {python.py:175} INFO - Done. Returned value was: None
[2022-03-23 09:31:06,768] {taskinstance.py:1277} INFO - Marking task as SUCCESS. dag_id=dtc_project_ingest, task_id=local_to_gcs_task, execution_date=20201102T060000, start_date=20220323T093038, end_date=20220323T093106
[2022-03-23 09:31:06,814] {local_task_job.py:154} INFO - Task exited with return code 0
[2022-03-23 09:31:06,850] {local_task_job.py:264} INFO - 1 downstream tasks scheduled from follow-on schedule check
[2022-03-23 16:45:59,167] {taskinstance.py:1032} INFO - Dependencies all met for <TaskInstance: dtc_project_ingest.local_to_gcs_task scheduled__2020-11-02T06:00:00+00:00 [queued]>
[2022-03-23 16:45:59,195] {taskinstance.py:1032} INFO - Dependencies all met for <TaskInstance: dtc_project_ingest.local_to_gcs_task scheduled__2020-11-02T06:00:00+00:00 [queued]>
[2022-03-23 16:45:59,196] {taskinstance.py:1238} INFO - 
--------------------------------------------------------------------------------
[2022-03-23 16:45:59,197] {taskinstance.py:1239} INFO - Starting attempt 1 of 2
[2022-03-23 16:45:59,199] {taskinstance.py:1240} INFO - 
--------------------------------------------------------------------------------
[2022-03-23 16:45:59,237] {taskinstance.py:1259} INFO - Executing <Task(PythonOperator): local_to_gcs_task> on 2020-11-02 06:00:00+00:00
[2022-03-23 16:45:59,251] {standard_task_runner.py:52} INFO - Started process 6458 to run task
[2022-03-23 16:45:59,285] {standard_task_runner.py:76} INFO - Running: ['***', 'tasks', 'run', 'dtc_project_ingest', 'local_to_gcs_task', 'scheduled__2020-11-02T06:00:00+00:00', '--job-id', '1102', '--raw', '--subdir', 'DAGS_FOLDER/project_data_ingestion.py', '--cfg-path', '/tmp/tmppbbgudz0', '--error-file', '/tmp/tmprypuwyxu']
[2022-03-23 16:45:59,309] {standard_task_runner.py:77} INFO - Job 1102: Subtask local_to_gcs_task
[2022-03-23 16:45:59,540] {logging_mixin.py:109} INFO - Running <TaskInstance: dtc_project_ingest.local_to_gcs_task scheduled__2020-11-02T06:00:00+00:00 [running]> on host 7127e26385ba
[2022-03-23 16:45:59,703] {warnings.py:110} WARNING - /home/***/.local/lib/python3.7/site-packages/***/utils/context.py:152: AirflowContextDeprecationWarning: Accessing 'execution_date' from the template is deprecated and will be removed in a future version. Please use 'data_interval_start' or 'logical_date' instead.
  warnings.warn(_create_deprecation_warning(key, self._deprecation_replacements[key]))

[2022-03-23 16:45:59,746] {taskinstance.py:1426} INFO - Exporting the following env vars:
AIRFLOW_CTX_DAG_OWNER=***
AIRFLOW_CTX_DAG_ID=dtc_project_ingest
AIRFLOW_CTX_TASK_ID=local_to_gcs_task
AIRFLOW_CTX_EXECUTION_DATE=2020-11-02T06:00:00+00:00
AIRFLOW_CTX_DAG_RUN_ID=scheduled__2020-11-02T06:00:00+00:00
[2022-03-23 16:46:53,285] {python.py:175} INFO - Done. Returned value was: None
[2022-03-23 16:46:53,300] {taskinstance.py:1277} INFO - Marking task as SUCCESS. dag_id=dtc_project_ingest, task_id=local_to_gcs_task, execution_date=20201102T060000, start_date=20220323T164559, end_date=20220323T164653
[2022-03-23 16:46:53,364] {local_task_job.py:154} INFO - Task exited with return code 0
[2022-03-23 16:46:53,408] {local_task_job.py:264} INFO - 1 downstream tasks scheduled from follow-on schedule check
[2022-03-26 11:32:49,901] {taskinstance.py:1032} INFO - Dependencies all met for <TaskInstance: dtc_project_ingest.local_to_gcs_task scheduled__2020-11-02T06:00:00+00:00 [queued]>
[2022-03-26 11:32:49,915] {taskinstance.py:1032} INFO - Dependencies all met for <TaskInstance: dtc_project_ingest.local_to_gcs_task scheduled__2020-11-02T06:00:00+00:00 [queued]>
[2022-03-26 11:32:49,916] {taskinstance.py:1238} INFO - 
--------------------------------------------------------------------------------
[2022-03-26 11:32:49,917] {taskinstance.py:1239} INFO - Starting attempt 1 of 2
[2022-03-26 11:32:49,918] {taskinstance.py:1240} INFO - 
--------------------------------------------------------------------------------
[2022-03-26 11:32:49,931] {taskinstance.py:1259} INFO - Executing <Task(PythonOperator): local_to_gcs_task> on 2020-11-02 06:00:00+00:00
[2022-03-26 11:32:49,939] {standard_task_runner.py:52} INFO - Started process 8533 to run task
[2022-03-26 11:32:49,945] {standard_task_runner.py:76} INFO - Running: ['***', 'tasks', 'run', 'dtc_project_ingest', 'local_to_gcs_task', 'scheduled__2020-11-02T06:00:00+00:00', '--job-id', '1460', '--raw', '--subdir', 'DAGS_FOLDER/project_data_ingestion.py', '--cfg-path', '/tmp/tmptzem0td6', '--error-file', '/tmp/tmpunjrjn6k']
[2022-03-26 11:32:49,947] {standard_task_runner.py:77} INFO - Job 1460: Subtask local_to_gcs_task
[2022-03-26 11:32:50,022] {logging_mixin.py:109} INFO - Running <TaskInstance: dtc_project_ingest.local_to_gcs_task scheduled__2020-11-02T06:00:00+00:00 [running]> on host c800f4dda314
[2022-03-26 11:32:50,073] {warnings.py:110} WARNING - /home/***/.local/lib/python3.7/site-packages/***/utils/context.py:152: AirflowContextDeprecationWarning: Accessing 'execution_date' from the template is deprecated and will be removed in a future version. Please use 'data_interval_start' or 'logical_date' instead.
  warnings.warn(_create_deprecation_warning(key, self._deprecation_replacements[key]))

[2022-03-26 11:32:50,106] {taskinstance.py:1426} INFO - Exporting the following env vars:
AIRFLOW_CTX_DAG_OWNER=***
AIRFLOW_CTX_DAG_ID=dtc_project_ingest
AIRFLOW_CTX_TASK_ID=local_to_gcs_task
AIRFLOW_CTX_EXECUTION_DATE=2020-11-02T06:00:00+00:00
AIRFLOW_CTX_DAG_RUN_ID=scheduled__2020-11-02T06:00:00+00:00
[2022-03-26 11:34:20,246] {python.py:175} INFO - Done. Returned value was: None
[2022-03-26 11:34:20,275] {taskinstance.py:1277} INFO - Marking task as SUCCESS. dag_id=dtc_project_ingest, task_id=local_to_gcs_task, execution_date=20201102T060000, start_date=20220326T113249, end_date=20220326T113420
[2022-03-26 11:34:20,383] {local_task_job.py:154} INFO - Task exited with return code 0
[2022-03-26 11:34:20,433] {local_task_job.py:264} INFO - 1 downstream tasks scheduled from follow-on schedule check
[2022-03-26 15:49:54,363] {taskinstance.py:1032} INFO - Dependencies all met for <TaskInstance: dtc_project_ingest.local_to_gcs_task scheduled__2020-11-02T06:00:00+00:00 [queued]>
[2022-03-26 15:49:54,387] {taskinstance.py:1032} INFO - Dependencies all met for <TaskInstance: dtc_project_ingest.local_to_gcs_task scheduled__2020-11-02T06:00:00+00:00 [queued]>
[2022-03-26 15:49:54,388] {taskinstance.py:1238} INFO - 
--------------------------------------------------------------------------------
[2022-03-26 15:49:54,389] {taskinstance.py:1239} INFO - Starting attempt 1 of 2
[2022-03-26 15:49:54,390] {taskinstance.py:1240} INFO - 
--------------------------------------------------------------------------------
[2022-03-26 15:49:54,413] {taskinstance.py:1259} INFO - Executing <Task(PythonOperator): local_to_gcs_task> on 2020-11-02 06:00:00+00:00
[2022-03-26 15:49:54,424] {standard_task_runner.py:52} INFO - Started process 21498 to run task
[2022-03-26 15:49:54,439] {standard_task_runner.py:76} INFO - Running: ['***', 'tasks', 'run', 'dtc_project_ingest', 'local_to_gcs_task', 'scheduled__2020-11-02T06:00:00+00:00', '--job-id', '1684', '--raw', '--subdir', 'DAGS_FOLDER/project_data_ingestion.py', '--cfg-path', '/tmp/tmp_9y1p3ja', '--error-file', '/tmp/tmp044e5ikt']
[2022-03-26 15:49:54,441] {standard_task_runner.py:77} INFO - Job 1684: Subtask local_to_gcs_task
[2022-03-26 15:49:54,567] {logging_mixin.py:109} INFO - Running <TaskInstance: dtc_project_ingest.local_to_gcs_task scheduled__2020-11-02T06:00:00+00:00 [running]> on host c800f4dda314
[2022-03-26 15:49:54,732] {warnings.py:110} WARNING - /home/***/.local/lib/python3.7/site-packages/***/utils/context.py:152: AirflowContextDeprecationWarning: Accessing 'execution_date' from the template is deprecated and will be removed in a future version. Please use 'data_interval_start' or 'logical_date' instead.
  warnings.warn(_create_deprecation_warning(key, self._deprecation_replacements[key]))

[2022-03-26 15:49:54,797] {taskinstance.py:1426} INFO - Exporting the following env vars:
AIRFLOW_CTX_DAG_OWNER=***
AIRFLOW_CTX_DAG_ID=dtc_project_ingest
AIRFLOW_CTX_TASK_ID=local_to_gcs_task
AIRFLOW_CTX_EXECUTION_DATE=2020-11-02T06:00:00+00:00
AIRFLOW_CTX_DAG_RUN_ID=scheduled__2020-11-02T06:00:00+00:00
[2022-03-26 15:51:03,465] {python.py:175} INFO - Done. Returned value was: None
[2022-03-26 15:51:03,495] {taskinstance.py:1277} INFO - Marking task as SUCCESS. dag_id=dtc_project_ingest, task_id=local_to_gcs_task, execution_date=20201102T060000, start_date=20220326T154954, end_date=20220326T155103
[2022-03-26 15:51:03,620] {local_task_job.py:154} INFO - Task exited with return code 0
[2022-03-26 15:51:03,735] {local_task_job.py:264} INFO - 1 downstream tasks scheduled from follow-on schedule check
