[2022-03-23 14:55:49,868] {taskinstance.py:1032} INFO - Dependencies all met for <TaskInstance: dtc_project_ingest.download_dataset_task scheduled__2016-02-02T06:00:00+00:00 [queued]>
[2022-03-23 14:55:49,888] {taskinstance.py:1032} INFO - Dependencies all met for <TaskInstance: dtc_project_ingest.download_dataset_task scheduled__2016-02-02T06:00:00+00:00 [queued]>
[2022-03-23 14:55:49,890] {taskinstance.py:1238} INFO - 
--------------------------------------------------------------------------------
[2022-03-23 14:55:49,891] {taskinstance.py:1239} INFO - Starting attempt 1 of 2
[2022-03-23 14:55:49,892] {taskinstance.py:1240} INFO - 
--------------------------------------------------------------------------------
[2022-03-23 14:55:49,907] {taskinstance.py:1259} INFO - Executing <Task(BashOperator): download_dataset_task> on 2016-02-02 06:00:00+00:00
[2022-03-23 14:55:49,914] {standard_task_runner.py:52} INFO - Started process 325 to run task
[2022-03-23 14:55:49,920] {standard_task_runner.py:76} INFO - Running: ['***', 'tasks', 'run', 'dtc_project_ingest', 'download_dataset_task', 'scheduled__2016-02-02T06:00:00+00:00', '--job-id', '843', '--raw', '--subdir', 'DAGS_FOLDER/project_data_ingestion.py', '--cfg-path', '/tmp/tmpc7e3_kh9', '--error-file', '/tmp/tmpfyo4xayk']
[2022-03-23 14:55:49,923] {standard_task_runner.py:77} INFO - Job 843: Subtask download_dataset_task
[2022-03-23 14:55:50,007] {logging_mixin.py:109} INFO - Running <TaskInstance: dtc_project_ingest.download_dataset_task scheduled__2016-02-02T06:00:00+00:00 [running]> on host 7127e26385ba
[2022-03-23 14:55:50,059] {warnings.py:110} WARNING - /home/***/.local/lib/python3.7/site-packages/***/utils/context.py:152: AirflowContextDeprecationWarning: Accessing 'execution_date' from the template is deprecated and will be removed in a future version. Please use 'data_interval_start' or 'logical_date' instead.
  warnings.warn(_create_deprecation_warning(key, self._deprecation_replacements[key]))

[2022-03-23 14:55:50,087] {taskinstance.py:1426} INFO - Exporting the following env vars:
AIRFLOW_CTX_DAG_OWNER=***
AIRFLOW_CTX_DAG_ID=dtc_project_ingest
AIRFLOW_CTX_TASK_ID=download_dataset_task
AIRFLOW_CTX_EXECUTION_DATE=2016-02-02T06:00:00+00:00
AIRFLOW_CTX_DAG_RUN_ID=scheduled__2016-02-02T06:00:00+00:00
[2022-03-23 14:55:50,089] {subprocess.py:62} INFO - Tmp dir root location: 
 /tmp
[2022-03-23 14:55:50,092] {subprocess.py:74} INFO - Running command: ['bash', '-c', 'curl -sSL https://s3.amazonaws.com/tripdata/201602-citibike-tripdata.csv.zip > /opt/***/201602-citibike-tripdata.csv.zip']
[2022-03-23 14:55:50,109] {subprocess.py:85} INFO - Output:
[2022-03-23 14:55:50,796] {subprocess.py:93} INFO - Command exited with return code 0
[2022-03-23 14:55:50,909] {taskinstance.py:1277} INFO - Marking task as SUCCESS. dag_id=dtc_project_ingest, task_id=download_dataset_task, execution_date=20160202T060000, start_date=20220323T145549, end_date=20220323T145550
[2022-03-23 14:55:50,949] {local_task_job.py:154} INFO - Task exited with return code 0
[2022-03-23 14:55:51,024] {local_task_job.py:264} INFO - 1 downstream tasks scheduled from follow-on schedule check
