[2022-03-23 09:37:36,519] {taskinstance.py:1032} INFO - Dependencies all met for <TaskInstance: dtc_project_ingest.download_dataset_task scheduled__2021-08-02T06:00:00+00:00 [queued]>
[2022-03-23 09:37:36,531] {taskinstance.py:1032} INFO - Dependencies all met for <TaskInstance: dtc_project_ingest.download_dataset_task scheduled__2021-08-02T06:00:00+00:00 [queued]>
[2022-03-23 09:37:36,532] {taskinstance.py:1238} INFO - 
--------------------------------------------------------------------------------
[2022-03-23 09:37:36,533] {taskinstance.py:1239} INFO - Starting attempt 1 of 2
[2022-03-23 09:37:36,534] {taskinstance.py:1240} INFO - 
--------------------------------------------------------------------------------
[2022-03-23 09:37:36,545] {taskinstance.py:1259} INFO - Executing <Task(BashOperator): download_dataset_task> on 2021-08-02 06:00:00+00:00
[2022-03-23 09:37:36,552] {standard_task_runner.py:52} INFO - Started process 3249 to run task
[2022-03-23 09:37:36,557] {standard_task_runner.py:76} INFO - Running: ['***', 'tasks', 'run', 'dtc_project_ingest', 'download_dataset_task', 'scheduled__2021-08-02T06:00:00+00:00', '--job-id', '805', '--raw', '--subdir', 'DAGS_FOLDER/project_data_ingestion.py', '--cfg-path', '/tmp/tmplck7_7on', '--error-file', '/tmp/tmpv6q1x7ga']
[2022-03-23 09:37:36,558] {standard_task_runner.py:77} INFO - Job 805: Subtask download_dataset_task
[2022-03-23 09:37:36,626] {logging_mixin.py:109} INFO - Running <TaskInstance: dtc_project_ingest.download_dataset_task scheduled__2021-08-02T06:00:00+00:00 [running]> on host 7127e26385ba
[2022-03-23 09:37:36,671] {warnings.py:110} WARNING - /home/***/.local/lib/python3.7/site-packages/***/utils/context.py:152: AirflowContextDeprecationWarning: Accessing 'execution_date' from the template is deprecated and will be removed in a future version. Please use 'data_interval_start' or 'logical_date' instead.
  warnings.warn(_create_deprecation_warning(key, self._deprecation_replacements[key]))

[2022-03-23 09:37:36,696] {taskinstance.py:1426} INFO - Exporting the following env vars:
AIRFLOW_CTX_DAG_OWNER=***
AIRFLOW_CTX_DAG_ID=dtc_project_ingest
AIRFLOW_CTX_TASK_ID=download_dataset_task
AIRFLOW_CTX_EXECUTION_DATE=2021-08-02T06:00:00+00:00
AIRFLOW_CTX_DAG_RUN_ID=scheduled__2021-08-02T06:00:00+00:00
[2022-03-23 09:37:36,698] {subprocess.py:62} INFO - Tmp dir root location: 
 /tmp
[2022-03-23 09:37:36,700] {subprocess.py:74} INFO - Running command: ['bash', '-c', 'curl -sSL https://s3.amazonaws.com/tripdata/202108-citibike-tripdata.csv.zip > /opt/***/202108-citibike-tripdata.csv.zip']
[2022-03-23 09:37:36,718] {subprocess.py:85} INFO - Output:
[2022-03-23 09:40:23,211] {subprocess.py:93} INFO - Command exited with return code 0
[2022-03-23 09:40:23,244] {taskinstance.py:1277} INFO - Marking task as SUCCESS. dag_id=dtc_project_ingest, task_id=download_dataset_task, execution_date=20210802T060000, start_date=20220323T093736, end_date=20220323T094023
[2022-03-23 09:40:23,310] {local_task_job.py:154} INFO - Task exited with return code 0
[2022-03-23 09:40:23,350] {local_task_job.py:264} INFO - 1 downstream tasks scheduled from follow-on schedule check
[2022-03-23 16:58:37,900] {taskinstance.py:1032} INFO - Dependencies all met for <TaskInstance: dtc_project_ingest.download_dataset_task scheduled__2021-08-02T06:00:00+00:00 [queued]>
[2022-03-23 16:58:37,913] {taskinstance.py:1032} INFO - Dependencies all met for <TaskInstance: dtc_project_ingest.download_dataset_task scheduled__2021-08-02T06:00:00+00:00 [queued]>
[2022-03-23 16:58:37,914] {taskinstance.py:1238} INFO - 
--------------------------------------------------------------------------------
[2022-03-23 16:58:37,915] {taskinstance.py:1239} INFO - Starting attempt 1 of 2
[2022-03-23 16:58:37,915] {taskinstance.py:1240} INFO - 
--------------------------------------------------------------------------------
[2022-03-23 16:58:37,928] {taskinstance.py:1259} INFO - Executing <Task(BashOperator): download_dataset_task> on 2021-08-02 06:00:00+00:00
[2022-03-23 16:58:37,936] {standard_task_runner.py:52} INFO - Started process 7208 to run task
[2022-03-23 16:58:37,948] {standard_task_runner.py:76} INFO - Running: ['***', 'tasks', 'run', 'dtc_project_ingest', 'download_dataset_task', 'scheduled__2021-08-02T06:00:00+00:00', '--job-id', '1135', '--raw', '--subdir', 'DAGS_FOLDER/project_data_ingestion.py', '--cfg-path', '/tmp/tmpb5ujdg_u', '--error-file', '/tmp/tmp151ac7g1']
[2022-03-23 16:58:37,950] {standard_task_runner.py:77} INFO - Job 1135: Subtask download_dataset_task
[2022-03-23 16:58:38,019] {logging_mixin.py:109} INFO - Running <TaskInstance: dtc_project_ingest.download_dataset_task scheduled__2021-08-02T06:00:00+00:00 [running]> on host 7127e26385ba
[2022-03-23 16:58:38,063] {warnings.py:110} WARNING - /home/***/.local/lib/python3.7/site-packages/***/utils/context.py:152: AirflowContextDeprecationWarning: Accessing 'execution_date' from the template is deprecated and will be removed in a future version. Please use 'data_interval_start' or 'logical_date' instead.
  warnings.warn(_create_deprecation_warning(key, self._deprecation_replacements[key]))

[2022-03-23 16:58:38,089] {taskinstance.py:1426} INFO - Exporting the following env vars:
AIRFLOW_CTX_DAG_OWNER=***
AIRFLOW_CTX_DAG_ID=dtc_project_ingest
AIRFLOW_CTX_TASK_ID=download_dataset_task
AIRFLOW_CTX_EXECUTION_DATE=2021-08-02T06:00:00+00:00
AIRFLOW_CTX_DAG_RUN_ID=scheduled__2021-08-02T06:00:00+00:00
[2022-03-23 16:58:38,091] {subprocess.py:62} INFO - Tmp dir root location: 
 /tmp
[2022-03-23 16:58:38,093] {subprocess.py:74} INFO - Running command: ['bash', '-c', 'curl -sSL https://s3.amazonaws.com/tripdata/202108-citibike-tripdata.csv.zip > /opt/***/202108-citibike-tripdata.csv.zip']
[2022-03-23 16:58:38,110] {subprocess.py:85} INFO - Output:
[2022-03-23 17:01:56,938] {subprocess.py:93} INFO - Command exited with return code 0
[2022-03-23 17:01:56,993] {taskinstance.py:1277} INFO - Marking task as SUCCESS. dag_id=dtc_project_ingest, task_id=download_dataset_task, execution_date=20210802T060000, start_date=20220323T165837, end_date=20220323T170156
[2022-03-23 17:01:57,030] {local_task_job.py:154} INFO - Task exited with return code 0
[2022-03-23 17:01:57,073] {local_task_job.py:264} INFO - 1 downstream tasks scheduled from follow-on schedule check
[2022-03-26 11:46:38,225] {taskinstance.py:1032} INFO - Dependencies all met for <TaskInstance: dtc_project_ingest.download_dataset_task scheduled__2021-08-02T06:00:00+00:00 [queued]>
[2022-03-26 11:46:38,240] {taskinstance.py:1032} INFO - Dependencies all met for <TaskInstance: dtc_project_ingest.download_dataset_task scheduled__2021-08-02T06:00:00+00:00 [queued]>
[2022-03-26 11:46:38,240] {taskinstance.py:1238} INFO - 
--------------------------------------------------------------------------------
[2022-03-26 11:46:38,241] {taskinstance.py:1239} INFO - Starting attempt 1 of 2
[2022-03-26 11:46:38,242] {taskinstance.py:1240} INFO - 
--------------------------------------------------------------------------------
[2022-03-26 11:46:38,253] {taskinstance.py:1259} INFO - Executing <Task(BashOperator): download_dataset_task> on 2021-08-02 06:00:00+00:00
[2022-03-26 11:46:38,260] {standard_task_runner.py:52} INFO - Started process 9347 to run task
[2022-03-26 11:46:38,264] {standard_task_runner.py:76} INFO - Running: ['***', 'tasks', 'run', 'dtc_project_ingest', 'download_dataset_task', 'scheduled__2021-08-02T06:00:00+00:00', '--job-id', '1499', '--raw', '--subdir', 'DAGS_FOLDER/project_data_ingestion.py', '--cfg-path', '/tmp/tmpy5effwm2', '--error-file', '/tmp/tmpxwtti2lm']
[2022-03-26 11:46:38,265] {standard_task_runner.py:77} INFO - Job 1499: Subtask download_dataset_task
[2022-03-26 11:46:38,332] {logging_mixin.py:109} INFO - Running <TaskInstance: dtc_project_ingest.download_dataset_task scheduled__2021-08-02T06:00:00+00:00 [running]> on host c800f4dda314
[2022-03-26 11:46:38,376] {warnings.py:110} WARNING - /home/***/.local/lib/python3.7/site-packages/***/utils/context.py:152: AirflowContextDeprecationWarning: Accessing 'execution_date' from the template is deprecated and will be removed in a future version. Please use 'data_interval_start' or 'logical_date' instead.
  warnings.warn(_create_deprecation_warning(key, self._deprecation_replacements[key]))

[2022-03-26 11:46:38,403] {taskinstance.py:1426} INFO - Exporting the following env vars:
AIRFLOW_CTX_DAG_OWNER=***
AIRFLOW_CTX_DAG_ID=dtc_project_ingest
AIRFLOW_CTX_TASK_ID=download_dataset_task
AIRFLOW_CTX_EXECUTION_DATE=2021-08-02T06:00:00+00:00
AIRFLOW_CTX_DAG_RUN_ID=scheduled__2021-08-02T06:00:00+00:00
[2022-03-26 11:46:38,405] {subprocess.py:62} INFO - Tmp dir root location: 
 /tmp
[2022-03-26 11:46:38,407] {subprocess.py:74} INFO - Running command: ['bash', '-c', 'curl -sSL https://s3.amazonaws.com/tripdata/202108-citibike-tripdata.csv.zip > /opt/***/202108-citibike-tripdata.csv.zip']
[2022-03-26 11:46:38,437] {subprocess.py:85} INFO - Output:
[2022-03-26 11:48:52,178] {subprocess.py:93} INFO - Command exited with return code 0
[2022-03-26 11:48:52,206] {taskinstance.py:1277} INFO - Marking task as SUCCESS. dag_id=dtc_project_ingest, task_id=download_dataset_task, execution_date=20210802T060000, start_date=20220326T114638, end_date=20220326T114852
[2022-03-26 11:48:52,233] {local_task_job.py:154} INFO - Task exited with return code 0
[2022-03-26 11:48:52,275] {local_task_job.py:264} INFO - 1 downstream tasks scheduled from follow-on schedule check
