[2022-03-23 08:54:49,713] {taskinstance.py:1032} INFO - Dependencies all met for <TaskInstance: dtc_project_ingest.format_to_parquet_task scheduled__2018-03-02T06:00:00+00:00 [queued]>
[2022-03-23 08:54:49,741] {taskinstance.py:1032} INFO - Dependencies all met for <TaskInstance: dtc_project_ingest.format_to_parquet_task scheduled__2018-03-02T06:00:00+00:00 [queued]>
[2022-03-23 08:54:49,744] {taskinstance.py:1238} INFO - 
--------------------------------------------------------------------------------
[2022-03-23 08:54:49,745] {taskinstance.py:1239} INFO - Starting attempt 1 of 2
[2022-03-23 08:54:49,746] {taskinstance.py:1240} INFO - 
--------------------------------------------------------------------------------
[2022-03-23 08:54:49,758] {taskinstance.py:1259} INFO - Executing <Task(PythonOperator): format_to_parquet_task> on 2018-03-02 06:00:00+00:00
[2022-03-23 08:54:49,767] {standard_task_runner.py:52} INFO - Started process 397 to run task
[2022-03-23 08:54:49,776] {standard_task_runner.py:76} INFO - Running: ['***', 'tasks', 'run', 'dtc_project_ingest', 'format_to_parquet_task', 'scheduled__2018-03-02T06:00:00+00:00', '--job-id', '650', '--raw', '--subdir', 'DAGS_FOLDER/project_data_ingestion.py', '--cfg-path', '/tmp/tmpusns2ubj', '--error-file', '/tmp/tmpnl40b2ya']
[2022-03-23 08:54:49,778] {standard_task_runner.py:77} INFO - Job 650: Subtask format_to_parquet_task
[2022-03-23 08:54:49,848] {logging_mixin.py:109} INFO - Running <TaskInstance: dtc_project_ingest.format_to_parquet_task scheduled__2018-03-02T06:00:00+00:00 [running]> on host 7127e26385ba
[2022-03-23 08:54:49,902] {warnings.py:110} WARNING - /home/***/.local/lib/python3.7/site-packages/***/utils/context.py:152: AirflowContextDeprecationWarning: Accessing 'execution_date' from the template is deprecated and will be removed in a future version. Please use 'data_interval_start' or 'logical_date' instead.
  warnings.warn(_create_deprecation_warning(key, self._deprecation_replacements[key]))

[2022-03-23 08:54:49,928] {taskinstance.py:1426} INFO - Exporting the following env vars:
AIRFLOW_CTX_DAG_OWNER=***
AIRFLOW_CTX_DAG_ID=dtc_project_ingest
AIRFLOW_CTX_TASK_ID=format_to_parquet_task
AIRFLOW_CTX_EXECUTION_DATE=2018-03-02T06:00:00+00:00
AIRFLOW_CTX_DAG_RUN_ID=scheduled__2018-03-02T06:00:00+00:00
[2022-03-23 08:54:52,018] {python.py:175} INFO - Done. Returned value was: None
[2022-03-23 08:54:52,033] {taskinstance.py:1277} INFO - Marking task as SUCCESS. dag_id=dtc_project_ingest, task_id=format_to_parquet_task, execution_date=20180302T060000, start_date=20220323T085449, end_date=20220323T085452
[2022-03-23 08:54:52,131] {local_task_job.py:154} INFO - Task exited with return code 0
[2022-03-23 08:54:52,172] {local_task_job.py:264} INFO - 1 downstream tasks scheduled from follow-on schedule check
[2022-03-23 15:02:06,334] {taskinstance.py:1032} INFO - Dependencies all met for <TaskInstance: dtc_project_ingest.format_to_parquet_task scheduled__2018-03-02T06:00:00+00:00 [queued]>
[2022-03-23 15:02:06,348] {taskinstance.py:1032} INFO - Dependencies all met for <TaskInstance: dtc_project_ingest.format_to_parquet_task scheduled__2018-03-02T06:00:00+00:00 [queued]>
[2022-03-23 15:02:06,349] {taskinstance.py:1238} INFO - 
--------------------------------------------------------------------------------
[2022-03-23 15:02:06,349] {taskinstance.py:1239} INFO - Starting attempt 1 of 2
[2022-03-23 15:02:06,350] {taskinstance.py:1240} INFO - 
--------------------------------------------------------------------------------
[2022-03-23 15:02:06,364] {taskinstance.py:1259} INFO - Executing <Task(PythonOperator): format_to_parquet_task> on 2018-03-02 06:00:00+00:00
[2022-03-23 15:02:06,371] {standard_task_runner.py:52} INFO - Started process 635 to run task
[2022-03-23 15:02:06,376] {standard_task_runner.py:76} INFO - Running: ['***', 'tasks', 'run', 'dtc_project_ingest', 'format_to_parquet_task', 'scheduled__2018-03-02T06:00:00+00:00', '--job-id', '852', '--raw', '--subdir', 'DAGS_FOLDER/project_data_ingestion.py', '--cfg-path', '/tmp/tmpaqv_2lfg', '--error-file', '/tmp/tmphby87d33']
[2022-03-23 15:02:06,379] {standard_task_runner.py:77} INFO - Job 852: Subtask format_to_parquet_task
[2022-03-23 15:02:06,452] {logging_mixin.py:109} INFO - Running <TaskInstance: dtc_project_ingest.format_to_parquet_task scheduled__2018-03-02T06:00:00+00:00 [running]> on host 7127e26385ba
[2022-03-23 15:02:06,493] {warnings.py:110} WARNING - /home/***/.local/lib/python3.7/site-packages/***/utils/context.py:152: AirflowContextDeprecationWarning: Accessing 'execution_date' from the template is deprecated and will be removed in a future version. Please use 'data_interval_start' or 'logical_date' instead.
  warnings.warn(_create_deprecation_warning(key, self._deprecation_replacements[key]))

[2022-03-23 15:02:06,522] {taskinstance.py:1426} INFO - Exporting the following env vars:
AIRFLOW_CTX_DAG_OWNER=***
AIRFLOW_CTX_DAG_ID=dtc_project_ingest
AIRFLOW_CTX_TASK_ID=format_to_parquet_task
AIRFLOW_CTX_EXECUTION_DATE=2018-03-02T06:00:00+00:00
AIRFLOW_CTX_DAG_RUN_ID=scheduled__2018-03-02T06:00:00+00:00
[2022-03-23 15:02:09,588] {python.py:175} INFO - Done. Returned value was: None
[2022-03-23 15:02:09,610] {taskinstance.py:1277} INFO - Marking task as SUCCESS. dag_id=dtc_project_ingest, task_id=format_to_parquet_task, execution_date=20180302T060000, start_date=20220323T150206, end_date=20220323T150209
[2022-03-23 15:02:09,793] {local_task_job.py:154} INFO - Task exited with return code 0
[2022-03-23 15:02:09,893] {local_task_job.py:264} INFO - 1 downstream tasks scheduled from follow-on schedule check
[2022-03-23 15:18:13,834] {taskinstance.py:1032} INFO - Dependencies all met for <TaskInstance: dtc_project_ingest.format_to_parquet_task scheduled__2018-03-02T06:00:00+00:00 [queued]>
[2022-03-23 15:18:13,873] {taskinstance.py:1032} INFO - Dependencies all met for <TaskInstance: dtc_project_ingest.format_to_parquet_task scheduled__2018-03-02T06:00:00+00:00 [queued]>
[2022-03-23 15:18:13,877] {taskinstance.py:1238} INFO - 
--------------------------------------------------------------------------------
[2022-03-23 15:18:13,879] {taskinstance.py:1239} INFO - Starting attempt 1 of 2
[2022-03-23 15:18:13,883] {taskinstance.py:1240} INFO - 
--------------------------------------------------------------------------------
[2022-03-23 15:18:13,918] {taskinstance.py:1259} INFO - Executing <Task(PythonOperator): format_to_parquet_task> on 2018-03-02 06:00:00+00:00
[2022-03-23 15:18:13,939] {standard_task_runner.py:52} INFO - Started process 1449 to run task
[2022-03-23 15:18:13,950] {standard_task_runner.py:76} INFO - Running: ['***', 'tasks', 'run', 'dtc_project_ingest', 'format_to_parquet_task', 'scheduled__2018-03-02T06:00:00+00:00', '--job-id', '872', '--raw', '--subdir', 'DAGS_FOLDER/project_data_ingestion.py', '--cfg-path', '/tmp/tmp6i3kxu8r', '--error-file', '/tmp/tmp2wbidr4m']
[2022-03-23 15:18:13,954] {standard_task_runner.py:77} INFO - Job 872: Subtask format_to_parquet_task
[2022-03-23 15:18:14,103] {logging_mixin.py:109} INFO - Running <TaskInstance: dtc_project_ingest.format_to_parquet_task scheduled__2018-03-02T06:00:00+00:00 [running]> on host 7127e26385ba
[2022-03-23 15:18:14,207] {warnings.py:110} WARNING - /home/***/.local/lib/python3.7/site-packages/***/utils/context.py:152: AirflowContextDeprecationWarning: Accessing 'execution_date' from the template is deprecated and will be removed in a future version. Please use 'data_interval_start' or 'logical_date' instead.
  warnings.warn(_create_deprecation_warning(key, self._deprecation_replacements[key]))

[2022-03-23 15:18:14,274] {taskinstance.py:1426} INFO - Exporting the following env vars:
AIRFLOW_CTX_DAG_OWNER=***
AIRFLOW_CTX_DAG_ID=dtc_project_ingest
AIRFLOW_CTX_TASK_ID=format_to_parquet_task
AIRFLOW_CTX_EXECUTION_DATE=2018-03-02T06:00:00+00:00
AIRFLOW_CTX_DAG_RUN_ID=scheduled__2018-03-02T06:00:00+00:00
[2022-03-23 15:18:18,828] {python.py:175} INFO - Done. Returned value was: None
[2022-03-23 15:18:18,858] {taskinstance.py:1277} INFO - Marking task as SUCCESS. dag_id=dtc_project_ingest, task_id=format_to_parquet_task, execution_date=20180302T060000, start_date=20220323T151813, end_date=20220323T151818
[2022-03-23 15:18:19,064] {local_task_job.py:212} WARNING - State of this instance has been externally set to success. Terminating instance.
[2022-03-23 15:55:16,152] {taskinstance.py:1032} INFO - Dependencies all met for <TaskInstance: dtc_project_ingest.format_to_parquet_task scheduled__2018-03-02T06:00:00+00:00 [queued]>
[2022-03-23 15:55:16,167] {taskinstance.py:1032} INFO - Dependencies all met for <TaskInstance: dtc_project_ingest.format_to_parquet_task scheduled__2018-03-02T06:00:00+00:00 [queued]>
[2022-03-23 15:55:16,168] {taskinstance.py:1238} INFO - 
--------------------------------------------------------------------------------
[2022-03-23 15:55:16,169] {taskinstance.py:1239} INFO - Starting attempt 1 of 2
[2022-03-23 15:55:16,169] {taskinstance.py:1240} INFO - 
--------------------------------------------------------------------------------
[2022-03-23 15:55:16,181] {taskinstance.py:1259} INFO - Executing <Task(PythonOperator): format_to_parquet_task> on 2018-03-02 06:00:00+00:00
[2022-03-23 15:55:16,188] {standard_task_runner.py:52} INFO - Started process 3355 to run task
[2022-03-23 15:55:16,192] {standard_task_runner.py:76} INFO - Running: ['***', 'tasks', 'run', 'dtc_project_ingest', 'format_to_parquet_task', 'scheduled__2018-03-02T06:00:00+00:00', '--job-id', '945', '--raw', '--subdir', 'DAGS_FOLDER/project_data_ingestion.py', '--cfg-path', '/tmp/tmpo311g5nu', '--error-file', '/tmp/tmpxr3d9db3']
[2022-03-23 15:55:16,194] {standard_task_runner.py:77} INFO - Job 945: Subtask format_to_parquet_task
[2022-03-23 15:55:16,262] {logging_mixin.py:109} INFO - Running <TaskInstance: dtc_project_ingest.format_to_parquet_task scheduled__2018-03-02T06:00:00+00:00 [running]> on host 7127e26385ba
[2022-03-23 15:55:16,303] {warnings.py:110} WARNING - /home/***/.local/lib/python3.7/site-packages/***/utils/context.py:152: AirflowContextDeprecationWarning: Accessing 'execution_date' from the template is deprecated and will be removed in a future version. Please use 'data_interval_start' or 'logical_date' instead.
  warnings.warn(_create_deprecation_warning(key, self._deprecation_replacements[key]))

[2022-03-23 15:55:16,329] {taskinstance.py:1426} INFO - Exporting the following env vars:
AIRFLOW_CTX_DAG_OWNER=***
AIRFLOW_CTX_DAG_ID=dtc_project_ingest
AIRFLOW_CTX_TASK_ID=format_to_parquet_task
AIRFLOW_CTX_EXECUTION_DATE=2018-03-02T06:00:00+00:00
AIRFLOW_CTX_DAG_RUN_ID=scheduled__2018-03-02T06:00:00+00:00
[2022-03-23 15:55:18,660] {python.py:175} INFO - Done. Returned value was: None
[2022-03-23 15:55:18,683] {taskinstance.py:1277} INFO - Marking task as SUCCESS. dag_id=dtc_project_ingest, task_id=format_to_parquet_task, execution_date=20180302T060000, start_date=20220323T155516, end_date=20220323T155518
[2022-03-23 15:55:18,825] {local_task_job.py:154} INFO - Task exited with return code 0
[2022-03-23 15:55:18,878] {local_task_job.py:264} INFO - 1 downstream tasks scheduled from follow-on schedule check
[2022-03-26 10:31:01,812] {taskinstance.py:1032} INFO - Dependencies all met for <TaskInstance: dtc_project_ingest.format_to_parquet_task scheduled__2018-03-02T06:00:00+00:00 [queued]>
[2022-03-26 10:31:01,827] {taskinstance.py:1032} INFO - Dependencies all met for <TaskInstance: dtc_project_ingest.format_to_parquet_task scheduled__2018-03-02T06:00:00+00:00 [queued]>
[2022-03-26 10:31:01,828] {taskinstance.py:1238} INFO - 
--------------------------------------------------------------------------------
[2022-03-26 10:31:01,829] {taskinstance.py:1239} INFO - Starting attempt 1 of 2
[2022-03-26 10:31:01,830] {taskinstance.py:1240} INFO - 
--------------------------------------------------------------------------------
[2022-03-26 10:31:01,845] {taskinstance.py:1259} INFO - Executing <Task(PythonOperator): format_to_parquet_task> on 2018-03-02 06:00:00+00:00
[2022-03-26 10:31:01,852] {standard_task_runner.py:52} INFO - Started process 4979 to run task
[2022-03-26 10:31:01,870] {standard_task_runner.py:76} INFO - Running: ['***', 'tasks', 'run', 'dtc_project_ingest', 'format_to_parquet_task', 'scheduled__2018-03-02T06:00:00+00:00', '--job-id', '1297', '--raw', '--subdir', 'DAGS_FOLDER/project_data_ingestion.py', '--cfg-path', '/tmp/tmp379rrrjb', '--error-file', '/tmp/tmpmzlwydn4']
[2022-03-26 10:31:01,874] {standard_task_runner.py:77} INFO - Job 1297: Subtask format_to_parquet_task
[2022-03-26 10:31:01,955] {logging_mixin.py:109} INFO - Running <TaskInstance: dtc_project_ingest.format_to_parquet_task scheduled__2018-03-02T06:00:00+00:00 [running]> on host c800f4dda314
[2022-03-26 10:31:02,005] {warnings.py:110} WARNING - /home/***/.local/lib/python3.7/site-packages/***/utils/context.py:152: AirflowContextDeprecationWarning: Accessing 'execution_date' from the template is deprecated and will be removed in a future version. Please use 'data_interval_start' or 'logical_date' instead.
  warnings.warn(_create_deprecation_warning(key, self._deprecation_replacements[key]))

[2022-03-26 10:31:02,035] {taskinstance.py:1426} INFO - Exporting the following env vars:
AIRFLOW_CTX_DAG_OWNER=***
AIRFLOW_CTX_DAG_ID=dtc_project_ingest
AIRFLOW_CTX_TASK_ID=format_to_parquet_task
AIRFLOW_CTX_EXECUTION_DATE=2018-03-02T06:00:00+00:00
AIRFLOW_CTX_DAG_RUN_ID=scheduled__2018-03-02T06:00:00+00:00
[2022-03-26 10:31:05,329] {python.py:175} INFO - Done. Returned value was: None
[2022-03-26 10:31:05,353] {taskinstance.py:1277} INFO - Marking task as SUCCESS. dag_id=dtc_project_ingest, task_id=format_to_parquet_task, execution_date=20180302T060000, start_date=20220326T103101, end_date=20220326T103105
[2022-03-26 10:31:05,567] {local_task_job.py:154} INFO - Task exited with return code 0
[2022-03-26 10:31:05,666] {local_task_job.py:264} INFO - 1 downstream tasks scheduled from follow-on schedule check
[2022-03-26 15:25:34,550] {taskinstance.py:1032} INFO - Dependencies all met for <TaskInstance: dtc_project_ingest.format_to_parquet_task scheduled__2018-03-02T06:00:00+00:00 [queued]>
[2022-03-26 15:25:34,568] {taskinstance.py:1032} INFO - Dependencies all met for <TaskInstance: dtc_project_ingest.format_to_parquet_task scheduled__2018-03-02T06:00:00+00:00 [queued]>
[2022-03-26 15:25:34,570] {taskinstance.py:1238} INFO - 
--------------------------------------------------------------------------------
[2022-03-26 15:25:34,571] {taskinstance.py:1239} INFO - Starting attempt 1 of 2
[2022-03-26 15:25:34,571] {taskinstance.py:1240} INFO - 
--------------------------------------------------------------------------------
[2022-03-26 15:25:34,594] {taskinstance.py:1259} INFO - Executing <Task(PythonOperator): format_to_parquet_task> on 2018-03-02 06:00:00+00:00
[2022-03-26 15:25:34,603] {standard_task_runner.py:52} INFO - Started process 19744 to run task
[2022-03-26 15:25:34,610] {standard_task_runner.py:76} INFO - Running: ['***', 'tasks', 'run', 'dtc_project_ingest', 'format_to_parquet_task', 'scheduled__2018-03-02T06:00:00+00:00', '--job-id', '1550', '--raw', '--subdir', 'DAGS_FOLDER/project_data_ingestion.py', '--cfg-path', '/tmp/tmppc7gcq91', '--error-file', '/tmp/tmp9k2m_wqz']
[2022-03-26 15:25:34,613] {standard_task_runner.py:77} INFO - Job 1550: Subtask format_to_parquet_task
[2022-03-26 15:25:34,771] {logging_mixin.py:109} INFO - Running <TaskInstance: dtc_project_ingest.format_to_parquet_task scheduled__2018-03-02T06:00:00+00:00 [running]> on host c800f4dda314
[2022-03-26 15:25:34,848] {warnings.py:110} WARNING - /home/***/.local/lib/python3.7/site-packages/***/utils/context.py:152: AirflowContextDeprecationWarning: Accessing 'execution_date' from the template is deprecated and will be removed in a future version. Please use 'data_interval_start' or 'logical_date' instead.
  warnings.warn(_create_deprecation_warning(key, self._deprecation_replacements[key]))

[2022-03-26 15:25:34,898] {taskinstance.py:1426} INFO - Exporting the following env vars:
AIRFLOW_CTX_DAG_OWNER=***
AIRFLOW_CTX_DAG_ID=dtc_project_ingest
AIRFLOW_CTX_TASK_ID=format_to_parquet_task
AIRFLOW_CTX_EXECUTION_DATE=2018-03-02T06:00:00+00:00
AIRFLOW_CTX_DAG_RUN_ID=scheduled__2018-03-02T06:00:00+00:00
[2022-03-26 15:25:38,217] {python.py:175} INFO - Done. Returned value was: None
[2022-03-26 15:25:38,236] {taskinstance.py:1277} INFO - Marking task as SUCCESS. dag_id=dtc_project_ingest, task_id=format_to_parquet_task, execution_date=20180302T060000, start_date=20220326T152534, end_date=20220326T152538
[2022-03-26 15:25:38,367] {local_task_job.py:154} INFO - Task exited with return code 0
[2022-03-26 15:25:38,424] {local_task_job.py:264} INFO - 1 downstream tasks scheduled from follow-on schedule check
